### exp_lower_20 ###
[fig] done -> patch_examples_exp_lower_20/annotated/
[fig] done -> patch_examples_exp_lower_20/annotated/
### exp_lower_20_t50 ###
[fig] done -> patch_examples_exp_lower_20_t50/annotated/
[fig] done -> patch_examples_exp_lower_20_t50/annotated/
### exp_lower_20_t70 ###
[fig] done -> patch_examples_exp_lower_20_t70/annotated/
[fig] done -> patch_examples_exp_lower_20_t70/annotated/
### exp_lower_20_t80 ###
[fig] done -> patch_examples_exp_lower_20_t80/annotated/
[fig] done -> patch_examples_exp_lower_20_t80/annotated/
### exp_lower_10 ###
[fig] done -> patch_examples_exp_lower_10/annotated/
[fig] done -> patch_examples_exp_lower_10/annotated/
### exp_lower_10_t50 ###
[fig] done -> patch_examples_exp_lower_10_t50/annotated/
[fig] done -> patch_examples_exp_lower_10_t50/annotated/
### exp_lower_10_t70 ###
[fig] done -> patch_examples_exp_lower_10_t70/annotated/
[fig] done -> patch_examples_exp_lower_10_t70/annotated/
### exp_lower_10_t90 ###
[fig] done -> patch_examples_exp_lower_10_t90/annotated/
[fig] done -> patch_examples_exp_lower_10_t90/annotated/
### exp_lower_07 ###
[fig] done -> patch_examples_exp_lower_07/annotated/
[fig] done -> patch_examples_exp_lower_07/annotated/
### exp_lower_05 ###
[fig] done -> patch_examples_exp_lower_05/annotated/
[fig] done -> patch_examples_exp_lower_05/annotated/
### exp_lower_05_lr12 ###
[fig] done -> patch_examples_exp_lower_05_lr12/annotated/
[fig] done -> patch_examples_exp_lower_05_lr12/annotated/
### exp_lower_03_lr30 ###
[fig] done -> patch_examples_exp_lower_03_lr30/annotated/
[fig] done -> patch_examples_exp_lower_03_lr30/annotated/
ALL_EXP_FIGS_DONE
