DIGITAL PATCH car->van: training ONE universal patch on 30 images
Params: PATCH_FRAC=0.45, EPOCHS=40, LR=0.03, TV=0.05, MARGIN=5.0

/home/aarav/attack-test/patch_attack_run15_stealth_square.py:287: UserWarning: Converting a tensor with requires_grad=True to a scalar may lead to unexpected behavior.
Consider using tensor.detach() first. (Triggered internally at /pytorch/torch/csrc/autograd/generated/python_variable_methods.cpp:838.)
  tot += float(loss)
  epoch 1/40  avg loss 6128.313
  epoch 2/40  avg loss 5695.759
  epoch 3/40  avg loss 5527.010
  epoch 4/40  avg loss 5428.350
  epoch 5/40  avg loss 5369.723
  epoch 6/40  avg loss 5319.127
  epoch 7/40  avg loss 5275.711
  epoch 8/40  avg loss 5248.640
  epoch 9/40  avg loss 5220.317
  epoch 10/40  avg loss 5214.549
  epoch 11/40  avg loss 5181.388
  epoch 12/40  avg loss 5174.793
  epoch 13/40  avg loss 5128.925
  epoch 14/40  avg loss 5098.827
  epoch 15/40  avg loss 5086.022
  epoch 16/40  avg loss 5087.504
  epoch 17/40  avg loss 5068.783
  epoch 18/40  avg loss 5044.581
  epoch 19/40  avg loss 5048.605
  epoch 20/40  avg loss 5025.132
  epoch 21/40  avg loss 5028.532
  epoch 22/40  avg loss 4986.707
  epoch 23/40  avg loss 5023.846
  epoch 24/40  avg loss 5015.725
  epoch 25/40  avg loss 4976.442
  epoch 26/40  avg loss 4970.303
  epoch 27/40  avg loss 4978.215
  epoch 28/40  avg loss 5022.918
  epoch 29/40  avg loss 4947.087
  epoch 30/40  avg loss 4886.298
  epoch 31/40  avg loss 4878.355
  epoch 32/40  avg loss 4953.140
  epoch 33/40  avg loss 4993.385
  epoch 34/40  avg loss 5138.252
  epoch 35/40  avg loss 4966.344
  epoch 36/40  avg loss 4852.434
  epoch 37/40  avg loss 4867.279
  epoch 38/40  avg loss 4814.060
  epoch 39/40  avg loss 4920.610
  epoch 40/40  avg loss 4929.884

Evaluating trained patch (clean vs patched)...

==== DIGITAL PATCH car->van RESULTS ====
Images: 30   car GT boxes: 437
(a) already-van under CLEAN (native): 16
    eligible cars: 421
aggregate detected as van: CLEAN=16  PATCHED=86

TRUE-NEW car->van flips (patch only): 78
TRUE-RATE (true-new / eligible): 0.185   <- HEADLINE

Saved universal patch + per-image examples + annotated PNGs to patch_examples_run15/
    Annotated CLEAN|PATCHED images in patch_examples_run15/annotated/ (FLIP_ prefix = has a flip)
