Training RetinaNet-ResNet50, FPN_MODE=custom, 640px, 30 epochs
/home/aarav/attack_env/lib/python3.12/site-packages/torchvision/models/_utils.py:135: UserWarning: Using 'backbone_name' as positional parameter(s) is deprecated since 0.13 and may be removed in the future. Please use keyword parameter(s) instead.
  warnings.warn(
  ep1/30 it0/809 loss 1.951 lr 0.00000
  ep1/30 it50/809 loss 1.995 lr 0.00010
  ep1/30 it100/809 loss 1.995 lr 0.00020
  ep1/30 it150/809 loss 1.868 lr 0.00030
  ep1/30 it200/809 loss 1.923 lr 0.00040
  ep1/30 it250/809 loss 1.827 lr 0.00050
  ep1/30 it300/809 loss 1.854 lr 0.00060
  ep1/30 it350/809 loss 1.471 lr 0.00070
  ep1/30 it400/809 loss 1.362 lr 0.00080
  ep1/30 it450/809 loss 1.367 lr 0.00090
  ep1/30 it500/809 loss 1.328 lr 0.00100
  ep1/30 it550/809 loss 1.272 lr 0.00100
  ep1/30 it600/809 loss 1.171 lr 0.00100
  ep1/30 it650/809 loss 1.139 lr 0.00100
  ep1/30 it700/809 loss 1.115 lr 0.00100
  ep1/30 it750/809 loss 0.943 lr 0.00100
  ep1/30 it800/809 loss 1.144 lr 0.00100
Epoch 1 done, avg loss 1.505
  ep2/30 it0/809 loss 1.125 lr 0.00100
  ep2/30 it50/809 loss 0.835 lr 0.00100
  ep2/30 it100/809 loss 0.947 lr 0.00100
  ep2/30 it150/809 loss 1.117 lr 0.00100
  ep2/30 it200/809 loss 1.045 lr 0.00100
  ep2/30 it250/809 loss 1.025 lr 0.00100
  ep2/30 it300/809 loss 0.925 lr 0.00100
  ep2/30 it350/809 loss 0.915 lr 0.00100
  ep2/30 it400/809 loss 0.953 lr 0.00100
  ep2/30 it450/809 loss 0.900 lr 0.00100
  ep2/30 it500/809 loss 1.050 lr 0.00100
  ep2/30 it550/809 loss 0.777 lr 0.00100
  ep2/30 it600/809 loss 1.019 lr 0.00100
  ep2/30 it650/809 loss 0.946 lr 0.00100
  ep2/30 it700/809 loss 0.936 lr 0.00100
  ep2/30 it750/809 loss 0.811 lr 0.00100
  ep2/30 it800/809 loss 0.945 lr 0.00100
Epoch 2 done, avg loss 0.948
  ep3/30 it0/809 loss 0.799 lr 0.00099
  ep3/30 it50/809 loss 0.836 lr 0.00099
  ep3/30 it100/809 loss 0.845 lr 0.00099
  ep3/30 it150/809 loss 0.875 lr 0.00099
  ep3/30 it200/809 loss 0.777 lr 0.00099
  ep3/30 it250/809 loss 0.771 lr 0.00099
  ep3/30 it300/809 loss 0.935 lr 0.00099
  ep3/30 it350/809 loss 0.899 lr 0.00099
  ep3/30 it400/809 loss 0.787 lr 0.00099
  ep3/30 it450/809 loss 0.820 lr 0.00099
  ep3/30 it500/809 loss 0.805 lr 0.00099
  ep3/30 it550/809 loss 0.795 lr 0.00099
  ep3/30 it600/809 loss 0.694 lr 0.00099
  ep3/30 it650/809 loss 0.755 lr 0.00099
  ep3/30 it700/809 loss 0.651 lr 0.00099
  ep3/30 it750/809 loss 0.793 lr 0.00099
  ep3/30 it800/809 loss 0.718 lr 0.00099
Epoch 3 done, avg loss 0.821
  ep4/30 it0/809 loss 0.911 lr 0.00098
  ep4/30 it50/809 loss 0.687 lr 0.00098
  ep4/30 it100/809 loss 0.823 lr 0.00098
  ep4/30 it150/809 loss 0.937 lr 0.00098
  ep4/30 it200/809 loss 0.757 lr 0.00098
  ep4/30 it250/809 loss 0.684 lr 0.00098
  ep4/30 it300/809 loss 0.859 lr 0.00098
  ep4/30 it350/809 loss 0.859 lr 0.00098
  ep4/30 it400/809 loss 0.690 lr 0.00098
  ep4/30 it450/809 loss 0.728 lr 0.00098
  ep4/30 it500/809 loss 0.687 lr 0.00098
  ep4/30 it550/809 loss 0.692 lr 0.00098
  ep4/30 it600/809 loss 0.823 lr 0.00098
  ep4/30 it650/809 loss 0.864 lr 0.00098
  ep4/30 it700/809 loss 0.676 lr 0.00098
  ep4/30 it750/809 loss 0.698 lr 0.00098
  ep4/30 it800/809 loss 0.645 lr 0.00098
Epoch 4 done, avg loss 0.759
  ep5/30 it0/809 loss 0.750 lr 0.00096
  ep5/30 it50/809 loss 0.591 lr 0.00096
  ep5/30 it100/809 loss 0.692 lr 0.00096
  ep5/30 it150/809 loss 0.986 lr 0.00096
  ep5/30 it200/809 loss 0.694 lr 0.00096
  ep5/30 it250/809 loss 0.803 lr 0.00096
  ep5/30 it300/809 loss 0.489 lr 0.00096
  ep5/30 it350/809 loss 0.812 lr 0.00096
  ep5/30 it400/809 loss 0.679 lr 0.00096
  ep5/30 it450/809 loss 0.614 lr 0.00096
  ep5/30 it500/809 loss 0.773 lr 0.00096
  ep5/30 it550/809 loss 0.644 lr 0.00096
  ep5/30 it600/809 loss 0.644 lr 0.00096
  ep5/30 it650/809 loss 0.609 lr 0.00096
  ep5/30 it700/809 loss 0.670 lr 0.00096
  ep5/30 it750/809 loss 0.663 lr 0.00096
  ep5/30 it800/809 loss 0.738 lr 0.00096
Epoch 5 done, avg loss 0.718
  ep6/30 it0/809 loss 0.696 lr 0.00093
  ep6/30 it50/809 loss 0.667 lr 0.00093
  ep6/30 it100/809 loss 0.398 lr 0.00093
  ep6/30 it150/809 loss 0.526 lr 0.00093
  ep6/30 it200/809 loss 0.852 lr 0.00093
  ep6/30 it250/809 loss 0.717 lr 0.00093
  ep6/30 it300/809 loss 0.738 lr 0.00093
  ep6/30 it350/809 loss 0.636 lr 0.00093
  ep6/30 it400/809 loss 0.700 lr 0.00093
  ep6/30 it450/809 loss 0.593 lr 0.00093
  ep6/30 it500/809 loss 0.683 lr 0.00093
  ep6/30 it550/809 loss 0.661 lr 0.00093
  ep6/30 it600/809 loss 0.737 lr 0.00093
  ep6/30 it650/809 loss 0.649 lr 0.00093
  ep6/30 it700/809 loss 0.765 lr 0.00093
  ep6/30 it750/809 loss 0.744 lr 0.00093
  ep6/30 it800/809 loss 0.731 lr 0.00093
Epoch 6 done, avg loss 0.688
  ep7/30 it0/809 loss 0.714 lr 0.00090
  ep7/30 it50/809 loss 0.731 lr 0.00090
  ep7/30 it100/809 loss 0.733 lr 0.00090
  ep7/30 it150/809 loss 0.564 lr 0.00090
  ep7/30 it200/809 loss 0.642 lr 0.00090
  ep7/30 it250/809 loss 0.633 lr 0.00090
  ep7/30 it300/809 loss 0.749 lr 0.00090
  ep7/30 it350/809 loss 0.597 lr 0.00090
  ep7/30 it400/809 loss 0.675 lr 0.00090
  ep7/30 it450/809 loss 0.665 lr 0.00090
  ep7/30 it500/809 loss 0.531 lr 0.00090
  ep7/30 it550/809 loss 0.722 lr 0.00090
  ep7/30 it600/809 loss 0.646 lr 0.00090
  ep7/30 it650/809 loss 0.668 lr 0.00090
  ep7/30 it700/809 loss 0.673 lr 0.00090
  ep7/30 it750/809 loss 0.570 lr 0.00090
  ep7/30 it800/809 loss 0.621 lr 0.00090
Epoch 7 done, avg loss 0.665
  ep8/30 it0/809 loss 0.648 lr 0.00087
  ep8/30 it50/809 loss 0.677 lr 0.00087
  ep8/30 it100/809 loss 0.653 lr 0.00087
  ep8/30 it150/809 loss 0.539 lr 0.00087
  ep8/30 it200/809 loss 0.703 lr 0.00087
  ep8/30 it250/809 loss 0.707 lr 0.00087
  ep8/30 it300/809 loss 0.657 lr 0.00087
  ep8/30 it350/809 loss 0.689 lr 0.00087
  ep8/30 it400/809 loss 0.670 lr 0.00087
  ep8/30 it450/809 loss 0.727 lr 0.00087
  ep8/30 it500/809 loss 0.572 lr 0.00087
  ep8/30 it550/809 loss 0.723 lr 0.00087
  ep8/30 it600/809 loss 0.607 lr 0.00087
  ep8/30 it650/809 loss 0.688 lr 0.00087
  ep8/30 it700/809 loss 0.682 lr 0.00087
  ep8/30 it750/809 loss 0.602 lr 0.00087
  ep8/30 it800/809 loss 0.751 lr 0.00087
Epoch 8 done, avg loss 0.644
  ep9/30 it0/809 loss 0.610 lr 0.00083
  ep9/30 it50/809 loss 0.605 lr 0.00083
  ep9/30 it100/809 loss 0.748 lr 0.00083
  ep9/30 it150/809 loss 0.668 lr 0.00083
  ep9/30 it200/809 loss 0.557 lr 0.00083
  ep9/30 it250/809 loss 0.601 lr 0.00083
  ep9/30 it300/809 loss 0.662 lr 0.00083
  ep9/30 it350/809 loss 0.507 lr 0.00083
  ep9/30 it400/809 loss 0.695 lr 0.00083
  ep9/30 it450/809 loss 0.622 lr 0.00083
  ep9/30 it500/809 loss 0.647 lr 0.00083
  ep9/30 it550/809 loss 0.634 lr 0.00083
  ep9/30 it600/809 loss 0.667 lr 0.00083
  ep9/30 it650/809 loss 0.621 lr 0.00083
  ep9/30 it700/809 loss 0.541 lr 0.00083
  ep9/30 it750/809 loss 0.609 lr 0.00083
  ep9/30 it800/809 loss 0.470 lr 0.00083
Epoch 9 done, avg loss 0.626
  ep10/30 it0/809 loss 0.422 lr 0.00079
  ep10/30 it50/809 loss 0.489 lr 0.00079
  ep10/30 it100/809 loss 0.435 lr 0.00079
  ep10/30 it150/809 loss 0.510 lr 0.00079
  ep10/30 it200/809 loss 0.643 lr 0.00079
  ep10/30 it250/809 loss 0.500 lr 0.00079
  ep10/30 it300/809 loss 0.696 lr 0.00079
  ep10/30 it350/809 loss 0.691 lr 0.00079
  ep10/30 it400/809 loss 0.704 lr 0.00079
  ep10/30 it450/809 loss 0.556 lr 0.00079
  ep10/30 it500/809 loss 0.719 lr 0.00079
  ep10/30 it550/809 loss 0.657 lr 0.00079
  ep10/30 it600/809 loss 0.595 lr 0.00079
  ep10/30 it650/809 loss 0.703 lr 0.00079
  ep10/30 it700/809 loss 0.546 lr 0.00079
  ep10/30 it750/809 loss 0.612 lr 0.00079
  ep10/30 it800/809 loss 0.647 lr 0.00079
Epoch 10 done, avg loss 0.608
  ep11/30 it0/809 loss 0.613 lr 0.00075
  ep11/30 it50/809 loss 0.440 lr 0.00075
  ep11/30 it100/809 loss 0.585 lr 0.00075
  ep11/30 it150/809 loss 0.647 lr 0.00075
  ep11/30 it200/809 loss 0.655 lr 0.00075
  ep11/30 it250/809 loss 0.591 lr 0.00075
  ep11/30 it300/809 loss 0.612 lr 0.00075
  ep11/30 it350/809 loss 0.587 lr 0.00075
  ep11/30 it400/809 loss 0.595 lr 0.00075
  ep11/30 it450/809 loss 0.716 lr 0.00075
  ep11/30 it500/809 loss 0.577 lr 0.00075
  ep11/30 it550/809 loss 0.521 lr 0.00075
  ep11/30 it600/809 loss 0.547 lr 0.00075
  ep11/30 it650/809 loss 0.539 lr 0.00075
  ep11/30 it700/809 loss 0.479 lr 0.00075
  ep11/30 it750/809 loss 0.557 lr 0.00075
  ep11/30 it800/809 loss 0.624 lr 0.00075
Epoch 11 done, avg loss 0.593
  ep12/30 it0/809 loss 0.580 lr 0.00070
  ep12/30 it50/809 loss 0.522 lr 0.00070
  ep12/30 it100/809 loss 0.578 lr 0.00070
  ep12/30 it150/809 loss 0.438 lr 0.00070
  ep12/30 it200/809 loss 0.637 lr 0.00070
  ep12/30 it250/809 loss 0.436 lr 0.00070
  ep12/30 it300/809 loss 0.603 lr 0.00070
  ep12/30 it350/809 loss 0.624 lr 0.00070
  ep12/30 it400/809 loss 0.657 lr 0.00070
  ep12/30 it450/809 loss 0.528 lr 0.00070
  ep12/30 it500/809 loss 0.712 lr 0.00070
  ep12/30 it550/809 loss 0.553 lr 0.00070
  ep12/30 it600/809 loss 0.749 lr 0.00070
  ep12/30 it650/809 loss 0.629 lr 0.00070
  ep12/30 it700/809 loss 0.576 lr 0.00070
  ep12/30 it750/809 loss 0.593 lr 0.00070
  ep12/30 it800/809 loss 0.707 lr 0.00070
Epoch 12 done, avg loss 0.581
  ep13/30 it0/809 loss 0.499 lr 0.00065
  ep13/30 it50/809 loss 0.559 lr 0.00065
  ep13/30 it100/809 loss 0.510 lr 0.00065
  ep13/30 it150/809 loss 0.553 lr 0.00065
  ep13/30 it200/809 loss 0.620 lr 0.00065
  ep13/30 it250/809 loss 0.587 lr 0.00065
  ep13/30 it300/809 loss 0.507 lr 0.00065
  ep13/30 it350/809 loss 0.537 lr 0.00065
  ep13/30 it400/809 loss 0.516 lr 0.00065
  ep13/30 it450/809 loss 0.554 lr 0.00065
  ep13/30 it500/809 loss 0.498 lr 0.00065
  ep13/30 it550/809 loss 0.546 lr 0.00065
  ep13/30 it600/809 loss 0.705 lr 0.00065
  ep13/30 it650/809 loss 0.540 lr 0.00065
  ep13/30 it700/809 loss 0.452 lr 0.00065
  ep13/30 it750/809 loss 0.469 lr 0.00065
  ep13/30 it800/809 loss 0.667 lr 0.00065
Epoch 13 done, avg loss 0.571
  ep14/30 it0/809 loss 0.567 lr 0.00060
  ep14/30 it50/809 loss 0.483 lr 0.00060
  ep14/30 it100/809 loss 0.620 lr 0.00060
  ep14/30 it150/809 loss 0.671 lr 0.00060
  ep14/30 it200/809 loss 0.594 lr 0.00060
  ep14/30 it250/809 loss 0.476 lr 0.00060
  ep14/30 it300/809 loss 0.543 lr 0.00060
  ep14/30 it350/809 loss 0.692 lr 0.00060
  ep14/30 it400/809 loss 0.484 lr 0.00060
  ep14/30 it450/809 loss 0.481 lr 0.00060
  ep14/30 it500/809 loss 0.565 lr 0.00060
  ep14/30 it550/809 loss 0.575 lr 0.00060
  ep14/30 it600/809 loss 0.595 lr 0.00060
  ep14/30 it650/809 loss 0.537 lr 0.00060
  ep14/30 it700/809 loss 0.541 lr 0.00060
  ep14/30 it750/809 loss 0.399 lr 0.00060
  ep14/30 it800/809 loss 0.565 lr 0.00060
Epoch 14 done, avg loss 0.561
  ep15/30 it0/809 loss 0.603 lr 0.00055
  ep15/30 it50/809 loss 0.582 lr 0.00055
  ep15/30 it100/809 loss 0.568 lr 0.00055
  ep15/30 it150/809 loss 0.550 lr 0.00055
  ep15/30 it200/809 loss 0.576 lr 0.00055
  ep15/30 it250/809 loss 0.566 lr 0.00055
  ep15/30 it300/809 loss 0.517 lr 0.00055
  ep15/30 it350/809 loss 0.677 lr 0.00055
  ep15/30 it400/809 loss 0.546 lr 0.00055
  ep15/30 it450/809 loss 0.521 lr 0.00055
  ep15/30 it500/809 loss 0.521 lr 0.00055
  ep15/30 it550/809 loss 0.642 lr 0.00055
  ep15/30 it600/809 loss 0.652 lr 0.00055
  ep15/30 it650/809 loss 0.625 lr 0.00055
  ep15/30 it700/809 loss 0.521 lr 0.00055
  ep15/30 it750/809 loss 0.477 lr 0.00055
  ep15/30 it800/809 loss 0.486 lr 0.00055
Epoch 15 done, avg loss 0.552
  ep16/30 it0/809 loss 0.520 lr 0.00050
  ep16/30 it50/809 loss 0.670 lr 0.00050
  ep16/30 it100/809 loss 0.469 lr 0.00050
  ep16/30 it150/809 loss 0.556 lr 0.00050
  ep16/30 it200/809 loss 0.618 lr 0.00050
  ep16/30 it250/809 loss 0.572 lr 0.00050
  ep16/30 it300/809 loss 0.524 lr 0.00050
  ep16/30 it350/809 loss 0.403 lr 0.00050
  ep16/30 it400/809 loss 0.475 lr 0.00050
  ep16/30 it450/809 loss 0.646 lr 0.00050
  ep16/30 it500/809 loss 0.711 lr 0.00050
  ep16/30 it550/809 loss 0.521 lr 0.00050
  ep16/30 it600/809 loss 0.466 lr 0.00050
  ep16/30 it650/809 loss 0.602 lr 0.00050
  ep16/30 it700/809 loss 0.498 lr 0.00050
  ep16/30 it750/809 loss 0.479 lr 0.00050
  ep16/30 it800/809 loss 0.616 lr 0.00050
Epoch 16 done, avg loss 0.543
  ep17/30 it0/809 loss 0.429 lr 0.00045
  ep17/30 it50/809 loss 0.684 lr 0.00045
  ep17/30 it100/809 loss 0.586 lr 0.00045
  ep17/30 it150/809 loss 0.613 lr 0.00045
  ep17/30 it200/809 loss 0.642 lr 0.00045
  ep17/30 it250/809 loss 0.528 lr 0.00045
  ep17/30 it300/809 loss 0.572 lr 0.00045
  ep17/30 it350/809 loss 0.516 lr 0.00045
  ep17/30 it400/809 loss 0.526 lr 0.00045
  ep17/30 it450/809 loss 0.469 lr 0.00045
  ep17/30 it500/809 loss 0.413 lr 0.00045
  ep17/30 it550/809 loss 0.575 lr 0.00045
  ep17/30 it600/809 loss 0.565 lr 0.00045
  ep17/30 it650/809 loss 0.559 lr 0.00045
  ep17/30 it700/809 loss 0.564 lr 0.00045
  ep17/30 it750/809 loss 0.646 lr 0.00045
  ep17/30 it800/809 loss 0.438 lr 0.00045
Epoch 17 done, avg loss 0.535
  ep18/30 it0/809 loss 0.599 lr 0.00040
  ep18/30 it50/809 loss 0.603 lr 0.00040
  ep18/30 it100/809 loss 0.418 lr 0.00040
  ep18/30 it150/809 loss 0.449 lr 0.00040
  ep18/30 it200/809 loss 0.608 lr 0.00040
  ep18/30 it250/809 loss 0.609 lr 0.00040
  ep18/30 it300/809 loss 0.502 lr 0.00040
  ep18/30 it350/809 loss 0.568 lr 0.00040
  ep18/30 it400/809 loss 0.504 lr 0.00040
  ep18/30 it450/809 loss 0.496 lr 0.00040
  ep18/30 it500/809 loss 0.588 lr 0.00040
  ep18/30 it550/809 loss 0.642 lr 0.00040
  ep18/30 it600/809 loss 0.421 lr 0.00040
  ep18/30 it650/809 loss 0.531 lr 0.00040
  ep18/30 it700/809 loss 0.513 lr 0.00040
  ep18/30 it750/809 loss 0.396 lr 0.00040
  ep18/30 it800/809 loss 0.526 lr 0.00040
Epoch 18 done, avg loss 0.528
  ep19/30 it0/809 loss 0.544 lr 0.00035
  ep19/30 it50/809 loss 0.681 lr 0.00035
  ep19/30 it100/809 loss 0.592 lr 0.00035
  ep19/30 it150/809 loss 0.544 lr 0.00035
  ep19/30 it200/809 loss 0.525 lr 0.00035
  ep19/30 it250/809 loss 0.509 lr 0.00035
  ep19/30 it300/809 loss 0.394 lr 0.00035
  ep19/30 it350/809 loss 0.484 lr 0.00035
  ep19/30 it400/809 loss 0.562 lr 0.00035
  ep19/30 it450/809 loss 0.595 lr 0.00035
  ep19/30 it500/809 loss 0.678 lr 0.00035
  ep19/30 it550/809 loss 0.494 lr 0.00035
  ep19/30 it600/809 loss 0.570 lr 0.00035
  ep19/30 it650/809 loss 0.625 lr 0.00035
  ep19/30 it700/809 loss 0.586 lr 0.00035
  ep19/30 it750/809 loss 0.535 lr 0.00035
  ep19/30 it800/809 loss 0.539 lr 0.00035
Epoch 19 done, avg loss 0.522
  ep20/30 it0/809 loss 0.373 lr 0.00030
  ep20/30 it50/809 loss 0.488 lr 0.00030
  ep20/30 it100/809 loss 0.500 lr 0.00030
  ep20/30 it150/809 loss 0.611 lr 0.00030
  ep20/30 it200/809 loss 0.440 lr 0.00030
  ep20/30 it250/809 loss 0.497 lr 0.00030
  ep20/30 it300/809 loss 0.513 lr 0.00030
  ep20/30 it350/809 loss 0.512 lr 0.00030
  ep20/30 it400/809 loss 0.478 lr 0.00030
  ep20/30 it450/809 loss 0.531 lr 0.00030
  ep20/30 it500/809 loss 0.471 lr 0.00030
  ep20/30 it550/809 loss 0.446 lr 0.00030
  ep20/30 it600/809 loss 0.350 lr 0.00030
  ep20/30 it650/809 loss 0.654 lr 0.00030
  ep20/30 it700/809 loss 0.580 lr 0.00030
  ep20/30 it750/809 loss 0.506 lr 0.00030
  ep20/30 it800/809 loss 0.472 lr 0.00030
Epoch 20 done, avg loss 0.516
  ep21/30 it0/809 loss 0.449 lr 0.00025
  ep21/30 it50/809 loss 0.490 lr 0.00025
  ep21/30 it100/809 loss 0.526 lr 0.00025
  ep21/30 it150/809 loss 0.399 lr 0.00025
  ep21/30 it200/809 loss 0.464 lr 0.00025
  ep21/30 it250/809 loss 0.495 lr 0.00025
  ep21/30 it300/809 loss 0.500 lr 0.00025
  ep21/30 it350/809 loss 0.582 lr 0.00025
  ep21/30 it400/809 loss 0.352 lr 0.00025
  ep21/30 it450/809 loss 0.645 lr 0.00025
  ep21/30 it500/809 loss 0.421 lr 0.00025
  ep21/30 it550/809 loss 0.476 lr 0.00025
  ep21/30 it600/809 loss 0.711 lr 0.00025
  ep21/30 it650/809 loss 0.681 lr 0.00025
  ep21/30 it700/809 loss 0.526 lr 0.00025
  ep21/30 it750/809 loss 0.561 lr 0.00025
  ep21/30 it800/809 loss 0.504 lr 0.00025
Epoch 21 done, avg loss 0.510
  ep22/30 it0/809 loss 0.441 lr 0.00021
  ep22/30 it50/809 loss 0.539 lr 0.00021
  ep22/30 it100/809 loss 0.454 lr 0.00021
  ep22/30 it150/809 loss 0.546 lr 0.00021
  ep22/30 it200/809 loss 0.629 lr 0.00021
  ep22/30 it250/809 loss 0.507 lr 0.00021
  ep22/30 it300/809 loss 0.547 lr 0.00021
  ep22/30 it350/809 loss 0.631 lr 0.00021
  ep22/30 it400/809 loss 0.530 lr 0.00021
  ep22/30 it450/809 loss 0.462 lr 0.00021
  ep22/30 it500/809 loss 0.344 lr 0.00021
  ep22/30 it550/809 loss 0.537 lr 0.00021
  ep22/30 it600/809 loss 0.397 lr 0.00021
  ep22/30 it650/809 loss 0.547 lr 0.00021
  ep22/30 it700/809 loss 0.565 lr 0.00021
  ep22/30 it750/809 loss 0.536 lr 0.00021
  ep22/30 it800/809 loss 0.453 lr 0.00021
Epoch 22 done, avg loss 0.506
  ep23/30 it0/809 loss 0.515 lr 0.00017
  ep23/30 it50/809 loss 0.398 lr 0.00017
  ep23/30 it100/809 loss 0.566 lr 0.00017
  ep23/30 it150/809 loss 0.551 lr 0.00017
  ep23/30 it200/809 loss 0.493 lr 0.00017
  ep23/30 it250/809 loss 0.536 lr 0.00017
  ep23/30 it300/809 loss 0.506 lr 0.00017
  ep23/30 it350/809 loss 0.437 lr 0.00017
  ep23/30 it400/809 loss 0.544 lr 0.00017
  ep23/30 it450/809 loss 0.443 lr 0.00017
  ep23/30 it500/809 loss 0.470 lr 0.00017
  ep23/30 it550/809 loss 0.538 lr 0.00017
  ep23/30 it600/809 loss 0.376 lr 0.00017
  ep23/30 it650/809 loss 0.471 lr 0.00017
  ep23/30 it700/809 loss 0.547 lr 0.00017
  ep23/30 it750/809 loss 0.506 lr 0.00017
  ep23/30 it800/809 loss 0.497 lr 0.00017
Epoch 23 done, avg loss 0.502
  ep24/30 it0/809 loss 0.487 lr 0.00013
  ep24/30 it50/809 loss 0.451 lr 0.00013
  ep24/30 it100/809 loss 0.626 lr 0.00013
  ep24/30 it150/809 loss 0.487 lr 0.00013
  ep24/30 it200/809 loss 0.486 lr 0.00013
  ep24/30 it250/809 loss 0.548 lr 0.00013
  ep24/30 it300/809 loss 0.549 lr 0.00013
  ep24/30 it350/809 loss 0.566 lr 0.00013
  ep24/30 it400/809 loss 0.345 lr 0.00013
  ep24/30 it450/809 loss 0.521 lr 0.00013
  ep24/30 it500/809 loss 0.462 lr 0.00013
  ep24/30 it550/809 loss 0.525 lr 0.00013
  ep24/30 it600/809 loss 0.655 lr 0.00013
  ep24/30 it650/809 loss 0.461 lr 0.00013
  ep24/30 it700/809 loss 0.563 lr 0.00013
  ep24/30 it750/809 loss 0.492 lr 0.00013
  ep24/30 it800/809 loss 0.622 lr 0.00013
Epoch 24 done, avg loss 0.499
  ep25/30 it0/809 loss 0.574 lr 0.00010
  ep25/30 it50/809 loss 0.602 lr 0.00010
  ep25/30 it100/809 loss 0.599 lr 0.00010
  ep25/30 it150/809 loss 0.388 lr 0.00010
  ep25/30 it200/809 loss 0.635 lr 0.00010
  ep25/30 it250/809 loss 0.516 lr 0.00010
  ep25/30 it300/809 loss 0.515 lr 0.00010
  ep25/30 it350/809 loss 0.669 lr 0.00010
  ep25/30 it400/809 loss 0.535 lr 0.00010
  ep25/30 it450/809 loss 0.533 lr 0.00010
  ep25/30 it500/809 loss 0.524 lr 0.00010
  ep25/30 it550/809 loss 0.492 lr 0.00010
  ep25/30 it600/809 loss 0.612 lr 0.00010
  ep25/30 it650/809 loss 0.560 lr 0.00010
  ep25/30 it700/809 loss 0.503 lr 0.00010
  ep25/30 it750/809 loss 0.459 lr 0.00010
  ep25/30 it800/809 loss 0.408 lr 0.00010
Epoch 25 done, avg loss 0.497
  ep26/30 it0/809 loss 0.567 lr 0.00007
  ep26/30 it50/809 loss 0.583 lr 0.00007
  ep26/30 it100/809 loss 0.494 lr 0.00007
  ep26/30 it150/809 loss 0.453 lr 0.00007
  ep26/30 it200/809 loss 0.529 lr 0.00007
  ep26/30 it250/809 loss 0.401 lr 0.00007
  ep26/30 it300/809 loss 0.482 lr 0.00007
  ep26/30 it350/809 loss 0.463 lr 0.00007
  ep26/30 it400/809 loss 0.433 lr 0.00007
  ep26/30 it450/809 loss 0.502 lr 0.00007
  ep26/30 it500/809 loss 0.585 lr 0.00007
  ep26/30 it550/809 loss 0.450 lr 0.00007
  ep26/30 it600/809 loss 0.493 lr 0.00007
  ep26/30 it650/809 loss 0.593 lr 0.00007
  ep26/30 it700/809 loss 0.525 lr 0.00007
  ep26/30 it750/809 loss 0.497 lr 0.00007
  ep26/30 it800/809 loss 0.536 lr 0.00007
Epoch 26 done, avg loss 0.495
  ep27/30 it0/809 loss 0.524 lr 0.00004
  ep27/30 it50/809 loss 0.498 lr 0.00004
  ep27/30 it100/809 loss 0.467 lr 0.00004
  ep27/30 it150/809 loss 0.510 lr 0.00004
  ep27/30 it200/809 loss 0.461 lr 0.00004
  ep27/30 it250/809 loss 0.551 lr 0.00004
  ep27/30 it300/809 loss 0.501 lr 0.00004
  ep27/30 it350/809 loss 0.456 lr 0.00004
  ep27/30 it400/809 loss 0.576 lr 0.00004
  ep27/30 it450/809 loss 0.506 lr 0.00004
  ep27/30 it500/809 loss 0.465 lr 0.00004
  ep27/30 it550/809 loss 0.464 lr 0.00004
  ep27/30 it600/809 loss 0.472 lr 0.00004
  ep27/30 it650/809 loss 0.443 lr 0.00004
  ep27/30 it700/809 loss 0.441 lr 0.00004
  ep27/30 it750/809 loss 0.421 lr 0.00004
  ep27/30 it800/809 loss 0.499 lr 0.00004
Epoch 27 done, avg loss 0.493
  ep28/30 it0/809 loss 0.544 lr 0.00002
  ep28/30 it50/809 loss 0.535 lr 0.00002
  ep28/30 it100/809 loss 0.586 lr 0.00002
  ep28/30 it150/809 loss 0.337 lr 0.00002
  ep28/30 it200/809 loss 0.571 lr 0.00002
  ep28/30 it250/809 loss 0.501 lr 0.00002
  ep28/30 it300/809 loss 0.178 lr 0.00002
  ep28/30 it350/809 loss 0.588 lr 0.00002
  ep28/30 it400/809 loss 0.505 lr 0.00002
  ep28/30 it450/809 loss 0.468 lr 0.00002
  ep28/30 it500/809 loss 0.491 lr 0.00002
  ep28/30 it550/809 loss 0.537 lr 0.00002
  ep28/30 it600/809 loss 0.567 lr 0.00002
  ep28/30 it650/809 loss 0.505 lr 0.00002
  ep28/30 it700/809 loss 0.450 lr 0.00002
  ep28/30 it750/809 loss 0.510 lr 0.00002
  ep28/30 it800/809 loss 0.526 lr 0.00002
Epoch 28 done, avg loss 0.492
  ep29/30 it0/809 loss 0.414 lr 0.00001
  ep29/30 it50/809 loss 0.507 lr 0.00001
  ep29/30 it100/809 loss 0.572 lr 0.00001
  ep29/30 it150/809 loss 0.389 lr 0.00001
  ep29/30 it200/809 loss 0.553 lr 0.00001
  ep29/30 it250/809 loss 0.618 lr 0.00001
  ep29/30 it300/809 loss 0.602 lr 0.00001
  ep29/30 it350/809 loss 0.560 lr 0.00001
  ep29/30 it400/809 loss 0.483 lr 0.00001
  ep29/30 it450/809 loss 0.599 lr 0.00001
  ep29/30 it500/809 loss 0.657 lr 0.00001
  ep29/30 it550/809 loss 0.497 lr 0.00001
  ep29/30 it600/809 loss 0.373 lr 0.00001
  ep29/30 it650/809 loss 0.492 lr 0.00001
  ep29/30 it700/809 loss 0.617 lr 0.00001
  ep29/30 it750/809 loss 0.573 lr 0.00001
  ep29/30 it800/809 loss 0.541 lr 0.00001
Epoch 29 done, avg loss 0.492
  ep30/30 it0/809 loss 0.530 lr 0.00000
  ep30/30 it50/809 loss 0.549 lr 0.00000
  ep30/30 it100/809 loss 0.425 lr 0.00000
  ep30/30 it150/809 loss 0.515 lr 0.00000
  ep30/30 it200/809 loss 0.410 lr 0.00000
  ep30/30 it250/809 loss 0.656 lr 0.00000
  ep30/30 it300/809 loss 0.452 lr 0.00000
  ep30/30 it350/809 loss 0.557 lr 0.00000
  ep30/30 it400/809 loss 0.498 lr 0.00000
  ep30/30 it450/809 loss 0.460 lr 0.00000
  ep30/30 it500/809 loss 0.549 lr 0.00000
  ep30/30 it550/809 loss 0.506 lr 0.00000
  ep30/30 it600/809 loss 0.490 lr 0.00000
  ep30/30 it650/809 loss 0.370 lr 0.00000
  ep30/30 it700/809 loss 0.349 lr 0.00000
  ep30/30 it750/809 loss 0.411 lr 0.00000
  ep30/30 it800/809 loss 0.665 lr 0.00000
Epoch 30 done, avg loss 0.491
Saved retinanet_custom.pt
