RetinaNet ResNet50-v2 (timm) FPN=custom, 640px, 30 epochs
Warning: You are sending unauthenticated requests to the HF Hub. Please set a HF_TOKEN to enable higher rate limits and faster downloads.
  ep1/30 it0/809 loss 1.885 lr 0.00000
  ep1/30 it50/809 loss 1.850 lr 0.00010
  ep1/30 it100/809 loss 1.617 lr 0.00020
  ep1/30 it150/809 loss 1.664 lr 0.00030
  ep1/30 it200/809 loss 1.551 lr 0.00040
  ep1/30 it250/809 loss 1.532 lr 0.00050
  ep1/30 it300/809 loss 1.309 lr 0.00060
  ep1/30 it350/809 loss 1.351 lr 0.00070
  ep1/30 it400/809 loss 1.127 lr 0.00080
  ep1/30 it450/809 loss 1.217 lr 0.00090
  ep1/30 it500/809 loss 1.380 lr 0.00100
  ep1/30 it550/809 loss 1.060 lr 0.00100
  ep1/30 it600/809 loss 1.107 lr 0.00100
  ep1/30 it650/809 loss 1.221 lr 0.00100
  ep1/30 it700/809 loss 1.231 lr 0.00100
  ep1/30 it750/809 loss 1.260 lr 0.00100
  ep1/30 it800/809 loss 1.023 lr 0.00100
Epoch 1 done, avg loss 1.382
  ep2/30 it0/809 loss 1.062 lr 0.00100
  ep2/30 it50/809 loss 1.086 lr 0.00100
  ep2/30 it100/809 loss 0.996 lr 0.00100
  ep2/30 it150/809 loss 1.027 lr 0.00100
  ep2/30 it200/809 loss 1.054 lr 0.00100
  ep2/30 it250/809 loss 1.018 lr 0.00100
  ep2/30 it300/809 loss 1.004 lr 0.00100
  ep2/30 it350/809 loss 1.087 lr 0.00100
  ep2/30 it400/809 loss 1.027 lr 0.00100
  ep2/30 it450/809 loss 1.159 lr 0.00100
  ep2/30 it500/809 loss 0.915 lr 0.00100
  ep2/30 it550/809 loss 1.003 lr 0.00100
  ep2/30 it600/809 loss 1.064 lr 0.00100
  ep2/30 it650/809 loss 0.984 lr 0.00100
  ep2/30 it700/809 loss 1.061 lr 0.00100
  ep2/30 it750/809 loss 1.202 lr 0.00100
  ep2/30 it800/809 loss 1.042 lr 0.00100
Epoch 2 done, avg loss 1.026
  ep3/30 it0/809 loss 1.044 lr 0.00099
  ep3/30 it50/809 loss 1.079 lr 0.00099
  ep3/30 it100/809 loss 0.939 lr 0.00099
  ep3/30 it150/809 loss 0.936 lr 0.00099
  ep3/30 it200/809 loss 1.439 lr 0.00099
  ep3/30 it250/809 loss 1.044 lr 0.00099
  ep3/30 it300/809 loss 0.820 lr 0.00099
  ep3/30 it350/809 loss 0.750 lr 0.00099
  ep3/30 it400/809 loss 0.963 lr 0.00099
  ep3/30 it450/809 loss 0.939 lr 0.00099
  ep3/30 it500/809 loss 0.930 lr 0.00099
  ep3/30 it550/809 loss 0.871 lr 0.00099
  ep3/30 it600/809 loss 0.873 lr 0.00099
  ep3/30 it650/809 loss 0.860 lr 0.00099
  ep3/30 it700/809 loss 1.066 lr 0.00099
  ep3/30 it750/809 loss 0.946 lr 0.00099
  ep3/30 it800/809 loss 0.869 lr 0.00099
Epoch 3 done, avg loss 0.928
  ep4/30 it0/809 loss 0.927 lr 0.00098
  ep4/30 it50/809 loss 0.914 lr 0.00098
  ep4/30 it100/809 loss 0.961 lr 0.00098
  ep4/30 it150/809 loss 0.880 lr 0.00098
  ep4/30 it200/809 loss 0.954 lr 0.00098
  ep4/30 it250/809 loss 0.898 lr 0.00098
  ep4/30 it300/809 loss 0.963 lr 0.00098
  ep4/30 it350/809 loss 0.963 lr 0.00098
  ep4/30 it400/809 loss 0.854 lr 0.00098
  ep4/30 it450/809 loss 0.679 lr 0.00098
  ep4/30 it500/809 loss 0.886 lr 0.00098
  ep4/30 it550/809 loss 0.751 lr 0.00098
  ep4/30 it600/809 loss 0.946 lr 0.00098
  ep4/30 it650/809 loss 0.927 lr 0.00098
  ep4/30 it700/809 loss 0.774 lr 0.00098
  ep4/30 it750/809 loss 0.663 lr 0.00098
  ep4/30 it800/809 loss 0.765 lr 0.00098
Epoch 4 done, avg loss 0.873
  ep5/30 it0/809 loss 0.830 lr 0.00096
  ep5/30 it50/809 loss 0.724 lr 0.00096
  ep5/30 it100/809 loss 0.757 lr 0.00096
  ep5/30 it150/809 loss 0.838 lr 0.00096
  ep5/30 it200/809 loss 0.991 lr 0.00096
  ep5/30 it250/809 loss 0.850 lr 0.00096
  ep5/30 it300/809 loss 0.815 lr 0.00096
  ep5/30 it350/809 loss 0.742 lr 0.00096
  ep5/30 it400/809 loss 0.724 lr 0.00096
  ep5/30 it450/809 loss 0.842 lr 0.00096
  ep5/30 it500/809 loss 0.945 lr 0.00096
  ep5/30 it550/809 loss 0.827 lr 0.00096
  ep5/30 it600/809 loss 0.801 lr 0.00096
  ep5/30 it650/809 loss 0.805 lr 0.00096
  ep5/30 it700/809 loss 0.747 lr 0.00096
  ep5/30 it750/809 loss 0.882 lr 0.00096
  ep5/30 it800/809 loss 1.050 lr 0.00096
Epoch 5 done, avg loss 0.838
  ep6/30 it0/809 loss 0.850 lr 0.00093
  ep6/30 it50/809 loss 0.867 lr 0.00093
  ep6/30 it100/809 loss 0.803 lr 0.00093
  ep6/30 it150/809 loss 0.814 lr 0.00093
  ep6/30 it200/809 loss 0.823 lr 0.00093
  ep6/30 it250/809 loss 0.769 lr 0.00093
  ep6/30 it300/809 loss 1.080 lr 0.00093
  ep6/30 it350/809 loss 0.936 lr 0.00093
  ep6/30 it400/809 loss 0.888 lr 0.00093
  ep6/30 it450/809 loss 0.717 lr 0.00093
  ep6/30 it500/809 loss 0.789 lr 0.00093
  ep6/30 it550/809 loss 0.780 lr 0.00093
  ep6/30 it600/809 loss 0.737 lr 0.00093
  ep6/30 it650/809 loss 0.822 lr 0.00093
  ep6/30 it700/809 loss 0.792 lr 0.00093
  ep6/30 it750/809 loss 0.884 lr 0.00093
  ep6/30 it800/809 loss 0.728 lr 0.00093
Epoch 6 done, avg loss 0.808
  ep7/30 it0/809 loss 0.735 lr 0.00090
  ep7/30 it50/809 loss 0.737 lr 0.00090
  ep7/30 it100/809 loss 0.846 lr 0.00090
  ep7/30 it150/809 loss 0.891 lr 0.00090
  ep7/30 it200/809 loss 0.705 lr 0.00090
  ep7/30 it250/809 loss 0.746 lr 0.00090
  ep7/30 it300/809 loss 0.849 lr 0.00090
  ep7/30 it350/809 loss 0.800 lr 0.00090
  ep7/30 it400/809 loss 0.754 lr 0.00090
  ep7/30 it450/809 loss 0.634 lr 0.00090
  ep7/30 it500/809 loss 0.617 lr 0.00090
  ep7/30 it550/809 loss 0.831 lr 0.00090
  ep7/30 it600/809 loss 0.785 lr 0.00090
  ep7/30 it650/809 loss 0.747 lr 0.00090
  ep7/30 it700/809 loss 0.729 lr 0.00090
  ep7/30 it750/809 loss 0.665 lr 0.00090
  ep7/30 it800/809 loss 0.665 lr 0.00090
Epoch 7 done, avg loss 0.776
  ep8/30 it0/809 loss 0.756 lr 0.00087
  ep8/30 it50/809 loss 0.871 lr 0.00087
  ep8/30 it100/809 loss 0.698 lr 0.00087
  ep8/30 it150/809 loss 0.777 lr 0.00087
  ep8/30 it200/809 loss 0.666 lr 0.00087
  ep8/30 it250/809 loss 0.860 lr 0.00087
  ep8/30 it300/809 loss 0.718 lr 0.00087
  ep8/30 it350/809 loss 0.729 lr 0.00087
  ep8/30 it400/809 loss 0.733 lr 0.00087
  ep8/30 it450/809 loss 0.767 lr 0.00087
  ep8/30 it500/809 loss 0.592 lr 0.00087
  ep8/30 it550/809 loss 0.934 lr 0.00087
  ep8/30 it600/809 loss 0.795 lr 0.00087
  ep8/30 it650/809 loss 0.594 lr 0.00087
  ep8/30 it700/809 loss 0.913 lr 0.00087
  ep8/30 it750/809 loss 0.856 lr 0.00087
  ep8/30 it800/809 loss 0.838 lr 0.00087
Epoch 8 done, avg loss 0.758
  ep9/30 it0/809 loss 0.746 lr 0.00083
  ep9/30 it50/809 loss 0.663 lr 0.00083
  ep9/30 it100/809 loss 0.623 lr 0.00083
  ep9/30 it150/809 loss 0.768 lr 0.00083
  ep9/30 it200/809 loss 0.611 lr 0.00083
  ep9/30 it250/809 loss 0.883 lr 0.00083
  ep9/30 it300/809 loss 0.970 lr 0.00083
  ep9/30 it350/809 loss 0.700 lr 0.00083
  ep9/30 it400/809 loss 0.520 lr 0.00083
  ep9/30 it450/809 loss 0.720 lr 0.00083
  ep9/30 it500/809 loss 0.645 lr 0.00083
  ep9/30 it550/809 loss 0.742 lr 0.00083
  ep9/30 it600/809 loss 0.669 lr 0.00083
  ep9/30 it650/809 loss 0.579 lr 0.00083
  ep9/30 it700/809 loss 0.726 lr 0.00083
  ep9/30 it750/809 loss 0.824 lr 0.00083
  ep9/30 it800/809 loss 0.788 lr 0.00083
Epoch 9 done, avg loss 0.735
  ep10/30 it0/809 loss 0.480 lr 0.00079
  ep10/30 it50/809 loss 0.734 lr 0.00079
  ep10/30 it100/809 loss 0.719 lr 0.00079
  ep10/30 it150/809 loss 0.744 lr 0.00079
  ep10/30 it200/809 loss 0.653 lr 0.00079
  ep10/30 it250/809 loss 0.706 lr 0.00079
  ep10/30 it300/809 loss 0.770 lr 0.00079
  ep10/30 it350/809 loss 0.761 lr 0.00079
  ep10/30 it400/809 loss 0.611 lr 0.00079
  ep10/30 it450/809 loss 0.864 lr 0.00079
  ep10/30 it500/809 loss 0.720 lr 0.00079
  ep10/30 it550/809 loss 0.798 lr 0.00079
  ep10/30 it600/809 loss 0.663 lr 0.00079
  ep10/30 it650/809 loss 0.704 lr 0.00079
  ep10/30 it700/809 loss 0.766 lr 0.00079
  ep10/30 it750/809 loss 0.596 lr 0.00079
  ep10/30 it800/809 loss 0.691 lr 0.00079
Epoch 10 done, avg loss 0.717
  ep11/30 it0/809 loss 0.770 lr 0.00075
  ep11/30 it50/809 loss 0.688 lr 0.00075
  ep11/30 it100/809 loss 0.586 lr 0.00075
  ep11/30 it150/809 loss 0.679 lr 0.00075
  ep11/30 it200/809 loss 0.557 lr 0.00075
  ep11/30 it250/809 loss 0.522 lr 0.00075
  ep11/30 it300/809 loss 0.681 lr 0.00075
  ep11/30 it350/809 loss 0.679 lr 0.00075
  ep11/30 it400/809 loss 0.625 lr 0.00075
  ep11/30 it450/809 loss 0.754 lr 0.00075
  ep11/30 it500/809 loss 0.710 lr 0.00075
  ep11/30 it550/809 loss 0.750 lr 0.00075
  ep11/30 it600/809 loss 0.670 lr 0.00075
  ep11/30 it650/809 loss 0.705 lr 0.00075
  ep11/30 it700/809 loss 0.710 lr 0.00075
  ep11/30 it750/809 loss 0.558 lr 0.00075
  ep11/30 it800/809 loss 0.778 lr 0.00075
Epoch 11 done, avg loss 0.697
  ep12/30 it0/809 loss 0.697 lr 0.00070
  ep12/30 it50/809 loss 0.730 lr 0.00070
  ep12/30 it100/809 loss 0.641 lr 0.00070
  ep12/30 it150/809 loss 0.827 lr 0.00070
  ep12/30 it200/809 loss 0.775 lr 0.00070
  ep12/30 it250/809 loss 0.681 lr 0.00070
  ep12/30 it300/809 loss 0.636 lr 0.00070
  ep12/30 it350/809 loss 0.606 lr 0.00070
  ep12/30 it400/809 loss 0.720 lr 0.00070
  ep12/30 it450/809 loss 0.714 lr 0.00070
  ep12/30 it500/809 loss 0.591 lr 0.00070
  ep12/30 it550/809 loss 0.696 lr 0.00070
  ep12/30 it600/809 loss 0.847 lr 0.00070
  ep12/30 it650/809 loss 0.631 lr 0.00070
  ep12/30 it700/809 loss 0.711 lr 0.00070
  ep12/30 it750/809 loss 0.674 lr 0.00070
  ep12/30 it800/809 loss 0.705 lr 0.00070
Epoch 12 done, avg loss 0.682
  ep13/30 it0/809 loss 0.534 lr 0.00065
  ep13/30 it50/809 loss 0.735 lr 0.00065
  ep13/30 it100/809 loss 0.688 lr 0.00065
  ep13/30 it150/809 loss 0.606 lr 0.00065
  ep13/30 it200/809 loss 0.647 lr 0.00065
  ep13/30 it250/809 loss 0.590 lr 0.00065
  ep13/30 it300/809 loss 0.671 lr 0.00065
  ep13/30 it350/809 loss 0.771 lr 0.00065
  ep13/30 it400/809 loss 0.677 lr 0.00065
  ep13/30 it450/809 loss 0.629 lr 0.00065
  ep13/30 it500/809 loss 0.668 lr 0.00065
  ep13/30 it550/809 loss 0.759 lr 0.00065
  ep13/30 it600/809 loss 0.687 lr 0.00065
  ep13/30 it650/809 loss 0.800 lr 0.00065
  ep13/30 it700/809 loss 0.725 lr 0.00065
  ep13/30 it750/809 loss 0.697 lr 0.00065
  ep13/30 it800/809 loss 0.617 lr 0.00065
Epoch 13 done, avg loss 0.671
  ep14/30 it0/809 loss 0.699 lr 0.00060
  ep14/30 it50/809 loss 0.606 lr 0.00060
  ep14/30 it100/809 loss 0.615 lr 0.00060
  ep14/30 it150/809 loss 0.598 lr 0.00060
  ep14/30 it200/809 loss 0.674 lr 0.00060
  ep14/30 it250/809 loss 0.747 lr 0.00060
  ep14/30 it300/809 loss 0.686 lr 0.00060
  ep14/30 it350/809 loss 0.669 lr 0.00060
  ep14/30 it400/809 loss 0.577 lr 0.00060
  ep14/30 it450/809 loss 0.717 lr 0.00060
  ep14/30 it500/809 loss 0.658 lr 0.00060
  ep14/30 it550/809 loss 0.585 lr 0.00060
  ep14/30 it600/809 loss 0.603 lr 0.00060
  ep14/30 it650/809 loss 0.645 lr 0.00060
  ep14/30 it700/809 loss 0.696 lr 0.00060
  ep14/30 it750/809 loss 0.685 lr 0.00060
  ep14/30 it800/809 loss 0.671 lr 0.00060
Epoch 14 done, avg loss 0.658
  ep15/30 it0/809 loss 0.686 lr 0.00055
  ep15/30 it50/809 loss 0.596 lr 0.00055
  ep15/30 it100/809 loss 0.512 lr 0.00055
  ep15/30 it150/809 loss 0.771 lr 0.00055
  ep15/30 it200/809 loss 0.701 lr 0.00055
  ep15/30 it250/809 loss 0.647 lr 0.00055
  ep15/30 it300/809 loss 0.479 lr 0.00055
  ep15/30 it350/809 loss 0.655 lr 0.00055
  ep15/30 it400/809 loss 0.662 lr 0.00055
  ep15/30 it450/809 loss 0.482 lr 0.00055
  ep15/30 it500/809 loss 0.664 lr 0.00055
  ep15/30 it550/809 loss 0.538 lr 0.00055
  ep15/30 it600/809 loss 0.690 lr 0.00055
  ep15/30 it650/809 loss 0.662 lr 0.00055
  ep15/30 it700/809 loss 0.717 lr 0.00055
  ep15/30 it750/809 loss 0.789 lr 0.00055
  ep15/30 it800/809 loss 0.666 lr 0.00055
Epoch 15 done, avg loss 0.644
  ep16/30 it0/809 loss 0.567 lr 0.00050
  ep16/30 it50/809 loss 0.601 lr 0.00050
  ep16/30 it100/809 loss 0.691 lr 0.00050
  ep16/30 it150/809 loss 0.596 lr 0.00050
  ep16/30 it200/809 loss 0.715 lr 0.00050
  ep16/30 it250/809 loss 0.745 lr 0.00050
  ep16/30 it300/809 loss 0.571 lr 0.00050
  ep16/30 it350/809 loss 0.758 lr 0.00050
  ep16/30 it400/809 loss 0.599 lr 0.00050
  ep16/30 it450/809 loss 0.718 lr 0.00050
  ep16/30 it500/809 loss 0.504 lr 0.00050
  ep16/30 it550/809 loss 0.651 lr 0.00050
  ep16/30 it600/809 loss 0.512 lr 0.00050
  ep16/30 it650/809 loss 0.595 lr 0.00050
  ep16/30 it700/809 loss 0.682 lr 0.00050
  ep16/30 it750/809 loss 0.685 lr 0.00050
  ep16/30 it800/809 loss 0.669 lr 0.00050
Epoch 16 done, avg loss 0.635
  ep17/30 it0/809 loss 0.570 lr 0.00045
  ep17/30 it50/809 loss 0.614 lr 0.00045
  ep17/30 it100/809 loss 0.660 lr 0.00045
  ep17/30 it150/809 loss 0.652 lr 0.00045
  ep17/30 it200/809 loss 0.636 lr 0.00045
  ep17/30 it250/809 loss 0.692 lr 0.00045
  ep17/30 it300/809 loss 0.724 lr 0.00045
  ep17/30 it350/809 loss 0.690 lr 0.00045
  ep17/30 it400/809 loss 0.701 lr 0.00045
  ep17/30 it450/809 loss 0.574 lr 0.00045
  ep17/30 it500/809 loss 0.574 lr 0.00045
  ep17/30 it550/809 loss 0.594 lr 0.00045
  ep17/30 it600/809 loss 0.583 lr 0.00045
  ep17/30 it650/809 loss 0.719 lr 0.00045
  ep17/30 it700/809 loss 0.585 lr 0.00045
  ep17/30 it750/809 loss 0.728 lr 0.00045
  ep17/30 it800/809 loss 0.668 lr 0.00045
Epoch 17 done, avg loss 0.624
  ep18/30 it0/809 loss 0.495 lr 0.00040
  ep18/30 it50/809 loss 0.562 lr 0.00040
  ep18/30 it100/809 loss 0.705 lr 0.00040
  ep18/30 it150/809 loss 0.819 lr 0.00040
  ep18/30 it200/809 loss 0.602 lr 0.00040
  ep18/30 it250/809 loss 0.635 lr 0.00040
  ep18/30 it300/809 loss 0.590 lr 0.00040
  ep18/30 it350/809 loss 0.486 lr 0.00040
  ep18/30 it400/809 loss 0.564 lr 0.00040
  ep18/30 it450/809 loss 0.598 lr 0.00040
  ep18/30 it500/809 loss 0.576 lr 0.00040
  ep18/30 it550/809 loss 0.542 lr 0.00040
  ep18/30 it600/809 loss 0.632 lr 0.00040
  ep18/30 it650/809 loss 0.594 lr 0.00040
  ep18/30 it700/809 loss 0.580 lr 0.00040
  ep18/30 it750/809 loss 0.621 lr 0.00040
  ep18/30 it800/809 loss 0.584 lr 0.00040
Epoch 18 done, avg loss 0.616
  ep19/30 it0/809 loss 0.576 lr 0.00035
  ep19/30 it50/809 loss 0.613 lr 0.00035
  ep19/30 it100/809 loss 0.676 lr 0.00035
  ep19/30 it150/809 loss 0.655 lr 0.00035
  ep19/30 it200/809 loss 0.681 lr 0.00035
  ep19/30 it250/809 loss 0.609 lr 0.00035
  ep19/30 it300/809 loss 0.468 lr 0.00035
  ep19/30 it350/809 loss 0.607 lr 0.00035
  ep19/30 it400/809 loss 0.549 lr 0.00035
  ep19/30 it450/809 loss 0.483 lr 0.00035
  ep19/30 it500/809 loss 0.561 lr 0.00035
  ep19/30 it550/809 loss 0.568 lr 0.00035
  ep19/30 it600/809 loss 0.622 lr 0.00035
  ep19/30 it650/809 loss 0.590 lr 0.00035
  ep19/30 it700/809 loss 0.633 lr 0.00035
  ep19/30 it750/809 loss 0.593 lr 0.00035
  ep19/30 it800/809 loss 0.713 lr 0.00035
Epoch 19 done, avg loss 0.609
  ep20/30 it0/809 loss 0.664 lr 0.00030
  ep20/30 it50/809 loss 0.438 lr 0.00030
  ep20/30 it100/809 loss 0.664 lr 0.00030
  ep20/30 it150/809 loss 0.693 lr 0.00030
  ep20/30 it200/809 loss 0.658 lr 0.00030
  ep20/30 it250/809 loss 0.621 lr 0.00030
  ep20/30 it300/809 loss 0.537 lr 0.00030
  ep20/30 it350/809 loss 0.583 lr 0.00030
  ep20/30 it400/809 loss 0.628 lr 0.00030
  ep20/30 it450/809 loss 0.500 lr 0.00030
  ep20/30 it500/809 loss 0.556 lr 0.00030
  ep20/30 it550/809 loss 0.539 lr 0.00030
  ep20/30 it600/809 loss 0.543 lr 0.00030
  ep20/30 it650/809 loss 0.707 lr 0.00030
  ep20/30 it700/809 loss 0.597 lr 0.00030
  ep20/30 it750/809 loss 0.709 lr 0.00030
  ep20/30 it800/809 loss 0.583 lr 0.00030
Epoch 20 done, avg loss 0.601
  ep21/30 it0/809 loss 0.490 lr 0.00025
  ep21/30 it50/809 loss 0.583 lr 0.00025
  ep21/30 it100/809 loss 0.685 lr 0.00025
  ep21/30 it150/809 loss 0.570 lr 0.00025
  ep21/30 it200/809 loss 0.495 lr 0.00025
  ep21/30 it250/809 loss 0.608 lr 0.00025
  ep21/30 it300/809 loss 0.676 lr 0.00025
  ep21/30 it350/809 loss 0.685 lr 0.00025
  ep21/30 it400/809 loss 0.604 lr 0.00025
  ep21/30 it450/809 loss 0.617 lr 0.00025
  ep21/30 it500/809 loss 0.703 lr 0.00025
  ep21/30 it550/809 loss 0.612 lr 0.00025
  ep21/30 it600/809 loss 0.666 lr 0.00025
  ep21/30 it650/809 loss 0.515 lr 0.00025
  ep21/30 it700/809 loss 0.631 lr 0.00025
  ep21/30 it750/809 loss 0.780 lr 0.00025
  ep21/30 it800/809 loss 0.601 lr 0.00025
Epoch 21 done, avg loss 0.594
  ep22/30 it0/809 loss 0.567 lr 0.00021
  ep22/30 it50/809 loss 0.541 lr 0.00021
  ep22/30 it100/809 loss 0.596 lr 0.00021
  ep22/30 it150/809 loss 0.662 lr 0.00021
  ep22/30 it200/809 loss 0.609 lr 0.00021
  ep22/30 it250/809 loss 0.609 lr 0.00021
  ep22/30 it300/809 loss 0.582 lr 0.00021
  ep22/30 it350/809 loss 0.812 lr 0.00021
  ep22/30 it400/809 loss 0.653 lr 0.00021
  ep22/30 it450/809 loss 0.604 lr 0.00021
  ep22/30 it500/809 loss 0.547 lr 0.00021
  ep22/30 it550/809 loss 0.549 lr 0.00021
  ep22/30 it600/809 loss 0.628 lr 0.00021
  ep22/30 it650/809 loss 0.485 lr 0.00021
  ep22/30 it700/809 loss 0.627 lr 0.00021
  ep22/30 it750/809 loss 0.432 lr 0.00021
  ep22/30 it800/809 loss 0.566 lr 0.00021
Epoch 22 done, avg loss 0.589
  ep23/30 it0/809 loss 0.581 lr 0.00017
  ep23/30 it50/809 loss 0.637 lr 0.00017
  ep23/30 it100/809 loss 0.495 lr 0.00017
  ep23/30 it150/809 loss 0.463 lr 0.00017
  ep23/30 it200/809 loss 0.656 lr 0.00017
  ep23/30 it250/809 loss 0.619 lr 0.00017
  ep23/30 it300/809 loss 0.599 lr 0.00017
  ep23/30 it350/809 loss 0.590 lr 0.00017
  ep23/30 it400/809 loss 0.627 lr 0.00017
  ep23/30 it450/809 loss 0.687 lr 0.00017
  ep23/30 it500/809 loss 0.657 lr 0.00017
  ep23/30 it550/809 loss 0.494 lr 0.00017
  ep23/30 it600/809 loss 0.722 lr 0.00017
  ep23/30 it650/809 loss 0.667 lr 0.00017
  ep23/30 it700/809 loss 0.629 lr 0.00017
  ep23/30 it750/809 loss 0.738 lr 0.00017
  ep23/30 it800/809 loss 0.562 lr 0.00017
Epoch 23 done, avg loss 0.584
  ep24/30 it0/809 loss 0.669 lr 0.00013
  ep24/30 it50/809 loss 0.589 lr 0.00013
  ep24/30 it100/809 loss 0.663 lr 0.00013
  ep24/30 it150/809 loss 0.498 lr 0.00013
  ep24/30 it200/809 loss 0.488 lr 0.00013
  ep24/30 it250/809 loss 0.526 lr 0.00013
  ep24/30 it300/809 loss 0.655 lr 0.00013
  ep24/30 it350/809 loss 0.542 lr 0.00013
  ep24/30 it400/809 loss 0.619 lr 0.00013
  ep24/30 it450/809 loss 0.596 lr 0.00013
  ep24/30 it500/809 loss 0.613 lr 0.00013
  ep24/30 it550/809 loss 0.600 lr 0.00013
  ep24/30 it600/809 loss 0.628 lr 0.00013
  ep24/30 it650/809 loss 0.615 lr 0.00013
  ep24/30 it700/809 loss 0.529 lr 0.00013
  ep24/30 it750/809 loss 0.491 lr 0.00013
  ep24/30 it800/809 loss 0.470 lr 0.00013
Epoch 24 done, avg loss 0.580
  ep25/30 it0/809 loss 0.516 lr 0.00010
  ep25/30 it50/809 loss 0.689 lr 0.00010
  ep25/30 it100/809 loss 0.445 lr 0.00010
  ep25/30 it150/809 loss 0.638 lr 0.00010
  ep25/30 it200/809 loss 0.514 lr 0.00010
  ep25/30 it250/809 loss 0.577 lr 0.00010
  ep25/30 it300/809 loss 0.663 lr 0.00010
  ep25/30 it350/809 loss 0.543 lr 0.00010
  ep25/30 it400/809 loss 0.601 lr 0.00010
  ep25/30 it450/809 loss 0.559 lr 0.00010
  ep25/30 it500/809 loss 0.579 lr 0.00010
  ep25/30 it550/809 loss 0.511 lr 0.00010
  ep25/30 it600/809 loss 0.585 lr 0.00010
  ep25/30 it650/809 loss 0.695 lr 0.00010
  ep25/30 it700/809 loss 0.646 lr 0.00010
  ep25/30 it750/809 loss 0.443 lr 0.00010
  ep25/30 it800/809 loss 0.590 lr 0.00010
Epoch 25 done, avg loss 0.577
  ep26/30 it0/809 loss 0.438 lr 0.00007
  ep26/30 it50/809 loss 0.482 lr 0.00007
  ep26/30 it100/809 loss 0.563 lr 0.00007
  ep26/30 it150/809 loss 0.590 lr 0.00007
  ep26/30 it200/809 loss 0.593 lr 0.00007
  ep26/30 it250/809 loss 0.610 lr 0.00007
  ep26/30 it300/809 loss 0.574 lr 0.00007
  ep26/30 it350/809 loss 0.566 lr 0.00007
  ep26/30 it400/809 loss 0.545 lr 0.00007
  ep26/30 it450/809 loss 0.585 lr 0.00007
  ep26/30 it500/809 loss 0.538 lr 0.00007
  ep26/30 it550/809 loss 0.549 lr 0.00007
  ep26/30 it600/809 loss 0.514 lr 0.00007
  ep26/30 it650/809 loss 0.570 lr 0.00007
  ep26/30 it700/809 loss 0.488 lr 0.00007
  ep26/30 it750/809 loss 0.557 lr 0.00007
  ep26/30 it800/809 loss 0.533 lr 0.00007
Epoch 26 done, avg loss 0.573
  ep27/30 it0/809 loss 0.508 lr 0.00004
  ep27/30 it50/809 loss 0.602 lr 0.00004
  ep27/30 it100/809 loss 0.465 lr 0.00004
  ep27/30 it150/809 loss 0.627 lr 0.00004
  ep27/30 it200/809 loss 0.519 lr 0.00004
  ep27/30 it250/809 loss 0.555 lr 0.00004
  ep27/30 it300/809 loss 0.554 lr 0.00004
  ep27/30 it350/809 loss 0.603 lr 0.00004
  ep27/30 it400/809 loss 0.426 lr 0.00004
  ep27/30 it450/809 loss 0.530 lr 0.00004
  ep27/30 it500/809 loss 0.662 lr 0.00004
  ep27/30 it550/809 loss 0.520 lr 0.00004
  ep27/30 it600/809 loss 0.600 lr 0.00004
  ep27/30 it650/809 loss 0.570 lr 0.00004
  ep27/30 it700/809 loss 0.614 lr 0.00004
  ep27/30 it750/809 loss 0.597 lr 0.00004
  ep27/30 it800/809 loss 0.716 lr 0.00004
Epoch 27 done, avg loss 0.572
  ep28/30 it0/809 loss 0.623 lr 0.00002
  ep28/30 it50/809 loss 0.611 lr 0.00002
  ep28/30 it100/809 loss 0.655 lr 0.00002
  ep28/30 it150/809 loss 0.603 lr 0.00002
  ep28/30 it200/809 loss 0.607 lr 0.00002
  ep28/30 it250/809 loss 0.646 lr 0.00002
  ep28/30 it300/809 loss 0.546 lr 0.00002
  ep28/30 it350/809 loss 0.767 lr 0.00002
  ep28/30 it400/809 loss 0.632 lr 0.00002
  ep28/30 it450/809 loss 0.534 lr 0.00002
  ep28/30 it500/809 loss 0.559 lr 0.00002
  ep28/30 it550/809 loss 0.644 lr 0.00002
  ep28/30 it600/809 loss 0.555 lr 0.00002
  ep28/30 it650/809 loss 0.481 lr 0.00002
  ep28/30 it700/809 loss 0.527 lr 0.00002
  ep28/30 it750/809 loss 0.548 lr 0.00002
  ep28/30 it800/809 loss 0.609 lr 0.00002
Epoch 28 done, avg loss 0.571
  ep29/30 it0/809 loss 0.650 lr 0.00001
  ep29/30 it50/809 loss 0.731 lr 0.00001
  ep29/30 it100/809 loss 0.542 lr 0.00001
  ep29/30 it150/809 loss 0.465 lr 0.00001
  ep29/30 it200/809 loss 0.580 lr 0.00001
  ep29/30 it250/809 loss 0.494 lr 0.00001
  ep29/30 it300/809 loss 0.498 lr 0.00001
  ep29/30 it350/809 loss 0.601 lr 0.00001
  ep29/30 it400/809 loss 0.628 lr 0.00001
  ep29/30 it450/809 loss 0.683 lr 0.00001
  ep29/30 it500/809 loss 0.525 lr 0.00001
  ep29/30 it550/809 loss 0.427 lr 0.00001
  ep29/30 it600/809 loss 0.607 lr 0.00001
  ep29/30 it650/809 loss 0.530 lr 0.00001
  ep29/30 it700/809 loss 0.519 lr 0.00001
  ep29/30 it750/809 loss 0.510 lr 0.00001
  ep29/30 it800/809 loss 0.505 lr 0.00001
Epoch 29 done, avg loss 0.570
  ep30/30 it0/809 loss 0.626 lr 0.00000
  ep30/30 it50/809 loss 0.657 lr 0.00000
  ep30/30 it100/809 loss 0.619 lr 0.00000
  ep30/30 it150/809 loss 0.480 lr 0.00000
  ep30/30 it200/809 loss 0.492 lr 0.00000
  ep30/30 it250/809 loss 0.430 lr 0.00000
  ep30/30 it300/809 loss 0.674 lr 0.00000
  ep30/30 it350/809 loss 0.546 lr 0.00000
  ep30/30 it400/809 loss 0.571 lr 0.00000
  ep30/30 it450/809 loss 0.674 lr 0.00000
  ep30/30 it500/809 loss 0.456 lr 0.00000
  ep30/30 it550/809 loss 0.755 lr 0.00000
  ep30/30 it600/809 loss 0.654 lr 0.00000
  ep30/30 it650/809 loss 0.544 lr 0.00000
  ep30/30 it700/809 loss 0.621 lr 0.00000
  ep30/30 it750/809 loss 0.572 lr 0.00000
  ep30/30 it800/809 loss 0.525 lr 0.00000
Epoch 30 done, avg loss 0.569
Saved retinanet_v2_custom.pt
