=== sh_roof_square | car->van | SHAPE=square | OPACITY=1.0 | AREA_FRAC=0.2 | NO_OVERFLOW=1 | ROT=20.0 | PLACE=roof | ROOF_LEN=0.3 | ROOF_WID=0.7 | LR=0.03 | MODE=adversarial ===
[eval ] datasets/VisDrone/images/test: 1360 images | 11446 cars | 16628 dropped below 0.10% area
[train] datasets/VisDrone/images/val: 100 images | 1159 cars
  epoch 1/160  total 11845.57  margin  4489.53  hinge  7354.83  tv 1.204  (5s)
  epoch 2/160  total 11780.18  margin  4464.33  hinge  7314.70  tv 1.156  (8s)
  epoch 3/160  total 11729.98  margin  4435.02  hinge  7293.88  tv 1.082  (11s)
  epoch 4/160  total 11670.13  margin  4407.56  hinge  7261.55  tv 1.019  (14s)
  epoch 5/160  total 11606.96  margin  4379.24  hinge  7226.77  tv 0.949  (17s)
  epoch 6/160  total 11584.58  margin  4367.66  hinge  7215.99  tv 0.933  (20s)
  epoch 7/160  total 11568.85  margin  4367.80  hinge  7200.12  tv 0.928  (23s)
  epoch 8/160  total 11541.76  margin  4355.72  hinge  7185.13  tv 0.920  (26s)
  epoch 9/160  total 11495.81  margin  4337.16  hinge  7157.76  tv 0.894  (29s)
  epoch 10/160  total 11503.11  margin  4350.59  hinge  7151.63  tv 0.889  (32s)
  epoch 11/160  total 11492.26  margin  4344.47  hinge  7146.90  tv 0.888  (35s)
  epoch 12/160  total 11480.86  margin  4360.39  hinge  7119.58  tv 0.891  (39s)
  epoch 13/160  total 11472.86  margin  4357.59  hinge  7114.38  tv 0.882  (42s)
  epoch 14/160  total 11467.39  margin  4359.62  hinge  7106.91  tv 0.867  (45s)
  epoch 15/160  total 11443.70  margin  4365.20  hinge  7077.63  tv 0.866  (48s)
  epoch 16/160  total 11413.77  margin  4378.87  hinge  7034.04  tv 0.864  (51s)
  epoch 17/160  total 11380.36  margin  4365.79  hinge  7013.72  tv 0.847  (54s)
  epoch 18/160  total 11393.93  margin  4381.86  hinge  7011.20  tv 0.869  (57s)
  epoch 19/160  total 11397.75  margin  4374.02  hinge  7022.86  tv 0.865  (60s)
  epoch 20/160  total 11358.68  margin  4395.11  hinge  6962.73  tv 0.836  (63s)
  epoch 21/160  total 11357.20  margin  4384.08  hinge  6972.32  tv 0.803  (66s)
  epoch 22/160  total 11362.44  margin  4401.85  hinge  6959.77  tv 0.820  (69s)
  epoch 23/160  total 11304.79  margin  4380.40  hinge  6923.60  tv 0.795  (72s)
  epoch 24/160  total 11298.47  margin  4380.70  hinge  6916.98  tv 0.795  (75s)
  epoch 25/160  total 11327.10  margin  4398.36  hinge  6927.94  tv 0.812  (78s)
  epoch 26/160  total 11293.44  margin  4374.95  hinge  6917.70  tv 0.781  (81s)
  epoch 27/160  total 11291.86  margin  4384.92  hinge  6906.15  tv 0.793  (85s)
  epoch 28/160  total 11271.40  margin  4391.50  hinge  6879.12  tv 0.778  (88s)
  epoch 29/160  total 11239.55  margin  4397.97  hinge  6840.82  tv 0.762  (91s)
  epoch 30/160  total 11255.17  margin  4434.47  hinge  6819.94  tv 0.765  (94s)
  epoch 31/160  total 11213.19  margin  4434.58  hinge  6777.85  tv 0.766  (97s)
  epoch 32/160  total 11157.98  margin  4431.32  hinge  6725.92  tv 0.741  (100s)
  epoch 33/160  total 11107.83  margin  4427.03  hinge  6680.07  tv 0.723  (103s)
  epoch 34/160  total 11138.19  margin  4457.40  hinge  6680.03  tv 0.759  (106s)
  epoch 35/160  total 11043.62  margin  4438.42  hinge  6604.49  tv 0.709  (109s)
  epoch 36/160  total 11099.03  margin  4454.48  hinge  6643.81  tv 0.735  (112s)
  epoch 37/160  total 11067.03  margin  4473.56  hinge  6592.74  tv 0.732  (115s)
  epoch 38/160  total 11063.23  margin  4466.24  hinge  6596.28  tv 0.711  (118s)
  epoch 39/160  total 10973.67  margin  4457.18  hinge  6515.78  tv 0.714  (121s)
  epoch 40/160  total 11032.33  margin  4479.57  hinge  6552.05  tv 0.707  (124s)
  epoch 41/160  total 11061.58  margin  4491.27  hinge  6569.59  tv 0.720  (127s)
  epoch 42/160  total 10899.49  margin  4457.69  hinge  6441.11  tv 0.684  (130s)
  epoch 43/160  total 10949.37  margin  4467.03  hinge  6481.66  tv 0.680  (133s)
  epoch 44/160  total 10887.63  margin  4455.67  hinge  6431.27  tv 0.680  (136s)
  epoch 45/160  total 10921.66  margin  4474.74  hinge  6446.23  tv 0.691  (139s)
  epoch 46/160  total 10946.59  margin  4480.21  hinge  6465.70  tv 0.683  (142s)
  epoch 47/160  total 10896.17  margin  4469.84  hinge  6425.65  tv 0.681  (145s)
  epoch 48/160  total 10888.91  margin  4469.67  hinge  6418.55  tv 0.686  (149s)
  epoch 49/160  total 10930.69  margin  4476.42  hinge  6453.58  tv 0.687  (152s)
  epoch 50/160  total 10916.06  margin  4461.49  hinge  6453.89  tv 0.682  (155s)
  epoch 51/160  total 10936.29  margin  4473.30  hinge  6462.29  tv 0.698  (158s)
  epoch 52/160  total 10922.03  margin  4470.56  hinge  6450.77  tv 0.702  (161s)
  epoch 53/160  total 10947.21  margin  4483.96  hinge  6462.53  tv 0.716  (164s)
  epoch 54/160  total 10912.65  margin  4472.14  hinge  6439.82  tv 0.685  (167s)
  epoch 55/160  total 10937.94  margin  4480.25  hinge  6457.00  tv 0.692  (170s)
  epoch 56/160  total 10910.18  margin  4471.08  hinge  6438.41  tv 0.688  (173s)
  epoch 57/160  total 10871.19  margin  4473.68  hinge  6396.83  tv 0.676  (176s)
  epoch 58/160  total 10929.98  margin  4463.05  hinge  6466.25  tv 0.686  (180s)
  epoch 59/160  total 10923.90  margin  4471.47  hinge  6451.76  tv 0.674  (183s)
  epoch 60/160  total 10862.47  margin  4451.55  hinge  6410.24  tv 0.690  (186s)
  epoch 61/160  total 10904.68  margin  4458.15  hinge  6445.85  tv 0.677  (189s)
  epoch 62/160  total 10908.17  margin  4467.97  hinge  6439.54  tv 0.666  (192s)
  epoch 63/160  total 10827.47  margin  4453.09  hinge  6373.69  tv 0.685  (195s)
  epoch 64/160  total 10939.29  margin  4470.94  hinge  6467.65  tv 0.697  (198s)
  epoch 65/160  total 10927.31  margin  4462.68  hinge  6463.95  tv 0.679  (202s)
  epoch 66/160  total 10898.90  margin  4466.26  hinge  6431.95  tv 0.690  (205s)
  epoch 67/160  total 10854.86  margin  4451.19  hinge  6403.00  tv 0.669  (208s)
  epoch 68/160  total 10867.15  margin  4458.06  hinge  6408.42  tv 0.670  (211s)
  epoch 69/160  total 10829.71  margin  4453.73  hinge  6375.32  tv 0.665  (214s)
  epoch 70/160  total 10825.90  margin  4448.11  hinge  6377.12  tv 0.660  (217s)
  epoch 71/160  total 10871.36  margin  4457.38  hinge  6413.29  tv 0.689  (220s)
  epoch 72/160  total 10875.09  margin  4453.60  hinge  6420.81  tv 0.673  (223s)
  epoch 73/160  total 10861.95  margin  4451.35  hinge  6409.93  tv 0.669  (226s)
  epoch 74/160  total 10875.43  margin  4456.14  hinge  6418.61  tv 0.682  (229s)
  epoch 75/160  total 10917.60  margin  4478.18  hinge  6438.72  tv 0.702  (232s)
  epoch 76/160  total 10855.00  margin  4449.56  hinge  6404.75  tv 0.682  (235s)
  epoch 77/160  total 10854.99  margin  4468.08  hinge  6386.24  tv 0.665  (238s)
  epoch 78/160  total 10897.07  margin  4462.51  hinge  6433.90  tv 0.661  (241s)
  epoch 79/160  total 10901.57  margin  4474.84  hinge  6426.05  tv 0.682  (244s)
  epoch 80/160  total 10863.96  margin  4458.34  hinge  6404.95  tv 0.672  (248s)
  epoch 81/160  total 10883.63  margin  4470.03  hinge  6412.93  tv 0.668  (251s)
  epoch 82/160  total 10900.22  margin  4468.86  hinge  6430.69  tv 0.673  (254s)
  epoch 83/160  total 10853.88  margin  4440.76  hinge  6412.45  tv 0.669  (257s)
  epoch 84/160  total 10831.85  margin  4439.89  hinge  6391.30  tv 0.662  (260s)
  epoch 85/160  total 10955.17  margin  4464.90  hinge  6489.59  tv 0.686  (263s)
  epoch 86/160  total 10852.45  margin  4460.27  hinge  6391.51  tv 0.672  (266s)
  epoch 87/160  total 10853.56  margin  4461.36  hinge  6391.54  tv 0.663  (269s)
  epoch 88/160  total 10873.89  margin  4455.66  hinge  6417.57  tv 0.664  (272s)
  epoch 89/160  total 10828.11  margin  4444.83  hinge  6382.63  tv 0.651  (275s)
  epoch 90/160  total 10821.93  margin  4447.63  hinge  6373.64  tv 0.658  (278s)
  epoch 91/160  total 10924.41  margin  4470.54  hinge  6453.19  tv 0.679  (282s)
  epoch 92/160  total 10846.00  margin  4443.14  hinge  6402.19  tv 0.672  (285s)
  epoch 93/160  total 10902.35  margin  4459.19  hinge  6442.47  tv 0.685  (288s)
  epoch 94/160  total 10834.53  margin  4444.27  hinge  6389.60  tv 0.665  (291s)
  epoch 95/160  total 10833.09  margin  4448.72  hinge  6383.69  tv 0.680  (294s)
  epoch 96/160  total 10909.90  margin  4468.58  hinge  6440.64  tv 0.671  (297s)
  epoch 97/160  total 10909.33  margin  4470.19  hinge  6438.47  tv 0.680  (300s)
  epoch 98/160  total 10835.93  margin  4437.07  hinge  6398.18  tv 0.675  (303s)
  epoch 99/160  total 10886.88  margin  4472.85  hinge  6413.35  tv 0.686  (306s)
  epoch 100/160  total 10878.25  margin  4459.70  hinge  6417.87  tv 0.676  (310s)
  epoch 101/160  total 10879.54  margin  4464.78  hinge  6414.09  tv 0.665  (313s)
  epoch 102/160  total 10879.53  margin  4467.22  hinge  6411.64  tv 0.673  (316s)
  epoch 103/160  total 10890.28  margin  4465.33  hinge  6424.29  tv 0.668  (319s)
  epoch 104/160  total 10883.99  margin  4482.61  hinge  6400.71  tv 0.675  (322s)
  epoch 105/160  total 10868.90  margin  4445.51  hinge  6422.72  tv 0.680  (325s)
  epoch 106/160  total 10885.88  margin  4463.77  hinge  6421.43  tv 0.680  (328s)
  epoch 107/160  total 10864.01  margin  4467.95  hinge  6395.38  tv 0.670  (331s)
  epoch 108/160  total 10886.70  margin  4461.43  hinge  6424.59  tv 0.681  (334s)
  epoch 109/160  total 10881.08  margin  4459.31  hinge  6421.10  tv 0.671  (337s)
  epoch 110/160  total 10844.41  margin  4441.23  hinge  6402.50  tv 0.675  (340s)
  epoch 111/160  total 10891.09  margin  4454.07  hinge  6436.33  tv 0.684  (343s)
  epoch 112/160  total 10918.87  margin  4464.34  hinge  6453.84  tv 0.685  (346s)
  epoch 113/160  total 10890.08  margin  4465.92  hinge  6423.48  tv 0.681  (349s)
  epoch 114/160  total 10863.12  margin  4459.91  hinge  6402.53  tv 0.671  (353s)
  epoch 115/160  total 10788.40  margin  4445.22  hinge  6342.52  tv 0.664  (356s)
  epoch 116/160  total 10832.97  margin  4439.25  hinge  6393.06  tv 0.666  (359s)
  epoch 117/160  total 10868.83  margin  4448.68  hinge  6419.49  tv 0.661  (362s)
  epoch 118/160  total 10900.21  margin  4461.80  hinge  6437.73  tv 0.680  (365s)
  epoch 119/160  total 10877.94  margin  4465.69  hinge  6411.57  tv 0.684  (368s)
  epoch 120/160  total 10867.86  margin  4436.24  hinge  6430.96  tv 0.667  (371s)
  epoch 121/160  total 10850.88  margin  4456.13  hinge  6394.08  tv 0.672  (374s)
  epoch 122/160  total 10853.85  margin  4448.11  hinge  6405.07  tv 0.674  (377s)
  epoch 123/160  total 10867.17  margin  4451.08  hinge  6415.40  tv 0.687  (380s)
  epoch 124/160  total 10913.79  margin  4450.22  hinge  6462.89  tv 0.672  (383s)
  epoch 125/160  total 10852.39  margin  4439.79  hinge  6411.94  tv 0.667  (386s)
  epoch 126/160  total 10903.38  margin  4457.17  hinge  6445.53  tv 0.690  (389s)
  epoch 127/160  total 10875.61  margin  4453.58  hinge  6421.34  tv 0.684  (392s)
  epoch 128/160  total 10815.10  margin  4433.91  hinge  6380.52  tv 0.674  (395s)
  epoch 129/160  total 10827.85  margin  4444.12  hinge  6383.07  tv 0.664  (398s)
  epoch 130/160  total 10854.61  margin  4456.70  hinge  6397.24  tv 0.669  (401s)
  epoch 131/160  total 10850.08  margin  4441.44  hinge  6407.96  tv 0.674  (404s)
  epoch 132/160  total 10930.05  margin  4462.33  hinge  6467.04  tv 0.675  (408s)
  epoch 133/160  total 10848.04  margin  4435.96  hinge  6411.42  tv 0.664  (411s)
  epoch 134/160  total 10846.41  margin  4429.24  hinge  6416.51  tv 0.653  (414s)
  epoch 135/160  total 10862.33  margin  4451.21  hinge  6410.45  tv 0.666  (417s)
  epoch 136/160  total 10838.30  margin  4448.85  hinge  6388.77  tv 0.672  (420s)
  epoch 137/160  total 10804.01  margin  4430.33  hinge  6373.01  tv 0.660  (423s)
  epoch 138/160  total 10817.33  margin  4440.58  hinge  6376.09  tv 0.658  (426s)
  epoch 139/160  total 10922.40  margin  4470.03  hinge  6451.70  tv 0.678  (429s)
  epoch 140/160  total 10880.90  margin  4458.29  hinge  6421.94  tv 0.681  (432s)
  epoch 141/160  total 10885.66  margin  4457.22  hinge  6427.77  tv 0.666  (435s)
  epoch 142/160  total 10934.50  margin  4459.39  hinge  6474.41  tv 0.702  (438s)
  epoch 143/160  total 10857.36  margin  4467.01  hinge  6389.67  tv 0.681  (441s)
  epoch 144/160  total 10864.54  margin  4459.06  hinge  6404.79  tv 0.689  (444s)
  epoch 145/160  total 10872.76  margin  4455.46  hinge  6416.61  tv 0.688  (447s)
  epoch 146/160  total 10878.84  margin  4466.83  hinge  6411.33  tv 0.679  (450s)
  epoch 147/160  total 10909.36  margin  4457.46  hinge  6451.21  tv 0.686  (453s)
  epoch 148/160  total 10806.85  margin  4436.04  hinge  6370.16  tv 0.659  (456s)
  epoch 149/160  total 10863.40  margin  4451.65  hinge  6411.07  tv 0.679  (460s)
  epoch 150/160  total 10870.16  margin  4453.77  hinge  6415.71  tv 0.678  (463s)
  epoch 151/160  total 10846.21  margin  4443.77  hinge  6401.77  tv 0.671  (466s)
  epoch 152/160  total 10877.83  margin  4449.00  hinge  6428.17  tv 0.663  (469s)
  epoch 153/160  total 10853.71  margin  4450.81  hinge  6402.24  tv 0.664  (472s)
  epoch 154/160  total 10858.10  margin  4453.26  hinge  6404.16  tv 0.675  (475s)
  epoch 155/160  total 10827.41  margin  4447.78  hinge  6378.96  tv 0.670  (478s)
  epoch 156/160  total 10880.30  margin  4459.34  hinge  6420.27  tv 0.682  (481s)
  epoch 157/160  total 10886.48  margin  4462.41  hinge  6423.39  tv 0.675  (484s)
  epoch 158/160  total 10858.62  margin  4457.78  hinge  6400.17  tv 0.671  (487s)
  epoch 159/160  total 10875.83  margin  4458.16  hinge  6417.00  tv 0.668  (491s)
  epoch 160/160  total 10886.52  margin  4463.57  hinge  6422.27  tv 0.677  (494s)
[save] patch_examples_sh_roof_square/universal_patch.png

Evaluating on 1360 images...

==== sh_roof_square | square | opacity 1.0 | 20% ====
eval images : 1360   cars kept 11446  dropped 16628
eligible 9415  ambiguous(excl) 457  ->  denominator 8958
flipped 1404   lost 2220   still-car 5334
OVERFLOW: capped=99.9% mean_realized_frac=0.1062 n=11446

strict ASR : 0.157   <- HEADLINE
lost rate  : 0.248
