=== sh_roof_opacity | car->van | SHAPE=square | OPACITY=0.5 | AREA_FRAC=0.2 | NO_OVERFLOW=1 | ROT=20.0 | PLACE=roof | ROOF_LEN=0.3 | ROOF_WID=0.7 | LR=0.03 | MODE=adversarial ===
[eval ] datasets/VisDrone/images/test: 1360 images | 11446 cars | 16628 dropped below 0.10% area
[train] datasets/VisDrone/images/val: 100 images | 1159 cars
  epoch 1/160  total 11774.56  margin  4451.18  hinge  7322.18  tv 1.207  (4s)
  epoch 2/160  total 11707.57  margin  4417.67  hinge  7288.73  tv 1.166  (7s)
  epoch 3/160  total 11662.48  margin  4385.47  hinge  7275.93  tv 1.089  (10s)
  epoch 4/160  total 11609.13  margin  4363.99  hinge  7244.10  tv 1.032  (12s)
  epoch 5/160  total 11569.75  margin  4343.93  hinge  7224.84  tv 0.976  (15s)
  epoch 6/160  total 11552.27  margin  4338.97  hinge  7212.35  tv 0.947  (18s)
  epoch 7/160  total 11542.80  margin  4337.41  hinge  7204.46  tv 0.934  (21s)
  epoch 8/160  total 11526.89  margin  4328.97  hinge  7197.00  tv 0.918  (24s)
  epoch 9/160  total 11500.36  margin  4317.36  hinge  7182.08  tv 0.910  (26s)
  epoch 10/160  total 11512.17  margin  4318.53  hinge  7192.75  tv 0.894  (29s)
  epoch 11/160  total 11489.50  margin  4310.88  hinge  7177.73  tv 0.884  (32s)
  epoch 12/160  total 11456.67  margin  4302.99  hinge  7152.80  tv 0.880  (35s)
  epoch 13/160  total 11463.73  margin  4306.23  hinge  7156.62  tv 0.879  (37s)
  epoch 14/160  total 11449.37  margin  4305.10  hinge  7143.40  tv 0.866  (40s)
  epoch 15/160  total 11446.63  margin  4303.66  hinge  7142.10  tv 0.863  (43s)
  epoch 16/160  total 11460.28  margin  4315.81  hinge  7143.61  tv 0.857  (46s)
  epoch 17/160  total 11433.12  margin  4300.20  hinge  7132.06  tv 0.857  (49s)
  epoch 18/160  total 11433.32  margin  4301.15  hinge  7131.30  tv 0.861  (51s)
  epoch 19/160  total 11438.74  margin  4304.27  hinge  7133.63  tv 0.843  (54s)
  epoch 20/160  total 11432.43  margin  4299.88  hinge  7131.70  tv 0.854  (57s)
  epoch 21/160  total 11442.03  margin  4298.95  hinge  7142.23  tv 0.856  (60s)
  epoch 22/160  total 11446.94  margin  4309.94  hinge  7136.14  tv 0.859  (62s)
  epoch 23/160  total 11431.36  margin  4303.41  hinge  7127.08  tv 0.868  (65s)
  epoch 24/160  total 11429.19  margin  4302.86  hinge  7125.47  tv 0.865  (68s)
  epoch 25/160  total 11442.82  margin  4304.82  hinge  7137.14  tv 0.860  (71s)
  epoch 26/160  total 11444.12  margin  4300.84  hinge  7142.42  tv 0.861  (73s)
  epoch 27/160  total 11443.12  margin  4301.51  hinge  7140.76  tv 0.853  (76s)
  epoch 28/160  total 11431.86  margin  4292.81  hinge  7138.22  tv 0.831  (79s)
  epoch 29/160  total 11448.70  margin  4305.76  hinge  7142.11  tv 0.835  (82s)
  epoch 30/160  total 11438.96  margin  4304.22  hinge  7133.89  tv 0.842  (85s)
  epoch 31/160  total 11436.51  margin  4301.02  hinge  7134.64  tv 0.846  (88s)
  epoch 32/160  total 11442.08  margin  4302.68  hinge  7138.51  tv 0.881  (90s)
  epoch 33/160  total 11447.70  margin  4303.68  hinge  7143.15  tv 0.867  (93s)
  epoch 34/160  total 11429.15  margin  4301.94  hinge  7126.37  tv 0.849  (96s)
  epoch 35/160  total 11402.41  margin  4289.34  hinge  7112.23  tv 0.836  (99s)
  epoch 36/160  total 11418.88  margin  4288.74  hinge  7129.29  tv 0.840  (102s)
  epoch 37/160  total 11447.78  margin  4313.39  hinge  7133.51  tv 0.876  (105s)
  epoch 38/160  total 11442.29  margin  4302.30  hinge  7139.12  tv 0.868  (107s)
  epoch 39/160  total 11427.75  margin  4291.92  hinge  7134.98  tv 0.857  (110s)
  epoch 40/160  total 11460.66  margin  4315.70  hinge  7144.10  tv 0.858  (113s)
  epoch 41/160  total 11440.47  margin  4295.93  hinge  7143.69  tv 0.851  (116s)
  epoch 42/160  total 11433.32  margin  4295.21  hinge  7137.26  tv 0.843  (119s)
  epoch 43/160  total 11445.65  margin  4302.93  hinge  7141.85  tv 0.868  (121s)
  epoch 44/160  total 11428.58  margin  4302.60  hinge  7125.13  tv 0.856  (124s)
  epoch 45/160  total 11433.50  margin  4305.27  hinge  7127.37  tv 0.853  (127s)
  epoch 46/160  total 11427.91  margin  4296.99  hinge  7130.08  tv 0.839  (130s)
  epoch 47/160  total 11430.83  margin  4295.39  hinge  7134.59  tv 0.846  (133s)
  epoch 48/160  total 11434.03  margin  4307.01  hinge  7126.17  tv 0.848  (135s)
  epoch 49/160  total 11444.35  margin  4306.35  hinge  7137.15  tv 0.844  (138s)
  epoch 50/160  total 11431.07  margin  4297.63  hinge  7132.60  tv 0.836  (141s)
  epoch 51/160  total 11435.23  margin  4299.08  hinge  7135.31  tv 0.835  (144s)
  epoch 52/160  total 11439.39  margin  4302.56  hinge  7136.01  tv 0.830  (147s)
  epoch 53/160  total 11439.05  margin  4303.12  hinge  7135.11  tv 0.825  (150s)
  epoch 54/160  total 11417.48  margin  4293.66  hinge  7122.97  tv 0.847  (153s)
  epoch 55/160  total 11432.47  margin  4298.70  hinge  7132.94  tv 0.835  (156s)
  epoch 56/160  total 11402.33  margin  4284.53  hinge  7116.96  tv 0.832  (158s)
  epoch 57/160  total 11440.59  margin  4301.82  hinge  7137.94  tv 0.828  (161s)
  epoch 58/160  total 11438.10  margin  4298.04  hinge  7139.21  tv 0.852  (164s)
  epoch 59/160  total 11448.02  margin  4301.98  hinge  7145.20  tv 0.838  (167s)
  epoch 60/160  total 11411.82  margin  4284.99  hinge  7126.00  tv 0.827  (170s)
  epoch 61/160  total 11438.57  margin  4308.18  hinge  7129.56  tv 0.837  (173s)
  epoch 62/160  total 11440.97  margin  4307.96  hinge  7132.19  tv 0.829  (176s)
  epoch 63/160  total 11409.33  margin  4290.22  hinge  7118.27  tv 0.853  (178s)
  epoch 64/160  total 11429.18  margin  4306.03  hinge  7122.31  tv 0.841  (181s)
  epoch 65/160  total 11450.45  margin  4304.96  hinge  7144.65  tv 0.844  (184s)
  epoch 66/160  total 11431.58  margin  4296.77  hinge  7133.97  tv 0.835  (187s)
  epoch 67/160  total 11429.32  margin  4297.59  hinge  7130.90  tv 0.831  (190s)
  epoch 68/160  total 11392.87  margin  4279.63  hinge  7112.40  tv 0.833  (192s)
  epoch 69/160  total 11417.91  margin  4300.08  hinge  7116.98  tv 0.857  (195s)
  epoch 70/160  total 11430.99  margin  4293.69  hinge  7136.46  tv 0.846  (198s)
  epoch 71/160  total 11424.15  margin  4294.82  hinge  7128.49  tv 0.836  (201s)
  epoch 72/160  total 11452.73  margin  4304.34  hinge  7147.56  tv 0.837  (204s)
  epoch 73/160  total 11419.12  margin  4291.46  hinge  7126.83  tv 0.832  (207s)
  epoch 74/160  total 11430.42  margin  4304.87  hinge  7124.71  tv 0.843  (210s)
  epoch 75/160  total 11435.64  margin  4301.29  hinge  7133.51  tv 0.843  (212s)
  epoch 76/160  total 11427.84  margin  4299.29  hinge  7127.72  tv 0.831  (215s)
  epoch 77/160  total 11428.79  margin  4298.16  hinge  7129.78  tv 0.848  (218s)
  epoch 78/160  total 11454.12  margin  4313.17  hinge  7140.10  tv 0.842  (221s)
  epoch 79/160  total 11458.33  margin  4313.35  hinge  7144.12  tv 0.855  (224s)
  epoch 80/160  total 11419.52  margin  4294.09  hinge  7124.59  tv 0.843  (226s)
  epoch 81/160  total 11417.37  margin  4285.63  hinge  7130.90  tv 0.835  (229s)
  epoch 82/160  total 11435.80  margin  4299.76  hinge  7135.19  tv 0.856  (232s)
  epoch 83/160  total 11420.44  margin  4293.36  hinge  7126.24  tv 0.837  (235s)
  epoch 84/160  total 11408.16  margin  4294.30  hinge  7113.03  tv 0.830  (238s)
  epoch 85/160  total 11438.48  margin  4300.18  hinge  7137.44  tv 0.855  (240s)
  epoch 86/160  total 11426.65  margin  4293.48  hinge  7132.34  tv 0.831  (243s)
  epoch 87/160  total 11439.37  margin  4302.45  hinge  7136.08  tv 0.841  (246s)
  epoch 88/160  total 11435.23  margin  4300.42  hinge  7133.98  tv 0.833  (249s)
  epoch 89/160  total 11437.73  margin  4298.26  hinge  7138.64  tv 0.831  (252s)
  epoch 90/160  total 11405.08  margin  4287.21  hinge  7117.04  tv 0.834  (255s)
  epoch 91/160  total 11442.15  margin  4305.18  hinge  7136.11  tv 0.859  (257s)
  epoch 92/160  total 11447.07  margin  4311.84  hinge  7134.38  tv 0.850  (260s)
  epoch 93/160  total 11415.55  margin  4287.79  hinge  7126.94  tv 0.820  (263s)
  epoch 94/160  total 11415.26  margin  4290.59  hinge  7123.83  tv 0.831  (266s)
  epoch 95/160  total 11427.27  margin  4300.87  hinge  7125.55  tv 0.841  (269s)
  epoch 96/160  total 11437.33  margin  4304.59  hinge  7131.91  tv 0.833  (271s)
  epoch 97/160  total 11425.32  margin  4299.84  hinge  7124.65  tv 0.835  (274s)
  epoch 98/160  total 11416.23  margin  4290.18  hinge  7125.23  tv 0.824  (277s)
  epoch 99/160  total 11441.75  margin  4302.49  hinge  7138.44  tv 0.820  (280s)
  epoch 100/160  total 11422.27  margin  4293.40  hinge  7128.06  tv 0.814  (282s)
  epoch 101/160  total 11427.00  margin  4301.03  hinge  7125.14  tv 0.833  (285s)
  epoch 102/160  total 11428.72  margin  4296.01  hinge  7131.87  tv 0.833  (288s)
  epoch 103/160  total 11420.11  margin  4296.19  hinge  7123.07  tv 0.844  (291s)
  epoch 104/160  total 11413.73  margin  4292.41  hinge  7120.49  tv 0.833  (294s)
  epoch 105/160  total 11419.99  margin  4298.75  hinge  7120.39  tv 0.847  (296s)
  epoch 106/160  total 11426.40  margin  4289.80  hinge  7135.77  tv 0.835  (299s)
  epoch 107/160  total 11433.50  margin  4300.74  hinge  7131.92  tv 0.840  (302s)
  epoch 108/160  total 11423.49  margin  4297.04  hinge  7125.61  tv 0.840  (305s)
  epoch 109/160  total 11417.17  margin  4289.57  hinge  7126.77  tv 0.832  (307s)
  epoch 110/160  total 11441.31  margin  4301.37  hinge  7139.10  tv 0.843  (310s)
  epoch 111/160  total 11412.28  margin  4295.77  hinge  7115.65  tv 0.859  (313s)
  epoch 112/160  total 11438.99  margin  4302.16  hinge  7135.98  tv 0.845  (316s)
  epoch 113/160  total 11418.53  margin  4294.37  hinge  7123.32  tv 0.842  (319s)
  epoch 114/160  total 11433.73  margin  4292.11  hinge  7140.78  tv 0.840  (322s)
  epoch 115/160  total 11410.38  margin  4294.59  hinge  7114.93  tv 0.861  (324s)
  epoch 116/160  total 11438.39  margin  4303.61  hinge  7133.93  tv 0.844  (327s)
  epoch 117/160  total 11435.16  margin  4299.43  hinge  7134.90  tv 0.832  (330s)
  epoch 118/160  total 11438.01  margin  4295.86  hinge  7141.30  tv 0.843  (333s)
  epoch 119/160  total 11449.03  margin  4308.81  hinge  7139.37  tv 0.850  (336s)
  epoch 120/160  total 11415.48  margin  4290.15  hinge  7124.50  tv 0.834  (339s)
  epoch 121/160  total 11414.81  margin  4290.63  hinge  7123.35  tv 0.830  (342s)
  epoch 122/160  total 11410.37  margin  4289.82  hinge  7119.73  tv 0.834  (344s)
  epoch 123/160  total 11434.72  margin  4299.04  hinge  7134.85  tv 0.835  (347s)
  epoch 124/160  total 11415.57  margin  4285.77  hinge  7128.94  tv 0.853  (350s)
  epoch 125/160  total 11424.85  margin  4297.85  hinge  7126.16  tv 0.842  (353s)
  epoch 126/160  total 11451.18  margin  4310.46  hinge  7139.86  tv 0.862  (356s)
  epoch 127/160  total 11453.33  margin  4307.66  hinge  7144.83  tv 0.847  (359s)
  epoch 128/160  total 11425.79  margin  4295.09  hinge  7129.86  tv 0.834  (361s)
  epoch 129/160  total 11425.93  margin  4302.95  hinge  7122.15  tv 0.831  (364s)
  epoch 130/160  total 11422.47  margin  4296.69  hinge  7124.94  tv 0.839  (367s)
  epoch 131/160  total 11434.26  margin  4302.48  hinge  7130.94  tv 0.843  (370s)
  epoch 132/160  total 11426.36  margin  4298.98  hinge  7126.54  tv 0.839  (373s)
  epoch 133/160  total 11417.49  margin  4286.05  hinge  7130.60  tv 0.839  (375s)
  epoch 134/160  total 11424.65  margin  4297.13  hinge  7126.68  tv 0.838  (378s)
  epoch 135/160  total 11435.82  margin  4300.15  hinge  7134.84  tv 0.832  (381s)
  epoch 136/160  total 11428.94  margin  4298.73  hinge  7129.37  tv 0.844  (384s)
  epoch 137/160  total 11415.64  margin  4288.39  hinge  7126.41  tv 0.841  (386s)
  epoch 138/160  total 11421.69  margin  4291.68  hinge  7129.18  tv 0.828  (389s)
  epoch 139/160  total 11437.86  margin  4307.55  hinge  7129.46  tv 0.849  (392s)
  epoch 140/160  total 11437.40  margin  4300.33  hinge  7136.24  tv 0.836  (395s)
  epoch 141/160  total 11427.07  margin  4297.43  hinge  7128.82  tv 0.821  (398s)
  epoch 142/160  total 11430.03  margin  4293.81  hinge  7135.39  tv 0.829  (400s)
  epoch 143/160  total 11422.28  margin  4294.20  hinge  7127.25  tv 0.832  (403s)
  epoch 144/160  total 11426.61  margin  4296.76  hinge  7129.01  tv 0.841  (406s)
  epoch 145/160  total 11412.60  margin  4283.93  hinge  7127.83  tv 0.841  (409s)
  epoch 146/160  total 11428.38  margin  4295.21  hinge  7132.35  tv 0.824  (411s)
  epoch 147/160  total 11413.73  margin  4289.29  hinge  7123.61  tv 0.833  (414s)
  epoch 148/160  total 11409.34  margin  4283.73  hinge  7124.78  tv 0.822  (417s)
  epoch 149/160  total 11408.40  margin  4286.19  hinge  7121.39  tv 0.818  (420s)
  epoch 150/160  total 11445.58  margin  4304.88  hinge  7139.87  tv 0.834  (422s)
  epoch 151/160  total 11423.47  margin  4300.34  hinge  7122.29  tv 0.835  (425s)
  epoch 152/160  total 11432.34  margin  4297.43  hinge  7134.08  tv 0.831  (428s)
  epoch 153/160  total 11411.75  margin  4284.27  hinge  7126.65  tv 0.830  (431s)
  epoch 154/160  total 11414.72  margin  4287.59  hinge  7126.29  tv 0.829  (433s)
  epoch 155/160  total 11420.07  margin  4286.04  hinge  7133.20  tv 0.830  (436s)
  epoch 156/160  total 11408.50  margin  4291.61  hinge  7116.06  tv 0.827  (439s)
  epoch 157/160  total 11426.48  margin  4297.58  hinge  7128.07  tv 0.830  (442s)
  epoch 158/160  total 11433.95  margin  4299.24  hinge  7133.86  tv 0.850  (445s)
  epoch 159/160  total 11445.80  margin  4307.77  hinge  7137.19  tv 0.832  (448s)
  epoch 160/160  total 11430.72  margin  4296.67  hinge  7133.22  tv 0.832  (450s)
[save] patch_examples_sh_roof_opacity/universal_patch.png

Evaluating on 1360 images...

==== sh_roof_opacity | square | opacity 0.5 | 20% ====
eval images : 1360   cars kept 11446  dropped 16628
eligible 9415  ambiguous(excl) 457  ->  denominator 8958
flipped 873   lost 1374   still-car 6711
OVERFLOW: capped=99.9% mean_realized_frac=0.1062 n=11446

strict ASR : 0.097   <- HEADLINE
lost rate  : 0.153
