=== sh_roof_circle | car->van | SHAPE=circle | OPACITY=1.0 | AREA_FRAC=0.2 | NO_OVERFLOW=1 | ROT=20.0 | PLACE=roof | ROOF_LEN=0.3 | ROOF_WID=0.7 | LR=0.03 | MODE=adversarial ===
[eval ] datasets/VisDrone/images/test: 1360 images | 11446 cars | 16628 dropped below 0.10% area
[train] datasets/VisDrone/images/val: 100 images | 1159 cars
  epoch 1/160  total 11905.82  margin  4508.91  hinge  7395.87  tv 1.034  (4s)
  epoch 2/160  total 11830.90  margin  4469.87  hinge  7360.07  tv 0.958  (7s)
  epoch 3/160  total 11797.12  margin  4458.50  hinge  7337.73  tv 0.891  (10s)
  epoch 4/160  total 11752.62  margin  4440.86  hinge  7310.91  tv 0.844  (14s)
  epoch 5/160  total 11722.42  margin  4427.78  hinge  7293.82  tv 0.815  (17s)
  epoch 6/160  total 11701.70  margin  4421.93  hinge  7278.96  tv 0.808  (20s)
  epoch 7/160  total 11704.31  margin  4422.96  hinge  7280.55  tv 0.802  (23s)
  epoch 8/160  total 11694.84  margin  4418.00  hinge  7276.04  tv 0.790  (26s)
  epoch 9/160  total 11691.14  margin  4424.29  hinge  7266.08  tv 0.780  (29s)
  epoch 10/160  total 11683.32  margin  4420.47  hinge  7262.06  tv 0.787  (32s)
  epoch 11/160  total 11674.05  margin  4418.93  hinge  7254.32  tv 0.791  (35s)
  epoch 12/160  total 11651.28  margin  4411.84  hinge  7238.64  tv 0.790  (37s)
  epoch 13/160  total 11645.51  margin  4406.90  hinge  7237.84  tv 0.770  (41s)
  epoch 14/160  total 11628.79  margin  4402.79  hinge  7225.23  tv 0.766  (44s)
  epoch 15/160  total 11601.19  margin  4388.20  hinge  7212.22  tv 0.761  (47s)
  epoch 16/160  total 11584.26  margin  4382.79  hinge  7200.72  tv 0.753  (50s)
  epoch 17/160  total 11566.67  margin  4382.72  hinge  7183.22  tv 0.743  (53s)
  epoch 18/160  total 11565.20  margin  4388.57  hinge  7175.88  tv 0.749  (56s)
  epoch 19/160  total 11560.58  margin  4379.13  hinge  7180.70  tv 0.745  (59s)
  epoch 20/160  total 11558.76  margin  4405.31  hinge  7152.69  tv 0.753  (62s)
  epoch 21/160  total 11503.03  margin  4412.69  hinge  7089.60  tv 0.739  (65s)
  epoch 22/160  total 11448.07  margin  4416.76  hinge  7030.59  tv 0.717  (68s)
  epoch 23/160  total 11390.09  margin  4399.42  hinge  6989.95  tv 0.711  (71s)
  epoch 24/160  total 11366.06  margin  4407.24  hinge  6958.12  tv 0.701  (74s)
  epoch 25/160  total 11335.10  margin  4411.25  hinge  6923.16  tv 0.687  (77s)
  epoch 26/160  total 11336.34  margin  4394.53  hinge  6941.12  tv 0.688  (80s)
  epoch 27/160  total 11287.71  margin  4395.18  hinge  6891.87  tv 0.657  (83s)
  epoch 28/160  total 11304.07  margin  4404.51  hinge  6898.90  tv 0.663  (86s)
  epoch 29/160  total 11286.36  margin  4405.44  hinge  6880.27  tv 0.652  (89s)
  epoch 30/160  total 11269.90  margin  4433.87  hinge  6835.39  tv 0.648  (92s)
  epoch 31/160  total 11237.64  margin  4436.67  hinge  6800.33  tv 0.640  (95s)
  epoch 32/160  total 11242.48  margin  4452.06  hinge  6789.79  tv 0.635  (98s)
  epoch 33/160  total 11219.80  margin  4454.20  hinge  6764.97  tv 0.626  (101s)
  epoch 34/160  total 11203.31  margin  4464.08  hinge  6738.60  tv 0.636  (104s)
  epoch 35/160  total 11186.18  margin  4473.28  hinge  6712.28  tv 0.628  (107s)
  epoch 36/160  total 11174.64  margin  4483.93  hinge  6690.09  tv 0.620  (110s)
  epoch 37/160  total 11157.76  margin  4488.22  hinge  6668.92  tv 0.620  (113s)
  epoch 38/160  total 11197.92  margin  4513.43  hinge  6683.85  tv 0.633  (116s)
  epoch 39/160  total 11085.65  margin  4494.19  hinge  6590.86  tv 0.603  (119s)
  epoch 40/160  total 11117.45  margin  4515.15  hinge  6601.70  tv 0.596  (122s)
  epoch 41/160  total 11104.25  margin  4514.71  hinge  6588.94  tv 0.594  (125s)
  epoch 42/160  total 11015.90  margin  4503.97  hinge  6511.35  tv 0.579  (128s)
  epoch 43/160  total 11016.50  margin  4500.83  hinge  6515.09  tv 0.582  (131s)
  epoch 44/160  total 11041.07  margin  4519.80  hinge  6520.68  tv 0.586  (134s)
  epoch 45/160  total 11033.43  margin  4521.39  hinge  6511.45  tv 0.582  (137s)
  epoch 46/160  total 11010.86  margin  4495.52  hinge  6514.77  tv 0.574  (140s)
  epoch 47/160  total 11024.87  margin  4500.86  hinge  6523.43  tv 0.579  (143s)
  epoch 48/160  total 11008.10  margin  4513.30  hinge  6494.21  tv 0.582  (146s)
  epoch 49/160  total 11008.80  margin  4498.22  hinge  6510.00  tv 0.576  (149s)
  epoch 50/160  total 10971.41  margin  4501.64  hinge  6469.20  tv 0.569  (152s)
  epoch 51/160  total 10975.73  margin  4498.91  hinge  6476.26  tv 0.562  (155s)
  epoch 52/160  total 11020.89  margin  4506.93  hinge  6513.39  tv 0.582  (158s)
  epoch 53/160  total 11022.66  margin  4520.96  hinge  6501.12  tv 0.579  (161s)
  epoch 54/160  total 10976.66  margin  4501.47  hinge  6474.63  tv 0.569  (164s)
  epoch 55/160  total 10966.26  margin  4498.82  hinge  6466.87  tv 0.572  (167s)
  epoch 56/160  total 10981.67  margin  4506.52  hinge  6474.58  tv 0.570  (170s)
  epoch 57/160  total 10985.34  margin  4510.02  hinge  6474.74  tv 0.573  (173s)
  epoch 58/160  total 10986.58  margin  4499.44  hinge  6486.57  tv 0.569  (176s)
  epoch 59/160  total 10992.22  margin  4511.36  hinge  6480.30  tv 0.565  (179s)
  epoch 60/160  total 10952.54  margin  4505.56  hinge  6446.42  tv 0.561  (182s)
  epoch 61/160  total 10955.17  margin  4497.22  hinge  6457.39  tv 0.552  (185s)
  epoch 62/160  total 10948.17  margin  4497.03  hinge  6450.58  tv 0.556  (188s)
  epoch 63/160  total 10942.49  margin  4497.15  hinge  6444.77  tv 0.565  (191s)
  epoch 64/160  total 10953.36  margin  4498.32  hinge  6454.48  tv 0.564  (194s)
  epoch 65/160  total 11009.46  margin  4515.65  hinge  6493.23  tv 0.573  (197s)
  epoch 66/160  total 10949.62  margin  4504.86  hinge  6444.20  tv 0.558  (200s)
  epoch 67/160  total 10960.00  margin  4499.87  hinge  6459.56  tv 0.561  (203s)
  epoch 68/160  total 10968.07  margin  4509.77  hinge  6457.74  tv 0.561  (206s)
  epoch 69/160  total 10945.37  margin  4496.34  hinge  6448.48  tv 0.560  (209s)
  epoch 70/160  total 10965.04  margin  4497.35  hinge  6467.14  tv 0.553  (212s)
  epoch 71/160  total 10935.80  margin  4498.23  hinge  6437.01  tv 0.558  (215s)
  epoch 72/160  total 10955.43  margin  4507.46  hinge  6447.39  tv 0.574  (218s)
  epoch 73/160  total 10936.87  margin  4506.32  hinge  6429.97  tv 0.573  (221s)
  epoch 74/160  total 10948.21  margin  4507.45  hinge  6440.18  tv 0.571  (224s)
  epoch 75/160  total 10948.67  margin  4498.53  hinge  6449.57  tv 0.577  (227s)
  epoch 76/160  total 10953.69  margin  4508.77  hinge  6444.34  tv 0.581  (230s)
  epoch 77/160  total 10955.40  margin  4508.62  hinge  6446.21  tv 0.567  (233s)
  epoch 78/160  total 10973.00  margin  4494.79  hinge  6477.63  tv 0.569  (236s)
  epoch 79/160  total 10971.89  margin  4505.39  hinge  6465.93  tv 0.571  (239s)
  epoch 80/160  total 10934.45  margin  4487.23  hinge  6446.67  tv 0.558  (242s)
  epoch 81/160  total 10940.34  margin  4504.09  hinge  6435.69  tv 0.559  (245s)
  epoch 82/160  total 10953.96  margin  4502.49  hinge  6450.92  tv 0.555  (248s)
  epoch 83/160  total 10929.84  margin  4481.74  hinge  6447.55  tv 0.556  (251s)
  epoch 84/160  total 10900.28  margin  4483.42  hinge  6416.30  tv 0.560  (254s)
  epoch 85/160  total 10923.56  margin  4490.22  hinge  6432.78  tv 0.563  (257s)
  epoch 86/160  total 10949.18  margin  4510.97  hinge  6437.64  tv 0.563  (260s)
  epoch 87/160  total 10946.14  margin  4492.55  hinge  6453.02  tv 0.563  (263s)
  epoch 88/160  total 10959.42  margin  4495.96  hinge  6462.90  tv 0.561  (266s)
  epoch 89/160  total 10935.47  margin  4493.29  hinge  6441.62  tv 0.559  (269s)
  epoch 90/160  total 10906.05  margin  4486.67  hinge  6418.82  tv 0.558  (273s)
  epoch 91/160  total 10941.85  margin  4486.28  hinge  6455.00  tv 0.568  (276s)
  epoch 92/160  total 10926.36  margin  4486.54  hinge  6439.26  tv 0.562  (279s)
  epoch 93/160  total 10966.11  margin  4494.90  hinge  6470.64  tv 0.570  (282s)
  epoch 94/160  total 10945.41  margin  4496.40  hinge  6448.44  tv 0.562  (285s)
  epoch 95/160  total 10913.57  margin  4484.09  hinge  6428.91  tv 0.564  (288s)
  epoch 96/160  total 10934.78  margin  4504.66  hinge  6429.56  tv 0.562  (291s)
  epoch 97/160  total 10924.22  margin  4485.24  hinge  6438.43  tv 0.558  (294s)
  epoch 98/160  total 10899.76  margin  4492.62  hinge  6406.59  tv 0.554  (297s)
  epoch 99/160  total 10927.15  margin  4507.52  hinge  6419.07  tv 0.552  (300s)
  epoch 100/160  total 10928.99  margin  4491.06  hinge  6437.38  tv 0.556  (303s)
  epoch 101/160  total 10955.99  margin  4497.55  hinge  6457.89  tv 0.559  (306s)
  epoch 102/160  total 10920.35  margin  4492.60  hinge  6427.18  tv 0.570  (309s)
  epoch 103/160  total 10902.80  margin  4484.25  hinge  6417.99  tv 0.560  (312s)
  epoch 104/160  total 10935.72  margin  4497.72  hinge  6437.44  tv 0.557  (315s)
  epoch 105/160  total 10950.59  margin  4488.42  hinge  6461.61  tv 0.557  (318s)
  epoch 106/160  total 10981.79  margin  4497.60  hinge  6483.60  tv 0.584  (321s)
  epoch 107/160  total 10940.35  margin  4502.15  hinge  6437.64  tv 0.570  (324s)
  epoch 108/160  total 10980.04  margin  4509.52  hinge  6469.94  tv 0.575  (327s)
  epoch 109/160  total 10955.78  margin  4485.48  hinge  6469.73  tv 0.565  (330s)
  epoch 110/160  total 10915.25  margin  4483.02  hinge  6431.66  tv 0.564  (333s)
  epoch 111/160  total 10926.46  margin  4486.58  hinge  6439.31  tv 0.563  (336s)
  epoch 112/160  total 10975.56  margin  4511.08  hinge  6463.91  tv 0.575  (339s)
  epoch 113/160  total 10946.77  margin  4500.38  hinge  6445.82  tv 0.570  (342s)
  epoch 114/160  total 10951.85  margin  4502.24  hinge  6449.04  tv 0.571  (345s)
  epoch 115/160  total 10926.88  margin  4491.38  hinge  6434.93  tv 0.565  (348s)
  epoch 116/160  total 10940.37  margin  4494.73  hinge  6445.07  tv 0.567  (351s)
  epoch 117/160  total 10937.37  margin  4495.97  hinge  6440.84  tv 0.559  (354s)
  epoch 118/160  total 10915.58  margin  4497.81  hinge  6417.21  tv 0.563  (357s)
  epoch 119/160  total 10920.61  margin  4485.49  hinge  6434.55  tv 0.566  (360s)
  epoch 120/160  total 10931.64  margin  4484.06  hinge  6447.01  tv 0.567  (363s)
  epoch 121/160  total 10926.66  margin  4484.36  hinge  6441.74  tv 0.566  (366s)
  epoch 122/160  total 10928.47  margin  4491.88  hinge  6436.03  tv 0.559  (369s)
  epoch 123/160  total 10922.42  margin  4477.17  hinge  6444.68  tv 0.564  (372s)
  epoch 124/160  total 10953.87  margin  4485.81  hinge  6467.50  tv 0.558  (375s)
  epoch 125/160  total 10965.17  margin  4501.98  hinge  6462.62  tv 0.568  (378s)
  epoch 126/160  total 10947.12  margin  4486.74  hinge  6459.81  tv 0.573  (381s)
  epoch 127/160  total 10963.87  margin  4491.05  hinge  6472.25  tv 0.573  (384s)
  epoch 128/160  total 10918.19  margin  4474.26  hinge  6443.36  tv 0.576  (387s)
  epoch 129/160  total 10902.08  margin  4482.92  hinge  6418.59  tv 0.568  (390s)
  epoch 130/160  total 10955.01  margin  4492.71  hinge  6461.72  tv 0.569  (393s)
  epoch 131/160  total 10936.45  margin  4494.03  hinge  6441.85  tv 0.564  (396s)
  epoch 132/160  total 10946.47  margin  4491.99  hinge  6453.91  tv 0.564  (399s)
  epoch 133/160  total 10900.93  margin  4483.21  hinge  6417.16  tv 0.562  (402s)
  epoch 134/160  total 10913.98  margin  4486.15  hinge  6427.27  tv 0.561  (405s)
  epoch 135/160  total 10925.46  margin  4482.14  hinge  6442.76  tv 0.558  (408s)
  epoch 136/160  total 10940.86  margin  4490.05  hinge  6450.23  tv 0.577  (411s)
  epoch 137/160  total 10917.35  margin  4485.46  hinge  6431.32  tv 0.577  (414s)
  epoch 138/160  total 10903.12  margin  4484.36  hinge  6418.19  tv 0.569  (417s)
  epoch 139/160  total 10923.27  margin  4481.48  hinge  6441.22  tv 0.568  (420s)
  epoch 140/160  total 10944.10  margin  4489.64  hinge  6453.90  tv 0.560  (423s)
  epoch 141/160  total 10941.20  margin  4498.81  hinge  6441.82  tv 0.570  (426s)
  epoch 142/160  total 10929.66  margin  4485.25  hinge  6443.84  tv 0.570  (429s)
  epoch 143/160  total 10903.17  margin  4489.33  hinge  6413.29  tv 0.554  (432s)
  epoch 144/160  total 10913.42  margin  4494.34  hinge  6418.53  tv 0.553  (435s)
  epoch 145/160  total 10925.03  margin  4487.83  hinge  6436.64  tv 0.572  (438s)
  epoch 146/160  total 10932.44  margin  4486.68  hinge  6445.19  tv 0.561  (441s)
  epoch 147/160  total 10943.46  margin  4482.81  hinge  6460.08  tv 0.573  (444s)
  epoch 148/160  total 10905.07  margin  4470.18  hinge  6434.33  tv 0.565  (448s)
  epoch 149/160  total 10888.27  margin  4472.11  hinge  6415.59  tv 0.561  (451s)
  epoch 150/160  total 10959.34  margin  4495.16  hinge  6463.61  tv 0.569  (454s)
  epoch 151/160  total 10918.02  margin  4491.27  hinge  6426.17  tv 0.579  (457s)
  epoch 152/160  total 10928.56  margin  4491.07  hinge  6436.92  tv 0.576  (460s)
  epoch 153/160  total 10922.27  margin  4487.08  hinge  6434.62  tv 0.573  (463s)
  epoch 154/160  total 10962.68  margin  4506.94  hinge  6455.17  tv 0.572  (466s)
  epoch 155/160  total 10927.76  margin  4490.78  hinge  6436.40  tv 0.570  (469s)
  epoch 156/160  total 10953.69  margin  4502.92  hinge  6450.21  tv 0.570  (472s)
  epoch 157/160  total 10912.49  margin  4482.34  hinge  6429.58  tv 0.569  (475s)
  epoch 158/160  total 10962.63  margin  4489.61  hinge  6472.46  tv 0.563  (478s)
  epoch 159/160  total 10921.77  margin  4473.18  hinge  6448.03  tv 0.560  (481s)
  epoch 160/160  total 10890.35  margin  4484.35  hinge  6405.43  tv 0.559  (484s)
[save] patch_examples_sh_roof_circle/universal_patch.png

Evaluating on 1360 images...

==== sh_roof_circle | circle | opacity 1.0 | 20% ====
eval images : 1360   cars kept 11446  dropped 16628
eligible 9415  ambiguous(excl) 457  ->  denominator 8958
flipped 1270   lost 2345   still-car 5343
OVERFLOW: capped=100.0% mean_realized_frac=0.1094 n=11446

strict ASR : 0.142   <- HEADLINE
lost rate  : 0.262
