=== sh_roof_ellipse | car->van | SHAPE=ellipse | OPACITY=1.0 | AREA_FRAC=0.2 | NO_OVERFLOW=1 | ROT=20.0 | PLACE=roof | ROOF_LEN=0.3 | ROOF_WID=0.7 | LR=0.03 | MODE=adversarial ===
[eval ] datasets/VisDrone/images/test: 1360 images | 11446 cars | 16628 dropped below 0.10% area
[train] datasets/VisDrone/images/val: 100 images | 1159 cars
  epoch 1/160  total 11918.97  margin  4516.85  hinge  7401.10  tv 1.021  (4s)
  epoch 2/160  total 11899.08  margin  4500.60  hinge  7397.49  tv 0.986  (7s)
  epoch 3/160  total 11874.84  margin  4490.26  hinge  7383.62  tv 0.957  (10s)
  epoch 4/160  total 11857.90  margin  4482.68  hinge  7374.29  tv 0.933  (14s)
  epoch 5/160  total 11871.21  margin  4487.62  hinge  7382.67  tv 0.915  (17s)
  epoch 6/160  total 11838.81  margin  4468.38  hinge  7369.53  tv 0.907  (20s)
  epoch 7/160  total 11810.34  margin  4454.47  hinge  7355.00  tv 0.884  (23s)
  epoch 8/160  total 11810.84  margin  4450.16  hinge  7359.81  tv 0.867  (26s)
  epoch 9/160  total 11794.81  margin  4447.96  hinge  7345.99  tv 0.861  (29s)
  epoch 10/160  total 11786.67  margin  4444.85  hinge  7340.98  tv 0.847  (32s)
  epoch 11/160  total 11795.06  margin  4446.15  hinge  7348.07  tv 0.841  (35s)
  epoch 12/160  total 11770.41  margin  4436.54  hinge  7333.04  tv 0.836  (38s)
  epoch 13/160  total 11779.57  margin  4440.87  hinge  7337.86  tv 0.832  (41s)
  epoch 14/160  total 11753.10  margin  4429.43  hinge  7322.82  tv 0.839  (44s)
  epoch 15/160  total 11774.66  margin  4438.06  hinge  7335.76  tv 0.842  (47s)
  epoch 16/160  total 11752.80  margin  4425.81  hinge  7326.17  tv 0.823  (50s)
  epoch 17/160  total 11749.38  margin  4426.38  hinge  7322.18  tv 0.824  (53s)
  epoch 18/160  total 11771.53  margin  4437.26  hinge  7333.44  tv 0.819  (57s)
  epoch 19/160  total 11766.22  margin  4434.37  hinge  7331.04  tv 0.808  (60s)
  epoch 20/160  total 11763.03  margin  4431.11  hinge  7331.11  tv 0.815  (63s)
  epoch 21/160  total 11760.36  margin  4427.47  hinge  7332.07  tv 0.815  (66s)
  epoch 22/160  total 11757.04  margin  4429.52  hinge  7326.71  tv 0.811  (69s)
  epoch 23/160  total 11768.26  margin  4438.22  hinge  7329.22  tv 0.821  (72s)
  epoch 24/160  total 11766.93  margin  4431.56  hinge  7334.56  tv 0.809  (75s)
  epoch 25/160  total 11760.77  margin  4432.01  hinge  7327.95  tv 0.812  (78s)
  epoch 26/160  total 11759.60  margin  4427.24  hinge  7331.55  tv 0.813  (81s)
  epoch 27/160  total 11755.21  margin  4432.68  hinge  7321.71  tv 0.815  (84s)
  epoch 28/160  total 11764.46  margin  4432.60  hinge  7331.04  tv 0.818  (87s)
  epoch 29/160  total 11764.56  margin  4433.54  hinge  7330.20  tv 0.820  (90s)
  epoch 30/160  total 11765.57  margin  4435.06  hinge  7329.68  tv 0.827  (93s)
  epoch 31/160  total 11772.51  margin  4442.78  hinge  7328.89  tv 0.842  (96s)
  epoch 32/160  total 11777.89  margin  4440.46  hinge  7336.60  tv 0.824  (99s)
  epoch 33/160  total 11773.59  margin  4436.23  hinge  7336.54  tv 0.824  (102s)
  epoch 34/160  total 11767.87  margin  4430.66  hinge  7336.39  tv 0.821  (105s)
  epoch 35/160  total 11770.79  margin  4432.30  hinge  7337.67  tv 0.821  (108s)
  epoch 36/160  total 11768.73  margin  4433.69  hinge  7334.22  tv 0.821  (111s)
  epoch 37/160  total 11759.45  margin  4431.27  hinge  7327.36  tv 0.820  (114s)
  epoch 38/160  total 11750.54  margin  4434.25  hinge  7315.48  tv 0.817  (117s)
  epoch 39/160  total 11762.48  margin  4434.35  hinge  7327.31  tv 0.825  (120s)
  epoch 40/160  total 11753.16  margin  4429.40  hinge  7322.94  tv 0.814  (123s)
  epoch 41/160  total 11769.09  margin  4440.05  hinge  7328.22  tv 0.816  (126s)
  epoch 42/160  total 11775.25  margin  4437.39  hinge  7337.03  tv 0.825  (129s)
  epoch 43/160  total 11757.14  margin  4425.29  hinge  7331.04  tv 0.811  (132s)
  epoch 44/160  total 11758.91  margin  4426.30  hinge  7331.79  tv 0.819  (135s)
  epoch 45/160  total 11762.63  margin  4435.82  hinge  7325.98  tv 0.827  (138s)
  epoch 46/160  total 11743.70  margin  4427.34  hinge  7315.53  tv 0.831  (141s)
  epoch 47/160  total 11741.08  margin  4426.62  hinge  7313.62  tv 0.841  (144s)
  epoch 48/160  total 11774.24  margin  4444.92  hinge  7328.48  tv 0.840  (147s)
  epoch 49/160  total 11764.52  margin  4438.43  hinge  7325.25  tv 0.838  (150s)
  epoch 50/160  total 11757.72  margin  4429.98  hinge  7326.90  tv 0.840  (153s)
  epoch 51/160  total 11761.69  margin  4434.50  hinge  7326.36  tv 0.830  (157s)
  epoch 52/160  total 11767.38  margin  4435.24  hinge  7331.30  tv 0.842  (160s)
  epoch 53/160  total 11755.59  margin  4426.94  hinge  7327.82  tv 0.829  (163s)
  epoch 54/160  total 11757.58  margin  4432.57  hinge  7324.17  tv 0.835  (166s)
  epoch 55/160  total 11764.71  margin  4432.36  hinge  7331.51  tv 0.835  (169s)
  epoch 56/160  total 11773.55  margin  4440.89  hinge  7331.82  tv 0.840  (172s)
  epoch 57/160  total 11751.53  margin  4425.68  hinge  7325.01  tv 0.830  (175s)
  epoch 58/160  total 11746.13  margin  4425.92  hinge  7319.38  tv 0.824  (178s)
  epoch 59/160  total 11761.07  margin  4430.97  hinge  7329.27  tv 0.829  (181s)
  epoch 60/160  total 11767.99  margin  4435.41  hinge  7331.75  tv 0.834  (184s)
  epoch 61/160  total 11757.47  margin  4431.95  hinge  7324.69  tv 0.831  (187s)
  epoch 62/160  total 11757.73  margin  4433.45  hinge  7323.46  tv 0.823  (190s)
  epoch 63/160  total 11754.37  margin  4433.53  hinge  7320.02  tv 0.824  (193s)
  epoch 64/160  total 11774.28  margin  4442.42  hinge  7331.03  tv 0.834  (196s)
  epoch 65/160  total 11770.22  margin  4442.58  hinge  7326.82  tv 0.823  (199s)
  epoch 66/160  total 11749.92  margin  4429.02  hinge  7320.08  tv 0.822  (202s)
  epoch 67/160  total 11760.00  margin  4430.87  hinge  7328.31  tv 0.825  (205s)
  epoch 68/160  total 11768.95  margin  4437.36  hinge  7330.76  tv 0.833  (208s)
  epoch 69/160  total 11771.53  margin  4437.82  hinge  7332.88  tv 0.826  (211s)
  epoch 70/160  total 11777.92  margin  4437.45  hinge  7339.64  tv 0.823  (214s)
  epoch 71/160  total 11767.84  margin  4435.91  hinge  7331.11  tv 0.815  (217s)
  epoch 72/160  total 11756.35  margin  4427.68  hinge  7327.85  tv 0.815  (220s)
  epoch 73/160  total 11772.74  margin  4434.58  hinge  7337.34  tv 0.821  (223s)
  epoch 74/160  total 11771.47  margin  4437.88  hinge  7332.75  tv 0.842  (226s)
  epoch 75/160  total 11755.23  margin  4428.67  hinge  7325.73  tv 0.830  (229s)
  epoch 76/160  total 11766.02  margin  4433.97  hinge  7331.23  tv 0.821  (232s)
  epoch 77/160  total 11762.11  margin  4432.45  hinge  7328.84  tv 0.817  (235s)
  epoch 78/160  total 11757.21  margin  4429.08  hinge  7327.31  tv 0.815  (238s)
  epoch 79/160  total 11755.19  margin  4428.23  hinge  7326.14  tv 0.822  (241s)
  epoch 80/160  total 11754.86  margin  4429.84  hinge  7324.20  tv 0.823  (244s)
  epoch 81/160  total 11757.50  margin  4432.49  hinge  7324.19  tv 0.822  (247s)
  epoch 82/160  total 11770.30  margin  4437.70  hinge  7331.76  tv 0.839  (250s)
  epoch 83/160  total 11772.23  margin  4438.68  hinge  7332.72  tv 0.837  (253s)
  epoch 84/160  total 11758.60  margin  4433.14  hinge  7324.63  tv 0.835  (256s)
  epoch 85/160  total 11752.10  margin  4428.03  hinge  7323.25  tv 0.817  (259s)
  epoch 86/160  total 11750.77  margin  4426.60  hinge  7323.36  tv 0.812  (262s)
  epoch 87/160  total 11752.24  margin  4429.43  hinge  7321.99  tv 0.818  (265s)
  epoch 88/160  total 11753.85  margin  4427.82  hinge  7325.19  tv 0.832  (268s)
  epoch 89/160  total 11753.88  margin  4430.42  hinge  7322.63  tv 0.833  (271s)
  epoch 90/160  total 11757.15  margin  4437.44  hinge  7318.87  tv 0.839  (274s)
  epoch 91/160  total 11768.88  margin  4438.35  hinge  7329.70  tv 0.837  (277s)
  epoch 92/160  total 11749.01  margin  4435.07  hinge  7313.10  tv 0.841  (280s)
  epoch 93/160  total 11748.25  margin  4439.84  hinge  7307.58  tv 0.838  (283s)
  epoch 94/160  total 11733.12  margin  4437.25  hinge  7295.03  tv 0.840  (286s)
  epoch 95/160  total 11706.24  margin  4436.62  hinge  7268.81  tv 0.816  (289s)
  epoch 96/160  total 11710.08  margin  4453.05  hinge  7256.22  tv 0.811  (292s)
  epoch 97/160  total 11674.98  margin  4446.59  hinge  7227.59  tv 0.806  (295s)
  epoch 98/160  total 11637.82  margin  4434.95  hinge  7202.09  tv 0.777  (298s)
  epoch 99/160  total 11629.32  margin  4442.00  hinge  7186.55  tv 0.762  (301s)
  epoch 100/160  total 11616.35  margin  4435.42  hinge  7180.19  tv 0.750  (304s)
  epoch 101/160  total 11623.90  margin  4442.38  hinge  7180.77  tv 0.751  (307s)
  epoch 102/160  total 11602.08  margin  4440.24  hinge  7161.08  tv 0.751  (310s)
  epoch 103/160  total 11583.79  margin  4431.14  hinge  7151.92  tv 0.737  (313s)
  epoch 104/160  total 11622.87  margin  4451.41  hinge  7170.71  tv 0.758  (316s)
  epoch 105/160  total 11584.21  margin  4427.87  hinge  7155.60  tv 0.728  (319s)
  epoch 106/160  total 11570.89  margin  4422.66  hinge  7147.51  tv 0.717  (322s)
  epoch 107/160  total 11566.93  margin  4421.41  hinge  7144.81  tv 0.705  (325s)
  epoch 108/160  total 11555.22  margin  4424.81  hinge  7129.70  tv 0.706  (328s)
  epoch 109/160  total 11562.57  margin  4420.17  hinge  7141.70  tv 0.699  (331s)
  epoch 110/160  total 11541.00  margin  4416.78  hinge  7123.54  tv 0.683  (334s)
  epoch 111/160  total 11551.46  margin  4422.97  hinge  7127.81  tv 0.680  (337s)
  epoch 112/160  total 11557.87  margin  4424.95  hinge  7132.22  tv 0.694  (340s)
  epoch 113/160  total 11551.12  margin  4422.26  hinge  7128.16  tv 0.696  (343s)
  epoch 114/160  total 11541.79  margin  4419.13  hinge  7121.96  tv 0.699  (346s)
  epoch 115/160  total 11534.10  margin  4419.94  hinge  7113.48  tv 0.684  (349s)
  epoch 116/160  total 11562.02  margin  4436.23  hinge  7125.10  tv 0.691  (352s)
  epoch 117/160  total 11559.05  margin  4431.52  hinge  7126.84  tv 0.698  (355s)
  epoch 118/160  total 11557.63  margin  4423.23  hinge  7133.72  tv 0.683  (358s)
  epoch 119/160  total 11528.80  margin  4406.42  hinge  7121.70  tv 0.682  (361s)
  epoch 120/160  total 11535.89  margin  4410.24  hinge  7124.97  tv 0.670  (364s)
  epoch 121/160  total 11521.38  margin  4405.98  hinge  7114.72  tv 0.687  (367s)
  epoch 122/160  total 11544.94  margin  4418.24  hinge  7126.00  tv 0.695  (370s)
  epoch 123/160  total 11541.37  margin  4413.91  hinge  7126.78  tv 0.677  (373s)
  epoch 124/160  total 11520.71  margin  4410.03  hinge  7110.01  tv 0.669  (376s)
  epoch 125/160  total 11521.45  margin  4405.75  hinge  7115.04  tv 0.670  (379s)
  epoch 126/160  total 11546.01  margin  4419.95  hinge  7125.39  tv 0.674  (382s)
  epoch 127/160  total 11516.78  margin  4410.52  hinge  7105.59  tv 0.670  (385s)
  epoch 128/160  total 11544.84  margin  4422.60  hinge  7121.55  tv 0.698  (388s)
  epoch 129/160  total 11535.17  margin  4420.96  hinge  7113.54  tv 0.668  (392s)
  epoch 130/160  total 11519.04  margin  4410.29  hinge  7108.09  tv 0.655  (394s)
  epoch 131/160  total 11523.76  margin  4406.55  hinge  7116.55  tv 0.659  (397s)
  epoch 132/160  total 11528.91  margin  4409.33  hinge  7118.92  tv 0.664  (400s)
  epoch 133/160  total 11511.70  margin  4410.83  hinge  7100.22  tv 0.656  (403s)
  epoch 134/160  total 11513.03  margin  4411.63  hinge  7100.74  tv 0.657  (406s)
  epoch 135/160  total 11521.51  margin  4413.26  hinge  7107.59  tv 0.664  (409s)
  epoch 136/160  total 11528.98  margin  4414.01  hinge  7114.31  tv 0.658  (412s)
  epoch 137/160  total 11507.20  margin  4408.56  hinge  7097.98  tv 0.663  (416s)
  epoch 138/160  total 11532.66  margin  4414.47  hinge  7117.52  tv 0.666  (419s)
  epoch 139/160  total 11504.67  margin  4402.70  hinge  7101.30  tv 0.667  (422s)
  epoch 140/160  total 11522.37  margin  4410.13  hinge  7111.59  tv 0.659  (425s)
  epoch 141/160  total 11506.26  margin  4404.38  hinge  7101.22  tv 0.659  (428s)
  epoch 142/160  total 11519.62  margin  4405.73  hinge  7113.23  tv 0.662  (431s)
  epoch 143/160  total 11504.29  margin  4398.48  hinge  7105.15  tv 0.659  (434s)
  epoch 144/160  total 11515.97  margin  4402.40  hinge  7112.91  tv 0.664  (437s)
  epoch 145/160  total 11509.32  margin  4405.43  hinge  7103.22  tv 0.674  (440s)
  epoch 146/160  total 11530.32  margin  4414.21  hinge  7115.44  tv 0.671  (443s)
  epoch 147/160  total 11522.35  margin  4409.22  hinge  7112.46  tv 0.666  (446s)
  epoch 148/160  total 11512.45  margin  4407.78  hinge  7104.01  tv 0.661  (449s)
  epoch 149/160  total 11506.90  margin  4404.00  hinge  7102.23  tv 0.665  (452s)
  epoch 150/160  total 11515.92  margin  4411.53  hinge  7103.74  tv 0.659  (455s)
  epoch 151/160  total 11518.04  margin  4408.62  hinge  7108.77  tv 0.660  (458s)
  epoch 152/160  total 11504.91  margin  4405.76  hinge  7098.49  tv 0.661  (461s)
  epoch 153/160  total 11519.06  margin  4406.73  hinge  7111.66  tv 0.667  (464s)
  epoch 154/160  total 11505.81  margin  4398.28  hinge  7106.87  tv 0.662  (467s)
  epoch 155/160  total 11503.60  margin  4396.44  hinge  7106.51  tv 0.658  (470s)
  epoch 156/160  total 11536.36  margin  4410.99  hinge  7124.70  tv 0.678  (473s)
  epoch 157/160  total 11517.62  margin  4409.05  hinge  7107.89  tv 0.670  (476s)
  epoch 158/160  total 11506.72  margin  4404.99  hinge  7101.07  tv 0.664  (479s)
  epoch 159/160  total 11502.28  margin  4399.50  hinge  7102.12  tv 0.658  (482s)
  epoch 160/160  total 11510.96  margin  4408.79  hinge  7101.50  tv 0.667  (485s)
[save] patch_examples_sh_roof_ellipse/universal_patch.png

Evaluating on 1360 images...

==== sh_roof_ellipse | ellipse | opacity 1.0 | 20% ====
eval images : 1360   cars kept 11446  dropped 16628
eligible 9415  ambiguous(excl) 457  ->  denominator 8958
flipped 656   lost 970   still-car 7332
OVERFLOW: capped=100.0% mean_realized_frac=0.0723 n=10769

strict ASR : 0.073   <- HEADLINE
lost rate  : 0.108
