=== sh_roof_triangle | car->van | SHAPE=triangle | OPACITY=1.0 | AREA_FRAC=0.2 | NO_OVERFLOW=1 | ROT=20.0 | PLACE=roof | ROOF_LEN=0.3 | ROOF_WID=0.7 | LR=0.03 | MODE=adversarial ===
[eval ] datasets/VisDrone/images/test: 1360 images | 11446 cars | 16628 dropped below 0.10% area
[train] datasets/VisDrone/images/val: 100 images | 1159 cars
  epoch 1/160  total 11893.10  margin  4529.83  hinge  7362.55  tv 0.724  (4s)
  epoch 2/160  total 11854.15  margin  4511.15  hinge  7342.34  tv 0.658  (7s)
  epoch 3/160  total 11845.22  margin  4506.35  hinge  7338.24  tv 0.629  (10s)
  epoch 4/160  total 11840.57  margin  4505.51  hinge  7334.45  tv 0.607  (13s)
  epoch 5/160  total 11819.54  margin  4501.79  hinge  7317.16  tv 0.592  (16s)
  epoch 6/160  total 11811.09  margin  4499.12  hinge  7311.38  tv 0.588  (19s)
  epoch 7/160  total 11818.91  margin  4505.43  hinge  7312.89  tv 0.585  (22s)
  epoch 8/160  total 11788.64  margin  4483.95  hinge  7304.10  tv 0.582  (25s)
  epoch 9/160  total 11795.22  margin  4491.12  hinge  7303.52  tv 0.575  (28s)
  epoch 10/160  total 11792.37  margin  4492.04  hinge  7299.76  tv 0.575  (31s)
  epoch 11/160  total 11794.34  margin  4492.73  hinge  7301.03  tv 0.573  (34s)
  epoch 12/160  total 11771.09  margin  4480.24  hinge  7290.29  tv 0.567  (37s)
  epoch 13/160  total 11801.20  margin  4498.28  hinge  7302.35  tv 0.568  (40s)
  epoch 14/160  total 11796.63  margin  4487.42  hinge  7308.64  tv 0.565  (44s)
  epoch 15/160  total 11795.06  margin  4491.28  hinge  7303.21  tv 0.566  (47s)
  epoch 16/160  total 11784.37  margin  4483.91  hinge  7299.90  tv 0.562  (50s)
  epoch 17/160  total 11777.95  margin  4480.81  hinge  7296.57  tv 0.566  (53s)
  epoch 18/160  total 11780.09  margin  4484.37  hinge  7295.16  tv 0.559  (56s)
  epoch 19/160  total 11765.56  margin  4483.04  hinge  7281.97  tv 0.554  (59s)
  epoch 20/160  total 11772.19  margin  4480.48  hinge  7291.16  tv 0.553  (62s)
  epoch 21/160  total 11781.65  margin  4485.51  hinge  7295.58  tv 0.559  (65s)
  epoch 22/160  total 11780.39  margin  4483.49  hinge  7296.34  tv 0.556  (68s)
  epoch 23/160  total 11757.58  margin  4473.67  hinge  7283.36  tv 0.550  (70s)
  epoch 24/160  total 11783.24  margin  4489.05  hinge  7293.64  tv 0.549  (73s)
  epoch 25/160  total 11773.92  margin  4482.41  hinge  7290.96  tv 0.554  (76s)
  epoch 26/160  total 11770.97  margin  4477.65  hinge  7292.77  tv 0.554  (79s)
  epoch 27/160  total 11782.72  margin  4484.41  hinge  7297.76  tv 0.548  (82s)
  epoch 28/160  total 11758.17  margin  4474.08  hinge  7283.54  tv 0.547  (84s)
  epoch 29/160  total 11778.37  margin  4482.52  hinge  7295.31  tv 0.545  (87s)
  epoch 30/160  total 11778.78  margin  4485.45  hinge  7292.77  tv 0.553  (90s)
  epoch 31/160  total 11780.04  margin  4487.28  hinge  7292.21  tv 0.553  (93s)
  epoch 32/160  total 11775.36  margin  4484.16  hinge  7290.65  tv 0.555  (95s)
  epoch 33/160  total 11782.58  margin  4486.17  hinge  7295.85  tv 0.559  (98s)
  epoch 34/160  total 11769.59  margin  4478.86  hinge  7290.17  tv 0.555  (101s)
  epoch 35/160  total 11761.71  margin  4479.97  hinge  7281.18  tv 0.554  (104s)
  epoch 36/160  total 11739.76  margin  4468.41  hinge  7270.79  tv 0.552  (106s)
  epoch 37/160  total 11776.35  margin  4486.18  hinge  7289.61  tv 0.550  (109s)
  epoch 38/160  total 11764.84  margin  4477.73  hinge  7286.57  tv 0.546  (112s)
  epoch 39/160  total 11742.59  margin  4466.77  hinge  7275.29  tv 0.541  (115s)
  epoch 40/160  total 11763.88  margin  4475.45  hinge  7287.88  tv 0.547  (117s)
  epoch 41/160  total 11744.52  margin  4462.77  hinge  7281.21  tv 0.546  (120s)
  epoch 42/160  total 11752.48  margin  4466.80  hinge  7285.15  tv 0.540  (123s)
  epoch 43/160  total 11739.23  margin  4466.50  hinge  7272.20  tv 0.530  (126s)
  epoch 44/160  total 11731.55  margin  4462.84  hinge  7268.18  tv 0.527  (128s)
  epoch 45/160  total 11723.58  margin  4458.57  hinge  7264.49  tv 0.519  (131s)
  epoch 46/160  total 11735.08  margin  4463.25  hinge  7271.30  tv 0.525  (134s)
  epoch 47/160  total 11711.38  margin  4454.47  hinge  7256.38  tv 0.524  (137s)
  epoch 48/160  total 11729.85  margin  4463.85  hinge  7265.49  tv 0.513  (140s)
  epoch 49/160  total 11718.91  margin  4457.91  hinge  7260.49  tv 0.519  (142s)
  epoch 50/160  total 11724.77  margin  4462.18  hinge  7262.06  tv 0.521  (145s)
  epoch 51/160  total 11736.23  margin  4466.02  hinge  7269.69  tv 0.514  (148s)
  epoch 52/160  total 11720.23  margin  4459.18  hinge  7260.54  tv 0.508  (151s)
  epoch 53/160  total 11714.71  margin  4453.46  hinge  7260.74  tv 0.510  (153s)
  epoch 54/160  total 11707.91  margin  4452.64  hinge  7254.77  tv 0.503  (156s)
  epoch 55/160  total 11699.39  margin  4451.39  hinge  7247.51  tv 0.498  (159s)
  epoch 56/160  total 11700.79  margin  4446.87  hinge  7253.42  tv 0.498  (162s)
  epoch 57/160  total 11706.37  margin  4456.14  hinge  7249.73  tv 0.502  (164s)
  epoch 58/160  total 11705.29  margin  4452.26  hinge  7252.53  tv 0.499  (167s)
  epoch 59/160  total 11717.66  margin  4456.05  hinge  7261.11  tv 0.499  (170s)
  epoch 60/160  total 11707.21  margin  4457.89  hinge  7248.83  tv 0.496  (173s)
  epoch 61/160  total 11695.82  margin  4453.26  hinge  7242.06  tv 0.497  (176s)
  epoch 62/160  total 11685.71  margin  4449.67  hinge  7235.55  tv 0.494  (178s)
  epoch 63/160  total 11678.08  margin  4444.37  hinge  7233.23  tv 0.488  (181s)
  epoch 64/160  total 11678.04  margin  4445.28  hinge  7232.27  tv 0.489  (184s)
  epoch 65/160  total 11677.20  margin  4447.93  hinge  7228.79  tv 0.481  (187s)
  epoch 66/160  total 11646.97  margin  4435.18  hinge  7211.32  tv 0.478  (190s)
  epoch 67/160  total 11644.32  margin  4431.32  hinge  7212.53  tv 0.468  (192s)
  epoch 68/160  total 11611.75  margin  4418.54  hinge  7192.75  tv 0.463  (195s)
  epoch 69/160  total 11623.73  margin  4422.66  hinge  7200.60  tv 0.468  (198s)
  epoch 70/160  total 11631.97  margin  4429.41  hinge  7202.09  tv 0.470  (201s)
  epoch 71/160  total 11614.02  margin  4421.25  hinge  7192.31  tv 0.462  (203s)
  epoch 72/160  total 11626.97  margin  4426.90  hinge  7199.61  tv 0.454  (206s)
  epoch 73/160  total 11601.50  margin  4419.59  hinge  7181.46  tv 0.450  (209s)
  epoch 74/160  total 11616.78  margin  4427.33  hinge  7189.00  tv 0.444  (212s)
  epoch 75/160  total 11626.37  margin  4427.82  hinge  7198.11  tv 0.442  (215s)
  epoch 76/160  total 11620.35  margin  4421.62  hinge  7198.30  tv 0.442  (217s)
  epoch 77/160  total 11623.82  margin  4424.04  hinge  7199.34  tv 0.437  (220s)
  epoch 78/160  total 11611.92  margin  4418.97  hinge  7192.52  tv 0.437  (223s)
  epoch 79/160  total 11626.76  margin  4427.18  hinge  7199.14  tv 0.445  (226s)
  epoch 80/160  total 11599.19  margin  4414.29  hinge  7184.46  tv 0.442  (229s)
  epoch 81/160  total 11621.58  margin  4421.35  hinge  7199.79  tv 0.445  (231s)
  epoch 82/160  total 11607.57  margin  4416.92  hinge  7190.20  tv 0.440  (234s)
  epoch 83/160  total 11605.18  margin  4420.57  hinge  7184.19  tv 0.430  (237s)
  epoch 84/160  total 11598.31  margin  4420.05  hinge  7177.82  tv 0.440  (240s)
  epoch 85/160  total 11614.24  margin  4421.39  hinge  7192.40  tv 0.444  (243s)
  epoch 86/160  total 11606.69  margin  4423.65  hinge  7182.60  tv 0.437  (245s)
  epoch 87/160  total 11608.54  margin  4420.04  hinge  7188.07  tv 0.440  (248s)
  epoch 88/160  total 11619.70  margin  4425.45  hinge  7193.81  tv 0.437  (251s)
  epoch 89/160  total 11596.72  margin  4419.99  hinge  7176.30  tv 0.435  (254s)
  epoch 90/160  total 11601.03  margin  4415.56  hinge  7185.04  tv 0.436  (257s)
  epoch 91/160  total 11601.09  margin  4415.61  hinge  7185.05  tv 0.438  (259s)
  epoch 92/160  total 11591.63  margin  4408.75  hinge  7182.44  tv 0.441  (262s)
  epoch 93/160  total 11615.25  margin  4425.43  hinge  7189.38  tv 0.446  (265s)
  epoch 94/160  total 11610.90  margin  4419.10  hinge  7191.35  tv 0.447  (268s)
  epoch 95/160  total 11606.35  margin  4420.32  hinge  7185.60  tv 0.436  (271s)
  epoch 96/160  total 11601.12  margin  4417.04  hinge  7183.64  tv 0.436  (274s)
  epoch 97/160  total 11607.20  margin  4420.69  hinge  7186.07  tv 0.432  (276s)
  epoch 98/160  total 11587.59  margin  4415.37  hinge  7171.80  tv 0.426  (279s)
  epoch 99/160  total 11617.15  margin  4424.65  hinge  7192.06  tv 0.434  (282s)
  epoch 100/160  total 11615.27  margin  4423.87  hinge  7190.97  tv 0.428  (285s)
  epoch 101/160  total 11602.89  margin  4420.40  hinge  7182.07  tv 0.429  (288s)
  epoch 102/160  total 11615.80  margin  4421.46  hinge  7193.91  tv 0.432  (291s)
  epoch 103/160  total 11602.34  margin  4417.09  hinge  7184.82  tv 0.429  (294s)
  epoch 104/160  total 11609.39  margin  4424.61  hinge  7184.35  tv 0.429  (296s)
  epoch 105/160  total 11615.73  margin  4421.29  hinge  7194.01  tv 0.432  (299s)
  epoch 106/160  total 11621.88  margin  4423.25  hinge  7198.20  tv 0.435  (302s)
  epoch 107/160  total 11598.47  margin  4414.50  hinge  7183.54  tv 0.439  (305s)
  epoch 108/160  total 11597.68  margin  4415.40  hinge  7181.85  tv 0.429  (308s)
  epoch 109/160  total 11615.07  margin  4422.98  hinge  7191.66  tv 0.428  (310s)
  epoch 110/160  total 11599.63  margin  4420.96  hinge  7178.24  tv 0.425  (313s)
  epoch 111/160  total 11577.96  margin  4407.22  hinge  7170.33  tv 0.418  (316s)
  epoch 112/160  total 11589.27  margin  4407.38  hinge  7181.47  tv 0.425  (319s)
  epoch 113/160  total 11599.14  margin  4415.43  hinge  7183.28  tv 0.425  (321s)
  epoch 114/160  total 11592.52  margin  4416.72  hinge  7175.37  tv 0.432  (324s)
  epoch 115/160  total 11587.94  margin  4411.06  hinge  7176.45  tv 0.428  (327s)
  epoch 116/160  total 11615.26  margin  4420.54  hinge  7194.29  tv 0.427  (330s)
  epoch 117/160  total 11595.03  margin  4414.43  hinge  7180.17  tv 0.427  (333s)
  epoch 118/160  total 11602.83  margin  4416.30  hinge  7186.10  tv 0.429  (335s)
  epoch 119/160  total 11602.87  margin  4413.76  hinge  7188.68  tv 0.430  (338s)
  epoch 120/160  total 11595.36  margin  4416.46  hinge  7178.47  tv 0.433  (341s)
  epoch 121/160  total 11589.63  margin  4408.94  hinge  7180.26  tv 0.430  (344s)
  epoch 122/160  total 11568.87  margin  4400.11  hinge  7168.35  tv 0.415  (346s)
  epoch 123/160  total 11595.63  margin  4404.78  hinge  7190.42  tv 0.425  (349s)
  epoch 124/160  total 11597.99  margin  4411.03  hinge  7186.53  tv 0.424  (352s)
  epoch 125/160  total 11606.11  margin  4421.19  hinge  7184.49  tv 0.421  (355s)
  epoch 126/160  total 11599.59  margin  4415.27  hinge  7183.88  tv 0.432  (358s)
  epoch 127/160  total 11615.25  margin  4422.99  hinge  7191.83  tv 0.426  (361s)
  epoch 128/160  total 11597.21  margin  4413.28  hinge  7183.49  tv 0.430  (364s)
  epoch 129/160  total 11581.10  margin  4408.52  hinge  7172.15  tv 0.429  (367s)
  epoch 130/160  total 11608.58  margin  4423.82  hinge  7184.34  tv 0.425  (370s)
  epoch 131/160  total 11619.71  margin  4427.84  hinge  7191.44  tv 0.426  (373s)
  epoch 132/160  total 11592.15  margin  4414.40  hinge  7177.31  tv 0.432  (375s)
  epoch 133/160  total 11597.08  margin  4414.41  hinge  7182.24  tv 0.432  (378s)
  epoch 134/160  total 11599.96  margin  4417.04  hinge  7182.48  tv 0.434  (381s)
  epoch 135/160  total 11606.24  margin  4422.22  hinge  7183.59  tv 0.434  (384s)
  epoch 136/160  total 11573.71  margin  4406.30  hinge  7166.99  tv 0.427  (387s)
  epoch 137/160  total 11598.67  margin  4416.78  hinge  7181.46  tv 0.425  (389s)
  epoch 138/160  total 11593.86  margin  4413.69  hinge  7179.75  tv 0.420  (392s)
  epoch 139/160  total 11610.48  margin  4426.12  hinge  7183.94  tv 0.421  (395s)
  epoch 140/160  total 11600.60  margin  4419.40  hinge  7180.76  tv 0.433  (398s)
  epoch 141/160  total 11583.69  margin  4409.84  hinge  7173.41  tv 0.433  (400s)
  epoch 142/160  total 11592.80  margin  4415.59  hinge  7176.79  tv 0.430  (403s)
  epoch 143/160  total 11602.96  margin  4419.22  hinge  7183.31  tv 0.430  (406s)
  epoch 144/160  total 11585.57  margin  4412.18  hinge  7172.96  tv 0.430  (409s)
  epoch 145/160  total 11595.24  margin  4416.84  hinge  7177.98  tv 0.424  (412s)
  epoch 146/160  total 11606.80  margin  4420.83  hinge  7185.55  tv 0.424  (414s)
  epoch 147/160  total 11595.99  margin  4415.89  hinge  7179.67  tv 0.432  (417s)
  epoch 148/160  total 11578.66  margin  4412.09  hinge  7166.14  tv 0.429  (420s)
  epoch 149/160  total 11599.55  margin  4421.94  hinge  7177.18  tv 0.429  (423s)
  epoch 150/160  total 11605.19  margin  4429.30  hinge  7175.45  tv 0.435  (425s)
  epoch 151/160  total 11596.39  margin  4423.77  hinge  7172.20  tv 0.428  (428s)
  epoch 152/160  total 11590.86  margin  4419.91  hinge  7170.52  tv 0.429  (431s)
  epoch 153/160  total 11599.20  margin  4422.50  hinge  7176.27  tv 0.429  (434s)
  epoch 154/160  total 11575.20  margin  4410.24  hinge  7164.53  tv 0.425  (437s)
  epoch 155/160  total 11583.43  margin  4408.20  hinge  7174.81  tv 0.427  (439s)
  epoch 156/160  total 11602.27  margin  4423.98  hinge  7177.86  tv 0.427  (442s)
  epoch 157/160  total 11611.37  margin  4427.33  hinge  7183.60  tv 0.434  (445s)
  epoch 158/160  total 11585.45  margin  4415.76  hinge  7169.26  tv 0.425  (448s)
  epoch 159/160  total 11589.16  margin  4416.75  hinge  7171.99  tv 0.422  (451s)
  epoch 160/160  total 11594.11  margin  4418.20  hinge  7175.49  tv 0.424  (454s)
[save] patch_examples_sh_roof_triangle/universal_patch.png

Evaluating on 1360 images...

==== sh_roof_triangle | triangle | opacity 1.0 | 20% ====
eval images : 1360   cars kept 11446  dropped 16628
eligible 9415  ambiguous(excl) 457  ->  denominator 8958
flipped 762   lost 684   still-car 7512
OVERFLOW: capped=100.0% mean_realized_frac=0.0531 n=11446

strict ASR : 0.085   <- HEADLINE
lost rate  : 0.076
