=== exp_lower_20_t50 | car->van | MODE=adversarial | AREA_FRAC=0.2 | IMG_SIZE=640 | ROT_DEG=20.0 | LR=0.03 | LOWER_TALL=0.5 | LOWER_WIDE=0.75 | MIN_AREA_FRAC=0.001 ===
[eval ] datasets/VisDrone/images/test: 1360 images | 11446 cars | 16628 dropped below 0.10% area
[train] datasets/VisDrone/images/val: 100 images | 1159 cars
  epoch 1/80  total 11804.642  margin 4447.240  hinge 7356.195  tv 1.207  (5s)
  epoch 2/80  total 11600.151  margin 4365.204  hinge 7233.863  tv 1.084  (8s)
  epoch 3/80  total 11492.394  margin 4321.124  hinge 7170.289  tv 0.981  (11s)
  epoch 4/80  total 11504.580  margin 4315.085  hinge 7188.540  tv 0.956  (14s)
  epoch 5/80  total 11451.152  margin 4301.313  hinge 7148.903  tv 0.936  (17s)
  epoch 6/80  total 11418.955  margin 4277.875  hinge 7140.149  tv 0.930  (20s)
  epoch 7/80  total 11401.692  margin 4270.815  hinge 7129.963  tv 0.914  (23s)
  epoch 8/80  total 11371.950  margin 4257.203  hinge 7113.836  tv 0.910  (26s)
  epoch 9/80  total 11375.764  margin 4250.476  hinge 7124.404  tv 0.885  (29s)
  epoch 10/80  total 11355.749  margin 4248.500  hinge 7106.376  tv 0.874  (32s)
  epoch 11/80  total 11376.206  margin 4249.515  hinge 7125.806  tv 0.885  (35s)
  epoch 12/80  total 11356.481  margin 4247.869  hinge 7107.725  tv 0.887  (38s)
  epoch 13/80  total 11357.285  margin 4242.855  hinge 7113.545  tv 0.884  (41s)
  epoch 14/80  total 11310.675  margin 4228.649  hinge 7081.151  tv 0.875  (44s)
  epoch 15/80  total 11323.002  margin 4222.197  hinge 7099.937  tv 0.868  (47s)
  epoch 16/80  total 11325.153  margin 4237.438  hinge 7086.860  tv 0.856  (50s)
  epoch 17/80  total 11311.729  margin 4233.484  hinge 7077.387  tv 0.858  (53s)
  epoch 18/80  total 11311.010  margin 4232.077  hinge 7078.090  tv 0.842  (57s)
  epoch 19/80  total 11306.816  margin 4223.375  hinge 7082.590  tv 0.851  (60s)
  epoch 20/80  total 11299.662  margin 4217.759  hinge 7081.078  tv 0.825  (63s)
  epoch 21/80  total 11326.891  margin 4230.152  hinge 7095.902  tv 0.837  (66s)
  epoch 22/80  total 11291.694  margin 4226.051  hinge 7064.822  tv 0.822  (69s)
  epoch 23/80  total 11302.700  margin 4213.715  hinge 7088.164  tv 0.821  (71s)
  epoch 24/80  total 11301.336  margin 4218.758  hinge 7081.739  tv 0.839  (74s)
  epoch 25/80  total 11292.977  margin 4206.346  hinge 7085.805  tv 0.826  (77s)
  epoch 26/80  total 11282.340  margin 4205.568  hinge 7075.949  tv 0.823  (80s)
  epoch 27/80  total 11285.287  margin 4218.069  hinge 7066.409  tv 0.809  (83s)
  epoch 28/80  total 11303.038  margin 4216.862  hinge 7085.364  tv 0.812  (86s)
  epoch 29/80  total 11297.454  margin 4225.152  hinge 7071.487  tv 0.814  (89s)
  epoch 30/80  total 11306.254  margin 4226.619  hinge 7078.819  tv 0.816  (92s)
  epoch 31/80  total 11308.222  margin 4227.937  hinge 7079.471  tv 0.813  (95s)
  epoch 32/80  total 11279.545  margin 4225.593  hinge 7053.152  tv 0.801  (97s)
  epoch 33/80  total 11289.976  margin 4219.949  hinge 7069.219  tv 0.809  (100s)
  epoch 34/80  total 11280.749  margin 4219.515  hinge 7060.423  tv 0.811  (103s)
  epoch 35/80  total 11296.677  margin 4230.933  hinge 7064.926  tv 0.817  (106s)
  epoch 36/80  total 11289.423  margin 4216.478  hinge 7072.139  tv 0.806  (109s)
  epoch 37/80  total 11295.038  margin 4222.183  hinge 7072.056  tv 0.799  (112s)
  epoch 38/80  total 11280.289  margin 4216.258  hinge 7063.229  tv 0.802  (115s)
  epoch 39/80  total 11288.243  margin 4223.572  hinge 7063.868  tv 0.803  (117s)
  epoch 40/80  total 11317.918  margin 4230.539  hinge 7086.567  tv 0.813  (120s)
  epoch 41/80  total 11314.535  margin 4228.567  hinge 7085.159  tv 0.809  (123s)
  epoch 42/80  total 11290.435  margin 4223.685  hinge 7065.941  tv 0.809  (126s)
  epoch 43/80  total 11275.136  margin 4215.945  hinge 7058.387  tv 0.804  (129s)
  epoch 44/80  total 11280.337  margin 4206.060  hinge 7073.470  tv 0.808  (132s)
  epoch 45/80  total 11289.787  margin 4231.456  hinge 7057.515  tv 0.816  (134s)
  epoch 46/80  total 11292.453  margin 4227.172  hinge 7064.472  tv 0.809  (137s)
  epoch 47/80  total 11258.793  margin 4217.238  hinge 7040.753  tv 0.801  (140s)
  epoch 48/80  total 11297.653  margin 4224.733  hinge 7072.115  tv 0.805  (143s)
  epoch 49/80  total 11313.546  margin 4238.576  hinge 7074.165  tv 0.805  (146s)
  epoch 50/80  total 11275.236  margin 4227.076  hinge 7047.358  tv 0.802  (149s)
  epoch 51/80  total 11255.913  margin 4206.998  hinge 7048.116  tv 0.798  (152s)
  epoch 52/80  total 11296.107  margin 4226.184  hinge 7069.125  tv 0.797  (154s)
  epoch 53/80  total 11276.905  margin 4219.253  hinge 7056.855  tv 0.797  (157s)
  epoch 54/80  total 11259.900  margin 4224.918  hinge 7034.181  tv 0.801  (160s)
  epoch 55/80  total 11277.668  margin 4231.469  hinge 7045.389  tv 0.810  (163s)
  epoch 56/80  total 11269.209  margin 4228.091  hinge 7040.320  tv 0.798  (166s)
  epoch 57/80  total 11271.466  margin 4228.972  hinge 7041.687  tv 0.806  (169s)
  epoch 58/80  total 11302.583  margin 4253.864  hinge 7047.914  tv 0.805  (171s)
  epoch 59/80  total 11286.547  margin 4237.841  hinge 7047.918  tv 0.788  (174s)
  epoch 60/80  total 11241.786  margin 4238.375  hinge 7002.603  tv 0.808  (177s)
  epoch 61/80  total 11180.010  margin 4250.308  hinge 6928.917  tv 0.785  (180s)
  epoch 62/80  total 11195.266  margin 4279.703  hinge 6914.771  tv 0.792  (183s)
  epoch 63/80  total 11165.004  margin 4281.894  hinge 6882.324  tv 0.785  (186s)
  epoch 64/80  total 11175.617  margin 4344.222  hinge 6830.589  tv 0.806  (188s)
  epoch 65/80  total 11141.507  margin 4340.953  hinge 6799.753  tv 0.800  (191s)
  epoch 66/80  total 10858.517  margin 4332.877  hinge 6524.845  tv 0.795  (194s)
  epoch 67/80  total 10282.309  margin 4251.832  hinge 6029.694  tv 0.783  (197s)
  epoch 68/80  total 10042.055  margin 4260.026  hinge 5781.256  tv 0.772  (200s)
  epoch 69/80  total 9789.085  margin 4196.237  hinge 5592.099  tv 0.748  (203s)
  epoch 70/80  total 9751.328  margin 4207.520  hinge 5543.067  tv 0.742  (205s)
  epoch 71/80  total 9638.001  margin 4162.874  hinge 5474.413  tv 0.715  (208s)
  epoch 72/80  total 9592.501  margin 4172.203  hinge 5419.596  tv 0.702  (211s)
  epoch 73/80  total 9545.750  margin 4145.819  hinge 5399.239  tv 0.691  (214s)
  epoch 74/80  total 9508.229  margin 4121.011  hinge 5386.527  tv 0.690  (217s)
  epoch 75/80  total 9482.478  margin 4103.502  hinge 5378.283  tv 0.693  (220s)
  epoch 76/80  total 9482.898  margin 4110.418  hinge 5371.800  tv 0.680  (223s)
  epoch 77/80  total 9485.076  margin 4116.778  hinge 5367.615  tv 0.683  (226s)
  epoch 78/80  total 9436.379  margin 4100.957  hinge 5334.740  tv 0.682  (228s)
  epoch 79/80  total 9425.395  margin 4081.851  hinge 5342.860  tv 0.685  (231s)
  epoch 80/80  total 9401.049  margin 4072.564  hinge 5327.798  tv 0.687  (234s)
[save] patch_examples_exp_lower_20_t50/universal_patch.png

Evaluating on 1360 images...
ROOF: roof_frac=0.0% n=11446
LOWER: clamped=25.1% mean_on_car_frac=0.990 n=11446

==== CAR->VAN — exp_lower_20_t50 (patch = 20% of bbox) ====
eval images        : 1360
eligible (car clean): 9415   ambiguous (van@box in clean): 457
flipped to van      : 1737  (new-van, patch-induced: 1589)
lost entirely       : 4404  (hiding side-effect, NOT a flip)

targeted ASR (STRICT, excl 457 ambiguous): 0.177   <- HEADLINE
targeted ASR (new-van / all eligible)      : 0.169
targeted ASR (original, inflated)          : 0.184
lost rate   : 0.468
