=== exp_lower_10_t50 | car->van | MODE=adversarial | AREA_FRAC=0.1 | IMG_SIZE=640 | ROT_DEG=20.0 | LR=0.03 | LOWER_TALL=0.5 | LOWER_WIDE=0.75 | MIN_AREA_FRAC=0.001 ===
[eval ] datasets/VisDrone/images/test: 1360 images | 11446 cars | 16628 dropped below 0.10% area
[train] datasets/VisDrone/images/val: 100 images | 1159 cars
  epoch 1/80  total 11892.992  margin 4525.251  hinge 7366.555  tv 1.187  (4s)
  epoch 2/80  total 11862.094  margin 4508.848  hinge 7352.086  tv 1.159  (7s)
  epoch 3/80  total 11836.663  margin 4493.435  hinge 7342.104  tv 1.124  (10s)
  epoch 4/80  total 11789.976  margin 4478.246  hinge 7310.651  tv 1.080  (13s)
  epoch 5/80  total 11748.159  margin 4464.887  hinge 7282.252  tv 1.019  (16s)
  epoch 6/80  total 11713.345  margin 4446.536  hinge 7265.823  tv 0.986  (19s)
  epoch 7/80  total 11682.050  margin 4440.877  hinge 7240.223  tv 0.950  (22s)
  epoch 8/80  total 11643.816  margin 4423.923  hinge 7218.977  tv 0.915  (25s)
  epoch 9/80  total 11591.784  margin 4399.969  hinge 7190.910  tv 0.905  (28s)
  epoch 10/80  total 11525.581  margin 4388.274  hinge 7136.414  tv 0.894  (30s)
  epoch 11/80  total 11505.908  margin 4384.606  hinge 7120.415  tv 0.888  (33s)
  epoch 12/80  total 11479.168  margin 4385.689  hinge 7092.610  tv 0.869  (36s)
  epoch 13/80  total 11464.592  margin 4384.389  hinge 7079.352  tv 0.852  (39s)
  epoch 14/80  total 11445.292  margin 4371.909  hinge 7072.539  tv 0.843  (42s)
  epoch 15/80  total 11400.954  margin 4367.862  hinge 7032.259  tv 0.832  (45s)
  epoch 16/80  total 11388.186  margin 4378.827  hinge 7008.537  tv 0.822  (48s)
  epoch 17/80  total 11377.815  margin 4391.538  hinge 6985.455  tv 0.822  (51s)
  epoch 18/80  total 11355.237  margin 4383.907  hinge 6970.531  tv 0.798  (54s)
  epoch 19/80  total 11315.705  margin 4363.239  hinge 6951.695  tv 0.771  (56s)
  epoch 20/80  total 11328.885  margin 4371.897  hinge 6956.205  tv 0.783  (59s)
  epoch 21/80  total 11349.554  margin 4375.397  hinge 6973.374  tv 0.782  (62s)
  epoch 22/80  total 11324.617  margin 4359.512  hinge 6964.331  tv 0.774  (65s)
  epoch 23/80  total 11285.889  margin 4337.663  hinge 6947.474  tv 0.752  (68s)
  epoch 24/80  total 11304.062  margin 4363.538  hinge 6939.753  tv 0.771  (71s)
  epoch 25/80  total 11282.485  margin 4357.506  hinge 6924.222  tv 0.757  (74s)
  epoch 26/80  total 11291.557  margin 4350.016  hinge 6940.781  tv 0.760  (77s)
  epoch 27/80  total 11259.052  margin 4336.881  hinge 6921.422  tv 0.750  (80s)
  epoch 28/80  total 11287.854  margin 4351.385  hinge 6935.729  tv 0.739  (83s)
  epoch 29/80  total 11254.738  margin 4328.124  hinge 6925.881  tv 0.732  (86s)
  epoch 30/80  total 11264.610  margin 4343.839  hinge 6920.043  tv 0.728  (88s)
  epoch 31/80  total 11257.340  margin 4339.821  hinge 6916.776  tv 0.744  (91s)
  epoch 32/80  total 11259.037  margin 4337.133  hinge 6921.168  tv 0.736  (94s)
  epoch 33/80  total 11261.685  margin 4342.257  hinge 6918.692  tv 0.736  (97s)
  epoch 34/80  total 11265.046  margin 4351.004  hinge 6913.302  tv 0.739  (100s)
  epoch 35/80  total 11256.361  margin 4355.697  hinge 6899.932  tv 0.733  (103s)
  epoch 36/80  total 11235.643  margin 4338.836  hinge 6896.072  tv 0.735  (106s)
  epoch 37/80  total 11264.594  margin 4352.842  hinge 6911.018  tv 0.734  (109s)
  epoch 38/80  total 11229.114  margin 4332.379  hinge 6896.018  tv 0.717  (112s)
  epoch 39/80  total 11206.002  margin 4325.513  hinge 6879.776  tv 0.714  (115s)
  epoch 40/80  total 11253.961  margin 4352.522  hinge 6900.726  tv 0.714  (118s)
  epoch 41/80  total 11256.162  margin 4355.967  hinge 6899.455  tv 0.739  (120s)
  epoch 42/80  total 11244.824  margin 4350.764  hinge 6893.328  tv 0.732  (123s)
  epoch 43/80  total 11203.870  margin 4333.034  hinge 6870.107  tv 0.728  (126s)
  epoch 44/80  total 11226.082  margin 4356.950  hinge 6868.408  tv 0.724  (129s)
  epoch 45/80  total 11228.831  margin 4354.129  hinge 6873.981  tv 0.721  (132s)
  epoch 46/80  total 11201.055  margin 4338.851  hinge 6861.498  tv 0.706  (135s)
  epoch 47/80  total 11198.600  margin 4341.311  hinge 6856.583  tv 0.707  (138s)
  epoch 48/80  total 11220.935  margin 4358.316  hinge 6861.908  tv 0.712  (141s)
  epoch 49/80  total 11211.612  margin 4329.130  hinge 6881.767  tv 0.715  (144s)
  epoch 50/80  total 11217.466  margin 4350.833  hinge 6865.912  tv 0.721  (147s)
  epoch 51/80  total 11224.907  margin 4337.460  hinge 6886.736  tv 0.711  (149s)
  epoch 52/80  total 11208.219  margin 4339.084  hinge 6868.418  tv 0.716  (152s)
  epoch 53/80  total 11212.873  margin 4343.065  hinge 6869.104  tv 0.704  (155s)
  epoch 54/80  total 11211.154  margin 4342.989  hinge 6867.465  tv 0.700  (158s)
  epoch 55/80  total 11201.517  margin 4351.578  hinge 6849.229  tv 0.709  (161s)
  epoch 56/80  total 11190.960  margin 4324.899  hinge 6865.357  tv 0.705  (164s)
  epoch 57/80  total 11197.128  margin 4353.866  hinge 6842.561  tv 0.701  (167s)
  epoch 58/80  total 11176.652  margin 4339.806  hinge 6836.158  tv 0.689  (169s)
  epoch 59/80  total 11184.756  margin 4344.883  hinge 6839.177  tv 0.695  (172s)
  epoch 60/80  total 11189.694  margin 4343.952  hinge 6845.053  tv 0.689  (175s)
  epoch 61/80  total 11196.295  margin 4346.314  hinge 6849.283  tv 0.698  (178s)
  epoch 62/80  total 11209.064  margin 4350.452  hinge 6857.903  tv 0.710  (181s)
  epoch 63/80  total 11184.968  margin 4340.100  hinge 6844.161  tv 0.708  (184s)
  epoch 64/80  total 11190.038  margin 4341.064  hinge 6848.278  tv 0.696  (187s)
  epoch 65/80  total 11188.382  margin 4336.758  hinge 6850.922  tv 0.702  (189s)
  epoch 66/80  total 11180.617  margin 4348.549  hinge 6831.374  tv 0.693  (192s)
  epoch 67/80  total 11160.431  margin 4336.822  hinge 6822.924  tv 0.685  (195s)
  epoch 68/80  total 11167.909  margin 4359.462  hinge 6807.746  tv 0.701  (198s)
  epoch 69/80  total 11222.908  margin 4359.831  hinge 6862.354  tv 0.723  (201s)
  epoch 70/80  total 11200.845  margin 4346.397  hinge 6853.733  tv 0.714  (204s)
  epoch 71/80  total 11175.777  margin 4343.773  hinge 6831.294  tv 0.710  (207s)
  epoch 72/80  total 11212.530  margin 4356.091  hinge 6855.745  tv 0.694  (210s)
  epoch 73/80  total 11182.496  margin 4341.944  hinge 6839.838  tv 0.714  (213s)
  epoch 74/80  total 11174.076  margin 4342.486  hinge 6830.884  tv 0.706  (215s)
  epoch 75/80  total 11175.696  margin 4338.089  hinge 6836.905  tv 0.702  (218s)
  epoch 76/80  total 11183.311  margin 4344.448  hinge 6838.161  tv 0.702  (221s)
  epoch 77/80  total 11162.949  margin 4340.824  hinge 6821.429  tv 0.696  (224s)
  epoch 78/80  total 11187.596  margin 4341.058  hinge 6845.854  tv 0.684  (227s)
  epoch 79/80  total 11205.154  margin 4346.644  hinge 6857.820  tv 0.690  (230s)
  epoch 80/80  total 11204.496  margin 4340.899  hinge 6862.898  tv 0.699  (233s)
[save] patch_examples_exp_lower_10_t50/universal_patch.png

Evaluating on 1360 images...
ROOF: roof_frac=0.0% n=11446
LOWER: clamped=1.7% mean_on_car_frac=1.000 n=11446

==== CAR->VAN — exp_lower_10_t50 (patch = 10% of bbox) ====
eval images        : 1360
eligible (car clean): 9415   ambiguous (van@box in clean): 457
flipped to van      : 1822  (new-van, patch-induced: 1582)
lost entirely       : 1655  (hiding side-effect, NOT a flip)

targeted ASR (STRICT, excl 457 ambiguous): 0.177   <- HEADLINE
targeted ASR (new-van / all eligible)      : 0.168
targeted ASR (original, inflated)          : 0.194
lost rate   : 0.176
