=== s2b_adv_20_hinge | car->van | MODE=adversarial | AREA_FRAC=0.2 | IMG_SIZE=640 | MIN_AREA_FRAC=0.001 ===
[eval ] datasets/VisDrone/images/test: 1360 images | 11446 cars | 16628 dropped below 0.10% area
[train] datasets/VisDrone/images/val: 100 images | 1159 cars
  epoch 1/80  total 11727.336  margin 4372.815  hinge 7353.316  tv 1.205  (4s)
  epoch 2/80  total 11519.446  margin 4293.029  hinge 7225.359  tv 1.057  (7s)
  epoch 3/80  total 11416.021  margin 4238.199  hinge 7176.870  tv 0.953  (10s)
  epoch 4/80  total 11398.022  margin 4234.917  hinge 7162.198  tv 0.908  (13s)
  epoch 5/80  total 11362.149  margin 4233.976  hinge 7127.296  tv 0.877  (16s)
  epoch 6/80  total 11356.545  margin 4217.955  hinge 7137.723  tv 0.868  (20s)
  epoch 7/80  total 11337.924  margin 4216.438  hinge 7120.614  tv 0.872  (23s)
  epoch 8/80  total 11332.853  margin 4213.112  hinge 7118.873  tv 0.869  (26s)
  epoch 9/80  total 11318.123  margin 4210.248  hinge 7107.015  tv 0.860  (29s)
  epoch 10/80  total 11330.707  margin 4217.641  hinge 7112.210  tv 0.856  (32s)
  epoch 11/80  total 11341.551  margin 4233.570  hinge 7107.122  tv 0.859  (35s)
  epoch 12/80  total 11330.662  margin 4217.170  hinge 7112.620  tv 0.872  (38s)
  epoch 13/80  total 11338.754  margin 4233.005  hinge 7104.877  tv 0.872  (41s)
  epoch 14/80  total 11318.106  margin 4230.671  hinge 7086.556  tv 0.879  (44s)
  epoch 15/80  total 11339.607  margin 4231.048  hinge 7107.682  tv 0.877  (47s)
  epoch 16/80  total 11324.932  margin 4225.894  hinge 7098.161  tv 0.878  (50s)
  epoch 17/80  total 11313.726  margin 4234.451  hinge 7078.402  tv 0.873  (53s)
  epoch 18/80  total 11356.010  margin 4262.921  hinge 7092.220  tv 0.870  (56s)
  epoch 19/80  total 11325.585  margin 4239.610  hinge 7085.097  tv 0.878  (59s)
  epoch 20/80  total 11326.597  margin 4252.807  hinge 7072.921  tv 0.869  (62s)
  epoch 21/80  total 11334.028  margin 4241.984  hinge 7091.174  tv 0.870  (65s)
  epoch 22/80  total 11322.078  margin 4258.721  hinge 7062.485  tv 0.872  (68s)
  epoch 23/80  total 11312.175  margin 4241.983  hinge 7069.325  tv 0.867  (71s)
  epoch 24/80  total 11305.100  margin 4245.183  hinge 7059.053  tv 0.864  (74s)
  epoch 25/80  total 11324.302  margin 4259.725  hinge 7063.718  tv 0.859  (77s)
  epoch 26/80  total 11333.969  margin 4263.255  hinge 7069.843  tv 0.871  (80s)
  epoch 27/80  total 11314.868  margin 4262.060  hinge 7051.955  tv 0.852  (83s)
  epoch 28/80  total 11313.414  margin 4276.716  hinge 7035.834  tv 0.865  (86s)
  epoch 29/80  total 11284.771  margin 4299.831  hinge 6984.073  tv 0.866  (89s)
  epoch 30/80  total 11261.827  margin 4318.114  hinge 6942.841  tv 0.872  (92s)
  epoch 31/80  total 11159.055  margin 4355.669  hinge 6802.512  tv 0.874  (95s)
  epoch 32/80  total 11015.414  margin 4377.989  hinge 6636.560  tv 0.865  (98s)
  epoch 33/80  total 10837.457  margin 4342.528  hinge 6494.081  tv 0.848  (101s)
  epoch 34/80  total 10769.095  margin 4346.757  hinge 6421.493  tv 0.845  (104s)
  epoch 35/80  total 10667.430  margin 4344.366  hinge 6322.236  tv 0.828  (108s)
  epoch 36/80  total 10728.486  margin 4360.681  hinge 6366.969  tv 0.836  (111s)
  epoch 37/80  total 10697.622  margin 4337.974  hinge 6358.807  tv 0.841  (114s)
  epoch 38/80  total 10644.190  margin 4346.272  hinge 6297.097  tv 0.821  (117s)
  epoch 39/80  total 10595.239  margin 4316.433  hinge 6277.980  tv 0.825  (120s)
  epoch 40/80  total 10583.466  margin 4340.682  hinge 6241.974  tv 0.810  (123s)
  epoch 41/80  total 10563.771  margin 4333.799  hinge 6229.157  tv 0.815  (126s)
  epoch 42/80  total 10539.418  margin 4334.444  hinge 6204.165  tv 0.809  (128s)
  epoch 43/80  total 10568.694  margin 4365.615  hinge 6202.275  tv 0.805  (131s)
  epoch 44/80  total 10468.318  margin 4335.210  hinge 6132.320  tv 0.789  (134s)
  epoch 45/80  total 10498.198  margin 4349.189  hinge 6148.211  tv 0.798  (137s)
  epoch 46/80  total 10481.814  margin 4345.676  hinge 6135.354  tv 0.784  (140s)
  epoch 47/80  total 10444.082  margin 4365.248  hinge 6078.060  tv 0.774  (143s)
  epoch 48/80  total 10425.244  margin 4348.878  hinge 6075.589  tv 0.777  (147s)
  epoch 49/80  total 10432.500  margin 4372.534  hinge 6059.189  tv 0.777  (150s)
  epoch 50/80  total 10361.368  margin 4360.374  hinge 6000.224  tv 0.770  (153s)
  epoch 51/80  total 10339.410  margin 4348.048  hinge 5990.590  tv 0.772  (156s)
  epoch 52/80  total 10324.530  margin 4341.848  hinge 5981.920  tv 0.763  (160s)
  epoch 53/80  total 10330.077  margin 4362.432  hinge 5966.866  tv 0.779  (163s)
  epoch 54/80  total 10290.638  margin 4369.488  hinge 5920.378  tv 0.772  (166s)
  epoch 55/80  total 10265.648  margin 4361.820  hinge 5903.062  tv 0.765  (169s)
  epoch 56/80  total 10208.620  margin 4346.149  hinge 5861.716  tv 0.755  (172s)
  epoch 57/80  total 10191.460  margin 4343.887  hinge 5846.819  tv 0.753  (175s)
  epoch 58/80  total 10231.988  margin 4362.899  hinge 5868.328  tv 0.761  (178s)
  epoch 59/80  total 10185.190  margin 4353.024  hinge 5831.403  tv 0.762  (181s)
  epoch 60/80  total 10139.538  margin 4344.681  hinge 5794.089  tv 0.768  (183s)
  epoch 61/80  total 10126.581  margin 4322.746  hinge 5803.094  tv 0.742  (186s)
  epoch 62/80  total 10055.772  margin 4318.613  hinge 5736.426  tv 0.733  (189s)
  epoch 63/80  total 10082.798  margin 4328.829  hinge 5753.227  tv 0.741  (192s)
  epoch 64/80  total 10021.342  margin 4324.138  hinge 5696.472  tv 0.732  (195s)
  epoch 65/80  total 9950.088  margin 4296.231  hinge 5653.134  tv 0.724  (198s)
  epoch 66/80  total 9976.402  margin 4322.482  hinge 5653.193  tv 0.727  (201s)
  epoch 67/80  total 9834.616  margin 4271.801  hinge 5562.095  tv 0.720  (204s)
  epoch 68/80  total 9652.415  margin 4200.661  hinge 5451.050  tv 0.704  (207s)
  epoch 69/80  total 9484.042  margin 4147.867  hinge 5335.488  tv 0.687  (210s)
  epoch 70/80  total 9440.892  margin 4118.065  hinge 5322.144  tv 0.684  (212s)
  epoch 71/80  total 9362.196  margin 4078.998  hinge 5282.529  tv 0.670  (215s)
  epoch 72/80  total 9348.168  margin 4072.258  hinge 5275.249  tv 0.661  (218s)
  epoch 73/80  total 9319.505  margin 4061.806  hinge 5257.039  tv 0.660  (221s)
  epoch 74/80  total 9288.762  margin 4044.064  hinge 5244.023  tv 0.675  (225s)
  epoch 75/80  total 9292.068  margin 4033.985  hinge 5257.422  tv 0.661  (228s)
  epoch 76/80  total 9256.643  margin 4019.594  hinge 5236.395  tv 0.654  (231s)
  epoch 77/80  total 9267.292  margin 4021.935  hinge 5244.714  tv 0.642  (234s)
  epoch 78/80  total 9251.752  margin 4019.116  hinge 5231.982  tv 0.653  (237s)
  epoch 79/80  total 9228.794  margin 4004.562  hinge 5223.587  tv 0.644  (240s)
  epoch 80/80  total 9232.748  margin 4000.013  hinge 5232.093  tv 0.642  (243s)
[save] patch_examples_s2b_adv_20_hinge/universal_patch.png

Evaluating on 1360 images...

==== CAR->VAN — s2b_adv_20_hinge (patch = 20% of bbox) ====
eval images        : 1360
eligible (car clean): 9415
flipped to van      : 2042
lost entirely       : 4565  (hiding side-effect, NOT a flip)

targeted ASR: 0.217   <- HEADLINE
lost rate   : 0.485
