=== s2d_offset_20 | car->van | MODE=adversarial | AREA_FRAC=0.2 | IMG_SIZE=640 | MIN_AREA_FRAC=0.001 ===
[eval ] datasets/VisDrone/images/test: 1360 images | 11446 cars | 16628 dropped below 0.10% area
[train] datasets/VisDrone/images/val: 100 images | 1159 cars
  epoch 1/80  total 11900.466  margin 4486.070  hinge 7413.183  tv 1.213  (4s)
  epoch 2/80  total 11677.502  margin 4354.227  hinge 7322.180  tv 1.095  (7s)
  epoch 3/80  total 11618.701  margin 4320.658  hinge 7297.014  tv 1.029  (10s)
  epoch 4/80  total 11554.984  margin 4284.520  hinge 7269.485  tv 0.979  (13s)
  epoch 5/80  total 11524.234  margin 4270.313  hinge 7252.970  tv 0.951  (16s)
  epoch 6/80  total 11485.710  margin 4248.258  hinge 7236.512  tv 0.940  (19s)
  epoch 7/80  total 11442.328  margin 4232.217  hinge 7209.196  tv 0.915  (22s)
  epoch 8/80  total 11434.696  margin 4249.749  hinge 7184.045  tv 0.902  (25s)
  epoch 9/80  total 11403.765  margin 4214.771  hinge 7188.109  tv 0.885  (28s)
  epoch 10/80  total 11403.939  margin 4220.947  hinge 7182.116  tv 0.877  (31s)
  epoch 11/80  total 11401.329  margin 4225.452  hinge 7174.999  tv 0.878  (34s)
  epoch 12/80  total 11425.189  margin 4239.373  hinge 7184.930  tv 0.886  (36s)
  epoch 13/80  total 11479.457  margin 4269.327  hinge 7209.227  tv 0.903  (39s)
  epoch 14/80  total 11447.969  margin 4234.790  hinge 7212.291  tv 0.887  (42s)
  epoch 15/80  total 11450.764  margin 4227.561  hinge 7222.317  tv 0.886  (45s)
  epoch 16/80  total 11431.965  margin 4236.699  hinge 7194.370  tv 0.897  (48s)
  epoch 17/80  total 11450.136  margin 4253.669  hinge 7195.570  tv 0.897  (51s)
  epoch 18/80  total 11412.264  margin 4231.732  hinge 7179.658  tv 0.875  (54s)
  epoch 19/80  total 11440.675  margin 4253.695  hinge 7186.094  tv 0.886  (57s)
  epoch 20/80  total 11391.344  margin 4218.148  hinge 7172.290  tv 0.906  (60s)
  epoch 21/80  total 11440.051  margin 4244.457  hinge 7194.686  tv 0.907  (63s)
  epoch 22/80  total 11455.980  margin 4245.424  hinge 7209.647  tv 0.909  (66s)
  epoch 23/80  total 11434.737  margin 4245.945  hinge 7187.895  tv 0.896  (69s)
  epoch 24/80  total 11415.105  margin 4228.871  hinge 7185.346  tv 0.888  (72s)
  epoch 25/80  total 11403.539  margin 4227.933  hinge 7174.714  tv 0.892  (75s)
  epoch 26/80  total 11431.683  margin 4250.591  hinge 7180.198  tv 0.893  (78s)
  epoch 27/80  total 11455.835  margin 4255.696  hinge 7199.239  tv 0.900  (81s)
  epoch 28/80  total 11444.879  margin 4241.616  hinge 7202.368  tv 0.895  (84s)
  epoch 29/80  total 11428.554  margin 4240.384  hinge 7187.291  tv 0.879  (87s)
  epoch 30/80  total 11414.381  margin 4228.217  hinge 7185.295  tv 0.869  (90s)
  epoch 31/80  total 11428.402  margin 4235.499  hinge 7192.021  tv 0.882  (93s)
  epoch 32/80  total 11412.845  margin 4249.912  hinge 7162.054  tv 0.879  (96s)
  epoch 33/80  total 11430.654  margin 4240.826  hinge 7188.951  tv 0.877  (99s)
  epoch 34/80  total 11436.345  margin 4261.718  hinge 7173.728  tv 0.899  (102s)
  epoch 35/80  total 11420.039  margin 4242.523  hinge 7176.642  tv 0.874  (105s)
  epoch 36/80  total 11404.791  margin 4225.388  hinge 7178.540  tv 0.863  (108s)
  epoch 37/80  total 11390.300  margin 4227.121  hinge 7162.294  tv 0.885  (111s)
  epoch 38/80  total 11435.124  margin 4257.833  hinge 7176.388  tv 0.903  (114s)
  epoch 39/80  total 11473.692  margin 4278.222  hinge 7194.565  tv 0.906  (116s)
  epoch 40/80  total 11437.091  margin 4243.820  hinge 7192.375  tv 0.896  (119s)
  epoch 41/80  total 11464.613  margin 4273.680  hinge 7190.034  tv 0.898  (122s)
  epoch 42/80  total 11419.948  margin 4273.542  hinge 7145.501  tv 0.905  (125s)
  epoch 43/80  total 11421.089  margin 4249.713  hinge 7170.479  tv 0.896  (128s)
  epoch 44/80  total 11454.701  margin 4263.109  hinge 7190.689  tv 0.904  (131s)
  epoch 45/80  total 11452.059  margin 4255.571  hinge 7195.568  tv 0.920  (135s)
  epoch 46/80  total 11456.756  margin 4262.769  hinge 7193.091  tv 0.896  (137s)
  epoch 47/80  total 11471.639  margin 4279.703  hinge 7191.009  tv 0.927  (140s)
  epoch 48/80  total 11431.011  margin 4250.381  hinge 7179.717  tv 0.913  (143s)
  epoch 49/80  total 11405.529  margin 4254.038  hinge 7150.578  tv 0.913  (146s)
  epoch 50/80  total 11418.855  margin 4251.733  hinge 7166.222  tv 0.899  (149s)
  epoch 51/80  total 11421.672  margin 4261.364  hinge 7159.402  tv 0.907  (152s)
  epoch 52/80  total 11401.849  margin 4242.688  hinge 7158.258  tv 0.903  (155s)
  epoch 53/80  total 11431.292  margin 4265.920  hinge 7164.458  tv 0.914  (158s)
  epoch 54/80  total 11437.990  margin 4265.000  hinge 7172.058  tv 0.931  (161s)
  epoch 55/80  total 11440.980  margin 4283.385  hinge 7156.676  tv 0.919  (164s)
  epoch 56/80  total 11449.140  margin 4272.409  hinge 7175.836  tv 0.896  (166s)
  epoch 57/80  total 11453.109  margin 4298.828  hinge 7153.379  tv 0.902  (169s)
  epoch 58/80  total 11419.367  margin 4271.235  hinge 7147.226  tv 0.905  (172s)
  epoch 59/80  total 11447.338  margin 4282.905  hinge 7163.523  tv 0.911  (175s)
  epoch 60/80  total 11415.411  margin 4270.418  hinge 7144.102  tv 0.891  (178s)
  epoch 61/80  total 11378.246  margin 4254.410  hinge 7122.923  tv 0.914  (181s)
  epoch 62/80  total 11401.933  margin 4302.395  hinge 7098.607  tv 0.931  (184s)
  epoch 63/80  total 11415.170  margin 4276.025  hinge 7138.260  tv 0.884  (187s)
  epoch 64/80  total 11384.592  margin 4286.246  hinge 7097.456  tv 0.891  (190s)
  epoch 65/80  total 11416.833  margin 4295.261  hinge 7120.682  tv 0.890  (193s)
  epoch 66/80  total 11390.832  margin 4280.544  hinge 7109.416  tv 0.872  (195s)
  epoch 67/80  total 11383.767  margin 4294.774  hinge 7088.105  tv 0.888  (198s)
  epoch 68/80  total 11448.251  margin 4319.938  hinge 7127.420  tv 0.893  (201s)
  epoch 69/80  total 11363.915  margin 4294.118  hinge 7068.904  tv 0.894  (204s)
  epoch 70/80  total 11366.045  margin 4302.481  hinge 7062.659  tv 0.904  (207s)
  epoch 71/80  total 11359.937  margin 4299.888  hinge 7059.136  tv 0.913  (210s)
  epoch 72/80  total 11339.578  margin 4314.808  hinge 7023.875  tv 0.896  (213s)
  epoch 73/80  total 11393.960  margin 4335.506  hinge 7057.569  tv 0.885  (216s)
  epoch 74/80  total 11298.221  margin 4288.902  hinge 7008.441  tv 0.877  (219s)
  epoch 75/80  total 11324.975  margin 4338.143  hinge 6985.949  tv 0.883  (222s)
  epoch 76/80  total 11289.334  margin 4353.643  hinge 6934.821  tv 0.870  (225s)
  epoch 77/80  total 11173.095  margin 4369.622  hinge 6802.601  tv 0.872  (228s)
  epoch 78/80  total 10979.616  margin 4353.014  hinge 6625.749  tv 0.854  (230s)
  epoch 79/80  total 10779.341  margin 4353.449  hinge 6425.062  tv 0.830  (233s)
  epoch 80/80  total 10629.455  margin 4316.654  hinge 6311.984  tv 0.818  (236s)
[save] patch_examples_s2d_offset_20/universal_patch.png

Evaluating on 1360 images...
PLACEMENT: cleared_middle=29.1% n=11446

==== CAR->VAN — s2d_offset_20 (patch = 20% of bbox) ====
eval images        : 1360
eligible (car clean): 9415
flipped to van      : 2193
lost entirely       : 2067  (hiding side-effect, NOT a flip)

targeted ASR: 0.233   <- HEADLINE
lost rate   : 0.220
