=== exp_lower_10_t90 | car->van | MODE=adversarial | AREA_FRAC=0.1 | IMG_SIZE=640 | ROT_DEG=20.0 | LR=0.03 | LOWER_TALL=0.9 | LOWER_WIDE=0.75 | MIN_AREA_FRAC=0.001 ===
[eval ] datasets/VisDrone/images/test: 1360 images | 11446 cars | 16628 dropped below 0.10% area
[train] datasets/VisDrone/images/val: 100 images | 1159 cars
  epoch 1/80  total 11987.871  margin 4582.608  hinge 7404.078  tv 1.186  (4s)
  epoch 2/80  total 11923.877  margin 4542.393  hinge 7380.325  tv 1.159  (7s)
  epoch 3/80  total 11808.568  margin 4482.887  hinge 7324.603  tv 1.078  (10s)
  epoch 4/80  total 11667.899  margin 4434.694  hinge 7232.219  tv 0.985  (13s)
  epoch 5/80  total 11575.831  margin 4409.240  hinge 7165.673  tv 0.917  (16s)
  epoch 6/80  total 11485.104  margin 4371.355  hinge 7112.883  tv 0.866  (19s)
  epoch 7/80  total 11430.852  margin 4354.393  hinge 7075.629  tv 0.830  (22s)
  epoch 8/80  total 11407.537  margin 4336.644  hinge 7070.084  tv 0.809  (24s)
  epoch 9/80  total 11407.761  margin 4333.996  hinge 7072.977  tv 0.788  (27s)
  epoch 10/80  total 11424.644  margin 4348.695  hinge 7075.165  tv 0.783  (30s)
  epoch 11/80  total 11433.683  margin 4355.927  hinge 7076.973  tv 0.783  (33s)
  epoch 12/80  total 11424.197  margin 4353.245  hinge 7070.167  tv 0.785  (36s)
  epoch 13/80  total 11415.295  margin 4346.405  hinge 7068.111  tv 0.779  (39s)
  epoch 14/80  total 11403.569  margin 4340.090  hinge 7062.727  tv 0.753  (42s)
  epoch 15/80  total 11383.266  margin 4334.218  hinge 7048.293  tv 0.756  (44s)
  epoch 16/80  total 11382.207  margin 4332.536  hinge 7048.921  tv 0.750  (47s)
  epoch 17/80  total 11379.350  margin 4328.110  hinge 7050.481  tv 0.758  (50s)
  epoch 18/80  total 11394.365  margin 4338.189  hinge 7055.430  tv 0.746  (53s)
  epoch 19/80  total 11379.917  margin 4340.473  hinge 7038.687  tv 0.757  (56s)
  epoch 20/80  total 11388.333  margin 4337.386  hinge 7050.187  tv 0.761  (59s)
  epoch 21/80  total 11407.195  margin 4345.061  hinge 7061.367  tv 0.768  (62s)
  epoch 22/80  total 11374.641  margin 4332.738  hinge 7041.145  tv 0.758  (65s)
  epoch 23/80  total 11372.215  margin 4325.599  hinge 7045.867  tv 0.750  (67s)
  epoch 24/80  total 11389.583  margin 4340.188  hinge 7048.645  tv 0.749  (70s)
  epoch 25/80  total 11387.750  margin 4340.777  hinge 7046.218  tv 0.756  (73s)
  epoch 26/80  total 11361.676  margin 4320.221  hinge 7040.704  tv 0.751  (76s)
  epoch 27/80  total 11362.022  margin 4323.616  hinge 7037.650  tv 0.757  (79s)
  epoch 28/80  total 11362.972  margin 4321.650  hinge 7040.577  tv 0.745  (82s)
  epoch 29/80  total 11362.406  margin 4321.402  hinge 7040.258  tv 0.746  (85s)
  epoch 30/80  total 11376.322  margin 4329.333  hinge 7046.244  tv 0.746  (88s)
  epoch 31/80  total 11376.244  margin 4329.828  hinge 7045.676  tv 0.740  (90s)
  epoch 32/80  total 11368.265  margin 4326.956  hinge 7040.574  tv 0.735  (93s)
  epoch 33/80  total 11376.122  margin 4328.820  hinge 7046.562  tv 0.740  (96s)
  epoch 34/80  total 11357.031  margin 4322.466  hinge 7033.822  tv 0.744  (99s)
  epoch 35/80  total 11352.024  margin 4322.141  hinge 7029.132  tv 0.751  (102s)
  epoch 36/80  total 11368.987  margin 4324.677  hinge 7043.552  tv 0.758  (105s)
  epoch 37/80  total 11376.553  margin 4330.558  hinge 7045.238  tv 0.757  (108s)
  epoch 38/80  total 11378.109  margin 4329.675  hinge 7047.676  tv 0.758  (110s)
  epoch 39/80  total 11345.569  margin 4311.220  hinge 7033.594  tv 0.756  (113s)
  epoch 40/80  total 11372.739  margin 4322.457  hinge 7049.524  tv 0.758  (116s)
  epoch 41/80  total 11363.782  margin 4323.822  hinge 7039.214  tv 0.746  (119s)
  epoch 42/80  total 11362.133  margin 4320.670  hinge 7040.728  tv 0.735  (122s)
  epoch 43/80  total 11355.061  margin 4322.780  hinge 7031.539  tv 0.742  (125s)
  epoch 44/80  total 11344.381  margin 4314.669  hinge 7028.975  tv 0.738  (128s)
  epoch 45/80  total 11363.980  margin 4324.293  hinge 7038.948  tv 0.740  (131s)
  epoch 46/80  total 11369.713  margin 4323.751  hinge 7045.211  tv 0.751  (133s)
  epoch 47/80  total 11353.909  margin 4317.029  hinge 7036.136  tv 0.744  (136s)
  epoch 48/80  total 11356.712  margin 4321.455  hinge 7034.505  tv 0.752  (139s)
  epoch 49/80  total 11335.153  margin 4311.640  hinge 7022.771  tv 0.742  (142s)
  epoch 50/80  total 11372.016  margin 4325.300  hinge 7045.975  tv 0.742  (145s)
  epoch 51/80  total 11365.454  margin 4321.780  hinge 7042.939  tv 0.735  (148s)
  epoch 52/80  total 11359.582  margin 4320.768  hinge 7038.056  tv 0.758  (151s)
  epoch 53/80  total 11362.431  margin 4318.582  hinge 7043.094  tv 0.756  (153s)
  epoch 54/80  total 11358.949  margin 4316.658  hinge 7041.548  tv 0.743  (156s)
  epoch 55/80  total 11374.889  margin 4323.706  hinge 7050.437  tv 0.746  (159s)
  epoch 56/80  total 11352.604  margin 4312.662  hinge 7039.193  tv 0.750  (162s)
  epoch 57/80  total 11399.761  margin 4338.756  hinge 7060.239  tv 0.766  (165s)
  epoch 58/80  total 11363.920  margin 4326.039  hinge 7037.137  tv 0.744  (168s)
  epoch 59/80  total 11348.895  margin 4316.288  hinge 7031.865  tv 0.742  (171s)
  epoch 60/80  total 11377.339  margin 4326.848  hinge 7049.738  tv 0.752  (174s)
  epoch 61/80  total 11357.217  margin 4323.010  hinge 7033.465  tv 0.742  (176s)
  epoch 62/80  total 11355.827  margin 4320.079  hinge 7035.005  tv 0.742  (179s)
  epoch 63/80  total 11334.377  margin 4307.990  hinge 7025.645  tv 0.742  (182s)
  epoch 64/80  total 11352.655  margin 4311.336  hinge 7040.580  tv 0.739  (185s)
  epoch 65/80  total 11379.144  margin 4327.805  hinge 7050.594  tv 0.744  (188s)
  epoch 66/80  total 11370.137  margin 4325.122  hinge 7044.262  tv 0.753  (191s)
  epoch 67/80  total 11353.905  margin 4314.709  hinge 7038.458  tv 0.738  (194s)
  epoch 68/80  total 11353.770  margin 4313.239  hinge 7039.783  tv 0.748  (196s)
  epoch 69/80  total 11379.791  margin 4327.367  hinge 7051.675  tv 0.749  (199s)
  epoch 70/80  total 11358.228  margin 4320.467  hinge 7037.025  tv 0.737  (202s)
  epoch 71/80  total 11351.524  margin 4314.724  hinge 7036.056  tv 0.743  (205s)
  epoch 72/80  total 11368.297  margin 4327.578  hinge 7039.976  tv 0.743  (208s)
  epoch 73/80  total 11343.443  margin 4310.658  hinge 7032.046  tv 0.739  (211s)
  epoch 74/80  total 11351.631  margin 4321.252  hinge 7029.638  tv 0.742  (214s)
  epoch 75/80  total 11345.225  margin 4316.402  hinge 7028.079  tv 0.744  (217s)
  epoch 76/80  total 11358.887  margin 4311.462  hinge 7046.678  tv 0.747  (219s)
  epoch 77/80  total 11349.544  margin 4314.647  hinge 7034.164  tv 0.733  (222s)
  epoch 78/80  total 11351.818  margin 4311.120  hinge 7039.970  tv 0.728  (225s)
  epoch 79/80  total 11347.642  margin 4317.680  hinge 7029.241  tv 0.722  (228s)
  epoch 80/80  total 11343.860  margin 4302.437  hinge 7040.701  tv 0.722  (231s)
[save] patch_examples_exp_lower_10_t90/universal_patch.png

Evaluating on 1360 images...
ROOF: roof_frac=0.0% n=11446
LOWER: clamped=66.5% mean_on_car_frac=0.939 n=11446

==== CAR->VAN — exp_lower_10_t90 (patch = 10% of bbox) ====
eval images        : 1360
eligible (car clean): 9415   ambiguous (van@box in clean): 457
flipped to van      : 1756  (new-van, patch-induced: 1384)
lost entirely       : 1119  (hiding side-effect, NOT a flip)

targeted ASR (STRICT, excl 457 ambiguous): 0.154   <- HEADLINE
targeted ASR (new-van / all eligible)      : 0.147
targeted ASR (original, inflated)          : 0.187
lost rate   : 0.119
