=== exp_lower_05_lr12 | car->van | MODE=adversarial | AREA_FRAC=0.05 | IMG_SIZE=640 | ROT_DEG=20.0 | LR=0.12 | LOWER_TALL=0.6 | LOWER_WIDE=0.75 | MIN_AREA_FRAC=0.001 ===
[eval ] datasets/VisDrone/images/test: 1360 images | 11446 cars | 16628 dropped below 0.10% area
[train] datasets/VisDrone/images/val: 100 images | 1159 cars
  epoch 1/80  total 11928.975  margin 4563.859  hinge 7363.759  tv 1.357  (4s)
  epoch 2/80  total 11924.924  margin 4564.980  hinge 7358.517  tv 1.428  (7s)
  epoch 3/80  total 11902.245  margin 4550.230  hinge 7350.597  tv 1.417  (10s)
  epoch 4/80  total 11916.349  margin 4559.124  hinge 7355.822  tv 1.403  (13s)
  epoch 5/80  total 11909.076  margin 4555.307  hinge 7352.361  tv 1.408  (16s)
  epoch 6/80  total 11894.666  margin 4547.221  hinge 7346.064  tv 1.382  (19s)
  epoch 7/80  total 11881.370  margin 4543.880  hinge 7336.123  tv 1.367  (22s)
  epoch 8/80  total 11896.821  margin 4550.384  hinge 7345.082  tv 1.355  (25s)
  epoch 9/80  total 11890.840  margin 4550.538  hinge 7338.917  tv 1.385  (28s)
  epoch 10/80  total 11894.441  margin 4551.376  hinge 7341.696  tv 1.369  (31s)
  epoch 11/80  total 11917.624  margin 4563.829  hinge 7352.403  tv 1.392  (33s)
  epoch 12/80  total 11882.472  margin 4546.350  hinge 7334.776  tv 1.345  (36s)
  epoch 13/80  total 11878.478  margin 4547.655  hinge 7329.501  tv 1.322  (39s)
  epoch 14/80  total 11893.512  margin 4550.493  hinge 7341.666  tv 1.352  (42s)
  epoch 15/80  total 11885.238  margin 4544.510  hinge 7339.399  tv 1.329  (45s)
  epoch 16/80  total 11868.272  margin 4534.350  hinge 7332.581  tv 1.341  (48s)
  epoch 17/80  total 11877.290  margin 4544.970  hinge 7330.969  tv 1.350  (51s)
  epoch 18/80  total 11878.380  margin 4544.675  hinge 7332.373  tv 1.331  (53s)
  epoch 19/80  total 11859.560  margin 4534.219  hinge 7324.005  tv 1.337  (56s)
  epoch 20/80  total 11881.844  margin 4547.308  hinge 7333.184  tv 1.352  (59s)
  epoch 21/80  total 11873.080  margin 4542.188  hinge 7329.556  tv 1.336  (62s)
  epoch 22/80  total 11886.900  margin 4548.112  hinge 7337.455  tv 1.334  (65s)
  epoch 23/80  total 11876.430  margin 4544.908  hinge 7330.184  tv 1.338  (68s)
  epoch 24/80  total 11864.899  margin 4535.963  hinge 7327.613  tv 1.323  (71s)
  epoch 25/80  total 11858.353  margin 4531.815  hinge 7325.239  tv 1.298  (74s)
  epoch 26/80  total 11877.524  margin 4540.662  hinge 7335.544  tv 1.319  (77s)
  epoch 27/80  total 11856.172  margin 4531.307  hinge 7323.551  tv 1.315  (80s)
  epoch 28/80  total 11867.205  margin 4539.020  hinge 7326.866  tv 1.319  (83s)
  epoch 29/80  total 11851.850  margin 4534.200  hinge 7316.369  tv 1.281  (86s)
  epoch 30/80  total 11869.785  margin 4541.118  hinge 7327.359  tv 1.308  (88s)
  epoch 31/80  total 11855.591  margin 4538.105  hinge 7316.181  tv 1.305  (91s)
  epoch 32/80  total 11844.647  margin 4529.138  hinge 7314.213  tv 1.296  (94s)
  epoch 33/80  total 11846.513  margin 4529.634  hinge 7315.575  tv 1.305  (97s)
  epoch 34/80  total 11857.465  margin 4533.269  hinge 7322.897  tv 1.299  (100s)
  epoch 35/80  total 11849.528  margin 4531.293  hinge 7316.956  tv 1.279  (103s)
  epoch 36/80  total 11869.875  margin 4540.191  hinge 7328.371  tv 1.313  (106s)
  epoch 37/80  total 11862.483  margin 4541.057  hinge 7320.122  tv 1.303  (108s)
  epoch 38/80  total 11858.250  margin 4533.528  hinge 7323.402  tv 1.321  (111s)
  epoch 39/80  total 11872.522  margin 4540.884  hinge 7330.317  tv 1.321  (114s)
  epoch 40/80  total 11875.787  margin 4544.385  hinge 7330.089  tv 1.314  (117s)
  epoch 41/80  total 11883.691  margin 4544.339  hinge 7338.018  tv 1.335  (120s)
  epoch 42/80  total 11869.946  margin 4541.309  hinge 7327.313  tv 1.324  (123s)
  epoch 43/80  total 11860.585  margin 4539.498  hinge 7319.783  tv 1.305  (126s)
  epoch 44/80  total 11850.800  margin 4538.218  hinge 7311.269  tv 1.313  (129s)
  epoch 45/80  total 11860.494  margin 4540.665  hinge 7318.519  tv 1.310  (131s)
  epoch 46/80  total 11878.508  margin 4543.744  hinge 7333.436  tv 1.328  (134s)
  epoch 47/80  total 11861.999  margin 4537.373  hinge 7323.291  tv 1.336  (137s)
  epoch 48/80  total 11874.200  margin 4545.203  hinge 7327.679  tv 1.319  (140s)
  epoch 49/80  total 11891.848  margin 4552.565  hinge 7337.942  tv 1.341  (143s)
  epoch 50/80  total 11883.122  margin 4546.481  hinge 7335.305  tv 1.336  (146s)
  epoch 51/80  total 11887.213  margin 4549.478  hinge 7336.384  tv 1.352  (149s)
  epoch 52/80  total 11885.913  margin 4546.385  hinge 7338.180  tv 1.348  (152s)
  epoch 53/80  total 11870.373  margin 4540.209  hinge 7328.845  tv 1.319  (154s)
  epoch 54/80  total 11866.113  margin 4542.588  hinge 7322.222  tv 1.303  (157s)
  epoch 55/80  total 11872.015  margin 4544.481  hinge 7326.224  tv 1.310  (160s)
  epoch 56/80  total 11860.663  margin 4533.438  hinge 7325.914  tv 1.311  (163s)
  epoch 57/80  total 11865.344  margin 4540.799  hinge 7323.232  tv 1.313  (166s)
  epoch 58/80  total 11874.564  margin 4544.855  hinge 7328.391  tv 1.319  (169s)
  epoch 59/80  total 11875.903  margin 4545.675  hinge 7328.904  tv 1.325  (172s)
  epoch 60/80  total 11859.470  margin 4536.979  hinge 7321.158  tv 1.333  (175s)
  epoch 61/80  total 11857.257  margin 4532.128  hinge 7323.815  tv 1.314  (177s)
  epoch 62/80  total 11847.952  margin 4529.765  hinge 7316.895  tv 1.293  (180s)
  epoch 63/80  total 11865.834  margin 4539.029  hinge 7325.514  tv 1.291  (183s)
  epoch 64/80  total 11852.036  margin 4531.999  hinge 7318.720  tv 1.317  (186s)
  epoch 65/80  total 11888.929  margin 4545.846  hinge 7341.741  tv 1.342  (189s)
  epoch 66/80  total 11877.805  margin 4544.382  hinge 7332.081  tv 1.341  (192s)
  epoch 67/80  total 11878.596  margin 4542.189  hinge 7335.065  tv 1.342  (195s)
  epoch 68/80  total 11872.305  margin 4540.393  hinge 7330.596  tv 1.317  (198s)
  epoch 69/80  total 11856.540  margin 4536.128  hinge 7319.106  tv 1.305  (200s)
  epoch 70/80  total 11879.525  margin 4544.354  hinge 7333.840  tv 1.331  (203s)
  epoch 71/80  total 11863.461  margin 4536.641  hinge 7325.493  tv 1.327  (206s)
  epoch 72/80  total 11877.437  margin 4546.777  hinge 7329.346  tv 1.315  (209s)
  epoch 73/80  total 11877.413  margin 4544.225  hinge 7331.874  tv 1.314  (212s)
  epoch 74/80  total 11869.648  margin 4541.081  hinge 7327.245  tv 1.321  (215s)
  epoch 75/80  total 11864.960  margin 4545.798  hinge 7317.860  tv 1.302  (218s)
  epoch 76/80  total 11847.231  margin 4528.334  hinge 7317.574  tv 1.323  (220s)
  epoch 77/80  total 11879.988  margin 4544.415  hinge 7334.241  tv 1.331  (223s)
  epoch 78/80  total 11871.274  margin 4541.129  hinge 7328.817  tv 1.328  (226s)
  epoch 79/80  total 11876.670  margin 4541.424  hinge 7333.933  tv 1.313  (229s)
  epoch 80/80  total 11854.911  margin 4534.102  hinge 7319.506  tv 1.304  (232s)
[save] patch_examples_exp_lower_05_lr12/universal_patch.png

Evaluating on 1360 images...
ROOF: roof_frac=0.0% n=11446
LOWER: clamped=0.0% mean_on_car_frac=1.000 n=11446

==== CAR->VAN — exp_lower_05_lr12 (patch = 5% of bbox) ====
eval images        : 1360
eligible (car clean): 9415   ambiguous (van@box in clean): 457
flipped to van      : 602  (new-van, patch-induced: 367)
lost entirely       : 827  (hiding side-effect, NOT a flip)

targeted ASR (STRICT, excl 457 ambiguous): 0.041   <- HEADLINE
targeted ASR (new-van / all eligible)      : 0.039
targeted ASR (original, inflated)          : 0.064
lost rate   : 0.088
