=== f_rot00 | car->van | MODE=adversarial | AREA_FRAC=0.2 | IMG_SIZE=640 | ROT_DEG=0.0 | MIN_AREA_FRAC=0.001 ===
[eval ] datasets/VisDrone/images/test: 1360 images | 11446 cars | 16628 dropped below 0.10% area
[train] datasets/VisDrone/images/val: 100 images | 1159 cars
  epoch 1/80  total 11654.077  margin 4376.036  hinge 7276.841  tv 1.200  (4s)
  epoch 2/80  total 11294.261  margin 4248.023  hinge 7045.173  tv 1.066  (7s)
  epoch 3/80  total 11125.053  margin 4171.679  hinge 6952.356  tv 1.018  (10s)
  epoch 4/80  total 11050.180  margin 4156.366  hinge 6892.798  tv 1.016  (13s)
  epoch 5/80  total 11026.748  margin 4156.601  hinge 6869.125  tv 1.022  (16s)
  epoch 6/80  total 10980.787  margin 4148.484  hinge 6831.275  tv 1.029  (19s)
  epoch 7/80  total 10965.920  margin 4155.520  hinge 6809.359  tv 1.041  (22s)
  epoch 8/80  total 10947.400  margin 4151.381  hinge 6794.980  tv 1.040  (25s)
  epoch 9/80  total 10926.401  margin 4155.806  hinge 6769.551  tv 1.044  (28s)
  epoch 10/80  total 10916.264  margin 4169.275  hinge 6745.945  tv 1.045  (31s)
  epoch 11/80  total 10875.249  margin 4172.593  hinge 6701.613  tv 1.042  (34s)
  epoch 12/80  total 10796.252  margin 4180.438  hinge 6614.800  tv 1.015  (37s)
  epoch 13/80  total 10612.298  margin 4216.017  hinge 6395.300  tv 0.981  (40s)
  epoch 14/80  total 10343.051  margin 4169.856  hinge 6172.261  tv 0.934  (43s)
  epoch 15/80  total 10222.237  margin 4148.791  hinge 6072.516  tv 0.931  (46s)
  epoch 16/80  total 10161.752  margin 4133.362  hinge 6027.455  tv 0.935  (49s)
  epoch 17/80  total 10108.786  margin 4122.206  hinge 5985.643  tv 0.937  (52s)
  epoch 18/80  total 10078.300  margin 4125.229  hinge 5952.123  tv 0.948  (55s)
  epoch 19/80  total 10046.493  margin 4126.241  hinge 5919.303  tv 0.949  (58s)
  epoch 20/80  total 10012.665  margin 4121.456  hinge 5890.256  tv 0.954  (61s)
  epoch 21/80  total 10010.826  margin 4133.848  hinge 5876.016  tv 0.963  (64s)
  epoch 22/80  total 9982.426  margin 4128.245  hinge 5853.228  tv 0.953  (67s)
  epoch 23/80  total 9971.990  margin 4131.183  hinge 5839.848  tv 0.959  (70s)
  epoch 24/80  total 9954.226  margin 4133.409  hinge 5819.858  tv 0.960  (73s)
  epoch 25/80  total 9947.130  margin 4141.797  hinge 5804.367  tv 0.966  (76s)
  epoch 26/80  total 9926.337  margin 4139.964  hinge 5785.408  tv 0.965  (79s)
  epoch 27/80  total 9903.780  margin 4139.187  hinge 5763.633  tv 0.960  (82s)
  epoch 28/80  total 9895.594  margin 4144.982  hinge 5749.652  tv 0.960  (84s)
  epoch 29/80  total 9885.047  margin 4140.092  hinge 5743.994  tv 0.961  (88s)
  epoch 30/80  total 9867.856  margin 4145.362  hinge 5721.534  tv 0.960  (91s)
  epoch 31/80  total 9843.921  margin 4134.540  hinge 5708.424  tv 0.957  (94s)
  epoch 32/80  total 9842.904  margin 4136.666  hinge 5705.273  tv 0.964  (96s)
  epoch 33/80  total 9801.831  margin 4126.089  hinge 5674.787  tv 0.955  (99s)
  epoch 34/80  total 9798.410  margin 4133.888  hinge 5663.564  tv 0.957  (102s)
  epoch 35/80  total 9815.012  margin 4145.479  hinge 5668.573  tv 0.960  (105s)
  epoch 36/80  total 9833.692  margin 4155.960  hinge 5676.770  tv 0.961  (108s)
  epoch 37/80  total 9791.518  margin 4147.525  hinge 5643.038  tv 0.954  (111s)
  epoch 38/80  total 9803.610  margin 4152.469  hinge 5650.187  tv 0.954  (114s)
  epoch 39/80  total 9775.355  margin 4150.516  hinge 5623.891  tv 0.948  (117s)
  epoch 40/80  total 9768.812  margin 4148.176  hinge 5619.686  tv 0.949  (120s)
  epoch 41/80  total 9805.095  margin 4169.686  hinge 5634.456  tv 0.952  (124s)
  epoch 42/80  total 9793.547  margin 4156.889  hinge 5635.707  tv 0.951  (127s)
  epoch 43/80  total 9805.549  margin 4169.454  hinge 5635.140  tv 0.955  (130s)
  epoch 44/80  total 9776.667  margin 4157.760  hinge 5617.959  tv 0.948  (133s)
  epoch 45/80  total 9737.836  margin 4155.977  hinge 5580.916  tv 0.943  (136s)
  epoch 46/80  total 9765.389  margin 4157.872  hinge 5606.565  tv 0.952  (139s)
  epoch 47/80  total 9746.200  margin 4158.097  hinge 5587.154  tv 0.949  (142s)
  epoch 48/80  total 9729.812  margin 4155.918  hinge 5572.946  tv 0.948  (145s)
  epoch 49/80  total 9743.271  margin 4156.687  hinge 5585.626  tv 0.957  (148s)
  epoch 50/80  total 9739.390  margin 4168.321  hinge 5570.119  tv 0.949  (151s)
  epoch 51/80  total 9753.198  margin 4170.153  hinge 5582.087  tv 0.958  (153s)
  epoch 52/80  total 9691.285  margin 4159.324  hinge 5531.022  tv 0.939  (156s)
  epoch 53/80  total 9703.978  margin 4172.325  hinge 5530.706  tv 0.947  (159s)
  epoch 54/80  total 9628.964  margin 4152.989  hinge 5475.047  tv 0.929  (162s)
  epoch 55/80  total 9663.583  margin 4164.883  hinge 5497.752  tv 0.947  (165s)
  epoch 56/80  total 9600.383  margin 4156.866  hinge 5442.599  tv 0.919  (168s)
  epoch 57/80  total 9525.624  margin 4136.810  hinge 5387.905  tv 0.909  (171s)
  epoch 58/80  total 9447.651  margin 4122.402  hinge 5324.349  tv 0.900  (174s)
  epoch 59/80  total 9304.583  margin 4081.315  hinge 5222.384  tv 0.884  (177s)
  epoch 60/80  total 9125.465  margin 4009.647  hinge 5114.960  tv 0.858  (180s)
  epoch 61/80  total 9013.007  margin 3959.694  hinge 5052.484  tv 0.828  (182s)
  epoch 62/80  total 8939.312  margin 3929.167  hinge 5009.324  tv 0.820  (185s)
  epoch 63/80  total 8951.341  margin 3923.870  hinge 5026.635  tv 0.836  (188s)
  epoch 64/80  total 8894.122  margin 3905.362  hinge 4987.937  tv 0.822  (191s)
  epoch 65/80  total 8870.243  margin 3887.157  hinge 4982.261  tv 0.825  (194s)
  epoch 66/80  total 8830.281  margin 3877.967  hinge 4951.490  tv 0.824  (197s)
  epoch 67/80  total 8807.325  margin 3861.792  hinge 4944.711  tv 0.821  (200s)
  epoch 68/80  total 8786.063  margin 3851.346  hinge 4933.896  tv 0.821  (203s)
  epoch 69/80  total 8825.581  margin 3864.107  hinge 4960.633  tv 0.841  (206s)
  epoch 70/80  total 8825.179  margin 3875.732  hinge 4948.603  tv 0.844  (209s)
  epoch 71/80  total 8848.248  margin 3875.436  hinge 4971.957  tv 0.855  (212s)
  epoch 72/80  total 8813.706  margin 3866.957  hinge 4945.901  tv 0.848  (215s)
  epoch 73/80  total 8768.883  margin 3845.138  hinge 4922.909  tv 0.837  (218s)
  epoch 74/80  total 8797.730  margin 3858.460  hinge 4938.417  tv 0.853  (221s)
  epoch 75/80  total 8807.318  margin 3861.251  hinge 4945.204  tv 0.863  (224s)
  epoch 76/80  total 8768.678  margin 3848.385  hinge 4919.446  tv 0.847  (226s)
  epoch 77/80  total 8772.086  margin 3842.583  hinge 4928.652  tv 0.851  (229s)
  epoch 78/80  total 8789.002  margin 3853.860  hinge 4934.284  tv 0.858  (232s)
  epoch 79/80  total 8772.633  margin 3848.983  hinge 4922.796  tv 0.854  (235s)
  epoch 80/80  total 8849.070  margin 3874.088  hinge 4974.098  tv 0.884  (238s)
[save] patch_examples_f_rot00/universal_patch.png

Evaluating on 1360 images...
ROOF: roof_frac=0.0% n=11446

==== CAR->VAN — f_rot00 (patch = 20% of bbox) ====
eval images        : 1360
eligible (car clean): 9415
flipped to van      : 2206
lost entirely       : 4552  (hiding side-effect, NOT a flip)

targeted ASR: 0.234   <- HEADLINE
lost rate   : 0.483
