=== exp_lower_20_t80 | car->van | MODE=adversarial | AREA_FRAC=0.2 | IMG_SIZE=640 | ROT_DEG=20.0 | LR=0.03 | LOWER_TALL=0.8 | LOWER_WIDE=0.75 | MIN_AREA_FRAC=0.001 ===
[eval ] datasets/VisDrone/images/test: 1360 images | 11446 cars | 16628 dropped below 0.10% area
[train] datasets/VisDrone/images/val: 100 images | 1159 cars
  epoch 1/80  total 11894.228  margin 4504.209  hinge 7388.811  tv 1.208  (4s)
  epoch 2/80  total 11790.571  margin 4442.582  hinge 7346.847  tv 1.142  (7s)
  epoch 3/80  total 11649.200  margin 4384.205  hinge 7263.945  tv 1.051  (10s)
  epoch 4/80  total 11546.350  margin 4350.538  hinge 7194.849  tv 0.963  (13s)
  epoch 5/80  total 11467.758  margin 4336.783  hinge 7130.062  tv 0.913  (16s)
  epoch 6/80  total 11376.617  margin 4303.460  hinge 7072.288  tv 0.870  (19s)
  epoch 7/80  total 11330.973  margin 4305.335  hinge 7024.807  tv 0.832  (22s)
  epoch 8/80  total 11181.725  margin 4242.785  hinge 6938.125  tv 0.815  (24s)
  epoch 9/80  total 10969.594  margin 4240.742  hinge 6728.062  tv 0.790  (27s)
  epoch 10/80  total 10659.700  margin 4287.656  hinge 6371.249  tv 0.794  (30s)
  epoch 11/80  total 9958.733  margin 4110.998  hinge 5846.956  tv 0.780  (33s)
  epoch 12/80  total 9759.990  margin 4047.112  hinge 5712.136  tv 0.742  (36s)
  epoch 13/80  total 9718.606  margin 4039.445  hinge 5678.422  tv 0.740  (39s)
  epoch 14/80  total 9644.287  margin 4016.054  hinge 5627.492  tv 0.742  (42s)
  epoch 15/80  total 9645.846  margin 4028.681  hinge 5616.433  tv 0.733  (45s)
  epoch 16/80  total 9560.985  margin 3991.558  hinge 5568.713  tv 0.714  (47s)
  epoch 17/80  total 9516.153  margin 3975.083  hinge 5540.367  tv 0.703  (50s)
  epoch 18/80  total 9510.533  margin 3966.793  hinge 5543.048  tv 0.692  (53s)
  epoch 19/80  total 9463.547  margin 3949.261  hinge 5513.592  tv 0.694  (56s)
  epoch 20/80  total 9553.346  margin 3983.886  hinge 5568.747  tv 0.713  (59s)
  epoch 21/80  total 9494.691  margin 3965.633  hinge 5528.357  tv 0.702  (62s)
  epoch 22/80  total 9516.293  margin 3973.585  hinge 5542.008  tv 0.700  (65s)
  epoch 23/80  total 9469.726  margin 3948.870  hinge 5520.165  tv 0.691  (68s)
  epoch 24/80  total 9441.932  margin 3946.801  hinge 5494.442  tv 0.689  (71s)
  epoch 25/80  total 9442.300  margin 3941.640  hinge 5499.968  tv 0.692  (73s)
  epoch 26/80  total 9505.879  margin 3962.941  hinge 5542.251  tv 0.687  (76s)
  epoch 27/80  total 9467.766  margin 3953.172  hinge 5513.908  tv 0.687  (79s)
  epoch 28/80  total 9473.214  margin 3945.705  hinge 5526.823  tv 0.685  (82s)
  epoch 29/80  total 9433.837  margin 3944.411  hinge 5488.754  tv 0.672  (85s)
  epoch 30/80  total 9437.895  margin 3947.610  hinge 5489.609  tv 0.676  (88s)
  epoch 31/80  total 9460.200  margin 3951.704  hinge 5507.808  tv 0.688  (91s)
  epoch 32/80  total 9455.331  margin 3955.088  hinge 5499.560  tv 0.683  (93s)
  epoch 33/80  total 9440.861  margin 3943.538  hinge 5496.637  tv 0.685  (96s)
  epoch 34/80  total 9424.155  margin 3946.581  hinge 5476.893  tv 0.681  (99s)
  epoch 35/80  total 9414.919  margin 3928.301  hinge 5485.949  tv 0.670  (102s)
  epoch 36/80  total 9418.995  margin 3935.111  hinge 5483.214  tv 0.669  (105s)
  epoch 37/80  total 9466.492  margin 3957.844  hinge 5507.973  tv 0.675  (108s)
  epoch 38/80  total 9599.866  margin 4005.011  hinge 5594.126  tv 0.728  (111s)
  epoch 39/80  total 9424.730  margin 3938.865  hinge 5485.180  tv 0.685  (114s)
  epoch 40/80  total 9460.819  margin 3951.454  hinge 5508.687  tv 0.679  (117s)
  epoch 41/80  total 9415.933  margin 3937.827  hinge 5477.437  tv 0.669  (120s)
  epoch 42/80  total 9524.370  margin 3981.521  hinge 5542.138  tv 0.712  (123s)
  epoch 43/80  total 9424.614  margin 3953.339  hinge 5470.602  tv 0.672  (126s)
  epoch 44/80  total 9396.558  margin 3931.786  hinge 5464.107  tv 0.665  (129s)
  epoch 45/80  total 9425.755  margin 3940.115  hinge 5484.967  tv 0.673  (132s)
  epoch 46/80  total 9423.034  margin 3937.343  hinge 5485.022  tv 0.669  (134s)
  epoch 47/80  total 9412.734  margin 3943.639  hinge 5468.420  tv 0.675  (137s)
  epoch 48/80  total 9373.388  margin 3920.153  hinge 5452.570  tv 0.665  (140s)
  epoch 49/80  total 9409.117  margin 3926.015  hinge 5482.425  tv 0.677  (143s)
  epoch 50/80  total 9429.376  margin 3938.255  hinge 5490.446  tv 0.675  (146s)
  epoch 51/80  total 9372.195  margin 3907.603  hinge 5463.927  tv 0.665  (149s)
  epoch 52/80  total 9447.688  margin 3943.457  hinge 5503.564  tv 0.667  (152s)
  epoch 53/80  total 9401.491  margin 3924.397  hinge 5476.434  tv 0.660  (155s)
  epoch 54/80  total 9387.836  margin 3924.959  hinge 5462.221  tv 0.656  (158s)
  epoch 55/80  total 9415.794  margin 3926.963  hinge 5488.179  tv 0.653  (161s)
  epoch 56/80  total 9428.707  margin 3935.176  hinge 5492.866  tv 0.665  (164s)
  epoch 57/80  total 9403.369  margin 3935.926  hinge 5466.786  tv 0.658  (167s)
  epoch 58/80  total 9473.639  margin 3944.837  hinge 5528.134  tv 0.668  (170s)
  epoch 59/80  total 9423.359  margin 3943.256  hinge 5479.421  tv 0.683  (173s)
  epoch 60/80  total 9360.616  margin 3904.435  hinge 5455.510  tv 0.671  (176s)
  epoch 61/80  total 9401.643  margin 3907.335  hinge 5493.644  tv 0.663  (178s)
  epoch 62/80  total 9434.601  margin 3928.520  hinge 5505.416  tv 0.664  (181s)
  epoch 63/80  total 9389.463  margin 3921.040  hinge 5467.755  tv 0.668  (184s)
  epoch 64/80  total 9395.105  margin 3930.395  hinge 5464.038  tv 0.672  (187s)
  epoch 65/80  total 9438.701  margin 3943.381  hinge 5494.642  tv 0.678  (190s)
  epoch 66/80  total 9439.237  margin 3921.147  hinge 5517.413  tv 0.677  (193s)
  epoch 67/80  total 9416.953  margin 3925.658  hinge 5490.616  tv 0.679  (196s)
  epoch 68/80  total 9398.139  margin 3917.368  hinge 5480.096  tv 0.675  (199s)
  epoch 69/80  total 9386.354  margin 3917.931  hinge 5467.754  tv 0.669  (202s)
  epoch 70/80  total 9405.340  margin 3916.217  hinge 5488.458  tv 0.665  (205s)
  epoch 71/80  total 9392.884  margin 3919.549  hinge 5472.676  tv 0.659  (208s)
  epoch 72/80  total 9413.225  margin 3939.720  hinge 5472.845  tv 0.659  (211s)
  epoch 73/80  total 9414.637  margin 3929.381  hinge 5484.587  tv 0.668  (213s)
  epoch 74/80  total 9391.736  margin 3929.295  hinge 5461.780  tv 0.660  (216s)
  epoch 75/80  total 9400.096  margin 3920.174  hinge 5479.254  tv 0.668  (219s)
  epoch 76/80  total 9400.657  margin 3924.936  hinge 5475.053  tv 0.669  (222s)
  epoch 77/80  total 9392.351  margin 3923.669  hinge 5468.028  tv 0.654  (225s)
  epoch 78/80  total 9403.171  margin 3920.686  hinge 5481.819  tv 0.666  (228s)
  epoch 79/80  total 9372.884  margin 3918.848  hinge 5453.372  tv 0.664  (231s)
  epoch 80/80  total 9408.435  margin 3923.853  hinge 5483.908  tv 0.673  (234s)
[save] patch_examples_exp_lower_20_t80/universal_patch.png

Evaluating on 1360 images...
ROOF: roof_frac=0.0% n=11446
LOWER: clamped=55.1% mean_on_car_frac=0.928 n=11446

==== CAR->VAN — exp_lower_20_t80 (patch = 20% of bbox) ====
eval images        : 1360
eligible (car clean): 9415   ambiguous (van@box in clean): 457
flipped to van      : 2522  (new-van, patch-induced: 2244)
lost entirely       : 3021  (hiding side-effect, NOT a flip)

targeted ASR (STRICT, excl 457 ambiguous): 0.251   <- HEADLINE
targeted ASR (new-van / all eligible)      : 0.238
targeted ASR (original, inflated)          : 0.268
lost rate   : 0.321
