=== exp_lower_20_t70 | car->van | MODE=adversarial | AREA_FRAC=0.2 | IMG_SIZE=640 | ROT_DEG=20.0 | LR=0.03 | LOWER_TALL=0.7 | LOWER_WIDE=0.75 | MIN_AREA_FRAC=0.001 ===
[eval ] datasets/VisDrone/images/test: 1360 images | 11446 cars | 16628 dropped below 0.10% area
[train] datasets/VisDrone/images/val: 100 images | 1159 cars
  epoch 1/80  total 11862.041  margin 4489.905  hinge 7370.925  tv 1.211  (4s)
  epoch 2/80  total 11757.818  margin 4448.003  hinge 7308.674  tv 1.141  (7s)
  epoch 3/80  total 11638.168  margin 4396.216  hinge 7240.897  tv 1.055  (10s)
  epoch 4/80  total 11574.713  margin 4370.969  hinge 7202.763  tv 0.981  (13s)
  epoch 5/80  total 11487.937  margin 4351.702  hinge 7135.315  tv 0.920  (16s)
  epoch 6/80  total 11411.757  margin 4332.814  hinge 7078.072  tv 0.872  (19s)
  epoch 7/80  total 11358.431  margin 4303.177  hinge 7054.413  tv 0.841  (21s)
  epoch 8/80  total 11281.152  margin 4280.242  hinge 7000.086  tv 0.823  (24s)
  epoch 9/80  total 11004.255  margin 4228.739  hinge 6774.716  tv 0.800  (27s)
  epoch 10/80  total 10290.951  margin 4195.711  hinge 6094.444  tv 0.797  (30s)
  epoch 11/80  total 9902.405  margin 4138.660  hinge 5762.971  tv 0.773  (33s)
  epoch 12/80  total 9710.582  margin 4073.946  hinge 5635.892  tv 0.744  (36s)
  epoch 13/80  total 9713.556  margin 4082.723  hinge 5630.083  tv 0.750  (39s)
  epoch 14/80  total 9659.001  margin 4064.571  hinge 5593.701  tv 0.728  (42s)
  epoch 15/80  total 9626.396  margin 4047.063  hinge 5578.603  tv 0.731  (45s)
  epoch 16/80  total 9533.677  margin 4021.040  hinge 5511.935  tv 0.702  (48s)
  epoch 17/80  total 9507.788  margin 4011.438  hinge 5495.663  tv 0.687  (50s)
  epoch 18/80  total 9469.022  margin 4001.120  hinge 5467.215  tv 0.687  (53s)
  epoch 19/80  total 9408.604  margin 3975.626  hinge 5432.292  tv 0.687  (56s)
  epoch 20/80  total 9458.401  margin 3986.867  hinge 5470.857  tv 0.677  (59s)
  epoch 21/80  total 9439.299  margin 3991.817  hinge 5446.800  tv 0.682  (62s)
  epoch 22/80  total 9431.319  margin 3989.674  hinge 5440.962  tv 0.683  (65s)
  epoch 23/80  total 9433.119  margin 3983.405  hinge 5449.043  tv 0.671  (68s)
  epoch 24/80  total 9391.099  margin 3960.324  hinge 5430.104  tv 0.671  (71s)
  epoch 25/80  total 9420.489  margin 3972.353  hinge 5447.458  tv 0.677  (74s)
  epoch 26/80  total 9446.996  margin 3979.971  hinge 5466.347  tv 0.678  (77s)
  epoch 27/80  total 9420.562  margin 3987.844  hinge 5432.039  tv 0.678  (80s)
  epoch 28/80  total 9382.696  margin 3962.723  hinge 5419.292  tv 0.681  (83s)
  epoch 29/80  total 9404.419  margin 3977.409  hinge 5426.333  tv 0.677  (86s)
  epoch 30/80  total 9447.297  margin 4003.840  hinge 5442.766  tv 0.691  (88s)
  epoch 31/80  total 9452.263  margin 3986.883  hinge 5464.685  tv 0.695  (91s)
  epoch 32/80  total 9395.581  margin 3972.947  hinge 5421.950  tv 0.684  (94s)
  epoch 33/80  total 9404.304  margin 3975.063  hinge 5428.559  tv 0.681  (97s)
  epoch 34/80  total 9400.781  margin 3977.115  hinge 5422.987  tv 0.679  (100s)
  epoch 35/80  total 9353.558  margin 3954.503  hinge 5398.386  tv 0.669  (103s)
  epoch 36/80  total 9370.815  margin 3954.312  hinge 5415.835  tv 0.669  (106s)
  epoch 37/80  total 9441.917  margin 3990.552  hinge 5450.681  tv 0.684  (108s)
  epoch 38/80  total 9417.896  margin 3966.482  hinge 5450.738  tv 0.676  (111s)
  epoch 39/80  total 9375.437  margin 3958.523  hinge 5416.246  tv 0.667  (114s)
  epoch 40/80  total 9410.949  margin 3968.146  hinge 5442.129  tv 0.673  (117s)
  epoch 41/80  total 9384.727  margin 3966.830  hinge 5417.229  tv 0.667  (120s)
  epoch 42/80  total 9350.203  margin 3947.019  hinge 5402.514  tv 0.669  (123s)
  epoch 43/80  total 9392.920  margin 3970.484  hinge 5421.757  tv 0.679  (125s)
  epoch 44/80  total 9405.208  margin 3976.405  hinge 5428.102  tv 0.702  (128s)
  epoch 45/80  total 9390.235  margin 3959.681  hinge 5429.876  tv 0.678  (131s)
  epoch 46/80  total 9431.834  margin 3976.088  hinge 5455.069  tv 0.676  (134s)
  epoch 47/80  total 9344.318  margin 3949.269  hinge 5394.374  tv 0.675  (137s)
  epoch 48/80  total 9339.870  margin 3950.247  hinge 5388.962  tv 0.660  (140s)
  epoch 49/80  total 9362.426  margin 3944.450  hinge 5417.303  tv 0.674  (143s)
  epoch 50/80  total 9349.560  margin 3942.502  hinge 5406.388  tv 0.671  (146s)
  epoch 51/80  total 9369.343  margin 3947.780  hinge 5420.898  tv 0.664  (149s)
  epoch 52/80  total 9375.520  margin 3951.091  hinge 5423.762  tv 0.667  (151s)
  epoch 53/80  total 9381.276  margin 3957.037  hinge 5423.567  tv 0.672  (154s)
  epoch 54/80  total 9362.885  margin 3948.712  hinge 5413.505  tv 0.668  (157s)
  epoch 55/80  total 9368.770  margin 3952.720  hinge 5415.382  tv 0.668  (160s)
  epoch 56/80  total 9352.257  margin 3944.927  hinge 5406.663  tv 0.667  (163s)
  epoch 57/80  total 9362.565  margin 3951.234  hinge 5410.666  tv 0.665  (166s)
  epoch 58/80  total 9374.380  margin 3952.432  hinge 5421.277  tv 0.671  (169s)
  epoch 59/80  total 9350.063  margin 3943.719  hinge 5405.676  tv 0.668  (172s)
  epoch 60/80  total 9326.873  margin 3941.993  hinge 5384.209  tv 0.671  (175s)
  epoch 61/80  total 9405.692  margin 3962.158  hinge 5442.860  tv 0.675  (177s)
  epoch 62/80  total 9362.516  margin 3941.949  hinge 5419.894  tv 0.672  (180s)
  epoch 63/80  total 9339.259  margin 3945.850  hinge 5392.731  tv 0.679  (183s)
  epoch 64/80  total 9356.958  margin 3949.902  hinge 5406.388  tv 0.668  (186s)
  epoch 65/80  total 9355.260  margin 3948.626  hinge 5405.972  tv 0.662  (189s)
  epoch 66/80  total 9346.425  margin 3930.479  hinge 5415.280  tv 0.665  (192s)
  epoch 67/80  total 9361.135  margin 3948.670  hinge 5411.798  tv 0.667  (195s)
  epoch 68/80  total 9333.924  margin 3944.828  hinge 5388.436  tv 0.660  (198s)
  epoch 69/80  total 9338.722  margin 3932.707  hinge 5405.345  tv 0.670  (201s)
  epoch 70/80  total 9378.029  margin 3951.368  hinge 5425.990  tv 0.671  (203s)
  epoch 71/80  total 9363.420  margin 3948.817  hinge 5413.942  tv 0.661  (206s)
  epoch 72/80  total 9384.635  margin 3954.726  hinge 5429.235  tv 0.673  (209s)
  epoch 73/80  total 9361.741  margin 3955.598  hinge 5405.472  tv 0.671  (212s)
  epoch 74/80  total 9402.525  margin 3962.706  hinge 5439.138  tv 0.681  (215s)
  epoch 75/80  total 9384.673  margin 3950.963  hinge 5433.029  tv 0.681  (218s)
  epoch 76/80  total 9363.346  margin 3941.915  hinge 5420.757  tv 0.674  (221s)
  epoch 77/80  total 9334.467  margin 3938.450  hinge 5395.348  tv 0.669  (223s)
  epoch 78/80  total 9354.649  margin 3941.406  hinge 5412.579  tv 0.665  (226s)
  epoch 79/80  total 9385.466  margin 3953.870  hinge 5430.913  tv 0.683  (229s)
  epoch 80/80  total 9340.607  margin 3938.282  hinge 5401.657  tv 0.668  (232s)
[save] patch_examples_exp_lower_20_t70/universal_patch.png

Evaluating on 1360 images...
ROOF: roof_frac=0.0% n=11446
LOWER: clamped=25.1% mean_on_car_frac=0.982 n=11446

==== CAR->VAN — exp_lower_20_t70 (patch = 20% of bbox) ====
eval images        : 1360
eligible (car clean): 9415   ambiguous (van@box in clean): 457
flipped to van      : 2624  (new-van, patch-induced: 2370)
lost entirely       : 3344  (hiding side-effect, NOT a flip)

targeted ASR (STRICT, excl 457 ambiguous): 0.265   <- HEADLINE
targeted ASR (new-van / all eligible)      : 0.252
targeted ASR (original, inflated)          : 0.279
lost rate   : 0.355
