=== s2e_offset_10 | car->van | MODE=adversarial | AREA_FRAC=0.1 | IMG_SIZE=640 | MIN_AREA_FRAC=0.001 ===
[eval ] datasets/VisDrone/images/test: 1360 images | 11446 cars | 16628 dropped below 0.10% area
[train] datasets/VisDrone/images/val: 100 images | 1159 cars
  epoch 1/80  total 12026.408  margin 4599.659  hinge 7425.555  tv 1.194  (4s)
  epoch 2/80  total 11969.165  margin 4554.447  hinge 7413.535  tv 1.183  (7s)
  epoch 3/80  total 11978.914  margin 4548.547  hinge 7429.230  tv 1.137  (10s)
  epoch 4/80  total 11925.777  margin 4525.838  hinge 7398.853  tv 1.085  (13s)
  epoch 5/80  total 11928.536  margin 4513.928  hinge 7413.542  tv 1.065  (16s)
  epoch 6/80  total 11906.806  margin 4514.008  hinge 7391.740  tv 1.057  (19s)
  epoch 7/80  total 11892.081  margin 4502.813  hinge 7388.230  tv 1.039  (22s)
  epoch 8/80  total 11875.100  margin 4498.337  hinge 7375.724  tv 1.039  (25s)
  epoch 9/80  total 11860.501  margin 4490.980  hinge 7368.501  tv 1.020  (28s)
  epoch 10/80  total 11855.654  margin 4487.831  hinge 7366.807  tv 1.016  (31s)
  epoch 11/80  total 11831.739  margin 4474.045  hinge 7356.705  tv 0.990  (34s)
  epoch 12/80  total 11831.806  margin 4474.075  hinge 7356.755  tv 0.976  (37s)
  epoch 13/80  total 11853.793  margin 4490.260  hinge 7362.560  tv 0.973  (40s)
  epoch 14/80  total 11866.376  margin 4487.369  hinge 7378.028  tv 0.979  (44s)
  epoch 15/80  total 11855.879  margin 4475.774  hinge 7379.127  tv 0.978  (47s)
  epoch 16/80  total 11845.699  margin 4480.536  hinge 7364.197  tv 0.966  (49s)
  epoch 17/80  total 11849.182  margin 4485.974  hinge 7362.225  tv 0.983  (52s)
  epoch 18/80  total 11813.598  margin 4457.990  hinge 7354.641  tv 0.966  (55s)
  epoch 19/80  total 11843.851  margin 4476.851  hinge 7366.039  tv 0.961  (58s)
  epoch 20/80  total 11845.323  margin 4476.057  hinge 7368.298  tv 0.968  (61s)
  epoch 21/80  total 11837.752  margin 4470.877  hinge 7365.914  tv 0.961  (64s)
  epoch 22/80  total 11848.053  margin 4469.575  hinge 7377.515  tv 0.963  (67s)
  epoch 23/80  total 11821.621  margin 4459.735  hinge 7360.919  tv 0.967  (70s)
  epoch 24/80  total 11834.880  margin 4477.447  hinge 7356.474  tv 0.959  (73s)
  epoch 25/80  total 11832.839  margin 4468.720  hinge 7363.171  tv 0.948  (76s)
  epoch 26/80  total 11851.917  margin 4476.668  hinge 7374.292  tv 0.957  (79s)
  epoch 27/80  total 11837.953  margin 4478.319  hinge 7358.683  tv 0.951  (82s)
  epoch 28/80  total 11868.629  margin 4495.581  hinge 7372.084  tv 0.964  (85s)
  epoch 29/80  total 11843.931  margin 4474.495  hinge 7368.467  tv 0.968  (88s)
  epoch 30/80  total 11832.380  margin 4467.639  hinge 7363.793  tv 0.948  (91s)
  epoch 31/80  total 11817.843  margin 4453.442  hinge 7363.450  tv 0.951  (94s)
  epoch 32/80  total 11810.985  margin 4461.288  hinge 7348.745  tv 0.953  (97s)
  epoch 33/80  total 11831.736  margin 4472.031  hinge 7358.762  tv 0.942  (100s)
  epoch 34/80  total 11837.458  margin 4473.627  hinge 7362.869  tv 0.962  (103s)
  epoch 35/80  total 11836.024  margin 4476.335  hinge 7358.717  tv 0.972  (106s)
  epoch 36/80  total 11844.637  margin 4476.345  hinge 7367.347  tv 0.945  (109s)
  epoch 37/80  total 11815.924  margin 4455.275  hinge 7359.688  tv 0.961  (112s)
  epoch 38/80  total 11805.287  margin 4459.058  hinge 7345.284  tv 0.945  (115s)
  epoch 39/80  total 11849.329  margin 4473.717  hinge 7374.654  tv 0.957  (118s)
  epoch 40/80  total 11847.566  margin 4465.706  hinge 7380.900  tv 0.961  (121s)
  epoch 41/80  total 11866.135  margin 4487.174  hinge 7377.989  tv 0.971  (124s)
  epoch 42/80  total 11827.542  margin 4473.477  hinge 7353.110  tv 0.954  (127s)
  epoch 43/80  total 11830.227  margin 4476.465  hinge 7352.820  tv 0.942  (130s)
  epoch 44/80  total 11807.763  margin 4451.310  hinge 7355.515  tv 0.937  (133s)
  epoch 45/80  total 11809.881  margin 4465.366  hinge 7343.582  tv 0.932  (135s)
  epoch 46/80  total 11839.066  margin 4460.181  hinge 7377.927  tv 0.958  (138s)
  epoch 47/80  total 11848.224  margin 4480.170  hinge 7367.080  tv 0.975  (141s)
  epoch 48/80  total 11824.513  margin 4459.646  hinge 7363.883  tv 0.984  (144s)
  epoch 49/80  total 11835.981  margin 4481.540  hinge 7353.480  tv 0.960  (147s)
  epoch 50/80  total 11825.751  margin 4465.565  hinge 7359.231  tv 0.956  (150s)
  epoch 51/80  total 11851.796  margin 4478.026  hinge 7372.825  tv 0.945  (153s)
  epoch 52/80  total 11804.764  margin 4455.597  hinge 7348.213  tv 0.954  (156s)
  epoch 53/80  total 11823.509  margin 4472.534  hinge 7350.023  tv 0.952  (159s)
  epoch 54/80  total 11831.805  margin 4466.564  hinge 7364.290  tv 0.950  (162s)
  epoch 55/80  total 11830.702  margin 4470.537  hinge 7359.198  tv 0.967  (165s)
  epoch 56/80  total 11844.342  margin 4475.216  hinge 7368.172  tv 0.953  (168s)
  epoch 57/80  total 11846.281  margin 4477.258  hinge 7368.080  tv 0.943  (171s)
  epoch 58/80  total 11831.176  margin 4467.955  hinge 7362.267  tv 0.955  (174s)
  epoch 59/80  total 11810.678  margin 4456.019  hinge 7353.705  tv 0.955  (177s)
  epoch 60/80  total 11817.073  margin 4458.598  hinge 7357.529  tv 0.946  (180s)
  epoch 61/80  total 11804.901  margin 4459.004  hinge 7344.954  tv 0.943  (182s)
  epoch 62/80  total 11836.979  margin 4479.124  hinge 7356.900  tv 0.955  (185s)
  epoch 63/80  total 11839.107  margin 4473.327  hinge 7364.820  tv 0.960  (188s)
  epoch 64/80  total 11842.810  margin 4473.336  hinge 7368.511  tv 0.964  (191s)
  epoch 65/80  total 11847.318  margin 4477.085  hinge 7369.283  tv 0.950  (194s)
  epoch 66/80  total 11831.819  margin 4474.016  hinge 7356.848  tv 0.955  (197s)
  epoch 67/80  total 11820.814  margin 4459.881  hinge 7359.986  tv 0.947  (200s)
  epoch 68/80  total 11823.963  margin 4466.829  hinge 7356.211  tv 0.922  (203s)
  epoch 69/80  total 11814.398  margin 4464.949  hinge 7348.517  tv 0.932  (206s)
  epoch 70/80  total 11831.401  margin 4482.143  hinge 7348.326  tv 0.932  (209s)
  epoch 71/80  total 11813.733  margin 4486.399  hinge 7326.392  tv 0.941  (212s)
  epoch 72/80  total 11764.299  margin 4472.501  hinge 7290.866  tv 0.932  (215s)
  epoch 73/80  total 11759.251  margin 4491.369  hinge 7266.959  tv 0.923  (218s)
  epoch 74/80  total 11732.616  margin 4496.534  hinge 7235.161  tv 0.921  (221s)
  epoch 75/80  total 11734.045  margin 4526.110  hinge 7207.027  tv 0.908  (224s)
  epoch 76/80  total 11720.859  margin 4561.767  hinge 7158.196  tv 0.896  (226s)
  epoch 77/80  total 11664.557  margin 4552.242  hinge 7111.435  tv 0.879  (229s)
  epoch 78/80  total 11562.598  margin 4556.693  hinge 7005.042  tv 0.864  (232s)
  epoch 79/80  total 11410.705  margin 4570.677  hinge 6839.208  tv 0.820  (235s)
  epoch 80/80  total 11274.915  margin 4534.955  hinge 6739.199  tv 0.761  (239s)
[save] patch_examples_s2e_offset_10/universal_patch.png

Evaluating on 1360 images...
PLACEMENT: cleared_middle=92.8% n=11446

==== CAR->VAN — s2e_offset_10 (patch = 10% of bbox) ====
eval images        : 1360
eligible (car clean): 9415
flipped to van      : 1457
lost entirely       : 1192  (hiding side-effect, NOT a flip)

targeted ASR: 0.155   <- HEADLINE
lost rate   : 0.127
