=== exp_lower_03_lr30 | car->van | MODE=adversarial | AREA_FRAC=0.03 | IMG_SIZE=640 | ROT_DEG=20.0 | LR=0.3 | LOWER_TALL=0.6 | LOWER_WIDE=0.75 | MIN_AREA_FRAC=0.001 ===
[eval ] datasets/VisDrone/images/test: 1360 images | 11446 cars | 16628 dropped below 0.10% area
[train] datasets/VisDrone/images/val: 100 images | 1159 cars
  epoch 1/80  total 11939.556  margin 4565.141  hinge 7372.924  tv 1.491  (4s)
  epoch 2/80  total 11915.989  margin 4552.376  hinge 7362.078  tv 1.535  (7s)
  epoch 3/80  total 11923.446  margin 4556.033  hinge 7365.878  tv 1.535  (10s)
  epoch 4/80  total 11924.756  margin 4556.362  hinge 7366.851  tv 1.542  (13s)
  epoch 5/80  total 11921.747  margin 4558.092  hinge 7362.118  tv 1.536  (15s)
  epoch 6/80  total 11918.734  margin 4554.845  hinge 7362.361  tv 1.529  (18s)
  epoch 7/80  total 11931.799  margin 4564.040  hinge 7366.222  tv 1.537  (21s)
  epoch 8/80  total 11928.457  margin 4562.503  hinge 7364.438  tv 1.515  (24s)
  epoch 9/80  total 11922.953  margin 4554.721  hinge 7366.705  tv 1.527  (27s)
  epoch 10/80  total 11933.551  margin 4561.550  hinge 7370.485  tv 1.516  (30s)
  epoch 11/80  total 11929.215  margin 4560.986  hinge 7366.700  tv 1.529  (32s)
  epoch 12/80  total 11924.838  margin 4557.923  hinge 7365.387  tv 1.528  (35s)
  epoch 13/80  total 11919.530  margin 4556.214  hinge 7361.807  tv 1.509  (38s)
  epoch 14/80  total 11923.487  margin 4559.372  hinge 7362.585  tv 1.530  (41s)
  epoch 15/80  total 11926.765  margin 4559.681  hinge 7365.556  tv 1.529  (44s)
  epoch 16/80  total 11929.564  margin 4561.759  hinge 7366.276  tv 1.528  (47s)
  epoch 17/80  total 11926.182  margin 4555.435  hinge 7369.218  tv 1.528  (49s)
  epoch 18/80  total 11923.576  margin 4557.807  hinge 7364.246  tv 1.523  (52s)
  epoch 19/80  total 11922.925  margin 4558.504  hinge 7362.894  tv 1.527  (55s)
  epoch 20/80  total 11934.103  margin 4560.545  hinge 7372.035  tv 1.523  (58s)
  epoch 21/80  total 11928.705  margin 4559.096  hinge 7368.071  tv 1.539  (61s)
  epoch 22/80  total 11927.040  margin 4557.652  hinge 7367.853  tv 1.535  (64s)
  epoch 23/80  total 11911.731  margin 4552.197  hinge 7358.004  tv 1.530  (67s)
  epoch 24/80  total 11927.671  margin 4559.921  hinge 7366.220  tv 1.530  (69s)
  epoch 25/80  total 11913.600  margin 4549.386  hinge 7362.702  tv 1.512  (72s)
  epoch 26/80  total 11920.570  margin 4554.182  hinge 7364.864  tv 1.524  (75s)
  epoch 27/80  total 11920.308  margin 4555.955  hinge 7362.816  tv 1.537  (78s)
  epoch 28/80  total 11924.784  margin 4556.032  hinge 7367.233  tv 1.520  (81s)
  epoch 29/80  total 11922.819  margin 4557.167  hinge 7364.127  tv 1.525  (84s)
  epoch 30/80  total 11924.638  margin 4559.650  hinge 7363.458  tv 1.530  (86s)
  epoch 31/80  total 11932.625  margin 4561.013  hinge 7370.088  tv 1.525  (89s)
  epoch 32/80  total 11926.851  margin 4558.707  hinge 7366.606  tv 1.539  (92s)
  epoch 33/80  total 11921.789  margin 4555.736  hinge 7364.525  tv 1.528  (95s)
  epoch 34/80  total 11926.399  margin 4557.714  hinge 7367.163  tv 1.522  (98s)
  epoch 35/80  total 11916.562  margin 4554.842  hinge 7360.197  tv 1.523  (101s)
  epoch 36/80  total 11927.266  margin 4561.529  hinge 7364.218  tv 1.519  (104s)
  epoch 37/80  total 11937.205  margin 4562.803  hinge 7372.864  tv 1.538  (107s)
  epoch 38/80  total 11927.149  margin 4560.214  hinge 7365.407  tv 1.528  (109s)
  epoch 39/80  total 11936.897  margin 4560.545  hinge 7374.837  tv 1.516  (112s)
  epoch 40/80  total 11925.388  margin 4557.713  hinge 7366.150  tv 1.525  (115s)
  epoch 41/80  total 11929.449  margin 4563.019  hinge 7364.912  tv 1.519  (118s)
  epoch 42/80  total 11922.282  margin 4557.499  hinge 7363.257  tv 1.527  (121s)
  epoch 43/80  total 11927.819  margin 4557.157  hinge 7369.124  tv 1.538  (124s)
  epoch 44/80  total 11925.250  margin 4557.727  hinge 7365.981  tv 1.542  (127s)
  epoch 45/80  total 11923.164  margin 4559.889  hinge 7361.756  tv 1.520  (129s)
  epoch 46/80  total 11916.482  margin 4555.813  hinge 7359.138  tv 1.531  (132s)
  epoch 47/80  total 11929.482  margin 4562.181  hinge 7365.775  tv 1.525  (135s)
  epoch 48/80  total 11931.210  margin 4564.357  hinge 7365.320  tv 1.533  (138s)
  epoch 49/80  total 11921.212  margin 4557.268  hinge 7362.423  tv 1.521  (141s)
  epoch 50/80  total 11910.052  margin 4551.392  hinge 7357.130  tv 1.530  (143s)
  epoch 51/80  total 11919.714  margin 4554.501  hinge 7363.682  tv 1.531  (146s)
  epoch 52/80  total 11923.830  margin 4556.812  hinge 7365.488  tv 1.530  (149s)
  epoch 53/80  total 11924.060  margin 4558.529  hinge 7364.003  tv 1.528  (152s)
  epoch 54/80  total 11930.053  margin 4562.824  hinge 7365.700  tv 1.529  (155s)
  epoch 55/80  total 11920.127  margin 4559.314  hinge 7359.285  tv 1.528  (158s)
  epoch 56/80  total 11924.148  margin 4556.385  hinge 7366.247  tv 1.515  (161s)
  epoch 57/80  total 11924.299  margin 4557.176  hinge 7365.601  tv 1.522  (164s)
  epoch 58/80  total 11928.199  margin 4560.382  hinge 7366.295  tv 1.522  (167s)
  epoch 59/80  total 11923.369  margin 4556.169  hinge 7365.672  tv 1.528  (169s)
  epoch 60/80  total 11918.291  margin 4555.769  hinge 7360.994  tv 1.528  (172s)
  epoch 61/80  total 11921.005  margin 4553.798  hinge 7365.675  tv 1.531  (175s)
  epoch 62/80  total 11916.225  margin 4553.336  hinge 7361.380  tv 1.508  (178s)
  epoch 63/80  total 11925.517  margin 4559.367  hinge 7364.614  tv 1.536  (181s)
  epoch 64/80  total 11917.581  margin 4554.719  hinge 7361.344  tv 1.518  (184s)
  epoch 65/80  total 11923.703  margin 4557.794  hinge 7364.389  tv 1.520  (186s)
  epoch 66/80  total 11920.787  margin 4558.397  hinge 7360.866  tv 1.524  (189s)
  epoch 67/80  total 11926.520  margin 4559.595  hinge 7365.409  tv 1.517  (192s)
  epoch 68/80  total 11914.915  margin 4554.097  hinge 7359.301  tv 1.517  (195s)
  epoch 69/80  total 11920.844  margin 4556.687  hinge 7362.628  tv 1.529  (198s)
  epoch 70/80  total 11926.475  margin 4559.076  hinge 7365.866  tv 1.533  (201s)
  epoch 71/80  total 11925.234  margin 4555.424  hinge 7368.273  tv 1.537  (204s)
  epoch 72/80  total 11922.103  margin 4557.094  hinge 7363.490  tv 1.520  (207s)
  epoch 73/80  total 11933.758  margin 4565.504  hinge 7366.722  tv 1.532  (210s)
  epoch 74/80  total 11922.422  margin 4558.160  hinge 7362.735  tv 1.527  (212s)
  epoch 75/80  total 11924.049  margin 4556.852  hinge 7365.670  tv 1.527  (215s)
  epoch 76/80  total 11920.401  margin 4556.630  hinge 7362.257  tv 1.514  (218s)
  epoch 77/80  total 11927.084  margin 4558.515  hinge 7367.036  tv 1.533  (221s)
  epoch 78/80  total 11925.351  margin 4557.689  hinge 7366.124  tv 1.539  (224s)
  epoch 79/80  total 11927.536  margin 4559.377  hinge 7366.635  tv 1.524  (226s)
  epoch 80/80  total 11932.423  margin 4564.419  hinge 7366.473  tv 1.530  (229s)
[save] patch_examples_exp_lower_03_lr30/universal_patch.png

Evaluating on 1360 images...
ROOF: roof_frac=0.0% n=9216
LOWER: clamped=0.0% mean_on_car_frac=1.000 n=9216

==== CAR->VAN — exp_lower_03_lr30 (patch = 3% of bbox) ====
eval images        : 1360
eligible (car clean): 9415   ambiguous (van@box in clean): 457
flipped to van      : 421  (new-van, patch-induced: 125)
lost entirely       : 338  (hiding side-effect, NOT a flip)

targeted ASR (STRICT, excl 457 ambiguous): 0.014   <- HEADLINE
targeted ASR (new-van / all eligible)      : 0.013
targeted ASR (original, inflated)          : 0.045
lost rate   : 0.036
