=== s2n_center_05_e160 | car->van | MODE=adversarial | AREA_FRAC=0.05 | IMG_SIZE=640 | MIN_AREA_FRAC=0.001 ===
[eval ] datasets/VisDrone/images/test: 1360 images | 11446 cars | 16628 dropped below 0.10% area
[train] datasets/VisDrone/images/val: 100 images | 1159 cars
  epoch 1/160  total 11894.607  margin 4529.350  hinge 7364.098  tv 1.158  (4s)
  epoch 2/160  total 11867.115  margin 4512.919  hinge 7352.996  tv 1.200  (7s)
  epoch 3/160  total 11849.977  margin 4499.250  hinge 7349.556  tv 1.171  (10s)
  epoch 4/160  total 11816.583  margin 4489.500  hinge 7325.946  tv 1.137  (12s)
  epoch 5/160  total 11773.995  margin 4469.600  hinge 7303.298  tv 1.098  (15s)
  epoch 6/160  total 11727.485  margin 4451.041  hinge 7275.408  tv 1.036  (18s)
  epoch 7/160  total 11696.934  margin 4445.533  hinge 7250.418  tv 0.983  (21s)
  epoch 8/160  total 11678.541  margin 4439.574  hinge 7238.016  tv 0.952  (24s)
  epoch 9/160  total 11646.279  margin 4422.218  hinge 7223.135  tv 0.927  (27s)
  epoch 10/160  total 11650.867  margin 4420.876  hinge 7229.080  tv 0.911  (30s)
  epoch 11/160  total 11637.008  margin 4417.918  hinge 7218.189  tv 0.901  (32s)
  epoch 12/160  total 11628.460  margin 4416.356  hinge 7211.220  tv 0.883  (35s)
  epoch 13/160  total 11632.192  margin 4411.359  hinge 7219.953  tv 0.881  (38s)
  epoch 14/160  total 11605.919  margin 4405.028  hinge 7200.029  tv 0.863  (41s)
  epoch 15/160  total 11594.903  margin 4402.175  hinge 7191.875  tv 0.852  (43s)
  epoch 16/160  total 11603.373  margin 4406.747  hinge 7195.765  tv 0.861  (46s)
  epoch 17/160  total 11581.930  margin 4394.434  hinge 7186.646  tv 0.851  (49s)
  epoch 18/160  total 11595.462  margin 4404.190  hinge 7190.426  tv 0.847  (52s)
  epoch 19/160  total 11586.880  margin 4400.069  hinge 7185.971  tv 0.840  (55s)
  epoch 20/160  total 11587.395  margin 4401.605  hinge 7184.943  tv 0.847  (58s)
  epoch 21/160  total 11603.038  margin 4406.181  hinge 7196.021  tv 0.837  (60s)
  epoch 22/160  total 11584.052  margin 4392.859  hinge 7190.367  tv 0.827  (63s)
  epoch 23/160  total 11571.183  margin 4388.408  hinge 7181.953  tv 0.822  (66s)
  epoch 24/160  total 11576.528  margin 4391.176  hinge 7184.523  tv 0.830  (69s)
  epoch 25/160  total 11593.307  margin 4406.469  hinge 7186.002  tv 0.836  (72s)
  epoch 26/160  total 11597.820  margin 4400.959  hinge 7196.016  tv 0.845  (74s)
  epoch 27/160  total 11588.838  margin 4400.290  hinge 7187.707  tv 0.842  (77s)
  epoch 28/160  total 11591.352  margin 4398.124  hinge 7192.402  tv 0.826  (80s)
  epoch 29/160  total 11585.591  margin 4401.431  hinge 7183.336  tv 0.824  (83s)
  epoch 30/160  total 11578.334  margin 4394.535  hinge 7182.977  tv 0.821  (85s)
  epoch 31/160  total 11563.942  margin 4391.717  hinge 7171.410  tv 0.816  (88s)
  epoch 32/160  total 11581.765  margin 4397.761  hinge 7183.195  tv 0.809  (91s)
  epoch 33/160  total 11570.851  margin 4389.414  hinge 7180.627  tv 0.810  (94s)
  epoch 34/160  total 11570.795  margin 4392.148  hinge 7177.829  tv 0.818  (97s)
  epoch 35/160  total 11561.076  margin 4381.298  hinge 7178.968  tv 0.810  (100s)
  epoch 36/160  total 11571.213  margin 4395.024  hinge 7175.381  tv 0.808  (102s)
  epoch 37/160  total 11553.734  margin 4386.479  hinge 7166.450  tv 0.806  (105s)
  epoch 38/160  total 11561.118  margin 4387.761  hinge 7172.550  tv 0.807  (108s)
  epoch 39/160  total 11568.425  margin 4391.468  hinge 7176.163  tv 0.795  (111s)
  epoch 40/160  total 11568.030  margin 4390.463  hinge 7176.767  tv 0.799  (114s)
  epoch 41/160  total 11558.795  margin 4387.854  hinge 7170.142  tv 0.798  (116s)
  epoch 42/160  total 11572.447  margin 4392.430  hinge 7179.210  tv 0.807  (119s)
  epoch 43/160  total 11562.657  margin 4392.380  hinge 7169.471  tv 0.806  (122s)
  epoch 44/160  total 11555.559  margin 4386.488  hinge 7168.265  tv 0.806  (125s)
  epoch 45/160  total 11559.272  margin 4392.338  hinge 7166.133  tv 0.801  (128s)
  epoch 46/160  total 11560.783  margin 4388.200  hinge 7171.784  tv 0.798  (130s)
  epoch 47/160  total 11568.721  margin 4392.272  hinge 7175.631  tv 0.818  (133s)
  epoch 48/160  total 11557.826  margin 4386.068  hinge 7170.946  tv 0.812  (136s)
  epoch 49/160  total 11558.973  margin 4385.124  hinge 7173.042  tv 0.807  (139s)
  epoch 50/160  total 11564.483  margin 4389.160  hinge 7174.517  tv 0.807  (142s)
  epoch 51/160  total 11566.236  margin 4388.880  hinge 7176.539  tv 0.817  (144s)
  epoch 52/160  total 11554.627  margin 4382.455  hinge 7171.364  tv 0.809  (147s)
  epoch 53/160  total 11564.330  margin 4386.254  hinge 7177.269  tv 0.807  (150s)
  epoch 54/160  total 11556.544  margin 4386.596  hinge 7169.147  tv 0.801  (153s)
  epoch 55/160  total 11544.722  margin 4379.385  hinge 7164.545  tv 0.791  (156s)
  epoch 56/160  total 11553.444  margin 4382.589  hinge 7170.055  tv 0.800  (158s)
  epoch 57/160  total 11562.099  margin 4385.755  hinge 7175.540  tv 0.804  (161s)
  epoch 58/160  total 11563.358  margin 4386.872  hinge 7175.683  tv 0.803  (164s)
  epoch 59/160  total 11569.953  margin 4388.923  hinge 7180.219  tv 0.810  (167s)
  epoch 60/160  total 11552.243  margin 4380.501  hinge 7170.942  tv 0.800  (169s)
  epoch 61/160  total 11550.330  margin 4383.142  hinge 7166.405  tv 0.783  (172s)
  epoch 62/160  total 11566.917  margin 4388.059  hinge 7178.048  tv 0.809  (175s)
  epoch 63/160  total 11558.389  margin 4391.285  hinge 7166.305  tv 0.800  (178s)
  epoch 64/160  total 11558.957  margin 4393.490  hinge 7164.677  tv 0.790  (181s)
  epoch 65/160  total 11589.601  margin 4402.939  hinge 7185.855  tv 0.807  (183s)
  epoch 66/160  total 11550.990  margin 4380.281  hinge 7169.925  tv 0.784  (186s)
  epoch 67/160  total 11569.600  margin 4394.081  hinge 7174.736  tv 0.783  (189s)
  epoch 68/160  total 11552.751  margin 4386.312  hinge 7165.643  tv 0.797  (192s)
  epoch 69/160  total 11567.600  margin 4391.402  hinge 7175.393  tv 0.805  (195s)
  epoch 70/160  total 11562.640  margin 4389.096  hinge 7172.750  tv 0.794  (197s)
  epoch 71/160  total 11557.587  margin 4386.828  hinge 7169.975  tv 0.783  (200s)
  epoch 72/160  total 11572.396  margin 4398.094  hinge 7173.503  tv 0.799  (203s)
  epoch 73/160  total 11554.098  margin 4385.839  hinge 7167.460  tv 0.799  (206s)
  epoch 74/160  total 11564.648  margin 4390.786  hinge 7173.049  tv 0.813  (208s)
  epoch 75/160  total 11559.648  margin 4396.227  hinge 7162.613  tv 0.808  (211s)
  epoch 76/160  total 11556.781  margin 4387.486  hinge 7168.502  tv 0.793  (214s)
  epoch 77/160  total 11546.947  margin 4381.011  hinge 7165.135  tv 0.801  (217s)
  epoch 78/160  total 11555.619  margin 4387.676  hinge 7167.147  tv 0.796  (220s)
  epoch 79/160  total 11567.390  margin 4391.157  hinge 7175.426  tv 0.807  (222s)
  epoch 80/160  total 11550.015  margin 4383.113  hinge 7166.106  tv 0.796  (225s)
  epoch 81/160  total 11564.526  margin 4391.371  hinge 7172.366  tv 0.789  (228s)
  epoch 82/160  total 11560.291  margin 4391.464  hinge 7168.041  tv 0.786  (231s)
  epoch 83/160  total 11572.246  margin 4394.751  hinge 7176.705  tv 0.790  (234s)
  epoch 84/160  total 11547.545  margin 4382.475  hinge 7164.286  tv 0.784  (236s)
  epoch 85/160  total 11561.392  margin 4390.156  hinge 7170.453  tv 0.783  (239s)
  epoch 86/160  total 11544.380  margin 4387.726  hinge 7155.872  tv 0.782  (242s)
  epoch 87/160  total 11570.570  margin 4394.237  hinge 7175.532  tv 0.801  (245s)
  epoch 88/160  total 11550.971  margin 4387.197  hinge 7162.991  tv 0.783  (247s)
  epoch 89/160  total 11553.509  margin 4381.080  hinge 7171.640  tv 0.788  (250s)
  epoch 90/160  total 11552.246  margin 4385.236  hinge 7166.231  tv 0.778  (253s)
  epoch 91/160  total 11565.266  margin 4396.568  hinge 7167.913  tv 0.785  (256s)
  epoch 92/160  total 11545.721  margin 4382.522  hinge 7162.414  tv 0.785  (259s)
  epoch 93/160  total 11552.530  margin 4385.213  hinge 7166.532  tv 0.785  (262s)
  epoch 94/160  total 11564.394  margin 4397.327  hinge 7166.285  tv 0.782  (264s)
  epoch 95/160  total 11574.099  margin 4393.400  hinge 7179.899  tv 0.801  (267s)
  epoch 96/160  total 11577.472  margin 4399.039  hinge 7177.637  tv 0.796  (270s)
  epoch 97/160  total 11543.499  margin 4386.188  hinge 7156.530  tv 0.780  (273s)
  epoch 98/160  total 11554.617  margin 4384.037  hinge 7169.803  tv 0.778  (276s)
  epoch 99/160  total 11570.453  margin 4400.789  hinge 7168.887  tv 0.777  (278s)
  epoch 100/160  total 11558.157  margin 4384.180  hinge 7173.206  tv 0.771  (281s)
  epoch 101/160  total 11567.609  margin 4396.863  hinge 7169.966  tv 0.779  (284s)
  epoch 102/160  total 11558.466  margin 4393.955  hinge 7163.730  tv 0.782  (287s)
  epoch 103/160  total 11564.534  margin 4396.401  hinge 7167.337  tv 0.795  (289s)
  epoch 104/160  total 11574.995  margin 4403.599  hinge 7170.596  tv 0.800  (292s)
  epoch 105/160  total 11555.320  margin 4393.584  hinge 7160.940  tv 0.796  (295s)
  epoch 106/160  total 11558.198  margin 4389.518  hinge 7167.867  tv 0.813  (298s)
  epoch 107/160  total 11553.627  margin 4385.228  hinge 7167.606  tv 0.793  (301s)
  epoch 108/160  total 11551.560  margin 4387.374  hinge 7163.408  tv 0.778  (304s)
  epoch 109/160  total 11553.382  margin 4382.175  hinge 7170.423  tv 0.784  (306s)
  epoch 110/160  total 11558.781  margin 4390.898  hinge 7167.084  tv 0.800  (309s)
  epoch 111/160  total 11548.465  margin 4383.419  hinge 7164.237  tv 0.808  (312s)
  epoch 112/160  total 11574.411  margin 4393.883  hinge 7179.725  tv 0.802  (315s)
  epoch 113/160  total 11557.270  margin 4384.586  hinge 7171.898  tv 0.786  (318s)
  epoch 114/160  total 11579.328  margin 4401.758  hinge 7176.784  tv 0.787  (321s)
  epoch 115/160  total 11550.275  margin 4389.222  hinge 7160.263  tv 0.790  (324s)
  epoch 116/160  total 11565.230  margin 4392.863  hinge 7171.577  tv 0.789  (327s)
  epoch 117/160  total 11553.557  margin 4385.737  hinge 7167.032  tv 0.788  (330s)
  epoch 118/160  total 11547.563  margin 4377.837  hinge 7168.938  tv 0.789  (332s)
  epoch 119/160  total 11555.067  margin 4390.332  hinge 7163.935  tv 0.799  (335s)
  epoch 120/160  total 11550.332  margin 4381.329  hinge 7168.220  tv 0.782  (338s)
  epoch 121/160  total 11550.682  margin 4381.909  hinge 7168.002  tv 0.770  (341s)
  epoch 122/160  total 11532.457  margin 4375.140  hinge 7156.545  tv 0.772  (344s)
  epoch 123/160  total 11572.465  margin 4390.772  hinge 7180.907  tv 0.785  (346s)
  epoch 124/160  total 11568.144  margin 4389.660  hinge 7177.687  tv 0.796  (349s)
  epoch 125/160  total 11562.858  margin 4386.135  hinge 7175.937  tv 0.786  (352s)
  epoch 126/160  total 11556.530  margin 4390.529  hinge 7165.220  tv 0.780  (355s)
  epoch 127/160  total 11569.730  margin 4391.099  hinge 7177.853  tv 0.778  (358s)
  epoch 128/160  total 11530.914  margin 4372.810  hinge 7157.324  tv 0.780  (360s)
  epoch 129/160  total 11549.235  margin 4384.917  hinge 7163.531  tv 0.788  (363s)
  epoch 130/160  total 11553.844  margin 4387.854  hinge 7165.204  tv 0.786  (366s)
  epoch 131/160  total 11565.859  margin 4389.368  hinge 7175.711  tv 0.779  (369s)
  epoch 132/160  total 11562.590  margin 4391.891  hinge 7169.915  tv 0.784  (372s)
  epoch 133/160  total 11527.778  margin 4371.954  hinge 7155.045  tv 0.779  (375s)
  epoch 134/160  total 11542.343  margin 4379.608  hinge 7161.961  tv 0.775  (377s)
  epoch 135/160  total 11556.141  margin 4387.953  hinge 7167.405  tv 0.783  (380s)
  epoch 136/160  total 11538.265  margin 4379.868  hinge 7157.610  tv 0.786  (383s)
  epoch 137/160  total 11529.115  margin 4377.553  hinge 7150.782  tv 0.780  (386s)
  epoch 138/160  total 11548.961  margin 4383.378  hinge 7164.811  tv 0.772  (389s)
  epoch 139/160  total 11544.249  margin 4381.365  hinge 7162.110  tv 0.774  (391s)
  epoch 140/160  total 11560.628  margin 4390.681  hinge 7169.174  tv 0.773  (394s)
  epoch 141/160  total 11554.570  margin 4384.894  hinge 7168.897  tv 0.779  (397s)
  epoch 142/160  total 11567.729  margin 4394.430  hinge 7172.516  tv 0.783  (400s)
  epoch 143/160  total 11548.814  margin 4382.809  hinge 7165.226  tv 0.779  (403s)
  epoch 144/160  total 11568.004  margin 4393.906  hinge 7173.319  tv 0.779  (405s)
  epoch 145/160  total 11554.192  margin 4387.130  hinge 7166.294  tv 0.768  (408s)
  epoch 146/160  total 11554.313  margin 4385.499  hinge 7168.046  tv 0.768  (411s)
  epoch 147/160  total 11556.329  margin 4381.176  hinge 7174.393  tv 0.760  (414s)
  epoch 148/160  total 11537.458  margin 4374.365  hinge 7162.324  tv 0.770  (417s)
  epoch 149/160  total 11558.552  margin 4385.392  hinge 7172.385  tv 0.775  (420s)
  epoch 150/160  total 11550.019  margin 4387.201  hinge 7162.047  tv 0.770  (422s)
  epoch 151/160  total 11548.299  margin 4382.134  hinge 7165.394  tv 0.771  (425s)
  epoch 152/160  total 11578.460  margin 4395.336  hinge 7182.348  tv 0.776  (428s)
  epoch 153/160  total 11549.478  margin 4385.602  hinge 7163.102  tv 0.774  (431s)
  epoch 154/160  total 11548.319  margin 4386.144  hinge 7161.406  tv 0.769  (434s)
  epoch 155/160  total 11550.253  margin 4381.431  hinge 7168.053  tv 0.769  (436s)
  epoch 156/160  total 11543.423  margin 4374.458  hinge 7168.204  tv 0.761  (439s)
  epoch 157/160  total 11563.337  margin 4388.052  hinge 7174.517  tv 0.769  (442s)
  epoch 158/160  total 11539.163  margin 4376.242  hinge 7162.158  tv 0.763  (445s)
  epoch 159/160  total 11551.757  margin 4384.649  hinge 7166.346  tv 0.762  (447s)
  epoch 160/160  total 11541.840  margin 4379.954  hinge 7161.134  tv 0.752  (450s)
[save] patch_examples_s2n_center_05_e160/universal_patch.png

Evaluating on 1360 images...
ROOF: roof_frac=4.8% n=11446

==== CAR->VAN — s2n_center_05_e160 (patch = 5% of bbox) ====
eval images        : 1360
eligible (car clean): 9415
flipped to van      : 1059
lost entirely       : 871  (hiding side-effect, NOT a flip)

targeted ASR: 0.112   <- HEADLINE
lost rate   : 0.093
