=== s2_adv_20 | car->van | MODE=adversarial | AREA_FRAC=0.2 | IMG_SIZE=640 | MIN_AREA_FRAC=0.001 ===
[eval ] datasets/VisDrone/images/test: 1360 images | 11446 cars | 16628 dropped below 0.10% area
[train] datasets/VisDrone/images/val: 100 images | 1159 cars
  epoch 1/80  total 4375.640  margin 4374.425  tv 1.216  (4s)
  epoch 2/80  total 4265.239  margin 4264.160  tv 1.079  (7s)
  epoch 3/80  total 4202.264  margin 4201.288  tv 0.975  (10s)
  epoch 4/80  total 4161.790  margin 4160.855  tv 0.935  (13s)
  epoch 5/80  total 4151.814  margin 4150.909  tv 0.905  (15s)
  epoch 6/80  total 4128.363  margin 4127.481  tv 0.882  (18s)
  epoch 7/80  total 4121.770  margin 4120.898  tv 0.871  (21s)
  epoch 8/80  total 4093.732  margin 4092.886  tv 0.846  (23s)
  epoch 9/80  total 4102.729  margin 4101.901  tv 0.829  (26s)
  epoch 10/80  total 4086.412  margin 4085.589  tv 0.822  (29s)
  epoch 11/80  total 4084.507  margin 4083.691  tv 0.816  (32s)
  epoch 12/80  total 4088.893  margin 4088.056  tv 0.837  (34s)
  epoch 13/80  total 4089.545  margin 4088.726  tv 0.820  (37s)
  epoch 14/80  total 4087.209  margin 4086.399  tv 0.810  (40s)
  epoch 15/80  total 4096.174  margin 4095.368  tv 0.807  (42s)
  epoch 16/80  total 4074.891  margin 4074.092  tv 0.799  (45s)
  epoch 17/80  total 4074.702  margin 4073.903  tv 0.799  (48s)
  epoch 18/80  total 4073.208  margin 4072.416  tv 0.792  (51s)
  epoch 19/80  total 4073.737  margin 4072.944  tv 0.793  (53s)
  epoch 20/80  total 4078.913  margin 4078.113  tv 0.800  (56s)
  epoch 21/80  total 4077.260  margin 4076.457  tv 0.804  (59s)
  epoch 22/80  total 4070.341  margin 4069.527  tv 0.814  (61s)
  epoch 23/80  total 4071.143  margin 4070.340  tv 0.803  (64s)
  epoch 24/80  total 4071.474  margin 4070.671  tv 0.803  (67s)
  epoch 25/80  total 4067.597  margin 4066.794  tv 0.804  (70s)
  epoch 26/80  total 4048.025  margin 4047.244  tv 0.781  (72s)
  epoch 27/80  total 4049.491  margin 4048.721  tv 0.770  (75s)
  epoch 28/80  total 4067.656  margin 4066.875  tv 0.782  (78s)
  epoch 29/80  total 4066.324  margin 4065.541  tv 0.783  (80s)
  epoch 30/80  total 4063.203  margin 4062.422  tv 0.781  (83s)
  epoch 31/80  total 4054.488  margin 4053.708  tv 0.780  (86s)
  epoch 32/80  total 4051.317  margin 4050.546  tv 0.770  (89s)
  epoch 33/80  total 4055.942  margin 4055.160  tv 0.781  (92s)
  epoch 34/80  total 4064.724  margin 4063.933  tv 0.792  (95s)
  epoch 35/80  total 4059.916  margin 4059.122  tv 0.794  (97s)
  epoch 36/80  total 4047.100  margin 4046.313  tv 0.787  (100s)
  epoch 37/80  total 4050.355  margin 4049.557  tv 0.799  (103s)
  epoch 38/80  total 4058.886  margin 4058.103  tv 0.783  (106s)
  epoch 39/80  total 4051.372  margin 4050.601  tv 0.771  (108s)
  epoch 40/80  total 4069.626  margin 4068.844  tv 0.782  (111s)
  epoch 41/80  total 4057.075  margin 4056.289  tv 0.786  (114s)
  epoch 42/80  total 4063.224  margin 4062.442  tv 0.782  (117s)
  epoch 43/80  total 4075.617  margin 4074.818  tv 0.799  (119s)
  epoch 44/80  total 4058.596  margin 4057.805  tv 0.791  (122s)
  epoch 45/80  total 4068.330  margin 4067.544  tv 0.786  (125s)
  epoch 46/80  total 4058.365  margin 4057.579  tv 0.787  (128s)
  epoch 47/80  total 4064.471  margin 4063.682  tv 0.790  (130s)
  epoch 48/80  total 4065.207  margin 4064.411  tv 0.796  (133s)
  epoch 49/80  total 4065.049  margin 4064.250  tv 0.799  (136s)
  epoch 50/80  total 4063.734  margin 4062.937  tv 0.797  (138s)
  epoch 51/80  total 4060.361  margin 4059.573  tv 0.788  (141s)
  epoch 52/80  total 4061.098  margin 4060.306  tv 0.792  (144s)
  epoch 53/80  total 4049.673  margin 4048.884  tv 0.789  (146s)
  epoch 54/80  total 4050.239  margin 4049.441  tv 0.798  (149s)
  epoch 55/80  total 4043.398  margin 4042.611  tv 0.787  (152s)
  epoch 56/80  total 4057.427  margin 4056.620  tv 0.806  (155s)
  epoch 57/80  total 4056.442  margin 4055.649  tv 0.793  (158s)
  epoch 58/80  total 4070.848  margin 4070.037  tv 0.811  (160s)
  epoch 59/80  total 4075.850  margin 4075.041  tv 0.808  (163s)
  epoch 60/80  total 4058.796  margin 4057.998  tv 0.798  (166s)
  epoch 61/80  total 4063.209  margin 4062.420  tv 0.789  (168s)
  epoch 62/80  total 4067.040  margin 4066.256  tv 0.784  (171s)
  epoch 63/80  total 4060.102  margin 4059.311  tv 0.790  (174s)
  epoch 64/80  total 4076.679  margin 4075.889  tv 0.790  (176s)
  epoch 65/80  total 4053.724  margin 4052.937  tv 0.787  (179s)
  epoch 66/80  total 4055.001  margin 4054.213  tv 0.788  (182s)
  epoch 67/80  total 4063.402  margin 4062.616  tv 0.785  (185s)
  epoch 68/80  total 4055.956  margin 4055.169  tv 0.787  (187s)
  epoch 69/80  total 4064.158  margin 4063.358  tv 0.800  (190s)
  epoch 70/80  total 4055.281  margin 4054.495  tv 0.786  (193s)
  epoch 71/80  total 4068.483  margin 4067.700  tv 0.783  (195s)
  epoch 72/80  total 4060.366  margin 4059.581  tv 0.785  (198s)
  epoch 73/80  total 4061.830  margin 4061.036  tv 0.794  (201s)
  epoch 74/80  total 4071.712  margin 4070.912  tv 0.799  (203s)
  epoch 75/80  total 4066.151  margin 4065.350  tv 0.801  (206s)
  epoch 76/80  total 4062.190  margin 4061.399  tv 0.791  (209s)
  epoch 77/80  total 4066.810  margin 4066.014  tv 0.796  (212s)
  epoch 78/80  total 4057.197  margin 4056.398  tv 0.799  (214s)
  epoch 79/80  total 4063.472  margin 4062.667  tv 0.805  (217s)
  epoch 80/80  total 4065.619  margin 4064.809  tv 0.810  (220s)
[save] patch_examples_s2_adv_20/universal_patch.png

Evaluating on 1360 images...

==== CAR->VAN — s2_adv_20 (patch = 20% of bbox) ====
eval images        : 1360
eligible (car clean): 9415
flipped to van      : 1123
lost entirely       : 4074  (hiding side-effect, NOT a flip)

targeted ASR: 0.119   <- HEADLINE
lost rate   : 0.433
