=== s2k_center_07 | car->van | MODE=adversarial | AREA_FRAC=0.07 | IMG_SIZE=640 | MIN_AREA_FRAC=0.001 ===
[eval ] datasets/VisDrone/images/test: 1360 images | 11446 cars | 16628 dropped below 0.10% area
[train] datasets/VisDrone/images/val: 100 images | 1159 cars
  epoch 1/80  total 11884.417  margin 4517.658  hinge 7365.590  tv 1.169  (4s)
  epoch 2/80  total 11850.514  margin 4496.093  hinge 7353.255  tv 1.167  (7s)
  epoch 3/80  total 11824.897  margin 4483.643  hinge 7340.105  tv 1.148  (10s)
  epoch 4/80  total 11789.313  margin 4470.719  hinge 7317.467  tv 1.126  (12s)
  epoch 5/80  total 11741.680  margin 4447.611  hinge 7293.013  tv 1.056  (15s)
  epoch 6/80  total 11668.491  margin 4427.055  hinge 7240.452  tv 0.984  (18s)
  epoch 7/80  total 11621.734  margin 4409.342  hinge 7211.461  tv 0.931  (21s)
  epoch 8/80  total 11586.577  margin 4401.542  hinge 7184.106  tv 0.929  (24s)
  epoch 9/80  total 11574.596  margin 4391.980  hinge 7181.713  tv 0.903  (26s)
  epoch 10/80  total 11533.805  margin 4368.932  hinge 7164.000  tv 0.873  (29s)
  epoch 11/80  total 11536.582  margin 4370.629  hinge 7165.094  tv 0.859  (32s)
  epoch 12/80  total 11509.157  margin 4361.786  hinge 7146.517  tv 0.854  (35s)
  epoch 13/80  total 11537.864  margin 4377.747  hinge 7159.260  tv 0.857  (38s)
  epoch 14/80  total 11494.265  margin 4356.517  hinge 7136.912  tv 0.835  (40s)
  epoch 15/80  total 11493.115  margin 4361.752  hinge 7130.541  tv 0.822  (43s)
  epoch 16/80  total 11495.539  margin 4357.610  hinge 7137.093  tv 0.836  (46s)
  epoch 17/80  total 11454.220  margin 4346.791  hinge 7106.607  tv 0.821  (49s)
  epoch 18/80  total 11480.735  margin 4359.156  hinge 7120.757  tv 0.822  (52s)
  epoch 19/80  total 11457.076  margin 4340.863  hinge 7115.412  tv 0.801  (55s)
  epoch 20/80  total 11465.740  margin 4357.793  hinge 7107.143  tv 0.805  (57s)
  epoch 21/80  total 11446.712  margin 4338.251  hinge 7107.673  tv 0.788  (60s)
  epoch 22/80  total 11446.362  margin 4344.422  hinge 7101.143  tv 0.797  (63s)
  epoch 23/80  total 11408.485  margin 4319.818  hinge 7087.884  tv 0.783  (66s)
  epoch 24/80  total 11425.375  margin 4336.022  hinge 7088.565  tv 0.788  (69s)
  epoch 25/80  total 11447.442  margin 4347.809  hinge 7098.855  tv 0.778  (71s)
  epoch 26/80  total 11437.201  margin 4337.676  hinge 7098.743  tv 0.781  (74s)
  epoch 27/80  total 11436.169  margin 4338.807  hinge 7096.574  tv 0.788  (77s)
  epoch 28/80  total 11440.877  margin 4340.699  hinge 7099.403  tv 0.776  (80s)
  epoch 29/80  total 11415.665  margin 4338.689  hinge 7076.216  tv 0.761  (83s)
  epoch 30/80  total 11459.500  margin 4357.173  hinge 7101.518  tv 0.810  (85s)
  epoch 31/80  total 11452.748  margin 4356.384  hinge 7095.558  tv 0.806  (88s)
  epoch 32/80  total 11445.246  margin 4347.673  hinge 7096.783  tv 0.791  (91s)
  epoch 33/80  total 11442.287  margin 4338.784  hinge 7102.724  tv 0.779  (94s)
  epoch 34/80  total 11420.765  margin 4340.956  hinge 7079.027  tv 0.781  (96s)
  epoch 35/80  total 11433.571  margin 4335.522  hinge 7097.272  tv 0.777  (99s)
  epoch 36/80  total 11416.904  margin 4336.876  hinge 7079.260  tv 0.768  (102s)
  epoch 37/80  total 11416.124  margin 4333.800  hinge 7081.552  tv 0.772  (105s)
  epoch 38/80  total 11446.068  margin 4343.956  hinge 7101.312  tv 0.801  (108s)
  epoch 39/80  total 11404.367  margin 4334.736  hinge 7068.862  tv 0.769  (110s)
  epoch 40/80  total 11437.509  margin 4349.348  hinge 7087.402  tv 0.759  (113s)
  epoch 41/80  total 11442.523  margin 4348.892  hinge 7092.862  tv 0.769  (116s)
  epoch 42/80  total 11420.480  margin 4339.864  hinge 7079.861  tv 0.755  (119s)
  epoch 43/80  total 11439.409  margin 4353.961  hinge 7084.664  tv 0.784  (121s)
  epoch 44/80  total 11449.108  margin 4352.417  hinge 7095.884  tv 0.807  (124s)
  epoch 45/80  total 11428.657  margin 4347.621  hinge 7080.259  tv 0.777  (127s)
  epoch 46/80  total 11388.316  margin 4330.334  hinge 7057.220  tv 0.761  (130s)
  epoch 47/80  total 11393.177  margin 4331.781  hinge 7060.617  tv 0.778  (133s)
  epoch 48/80  total 11450.031  margin 4364.553  hinge 7084.672  tv 0.806  (136s)
  epoch 49/80  total 11407.989  margin 4332.958  hinge 7074.261  tv 0.770  (138s)
  epoch 50/80  total 11429.440  margin 4346.338  hinge 7082.317  tv 0.785  (141s)
  epoch 51/80  total 11414.106  margin 4332.211  hinge 7081.141  tv 0.754  (144s)
  epoch 52/80  total 11417.852  margin 4343.483  hinge 7073.615  tv 0.754  (147s)
  epoch 53/80  total 11403.881  margin 4330.913  hinge 7072.226  tv 0.742  (150s)
  epoch 54/80  total 11404.843  margin 4339.586  hinge 7064.504  tv 0.753  (152s)
  epoch 55/80  total 11401.054  margin 4332.758  hinge 7067.551  tv 0.745  (155s)
  epoch 56/80  total 11386.002  margin 4332.117  hinge 7053.135  tv 0.751  (158s)
  epoch 57/80  total 11394.400  margin 4334.225  hinge 7059.431  tv 0.744  (161s)
  epoch 58/80  total 11398.534  margin 4324.604  hinge 7073.191  tv 0.739  (164s)
  epoch 59/80  total 11422.443  margin 4343.136  hinge 7078.529  tv 0.778  (166s)
  epoch 60/80  total 11377.702  margin 4322.139  hinge 7054.810  tv 0.754  (169s)
  epoch 61/80  total 11406.621  margin 4334.986  hinge 7070.889  tv 0.746  (172s)
  epoch 62/80  total 11395.446  margin 4326.737  hinge 7067.970  tv 0.739  (175s)
  epoch 63/80  total 11411.104  margin 4345.210  hinge 7065.115  tv 0.779  (178s)
  epoch 64/80  total 11396.858  margin 4337.604  hinge 7058.482  tv 0.771  (180s)
  epoch 65/80  total 11397.764  margin 4338.579  hinge 7058.422  tv 0.763  (183s)
  epoch 66/80  total 11409.749  margin 4339.372  hinge 7069.630  tv 0.747  (186s)
  epoch 67/80  total 11396.333  margin 4330.785  hinge 7064.802  tv 0.746  (189s)
  epoch 68/80  total 11372.683  margin 4329.896  hinge 7042.046  tv 0.740  (191s)
  epoch 69/80  total 11391.943  margin 4327.795  hinge 7063.411  tv 0.736  (194s)
  epoch 70/80  total 11402.462  margin 4329.972  hinge 7071.755  tv 0.735  (197s)
  epoch 71/80  total 11376.844  margin 4333.212  hinge 7042.914  tv 0.718  (200s)
  epoch 72/80  total 11391.566  margin 4342.042  hinge 7048.776  tv 0.749  (203s)
  epoch 73/80  total 11381.698  margin 4335.550  hinge 7045.397  tv 0.750  (205s)
  epoch 74/80  total 11394.538  margin 4343.920  hinge 7049.871  tv 0.747  (208s)
  epoch 75/80  total 11384.563  margin 4336.518  hinge 7047.289  tv 0.756  (211s)
  epoch 76/80  total 11414.263  margin 4346.919  hinge 7066.570  tv 0.775  (214s)
  epoch 77/80  total 11393.231  margin 4336.030  hinge 7056.435  tv 0.766  (216s)
  epoch 78/80  total 11379.632  margin 4334.833  hinge 7044.071  tv 0.728  (219s)
  epoch 79/80  total 11403.257  margin 4337.234  hinge 7065.281  tv 0.741  (222s)
  epoch 80/80  total 11377.948  margin 4326.985  hinge 7050.226  tv 0.736  (225s)
[save] patch_examples_s2k_center_07/universal_patch.png

Evaluating on 1360 images...
ROOF: roof_frac=0.0% n=11446

==== CAR->VAN — s2k_center_07 (patch = 7% of bbox) ====
eval images        : 1360
eligible (car clean): 9415
flipped to van      : 1393
lost entirely       : 1224  (hiding side-effect, NOT a flip)

targeted ASR: 0.148   <- HEADLINE
lost rate   : 0.130
