=== s2g3_offset_15 | car->van | MODE=adversarial | AREA_FRAC=0.15 | IMG_SIZE=640 | MIN_AREA_FRAC=0.001 ===
[eval ] datasets/VisDrone/images/test: 1360 images | 11446 cars | 16628 dropped below 0.10% area
[train] datasets/VisDrone/images/val: 100 images | 1159 cars
  epoch 1/80  total 11969.187  margin 4542.950  hinge 7425.035  tv 1.203  (4s)
  epoch 2/80  total 11903.325  margin 4509.251  hinge 7392.934  tv 1.140  (7s)
  epoch 3/80  total 11862.004  margin 4479.901  hinge 7381.025  tv 1.079  (10s)
  epoch 4/80  total 11807.427  margin 4436.565  hinge 7369.833  tv 1.029  (13s)
  epoch 5/80  total 11769.170  margin 4418.224  hinge 7349.939  tv 1.007  (16s)
  epoch 6/80  total 11761.608  margin 4415.841  hinge 7344.770  tv 0.997  (19s)
  epoch 7/80  total 11755.900  margin 4411.840  hinge 7343.087  tv 0.973  (22s)
  epoch 8/80  total 11701.279  margin 4398.564  hinge 7301.742  tv 0.973  (24s)
  epoch 9/80  total 11711.928  margin 4397.302  hinge 7313.691  tv 0.935  (27s)
  epoch 10/80  total 11717.139  margin 4395.568  hinge 7320.636  tv 0.934  (30s)
  epoch 11/80  total 11705.682  margin 4394.695  hinge 7310.052  tv 0.935  (33s)
  epoch 12/80  total 11730.917  margin 4409.166  hinge 7320.816  tv 0.934  (36s)
  epoch 13/80  total 11672.666  margin 4384.013  hinge 7287.737  tv 0.915  (39s)
  epoch 14/80  total 11663.537  margin 4378.805  hinge 7283.826  tv 0.906  (42s)
  epoch 15/80  total 11653.274  margin 4380.761  hinge 7271.605  tv 0.908  (45s)
  epoch 16/80  total 11647.234  margin 4378.406  hinge 7267.918  tv 0.910  (48s)
  epoch 17/80  total 11679.795  margin 4389.547  hinge 7289.328  tv 0.920  (51s)
  epoch 18/80  total 11733.425  margin 4410.843  hinge 7321.666  tv 0.917  (54s)
  epoch 19/80  total 11670.966  margin 4380.773  hinge 7289.304  tv 0.889  (57s)
  epoch 20/80  total 11647.335  margin 4365.265  hinge 7281.173  tv 0.897  (60s)
  epoch 21/80  total 11635.877  margin 4371.413  hinge 7263.553  tv 0.911  (63s)
  epoch 22/80  total 11646.739  margin 4373.896  hinge 7271.941  tv 0.902  (66s)
  epoch 23/80  total 11632.850  margin 4356.946  hinge 7274.992  tv 0.912  (69s)
  epoch 24/80  total 11625.149  margin 4368.164  hinge 7256.079  tv 0.906  (72s)
  epoch 25/80  total 11652.981  margin 4385.057  hinge 7267.011  tv 0.913  (75s)
  epoch 26/80  total 11659.828  margin 4381.366  hinge 7277.551  tv 0.911  (78s)
  epoch 27/80  total 11646.964  margin 4376.585  hinge 7269.467  tv 0.912  (81s)
  epoch 28/80  total 11654.781  margin 4371.376  hinge 7282.494  tv 0.911  (84s)
  epoch 29/80  total 11666.367  margin 4380.310  hinge 7285.158  tv 0.899  (87s)
  epoch 30/80  total 11656.667  margin 4383.488  hinge 7272.279  tv 0.900  (90s)
  epoch 31/80  total 11657.638  margin 4372.470  hinge 7284.272  tv 0.896  (92s)
  epoch 32/80  total 11612.381  margin 4346.405  hinge 7265.098  tv 0.878  (95s)
  epoch 33/80  total 11643.757  margin 4370.647  hinge 7272.220  tv 0.890  (98s)
  epoch 34/80  total 11632.925  margin 4358.592  hinge 7273.435  tv 0.898  (101s)
  epoch 35/80  total 11643.116  margin 4371.388  hinge 7270.830  tv 0.898  (104s)
  epoch 36/80  total 11632.275  margin 4363.636  hinge 7267.745  tv 0.894  (107s)
  epoch 37/80  total 11606.883  margin 4356.963  hinge 7249.029  tv 0.890  (110s)
  epoch 38/80  total 11636.767  margin 4370.588  hinge 7265.286  tv 0.893  (113s)
  epoch 39/80  total 11593.085  margin 4344.498  hinge 7247.697  tv 0.890  (116s)
  epoch 40/80  total 11624.907  margin 4360.697  hinge 7263.322  tv 0.889  (119s)
  epoch 41/80  total 11596.789  margin 4340.313  hinge 7255.589  tv 0.887  (121s)
  epoch 42/80  total 11650.539  margin 4383.215  hinge 7266.437  tv 0.887  (124s)
  epoch 43/80  total 11674.968  margin 4387.262  hinge 7286.795  tv 0.910  (127s)
  epoch 44/80  total 11671.537  margin 4372.016  hinge 7298.623  tv 0.898  (130s)
  epoch 45/80  total 11644.288  margin 4354.337  hinge 7289.063  tv 0.888  (133s)
  epoch 46/80  total 11613.372  margin 4352.216  hinge 7260.246  tv 0.910  (136s)
  epoch 47/80  total 11628.902  margin 4358.904  hinge 7269.097  tv 0.901  (139s)
  epoch 48/80  total 11689.739  margin 4389.559  hinge 7299.287  tv 0.893  (142s)
  epoch 49/80  total 11619.352  margin 4359.443  hinge 7259.036  tv 0.873  (145s)
  epoch 50/80  total 11612.884  margin 4366.677  hinge 7245.336  tv 0.872  (148s)
  epoch 51/80  total 11582.655  margin 4341.343  hinge 7240.436  tv 0.876  (151s)
  epoch 52/80  total 11664.389  margin 4376.833  hinge 7286.679  tv 0.877  (154s)
  epoch 53/80  total 11595.764  margin 4339.041  hinge 7255.845  tv 0.878  (157s)
  epoch 54/80  total 11574.640  margin 4332.780  hinge 7240.985  tv 0.875  (160s)
  epoch 55/80  total 11613.343  margin 4349.788  hinge 7262.679  tv 0.876  (163s)
  epoch 56/80  total 11655.017  margin 4365.745  hinge 7288.384  tv 0.888  (166s)
  epoch 57/80  total 11646.228  margin 4362.936  hinge 7282.407  tv 0.884  (169s)
  epoch 58/80  total 11661.910  margin 4375.129  hinge 7285.886  tv 0.895  (172s)
  epoch 59/80  total 11622.786  margin 4361.529  hinge 7260.363  tv 0.894  (175s)
  epoch 60/80  total 11681.103  margin 4378.813  hinge 7301.378  tv 0.913  (178s)
  epoch 61/80  total 11656.963  margin 4361.268  hinge 7294.790  tv 0.905  (181s)
  epoch 62/80  total 11617.865  margin 4360.539  hinge 7256.430  tv 0.895  (184s)
  epoch 63/80  total 11639.157  margin 4383.089  hinge 7255.173  tv 0.895  (187s)
  epoch 64/80  total 11633.851  margin 4377.488  hinge 7255.461  tv 0.902  (189s)
  epoch 65/80  total 11636.474  margin 4358.441  hinge 7277.142  tv 0.892  (192s)
  epoch 66/80  total 11616.917  margin 4363.912  hinge 7252.121  tv 0.883  (195s)
  epoch 67/80  total 11691.091  margin 4386.043  hinge 7304.148  tv 0.900  (198s)
  epoch 68/80  total 11651.987  margin 4368.608  hinge 7282.478  tv 0.901  (201s)
  epoch 69/80  total 11648.215  margin 4363.200  hinge 7284.117  tv 0.898  (204s)
  epoch 70/80  total 11650.270  margin 4368.361  hinge 7281.024  tv 0.884  (207s)
  epoch 71/80  total 11658.435  margin 4380.219  hinge 7277.336  tv 0.880  (210s)
  epoch 72/80  total 11644.114  margin 4365.307  hinge 7277.915  tv 0.891  (213s)
  epoch 73/80  total 11658.247  margin 4376.432  hinge 7280.917  tv 0.897  (216s)
  epoch 74/80  total 11617.617  margin 4339.135  hinge 7277.597  tv 0.884  (219s)
  epoch 75/80  total 11652.221  margin 4365.282  hinge 7286.060  tv 0.879  (221s)
  epoch 76/80  total 11594.871  margin 4339.335  hinge 7254.666  tv 0.870  (224s)
  epoch 77/80  total 11612.943  margin 4349.463  hinge 7262.607  tv 0.873  (227s)
  epoch 78/80  total 11637.441  margin 4347.843  hinge 7288.730  tv 0.868  (230s)
  epoch 79/80  total 11631.515  margin 4361.293  hinge 7269.341  tv 0.881  (233s)
  epoch 80/80  total 11620.915  margin 4350.443  hinge 7269.591  tv 0.880  (236s)
[save] patch_examples_s2g3_offset_15/universal_patch.png

Evaluating on 1360 images...
PLACEMENT: cleared_middle=49.8% n=11446

==== CAR->VAN — s2g3_offset_15 (patch = 15% of bbox) ====
eval images        : 1360
eligible (car clean): 9415
flipped to van      : 1056
lost entirely       : 1308  (hiding side-effect, NOT a flip)

targeted ASR: 0.112   <- HEADLINE
lost rate   : 0.139
