=== exp_lower_05 | car->van | MODE=adversarial | AREA_FRAC=0.05 | IMG_SIZE=640 | ROT_DEG=20.0 | LR=0.03 | LOWER_TALL=0.6 | LOWER_WIDE=0.75 | MIN_AREA_FRAC=0.001 ===
[eval ] datasets/VisDrone/images/test: 1360 images | 11446 cars | 16628 dropped below 0.10% area
[train] datasets/VisDrone/images/val: 100 images | 1159 cars
  epoch 1/80  total 11894.698  margin 4532.681  hinge 7360.876  tv 1.142  (4s)
  epoch 2/80  total 11896.872  margin 4540.428  hinge 7355.257  tv 1.188  (7s)
  epoch 3/80  total 11865.122  margin 4528.339  hinge 7335.608  tv 1.174  (10s)
  epoch 4/80  total 11829.627  margin 4515.734  hinge 7312.764  tv 1.128  (13s)
  epoch 5/80  total 11788.331  margin 4498.490  hinge 7288.776  tv 1.065  (16s)
  epoch 6/80  total 11761.571  margin 4484.396  hinge 7276.148  tv 1.027  (18s)
  epoch 7/80  total 11721.616  margin 4471.269  hinge 7249.362  tv 0.985  (21s)
  epoch 8/80  total 11712.879  margin 4461.311  hinge 7250.602  tv 0.966  (24s)
  epoch 9/80  total 11671.349  margin 4450.485  hinge 7219.941  tv 0.923  (27s)
  epoch 10/80  total 11643.440  margin 4436.538  hinge 7206.021  tv 0.881  (30s)
  epoch 11/80  total 11633.576  margin 4432.795  hinge 7199.907  tv 0.875  (33s)
  epoch 12/80  total 11612.742  margin 4425.574  hinge 7186.309  tv 0.859  (36s)
  epoch 13/80  total 11622.995  margin 4428.338  hinge 7193.799  tv 0.859  (38s)
  epoch 14/80  total 11612.844  margin 4424.730  hinge 7187.266  tv 0.848  (41s)
  epoch 15/80  total 11604.357  margin 4421.192  hinge 7182.330  tv 0.836  (44s)
  epoch 16/80  total 11603.398  margin 4422.960  hinge 7179.608  tv 0.829  (47s)
  epoch 17/80  total 11593.391  margin 4417.651  hinge 7174.923  tv 0.817  (50s)
  epoch 18/80  total 11599.130  margin 4423.024  hinge 7175.299  tv 0.807  (53s)
  epoch 19/80  total 11592.925  margin 4413.481  hinge 7178.618  tv 0.826  (56s)
  epoch 20/80  total 11601.551  margin 4424.067  hinge 7176.676  tv 0.807  (59s)
  epoch 21/80  total 11605.945  margin 4421.990  hinge 7183.145  tv 0.809  (61s)
  epoch 22/80  total 11607.218  margin 4420.501  hinge 7185.894  tv 0.822  (64s)
  epoch 23/80  total 11580.145  margin 4407.410  hinge 7171.924  tv 0.811  (67s)
  epoch 24/80  total 11578.637  margin 4413.141  hinge 7164.700  tv 0.796  (70s)
  epoch 25/80  total 11571.178  margin 4411.513  hinge 7158.871  tv 0.794  (73s)
  epoch 26/80  total 11588.437  margin 4415.377  hinge 7172.281  tv 0.780  (76s)
  epoch 27/80  total 11601.141  margin 4420.255  hinge 7180.077  tv 0.810  (79s)
  epoch 28/80  total 11600.086  margin 4417.666  hinge 7181.628  tv 0.792  (81s)
  epoch 29/80  total 11580.779  margin 4408.281  hinge 7171.717  tv 0.782  (84s)
  epoch 30/80  total 11592.805  margin 4417.635  hinge 7174.382  tv 0.789  (87s)
  epoch 31/80  total 11565.117  margin 4404.170  hinge 7160.160  tv 0.786  (90s)
  epoch 32/80  total 11567.787  margin 4405.321  hinge 7161.682  tv 0.785  (93s)
  epoch 33/80  total 11573.901  margin 4405.155  hinge 7167.965  tv 0.781  (96s)
  epoch 34/80  total 11583.421  margin 4407.702  hinge 7174.934  tv 0.784  (98s)
  epoch 35/80  total 11575.547  margin 4407.924  hinge 7166.854  tv 0.769  (101s)
  epoch 36/80  total 11583.000  margin 4408.041  hinge 7174.180  tv 0.779  (104s)
  epoch 37/80  total 11594.554  margin 4417.235  hinge 7176.530  tv 0.789  (107s)
  epoch 38/80  total 11574.581  margin 4408.270  hinge 7165.524  tv 0.788  (110s)
  epoch 39/80  total 11563.548  margin 4398.035  hinge 7164.737  tv 0.776  (113s)
  epoch 40/80  total 11588.077  margin 4413.133  hinge 7174.164  tv 0.780  (116s)
  epoch 41/80  total 11593.228  margin 4413.233  hinge 7179.215  tv 0.780  (119s)
  epoch 42/80  total 11584.915  margin 4409.811  hinge 7174.333  tv 0.771  (121s)
  epoch 43/80  total 11575.885  margin 4404.432  hinge 7170.661  tv 0.792  (124s)
  epoch 44/80  total 11557.962  margin 4398.456  hinge 7158.730  tv 0.776  (127s)
  epoch 45/80  total 11553.138  margin 4400.026  hinge 7152.341  tv 0.771  (130s)
  epoch 46/80  total 11563.119  margin 4401.584  hinge 7160.771  tv 0.764  (133s)
  epoch 47/80  total 11570.258  margin 4405.781  hinge 7163.698  tv 0.778  (136s)
  epoch 48/80  total 11569.256  margin 4409.195  hinge 7159.295  tv 0.766  (139s)
  epoch 49/80  total 11571.123  margin 4403.044  hinge 7167.305  tv 0.774  (141s)
  epoch 50/80  total 11567.567  margin 4403.303  hinge 7163.496  tv 0.768  (144s)
  epoch 51/80  total 11579.648  margin 4406.709  hinge 7172.169  tv 0.770  (147s)
  epoch 52/80  total 11571.230  margin 4408.694  hinge 7161.761  tv 0.775  (150s)
  epoch 53/80  total 11567.973  margin 4405.440  hinge 7161.759  tv 0.774  (153s)
  epoch 54/80  total 11576.124  margin 4409.861  hinge 7165.492  tv 0.771  (156s)
  epoch 55/80  total 11579.492  margin 4410.667  hinge 7168.058  tv 0.768  (159s)
  epoch 56/80  total 11581.728  margin 4407.496  hinge 7173.460  tv 0.772  (162s)
  epoch 57/80  total 11581.981  margin 4409.541  hinge 7171.657  tv 0.783  (164s)
  epoch 58/80  total 11574.708  margin 4404.576  hinge 7169.350  tv 0.782  (167s)
  epoch 59/80  total 11578.950  margin 4409.719  hinge 7168.463  tv 0.768  (170s)
  epoch 60/80  total 11557.578  margin 4398.244  hinge 7158.574  tv 0.760  (173s)
  epoch 61/80  total 11570.226  margin 4406.699  hinge 7162.774  tv 0.753  (176s)
  epoch 62/80  total 11553.577  margin 4399.432  hinge 7153.394  tv 0.751  (179s)
  epoch 63/80  total 11576.563  margin 4405.623  hinge 7170.179  tv 0.762  (182s)
  epoch 64/80  total 11572.739  margin 4410.726  hinge 7161.249  tv 0.763  (185s)
  epoch 65/80  total 11584.901  margin 4413.881  hinge 7170.260  tv 0.760  (187s)
  epoch 66/80  total 11557.434  margin 4397.047  hinge 7159.626  tv 0.761  (190s)
  epoch 67/80  total 11556.108  margin 4399.278  hinge 7156.079  tv 0.750  (193s)
  epoch 68/80  total 11588.403  margin 4412.891  hinge 7174.742  tv 0.770  (196s)
  epoch 69/80  total 11572.633  margin 4409.777  hinge 7162.078  tv 0.779  (199s)
  epoch 70/80  total 11576.056  margin 4409.343  hinge 7165.943  tv 0.770  (202s)
  epoch 71/80  total 11567.474  margin 4405.691  hinge 7161.012  tv 0.771  (205s)
  epoch 72/80  total 11577.268  margin 4413.680  hinge 7162.822  tv 0.767  (207s)
  epoch 73/80  total 11556.057  margin 4401.790  hinge 7153.499  tv 0.768  (210s)
  epoch 74/80  total 11564.017  margin 4403.575  hinge 7159.669  tv 0.773  (213s)
  epoch 75/80  total 11567.936  margin 4411.129  hinge 7156.038  tv 0.768  (216s)
  epoch 76/80  total 11556.642  margin 4398.998  hinge 7156.873  tv 0.770  (219s)
  epoch 77/80  total 11568.921  margin 4406.213  hinge 7161.931  tv 0.777  (222s)
  epoch 78/80  total 11578.602  margin 4408.134  hinge 7169.691  tv 0.778  (225s)
  epoch 79/80  total 11581.109  margin 4409.579  hinge 7170.754  tv 0.777  (228s)
  epoch 80/80  total 11560.652  margin 4397.745  hinge 7162.133  tv 0.774  (231s)
[save] patch_examples_exp_lower_05/universal_patch.png

Evaluating on 1360 images...
ROOF: roof_frac=0.0% n=11446
LOWER: clamped=0.0% mean_on_car_frac=1.000 n=11446

==== CAR->VAN — exp_lower_05 (patch = 5% of bbox) ====
eval images        : 1360
eligible (car clean): 9415   ambiguous (van@box in clean): 457
flipped to van      : 1035  (new-van, patch-induced: 741)
lost entirely       : 747  (hiding side-effect, NOT a flip)

targeted ASR (STRICT, excl 457 ambiguous): 0.083   <- HEADLINE
targeted ASR (new-van / all eligible)      : 0.079
targeted ASR (original, inflated)          : 0.110
lost rate   : 0.079
