=== s2m_center_15 | car->van | MODE=adversarial | AREA_FRAC=0.15 | IMG_SIZE=640 | MIN_AREA_FRAC=0.001 ===
[eval ] datasets/VisDrone/images/test: 1360 images | 11446 cars | 16628 dropped below 0.10% area
[train] datasets/VisDrone/images/val: 100 images | 1159 cars
  epoch 1/80  total 11816.923  margin 4452.832  hinge 7362.885  tv 1.206  (4s)
  epoch 2/80  total 11666.786  margin 4374.996  hinge 7290.698  tv 1.092  (7s)
  epoch 3/80  total 11579.445  margin 4326.238  hinge 7252.219  tv 0.988  (10s)
  epoch 4/80  total 11544.204  margin 4316.771  hinge 7226.502  tv 0.931  (12s)
  epoch 5/80  total 11538.466  margin 4317.741  hinge 7219.826  tv 0.899  (15s)
  epoch 6/80  total 11509.623  margin 4308.126  hinge 7200.615  tv 0.882  (18s)
  epoch 7/80  total 11494.839  margin 4302.098  hinge 7191.850  tv 0.892  (21s)
  epoch 8/80  total 11494.704  margin 4302.126  hinge 7191.697  tv 0.881  (24s)
  epoch 9/80  total 11479.655  margin 4291.769  hinge 7187.013  tv 0.873  (26s)
  epoch 10/80  total 11475.016  margin 4298.470  hinge 7175.681  tv 0.865  (29s)
  epoch 11/80  total 11491.307  margin 4304.628  hinge 7185.812  tv 0.866  (32s)
  epoch 12/80  total 11461.174  margin 4297.526  hinge 7162.784  tv 0.864  (35s)
  epoch 13/80  total 11484.210  margin 4307.786  hinge 7175.549  tv 0.875  (38s)
  epoch 14/80  total 11467.681  margin 4301.247  hinge 7165.567  tv 0.867  (40s)
  epoch 15/80  total 11472.676  margin 4320.601  hinge 7151.197  tv 0.878  (43s)
  epoch 16/80  total 11479.435  margin 4318.539  hinge 7160.017  tv 0.879  (46s)
  epoch 17/80  total 11484.155  margin 4314.016  hinge 7169.243  tv 0.895  (49s)
  epoch 18/80  total 11475.358  margin 4315.620  hinge 7158.856  tv 0.883  (52s)
  epoch 19/80  total 11449.595  margin 4299.622  hinge 7149.103  tv 0.870  (54s)
  epoch 20/80  total 11471.725  margin 4315.664  hinge 7155.196  tv 0.864  (57s)
  epoch 21/80  total 11445.543  margin 4296.466  hinge 7148.203  tv 0.875  (60s)
  epoch 22/80  total 11469.603  margin 4321.691  hinge 7147.020  tv 0.892  (63s)
  epoch 23/80  total 11459.427  margin 4312.573  hinge 7145.977  tv 0.876  (66s)
  epoch 24/80  total 11462.187  margin 4316.910  hinge 7144.403  tv 0.874  (68s)
  epoch 25/80  total 11461.351  margin 4324.420  hinge 7136.060  tv 0.871  (71s)
  epoch 26/80  total 11455.695  margin 4306.565  hinge 7148.256  tv 0.874  (74s)
  epoch 27/80  total 11462.343  margin 4315.117  hinge 7146.366  tv 0.861  (77s)
  epoch 28/80  total 11448.625  margin 4310.728  hinge 7137.032  tv 0.866  (80s)
  epoch 29/80  total 11458.125  margin 4312.783  hinge 7144.478  tv 0.864  (83s)
  epoch 30/80  total 11450.030  margin 4301.110  hinge 7148.056  tv 0.865  (85s)
  epoch 31/80  total 11449.499  margin 4304.246  hinge 7144.396  tv 0.857  (88s)
  epoch 32/80  total 11445.113  margin 4311.090  hinge 7133.158  tv 0.865  (91s)
  epoch 33/80  total 11485.225  margin 4341.618  hinge 7142.723  tv 0.885  (94s)
  epoch 34/80  total 11446.400  margin 4336.831  hinge 7108.690  tv 0.879  (97s)
  epoch 35/80  total 11466.354  margin 4356.812  hinge 7108.666  tv 0.876  (99s)
  epoch 36/80  total 11430.658  margin 4378.500  hinge 7051.275  tv 0.884  (102s)
  epoch 37/80  total 11323.377  margin 4421.440  hinge 6901.049  tv 0.888  (105s)
  epoch 38/80  total 11242.625  margin 4448.548  hinge 6793.170  tv 0.906  (108s)
  epoch 39/80  total 11186.321  margin 4448.751  hinge 6736.656  tv 0.914  (110s)
  epoch 40/80  total 11183.235  margin 4481.622  hinge 6700.716  tv 0.898  (113s)
  epoch 41/80  total 11136.268  margin 4481.058  hinge 6654.327  tv 0.883  (116s)
  epoch 42/80  total 11082.653  margin 4457.199  hinge 6624.584  tv 0.870  (119s)
  epoch 43/80  total 11058.479  margin 4464.581  hinge 6593.029  tv 0.869  (121s)
  epoch 44/80  total 11007.362  margin 4440.322  hinge 6566.199  tv 0.841  (124s)
  epoch 45/80  total 11029.870  margin 4452.495  hinge 6576.537  tv 0.837  (127s)
  epoch 46/80  total 10989.592  margin 4447.289  hinge 6541.476  tv 0.827  (130s)
  epoch 47/80  total 10987.898  margin 4453.060  hinge 6534.016  tv 0.822  (133s)
  epoch 48/80  total 11005.381  margin 4452.200  hinge 6552.362  tv 0.818  (135s)
  epoch 49/80  total 10970.350  margin 4440.244  hinge 6529.285  tv 0.821  (138s)
  epoch 50/80  total 10942.842  margin 4436.057  hinge 6505.992  tv 0.794  (141s)
  epoch 51/80  total 10969.875  margin 4463.210  hinge 6505.853  tv 0.812  (144s)
  epoch 52/80  total 10920.391  margin 4462.744  hinge 6456.837  tv 0.810  (147s)
  epoch 53/80  total 10973.043  margin 4469.105  hinge 6503.127  tv 0.811  (149s)
  epoch 54/80  total 10971.950  margin 4490.127  hinge 6481.019  tv 0.804  (152s)
  epoch 55/80  total 10937.466  margin 4457.734  hinge 6478.930  tv 0.801  (155s)
  epoch 56/80  total 10893.998  margin 4461.225  hinge 6431.984  tv 0.788  (158s)
  epoch 57/80  total 10916.062  margin 4477.117  hinge 6438.151  tv 0.794  (161s)
  epoch 58/80  total 10934.951  margin 4484.673  hinge 6449.491  tv 0.788  (163s)
  epoch 59/80  total 10922.522  margin 4482.302  hinge 6439.429  tv 0.791  (166s)
  epoch 60/80  total 10878.885  margin 4468.841  hinge 6409.260  tv 0.785  (169s)
  epoch 61/80  total 10844.588  margin 4456.839  hinge 6386.972  tv 0.777  (172s)
  epoch 62/80  total 10856.902  margin 4463.372  hinge 6392.744  tv 0.786  (175s)
  epoch 63/80  total 10828.240  margin 4469.650  hinge 6357.815  tv 0.775  (177s)
  epoch 64/80  total 10862.165  margin 4474.342  hinge 6387.041  tv 0.782  (180s)
  epoch 65/80  total 10858.895  margin 4470.391  hinge 6387.722  tv 0.781  (183s)
  epoch 66/80  total 10834.455  margin 4468.648  hinge 6365.043  tv 0.765  (186s)
  epoch 67/80  total 10802.952  margin 4460.410  hinge 6341.781  tv 0.761  (188s)
  epoch 68/80  total 10797.206  margin 4455.626  hinge 6340.818  tv 0.763  (191s)
  epoch 69/80  total 10767.530  margin 4451.315  hinge 6315.455  tv 0.760  (194s)
  epoch 70/80  total 10791.491  margin 4464.055  hinge 6326.687  tv 0.749  (197s)
  epoch 71/80  total 10783.618  margin 4476.013  hinge 6306.842  tv 0.763  (200s)
  epoch 72/80  total 10759.410  margin 4482.948  hinge 6275.716  tv 0.746  (202s)
  epoch 73/80  total 10734.264  margin 4481.649  hinge 6251.876  tv 0.739  (205s)
  epoch 74/80  total 10670.905  margin 4491.017  hinge 6179.147  tv 0.741  (208s)
  epoch 75/80  total 10462.161  margin 4427.682  hinge 6033.757  tv 0.721  (211s)
  epoch 76/80  total 10291.005  margin 4385.627  hinge 5904.689  tv 0.689  (213s)
  epoch 77/80  total 10213.873  margin 4361.374  hinge 5851.820  tv 0.679  (216s)
  epoch 78/80  total 10189.012  margin 4351.594  hinge 5836.746  tv 0.672  (219s)
  epoch 79/80  total 10163.729  margin 4342.831  hinge 5820.231  tv 0.667  (222s)
  epoch 80/80  total 10134.888  margin 4333.734  hinge 5800.491  tv 0.662  (224s)
[save] patch_examples_s2m_center_15/universal_patch.png

Evaluating on 1360 images...
ROOF: roof_frac=0.0% n=11446

==== CAR->VAN — s2m_center_15 (patch = 15% of bbox) ====
eval images        : 1360
eligible (car clean): 9415
flipped to van      : 1756
lost entirely       : 3377  (hiding side-effect, NOT a flip)

targeted ASR: 0.187   <- HEADLINE
lost rate   : 0.359
