=== s2j_center_04 | car->van | MODE=adversarial | AREA_FRAC=0.04 | IMG_SIZE=640 | MIN_AREA_FRAC=0.001 ===
[eval ] datasets/VisDrone/images/test: 1360 images | 11446 cars | 16628 dropped below 0.10% area
[train] datasets/VisDrone/images/val: 100 images | 1159 cars
  epoch 1/80  total 11885.527  margin 4524.093  hinge 7360.311  tv 1.123  (4s)
  epoch 2/80  total 11871.881  margin 4518.768  hinge 7351.935  tv 1.179  (7s)
  epoch 3/80  total 11855.627  margin 4507.414  hinge 7347.032  tv 1.181  (10s)
  epoch 4/80  total 11843.729  margin 4507.363  hinge 7335.213  tv 1.152  (13s)
  epoch 5/80  total 11816.782  margin 4495.164  hinge 7320.496  tv 1.122  (16s)
  epoch 6/80  total 11793.652  margin 4485.481  hinge 7307.070  tv 1.101  (19s)
  epoch 7/80  total 11759.548  margin 4472.043  hinge 7286.441  tv 1.064  (22s)
  epoch 8/80  total 11764.483  margin 4475.944  hinge 7287.513  tv 1.027  (25s)
  epoch 9/80  total 11735.215  margin 4459.669  hinge 7274.549  tv 0.997  (28s)
  epoch 10/80  total 11717.363  margin 4449.092  hinge 7267.302  tv 0.969  (31s)
  epoch 11/80  total 11710.872  margin 4445.864  hinge 7264.071  tv 0.937  (34s)
  epoch 12/80  total 11706.694  margin 4450.282  hinge 7255.487  tv 0.925  (37s)
  epoch 13/80  total 11702.578  margin 4446.258  hinge 7255.394  tv 0.926  (40s)
  epoch 14/80  total 11689.137  margin 4441.854  hinge 7246.366  tv 0.917  (42s)
  epoch 15/80  total 11677.886  margin 4432.206  hinge 7244.767  tv 0.912  (45s)
  epoch 16/80  total 11684.959  margin 4441.337  hinge 7242.719  tv 0.903  (48s)
  epoch 17/80  total 11667.480  margin 4427.925  hinge 7238.669  tv 0.886  (51s)
  epoch 18/80  total 11674.385  margin 4433.393  hinge 7240.105  tv 0.887  (54s)
  epoch 19/80  total 11673.362  margin 4431.237  hinge 7241.243  tv 0.881  (57s)
  epoch 20/80  total 11669.998  margin 4432.393  hinge 7236.721  tv 0.884  (59s)
  epoch 21/80  total 11672.586  margin 4435.024  hinge 7236.685  tv 0.876  (62s)
  epoch 22/80  total 11668.386  margin 4431.007  hinge 7236.510  tv 0.869  (65s)
  epoch 23/80  total 11648.552  margin 4415.709  hinge 7231.978  tv 0.865  (68s)
  epoch 24/80  total 11670.360  margin 4425.310  hinge 7244.182  tv 0.868  (71s)
  epoch 25/80  total 11668.543  margin 4432.462  hinge 7235.223  tv 0.858  (74s)
  epoch 26/80  total 11664.961  margin 4423.263  hinge 7240.843  tv 0.855  (77s)
  epoch 27/80  total 11666.408  margin 4427.016  hinge 7238.534  tv 0.857  (79s)
  epoch 28/80  total 11670.567  margin 4430.084  hinge 7239.617  tv 0.866  (82s)
  epoch 29/80  total 11660.874  margin 4424.856  hinge 7235.162  tv 0.856  (85s)
  epoch 30/80  total 11651.957  margin 4426.046  hinge 7225.068  tv 0.843  (88s)
  epoch 31/80  total 11633.963  margin 4415.717  hinge 7217.405  tv 0.840  (91s)
  epoch 32/80  total 11640.448  margin 4414.809  hinge 7224.801  tv 0.838  (94s)
  epoch 33/80  total 11634.773  margin 4411.316  hinge 7222.624  tv 0.834  (97s)
  epoch 34/80  total 11659.603  margin 4427.518  hinge 7231.246  tv 0.840  (100s)
  epoch 35/80  total 11633.900  margin 4413.794  hinge 7219.269  tv 0.837  (103s)
  epoch 36/80  total 11637.459  margin 4417.226  hinge 7219.409  tv 0.825  (106s)
  epoch 37/80  total 11645.557  margin 4421.357  hinge 7223.367  tv 0.833  (108s)
  epoch 38/80  total 11647.946  margin 4422.706  hinge 7224.400  tv 0.841  (111s)
  epoch 39/80  total 11640.504  margin 4414.466  hinge 7225.198  tv 0.840  (114s)
  epoch 40/80  total 11645.813  margin 4419.424  hinge 7225.556  tv 0.833  (117s)
  epoch 41/80  total 11644.932  margin 4421.806  hinge 7222.298  tv 0.828  (120s)
  epoch 42/80  total 11643.688  margin 4411.511  hinge 7231.347  tv 0.829  (123s)
  epoch 43/80  total 11639.678  margin 4419.356  hinge 7219.497  tv 0.825  (125s)
  epoch 44/80  total 11633.667  margin 4416.844  hinge 7216.002  tv 0.822  (128s)
  epoch 45/80  total 11639.141  margin 4418.248  hinge 7220.073  tv 0.819  (131s)
  epoch 46/80  total 11633.855  margin 4412.296  hinge 7220.740  tv 0.819  (134s)
  epoch 47/80  total 11641.563  margin 4417.874  hinge 7222.858  tv 0.831  (137s)
  epoch 48/80  total 11656.728  margin 4426.626  hinge 7229.263  tv 0.839  (140s)
  epoch 49/80  total 11649.533  margin 4419.886  hinge 7228.799  tv 0.848  (142s)
  epoch 50/80  total 11641.548  margin 4419.537  hinge 7221.168  tv 0.844  (145s)
  epoch 51/80  total 11651.688  margin 4417.903  hinge 7232.944  tv 0.842  (148s)
  epoch 52/80  total 11640.713  margin 4416.751  hinge 7223.133  tv 0.829  (151s)
  epoch 53/80  total 11654.610  margin 4426.049  hinge 7227.721  tv 0.840  (154s)
  epoch 54/80  total 11638.834  margin 4420.760  hinge 7217.243  tv 0.831  (157s)
  epoch 55/80  total 11632.806  margin 4416.072  hinge 7215.920  tv 0.814  (160s)
  epoch 56/80  total 11640.800  margin 4421.492  hinge 7218.481  tv 0.827  (162s)
  epoch 57/80  total 11639.650  margin 4418.300  hinge 7220.513  tv 0.837  (165s)
  epoch 58/80  total 11648.050  margin 4423.111  hinge 7224.101  tv 0.839  (168s)
  epoch 59/80  total 11636.996  margin 4415.684  hinge 7220.488  tv 0.824  (171s)
  epoch 60/80  total 11636.721  margin 4412.987  hinge 7222.905  tv 0.829  (174s)
  epoch 61/80  total 11649.353  margin 4421.711  hinge 7226.804  tv 0.838  (176s)
  epoch 62/80  total 11643.955  margin 4418.599  hinge 7224.522  tv 0.834  (179s)
  epoch 63/80  total 11634.607  margin 4416.860  hinge 7216.926  tv 0.821  (182s)
  epoch 64/80  total 11640.562  margin 4425.719  hinge 7214.024  tv 0.820  (185s)
  epoch 65/80  total 11644.676  margin 4419.820  hinge 7224.041  tv 0.815  (188s)
  epoch 66/80  total 11640.039  margin 4416.118  hinge 7223.102  tv 0.819  (191s)
  epoch 67/80  total 11643.843  margin 4422.527  hinge 7220.502  tv 0.814  (193s)
  epoch 68/80  total 11630.677  margin 4417.443  hinge 7212.417  tv 0.817  (196s)
  epoch 69/80  total 11642.053  margin 4415.370  hinge 7225.863  tv 0.820  (199s)
  epoch 70/80  total 11641.282  margin 4417.170  hinge 7223.296  tv 0.817  (202s)
  epoch 71/80  total 11653.586  margin 4422.203  hinge 7230.565  tv 0.818  (205s)
  epoch 72/80  total 11654.444  margin 4424.303  hinge 7229.314  tv 0.826  (208s)
  epoch 73/80  total 11647.550  margin 4423.449  hinge 7223.273  tv 0.827  (211s)
  epoch 74/80  total 11638.116  margin 4418.682  hinge 7218.605  tv 0.829  (214s)
  epoch 75/80  total 11632.623  margin 4416.942  hinge 7214.859  tv 0.822  (216s)
  epoch 76/80  total 11629.203  margin 4418.510  hinge 7209.868  tv 0.825  (219s)
  epoch 77/80  total 11631.163  margin 4415.355  hinge 7214.984  tv 0.824  (222s)
  epoch 78/80  total 11639.678  margin 4415.336  hinge 7223.528  tv 0.815  (225s)
  epoch 79/80  total 11653.381  margin 4422.128  hinge 7230.422  tv 0.831  (228s)
  epoch 80/80  total 11636.093  margin 4415.152  hinge 7220.111  tv 0.831  (231s)
[save] patch_examples_s2j_center_04/universal_patch.png

Evaluating on 1360 images...
ROOF: roof_frac=11.6% n=11446

==== CAR->VAN — s2j_center_04 (patch = 4% of bbox) ====
eval images        : 1360
eligible (car clean): 9415
flipped to van      : 783
lost entirely       : 679  (hiding side-effect, NOT a flip)

targeted ASR: 0.083   <- HEADLINE
lost rate   : 0.072
