=== s2g_offset_15 | car->van | MODE=adversarial | AREA_FRAC=0.15 | IMG_SIZE=640 | MIN_AREA_FRAC=0.001 ===
[eval ] datasets/VisDrone/images/test: 1360 images | 11446 cars | 16628 dropped below 0.10% area
[train] datasets/VisDrone/images/val: 100 images | 1159 cars
  epoch 1/80  total 11981.819  margin 4558.081  hinge 7422.517  tv 1.221  (4s)
  epoch 2/80  total 11874.167  margin 4492.716  hinge 7380.303  tv 1.149  (7s)
  epoch 3/80  total 11858.968  margin 4470.018  hinge 7387.854  tv 1.096  (10s)
  epoch 4/80  total 11799.962  margin 4438.097  hinge 7360.830  tv 1.035  (13s)
  epoch 5/80  total 11788.504  margin 4424.356  hinge 7363.143  tv 1.005  (16s)
  epoch 6/80  total 11761.173  margin 4420.811  hinge 7339.368  tv 0.994  (19s)
  epoch 7/80  total 11746.087  margin 4415.646  hinge 7329.457  tv 0.983  (22s)
  epoch 8/80  total 11737.819  margin 4426.243  hinge 7310.595  tv 0.981  (24s)
  epoch 9/80  total 11692.907  margin 4391.622  hinge 7300.325  tv 0.960  (27s)
  epoch 10/80  total 11696.352  margin 4395.785  hinge 7299.614  tv 0.953  (30s)
  epoch 11/80  total 11667.416  margin 4381.397  hinge 7285.079  tv 0.940  (33s)
  epoch 12/80  total 11712.869  margin 4404.282  hinge 7307.641  tv 0.947  (36s)
  epoch 13/80  total 11696.110  margin 4404.109  hinge 7291.054  tv 0.947  (39s)
  epoch 14/80  total 11729.388  margin 4413.142  hinge 7315.285  tv 0.962  (42s)
  epoch 15/80  total 11696.629  margin 4389.485  hinge 7306.197  tv 0.946  (45s)
  epoch 16/80  total 11694.689  margin 4397.492  hinge 7296.255  tv 0.941  (48s)
  epoch 17/80  total 11706.211  margin 4414.323  hinge 7290.954  tv 0.934  (50s)
  epoch 18/80  total 11689.673  margin 4398.866  hinge 7289.871  tv 0.936  (53s)
  epoch 19/80  total 11722.671  margin 4414.807  hinge 7306.918  tv 0.946  (56s)
  epoch 20/80  total 11664.942  margin 4383.595  hinge 7280.393  tv 0.954  (59s)
  epoch 21/80  total 11695.439  margin 4401.801  hinge 7292.686  tv 0.951  (62s)
  epoch 22/80  total 11704.247  margin 4395.236  hinge 7308.073  tv 0.938  (65s)
  epoch 23/80  total 11649.634  margin 4380.335  hinge 7268.376  tv 0.922  (68s)
  epoch 24/80  total 11674.398  margin 4388.708  hinge 7284.761  tv 0.929  (70s)
  epoch 25/80  total 11641.447  margin 4377.995  hinge 7262.546  tv 0.907  (73s)
  epoch 26/80  total 11668.495  margin 4391.171  hinge 7276.400  tv 0.924  (76s)
  epoch 27/80  total 11691.460  margin 4402.573  hinge 7287.946  tv 0.942  (79s)
  epoch 28/80  total 11710.852  margin 4413.983  hinge 7295.921  tv 0.947  (82s)
  epoch 29/80  total 11667.855  margin 4391.107  hinge 7275.826  tv 0.923  (85s)
  epoch 30/80  total 11677.391  margin 4395.048  hinge 7281.421  tv 0.922  (88s)
  epoch 31/80  total 11674.235  margin 4384.783  hinge 7288.532  tv 0.920  (91s)
  epoch 32/80  total 11685.950  margin 4406.438  hinge 7278.588  tv 0.924  (94s)
  epoch 33/80  total 11692.330  margin 4398.020  hinge 7293.382  tv 0.928  (97s)
  epoch 34/80  total 11670.751  margin 4394.408  hinge 7275.418  tv 0.925  (100s)
  epoch 35/80  total 11646.611  margin 4373.081  hinge 7272.610  tv 0.921  (103s)
  epoch 36/80  total 11660.979  margin 4380.393  hinge 7279.664  tv 0.922  (106s)
  epoch 37/80  total 11657.786  margin 4381.205  hinge 7275.659  tv 0.922  (109s)
  epoch 38/80  total 11690.600  margin 4402.573  hinge 7287.095  tv 0.932  (111s)
  epoch 39/80  total 11698.690  margin 4400.798  hinge 7296.968  tv 0.924  (114s)
  epoch 40/80  total 11686.143  margin 4389.225  hinge 7296.004  tv 0.914  (117s)
  epoch 41/80  total 11689.081  margin 4408.861  hinge 7279.295  tv 0.925  (120s)
  epoch 42/80  total 11668.151  margin 4413.507  hinge 7253.717  tv 0.926  (123s)
  epoch 43/80  total 11660.424  margin 4398.743  hinge 7260.773  tv 0.908  (126s)
  epoch 44/80  total 11664.012  margin 4388.079  hinge 7275.028  tv 0.905  (129s)
  epoch 45/80  total 11639.983  margin 4376.875  hinge 7262.202  tv 0.905  (132s)
  epoch 46/80  total 11663.948  margin 4379.204  hinge 7283.849  tv 0.895  (135s)
  epoch 47/80  total 11684.001  margin 4398.182  hinge 7284.907  tv 0.912  (138s)
  epoch 48/80  total 11651.872  margin 4368.950  hinge 7281.988  tv 0.934  (141s)
  epoch 49/80  total 11627.557  margin 4370.961  hinge 7255.677  tv 0.919  (144s)
  epoch 50/80  total 11647.555  margin 4376.944  hinge 7269.681  tv 0.931  (147s)
  epoch 51/80  total 11665.484  margin 4396.432  hinge 7268.135  tv 0.917  (150s)
  epoch 52/80  total 11639.347  margin 4378.394  hinge 7260.031  tv 0.922  (153s)
  epoch 53/80  total 11658.912  margin 4393.606  hinge 7264.383  tv 0.923  (156s)
  epoch 54/80  total 11683.279  margin 4392.899  hinge 7289.440  tv 0.939  (159s)
  epoch 55/80  total 11672.133  margin 4404.986  hinge 7266.214  tv 0.933  (162s)
  epoch 56/80  total 11659.995  margin 4379.963  hinge 7279.113  tv 0.919  (165s)
  epoch 57/80  total 11707.450  margin 4402.745  hinge 7303.794  tv 0.911  (167s)
  epoch 58/80  total 11661.911  margin 4378.935  hinge 7282.053  tv 0.922  (170s)
  epoch 59/80  total 11654.627  margin 4380.944  hinge 7272.766  tv 0.917  (173s)
  epoch 60/80  total 11656.408  margin 4375.672  hinge 7279.830  tv 0.906  (176s)
  epoch 61/80  total 11640.425  margin 4362.863  hinge 7276.657  tv 0.906  (179s)
  epoch 62/80  total 11636.336  margin 4373.598  hinge 7261.832  tv 0.907  (182s)
  epoch 63/80  total 11660.285  margin 4383.283  hinge 7276.093  tv 0.909  (185s)
  epoch 64/80  total 11651.527  margin 4376.613  hinge 7274.010  tv 0.904  (187s)
  epoch 65/80  total 11650.411  margin 4383.576  hinge 7265.945  tv 0.890  (190s)
  epoch 66/80  total 11655.743  margin 4380.159  hinge 7274.698  tv 0.887  (193s)
  epoch 67/80  total 11698.438  margin 4387.353  hinge 7310.173  tv 0.912  (196s)
  epoch 68/80  total 11675.782  margin 4383.322  hinge 7291.548  tv 0.912  (199s)
  epoch 69/80  total 11648.341  margin 4366.743  hinge 7280.691  tv 0.907  (202s)
  epoch 70/80  total 11661.162  margin 4368.687  hinge 7291.565  tv 0.911  (205s)
  epoch 71/80  total 11641.168  margin 4372.180  hinge 7268.081  tv 0.907  (208s)
  epoch 72/80  total 11637.430  margin 4377.365  hinge 7259.153  tv 0.912  (211s)
  epoch 73/80  total 11669.466  margin 4389.705  hinge 7278.844  tv 0.917  (214s)
  epoch 74/80  total 11596.863  margin 4339.708  hinge 7256.246  tv 0.909  (217s)
  epoch 75/80  total 11632.211  margin 4363.245  hinge 7268.078  tv 0.888  (220s)
  epoch 76/80  total 11666.740  margin 4374.938  hinge 7290.910  tv 0.891  (223s)
  epoch 77/80  total 11640.357  margin 4355.617  hinge 7283.841  tv 0.900  (226s)
  epoch 78/80  total 11652.944  margin 4373.276  hinge 7278.760  tv 0.908  (229s)
  epoch 79/80  total 11660.895  margin 4374.019  hinge 7285.976  tv 0.900  (232s)
  epoch 80/80  total 11640.205  margin 4371.875  hinge 7267.442  tv 0.888  (235s)
[save] patch_examples_s2g_offset_15/universal_patch.png

Evaluating on 1360 images...
PLACEMENT: cleared_middle=49.8% n=11446

==== CAR->VAN — s2g_offset_15 (patch = 15% of bbox) ====
eval images        : 1360
eligible (car clean): 9415
flipped to van      : 1065
lost entirely       : 1255  (hiding side-effect, NOT a flip)

targeted ASR: 0.113   <- HEADLINE
lost rate   : 0.133
