=== s2i_center_05 | car->van | MODE=adversarial | AREA_FRAC=0.05 | IMG_SIZE=640 | MIN_AREA_FRAC=0.001 ===
[eval ] datasets/VisDrone/images/test: 1360 images | 11446 cars | 16628 dropped below 0.10% area
[train] datasets/VisDrone/images/val: 100 images | 1159 cars
  epoch 1/80  total 11894.821  margin 4529.422  hinge 7364.240  tv 1.158  (4s)
  epoch 2/80  total 11869.210  margin 4513.530  hinge 7354.480  tv 1.200  (7s)
  epoch 3/80  total 11846.547  margin 4497.843  hinge 7347.530  tv 1.174  (10s)
  epoch 4/80  total 11820.500  margin 4491.191  hinge 7328.164  tv 1.144  (13s)
  epoch 5/80  total 11783.653  margin 4478.117  hinge 7304.441  tv 1.095  (16s)
  epoch 6/80  total 11735.010  margin 4454.650  hinge 7279.334  tv 1.025  (19s)
  epoch 7/80  total 11692.410  margin 4442.593  hinge 7248.845  tv 0.972  (22s)
  epoch 8/80  total 11670.802  margin 4437.227  hinge 7232.629  tv 0.946  (25s)
  epoch 9/80  total 11681.229  margin 4436.649  hinge 7243.638  tv 0.942  (28s)
  epoch 10/80  total 11644.505  margin 4417.726  hinge 7225.862  tv 0.917  (31s)
  epoch 11/80  total 11646.127  margin 4421.828  hinge 7223.395  tv 0.904  (34s)
  epoch 12/80  total 11630.375  margin 4416.442  hinge 7213.050  tv 0.883  (37s)
  epoch 13/80  total 11627.795  margin 4410.768  hinge 7216.146  tv 0.881  (40s)
  epoch 14/80  total 11615.716  margin 4408.476  hinge 7206.368  tv 0.872  (43s)
  epoch 15/80  total 11607.721  margin 4407.037  hinge 7199.820  tv 0.863  (46s)
  epoch 16/80  total 11599.185  margin 4405.168  hinge 7193.171  tv 0.847  (49s)
  epoch 17/80  total 11585.540  margin 4396.833  hinge 7187.878  tv 0.829  (52s)
  epoch 18/80  total 11594.112  margin 4405.258  hinge 7188.012  tv 0.842  (55s)
  epoch 19/80  total 11587.433  margin 4399.747  hinge 7186.853  tv 0.833  (58s)
  epoch 20/80  total 11592.002  margin 4402.306  hinge 7188.858  tv 0.838  (61s)
  epoch 21/80  total 11608.971  margin 4406.367  hinge 7201.759  tv 0.844  (64s)
  epoch 22/80  total 11584.928  margin 4390.085  hinge 7194.013  tv 0.831  (67s)
  epoch 23/80  total 11579.829  margin 4395.091  hinge 7183.916  tv 0.822  (70s)
  epoch 24/80  total 11587.510  margin 4397.308  hinge 7189.372  tv 0.830  (73s)
  epoch 25/80  total 11592.443  margin 4404.140  hinge 7187.465  tv 0.838  (76s)
  epoch 26/80  total 11593.046  margin 4397.222  hinge 7194.988  tv 0.836  (79s)
  epoch 27/80  total 11589.514  margin 4399.525  hinge 7189.156  tv 0.833  (82s)
  epoch 28/80  total 11574.944  margin 4392.164  hinge 7181.946  tv 0.833  (85s)
  epoch 29/80  total 11570.877  margin 4396.623  hinge 7173.427  tv 0.826  (88s)
  epoch 30/80  total 11570.930  margin 4394.591  hinge 7175.536  tv 0.802  (91s)
  epoch 31/80  total 11580.032  margin 4399.555  hinge 7179.656  tv 0.821  (95s)
  epoch 32/80  total 11575.981  margin 4391.888  hinge 7183.277  tv 0.816  (98s)
  epoch 33/80  total 11573.503  margin 4388.969  hinge 7183.716  tv 0.818  (101s)
  epoch 34/80  total 11565.423  margin 4390.634  hinge 7173.982  tv 0.807  (104s)
  epoch 35/80  total 11574.272  margin 4389.967  hinge 7183.494  tv 0.811  (107s)
  epoch 36/80  total 11558.111  margin 4390.371  hinge 7166.934  tv 0.805  (110s)
  epoch 37/80  total 11556.083  margin 4389.327  hinge 7165.949  tv 0.807  (113s)
  epoch 38/80  total 11568.391  margin 4394.037  hinge 7173.541  tv 0.814  (116s)
  epoch 39/80  total 11564.184  margin 4391.991  hinge 7171.389  tv 0.804  (119s)
  epoch 40/80  total 11576.089  margin 4395.453  hinge 7179.833  tv 0.802  (122s)
  epoch 41/80  total 11570.322  margin 4394.933  hinge 7174.582  tv 0.807  (125s)
  epoch 42/80  total 11590.925  margin 4400.874  hinge 7189.240  tv 0.811  (128s)
  epoch 43/80  total 11572.820  margin 4400.800  hinge 7171.207  tv 0.813  (131s)
  epoch 44/80  total 11569.163  margin 4391.017  hinge 7177.335  tv 0.811  (134s)
  epoch 45/80  total 11576.922  margin 4403.322  hinge 7172.786  tv 0.815  (137s)
  epoch 46/80  total 11565.392  margin 4390.649  hinge 7173.929  tv 0.814  (140s)
  epoch 47/80  total 11569.985  margin 4392.163  hinge 7177.011  tv 0.811  (144s)
  epoch 48/80  total 11570.417  margin 4391.010  hinge 7178.611  tv 0.796  (147s)
  epoch 49/80  total 11574.848  margin 4394.027  hinge 7180.005  tv 0.816  (150s)
  epoch 50/80  total 11567.446  margin 4392.839  hinge 7173.800  tv 0.807  (153s)
  epoch 51/80  total 11570.182  margin 4393.057  hinge 7176.322  tv 0.803  (156s)
  epoch 52/80  total 11560.626  margin 4387.446  hinge 7172.377  tv 0.803  (159s)
  epoch 53/80  total 11572.489  margin 4390.884  hinge 7180.786  tv 0.819  (162s)
  epoch 54/80  total 11577.570  margin 4397.392  hinge 7179.371  tv 0.808  (165s)
  epoch 55/80  total 11557.607  margin 4388.654  hinge 7168.171  tv 0.782  (168s)
  epoch 56/80  total 11553.144  margin 4386.409  hinge 7165.950  tv 0.786  (171s)
  epoch 57/80  total 11562.796  margin 4392.788  hinge 7169.217  tv 0.791  (174s)
  epoch 58/80  total 11561.784  margin 4394.761  hinge 7166.224  tv 0.799  (177s)
  epoch 59/80  total 11564.910  margin 4391.305  hinge 7172.803  tv 0.802  (180s)
  epoch 60/80  total 11563.209  margin 4391.266  hinge 7171.137  tv 0.806  (183s)
  epoch 61/80  total 11570.101  margin 4395.831  hinge 7173.454  tv 0.815  (186s)
  epoch 62/80  total 11587.769  margin 4403.480  hinge 7183.469  tv 0.820  (189s)
  epoch 63/80  total 11560.791  margin 4397.851  hinge 7162.129  tv 0.811  (192s)
  epoch 64/80  total 11561.182  margin 4394.382  hinge 7165.999  tv 0.801  (195s)
  epoch 65/80  total 11577.114  margin 4399.365  hinge 7176.953  tv 0.795  (198s)
  epoch 66/80  total 11551.159  margin 4381.898  hinge 7168.468  tv 0.793  (201s)
  epoch 67/80  total 11561.591  margin 4392.525  hinge 7168.273  tv 0.793  (204s)
  epoch 68/80  total 11555.659  margin 4391.226  hinge 7163.631  tv 0.802  (207s)
  epoch 69/80  total 11566.145  margin 4393.333  hinge 7172.011  tv 0.801  (210s)
  epoch 70/80  total 11568.676  margin 4391.408  hinge 7176.485  tv 0.783  (214s)
  epoch 71/80  total 11557.922  margin 4390.617  hinge 7166.511  tv 0.793  (217s)
  epoch 72/80  total 11569.856  margin 4397.087  hinge 7171.965  tv 0.805  (220s)
  epoch 73/80  total 11562.073  margin 4392.301  hinge 7168.973  tv 0.800  (223s)
  epoch 74/80  total 11561.184  margin 4392.083  hinge 7168.290  tv 0.812  (226s)
  epoch 75/80  total 11539.119  margin 4386.798  hinge 7151.526  tv 0.794  (229s)
  epoch 76/80  total 11544.440  margin 4381.531  hinge 7162.116  tv 0.793  (231s)
  epoch 77/80  total 11542.365  margin 4379.611  hinge 7161.965  tv 0.789  (234s)
  epoch 78/80  total 11566.297  margin 4392.591  hinge 7172.910  tv 0.796  (237s)
  epoch 79/80  total 11569.310  margin 4397.541  hinge 7170.970  tv 0.800  (240s)
  epoch 80/80  total 11555.003  margin 4385.937  hinge 7168.276  tv 0.790  (243s)
[save] patch_examples_s2i_center_05/universal_patch.png

Evaluating on 1360 images...
ROOF: roof_frac=4.8% n=11446

==== CAR->VAN — s2i_center_05 (patch = 5% of bbox) ====
eval images        : 1360
eligible (car clean): 9415
flipped to van      : 1002
lost entirely       : 844  (hiding side-effect, NOT a flip)

targeted ASR: 0.106   <- HEADLINE
lost rate   : 0.090
