=== exp_lower_10 | car->van | MODE=adversarial | AREA_FRAC=0.1 | IMG_SIZE=640 | ROT_DEG=20.0 | LR=0.03 | LOWER_TALL=0.6 | LOWER_WIDE=0.75 | MIN_AREA_FRAC=0.001 ===
[eval ] datasets/VisDrone/images/test: 1360 images | 11446 cars | 16628 dropped below 0.10% area
[train] datasets/VisDrone/images/val: 100 images | 1159 cars
  epoch 1/80  total 11890.243  margin 4526.531  hinge 7362.518  tv 1.194  (4s)
  epoch 2/80  total 11859.622  margin 4513.274  hinge 7345.165  tv 1.182  (7s)
  epoch 3/80  total 11754.266  margin 4461.113  hinge 7292.033  tv 1.121  (10s)
  epoch 4/80  total 11591.238  margin 4405.626  hinge 7184.585  tv 1.027  (13s)
  epoch 5/80  total 11457.376  margin 4361.849  hinge 7094.572  tv 0.955  (16s)
  epoch 6/80  total 11375.832  margin 4319.963  hinge 7054.988  tv 0.880  (18s)
  epoch 7/80  total 11344.152  margin 4316.987  hinge 7026.315  tv 0.850  (21s)
  epoch 8/80  total 11328.930  margin 4312.278  hinge 7015.800  tv 0.852  (24s)
  epoch 9/80  total 11302.777  margin 4306.557  hinge 6995.393  tv 0.826  (27s)
  epoch 10/80  total 11290.109  margin 4310.460  hinge 6978.851  tv 0.798  (30s)
  epoch 11/80  total 11319.471  margin 4318.547  hinge 7000.116  tv 0.809  (33s)
  epoch 12/80  total 11275.387  margin 4297.279  hinge 6977.320  tv 0.788  (36s)
  epoch 13/80  total 11259.546  margin 4282.830  hinge 6975.944  tv 0.772  (39s)
  epoch 14/80  total 11241.699  margin 4290.807  hinge 6950.127  tv 0.766  (41s)
  epoch 15/80  total 11255.678  margin 4295.551  hinge 6959.352  tv 0.774  (44s)
  epoch 16/80  total 11225.261  margin 4284.913  hinge 6939.591  tv 0.756  (47s)
  epoch 17/80  total 11221.055  margin 4291.842  hinge 6928.464  tv 0.748  (50s)
  epoch 18/80  total 11214.529  margin 4288.425  hinge 6925.352  tv 0.752  (53s)
  epoch 19/80  total 11210.488  margin 4284.084  hinge 6925.651  tv 0.753  (56s)
  epoch 20/80  total 11196.580  margin 4287.439  hinge 6908.403  tv 0.738  (59s)
  epoch 21/80  total 11218.455  margin 4287.965  hinge 6929.751  tv 0.740  (62s)
  epoch 22/80  total 11214.611  margin 4297.063  hinge 6916.793  tv 0.755  (64s)
  epoch 23/80  total 11192.897  margin 4279.041  hinge 6913.109  tv 0.748  (67s)
  epoch 24/80  total 11182.805  margin 4280.451  hinge 6901.601  tv 0.752  (70s)
  epoch 25/80  total 11184.903  margin 4274.286  hinge 6909.882  tv 0.734  (73s)
  epoch 26/80  total 11198.253  margin 4280.713  hinge 6916.795  tv 0.745  (76s)
  epoch 27/80  total 11177.960  margin 4276.475  hinge 6900.756  tv 0.729  (79s)
  epoch 28/80  total 11183.322  margin 4268.996  hinge 6913.600  tv 0.727  (82s)
  epoch 29/80  total 11198.615  margin 4283.728  hinge 6914.149  tv 0.739  (85s)
  epoch 30/80  total 11214.433  margin 4303.035  hinge 6910.661  tv 0.738  (87s)
  epoch 31/80  total 11176.079  margin 4275.375  hinge 6899.956  tv 0.749  (90s)
  epoch 32/80  total 11203.365  margin 4295.608  hinge 6907.024  tv 0.733  (93s)
  epoch 33/80  total 11173.491  margin 4275.631  hinge 6897.135  tv 0.724  (96s)
  epoch 34/80  total 11160.604  margin 4273.776  hinge 6886.110  tv 0.718  (99s)
  epoch 35/80  total 11183.185  margin 4284.264  hinge 6898.192  tv 0.729  (102s)
  epoch 36/80  total 11173.989  margin 4293.196  hinge 6880.084  tv 0.710  (105s)
  epoch 37/80  total 11214.174  margin 4302.499  hinge 6910.953  tv 0.722  (108s)
  epoch 38/80  total 11183.167  margin 4283.456  hinge 6898.991  tv 0.720  (110s)
  epoch 39/80  total 11147.297  margin 4270.759  hinge 6875.810  tv 0.729  (113s)
  epoch 40/80  total 11160.941  margin 4280.894  hinge 6879.337  tv 0.711  (116s)
  epoch 41/80  total 11173.804  margin 4290.319  hinge 6882.766  tv 0.718  (119s)
  epoch 42/80  total 11168.941  margin 4284.494  hinge 6883.743  tv 0.704  (122s)
  epoch 43/80  total 11152.980  margin 4284.673  hinge 6867.593  tv 0.714  (125s)
  epoch 44/80  total 11161.618  margin 4283.538  hinge 6877.370  tv 0.710  (128s)
  epoch 45/80  total 11159.963  margin 4277.496  hinge 6881.749  tv 0.718  (130s)
  epoch 46/80  total 11173.045  margin 4294.558  hinge 6877.776  tv 0.711  (133s)
  epoch 47/80  total 11141.988  margin 4281.079  hinge 6860.204  tv 0.705  (136s)
  epoch 48/80  total 11196.905  margin 4310.515  hinge 6885.677  tv 0.712  (139s)
  epoch 49/80  total 11153.730  margin 4276.342  hinge 6876.690  tv 0.698  (142s)
  epoch 50/80  total 11179.316  margin 4300.508  hinge 6878.093  tv 0.714  (145s)
  epoch 51/80  total 11177.613  margin 4292.553  hinge 6884.337  tv 0.723  (148s)
  epoch 52/80  total 11158.994  margin 4287.705  hinge 6870.577  tv 0.712  (150s)
  epoch 53/80  total 11175.796  margin 4290.330  hinge 6884.762  tv 0.704  (153s)
  epoch 54/80  total 11163.217  margin 4300.718  hinge 6861.787  tv 0.712  (156s)
  epoch 55/80  total 11171.492  margin 4299.471  hinge 6871.312  tv 0.708  (159s)
  epoch 56/80  total 11156.681  margin 4285.628  hinge 6870.330  tv 0.723  (162s)
  epoch 57/80  total 11177.159  margin 4304.440  hinge 6872.006  tv 0.712  (165s)
  epoch 58/80  total 11170.079  margin 4297.715  hinge 6871.660  tv 0.705  (168s)
  epoch 59/80  total 11174.647  margin 4307.413  hinge 6866.518  tv 0.715  (171s)
  epoch 60/80  total 11169.984  margin 4301.533  hinge 6867.729  tv 0.722  (173s)
  epoch 61/80  total 11160.035  margin 4310.254  hinge 6849.072  tv 0.709  (176s)
  epoch 62/80  total 11154.017  margin 4294.733  hinge 6858.582  tv 0.702  (179s)
  epoch 63/80  total 11183.931  margin 4291.771  hinge 6891.431  tv 0.728  (182s)
  epoch 64/80  total 11141.767  margin 4273.376  hinge 6867.690  tv 0.701  (185s)
  epoch 65/80  total 11170.480  margin 4300.479  hinge 6869.291  tv 0.710  (188s)
  epoch 66/80  total 11166.016  margin 4304.800  hinge 6860.511  tv 0.705  (191s)
  epoch 67/80  total 11154.594  margin 4300.932  hinge 6852.954  tv 0.709  (193s)
  epoch 68/80  total 11124.846  margin 4289.671  hinge 6834.486  tv 0.689  (196s)
  epoch 69/80  total 11135.007  margin 4292.947  hinge 6841.362  tv 0.698  (199s)
  epoch 70/80  total 11161.554  margin 4306.797  hinge 6854.059  tv 0.698  (202s)
  epoch 71/80  total 11137.169  margin 4298.120  hinge 6838.347  tv 0.701  (205s)
  epoch 72/80  total 11183.286  margin 4322.932  hinge 6859.648  tv 0.705  (208s)
  epoch 73/80  total 11137.555  margin 4302.625  hinge 6834.232  tv 0.699  (211s)
  epoch 74/80  total 11159.634  margin 4303.420  hinge 6855.507  tv 0.707  (213s)
  epoch 75/80  total 11165.511  margin 4303.257  hinge 6861.563  tv 0.690  (216s)
  epoch 76/80  total 11138.628  margin 4295.103  hinge 6842.829  tv 0.696  (219s)
  epoch 77/80  total 11123.818  margin 4295.602  hinge 6827.516  tv 0.699  (222s)
  epoch 78/80  total 11143.063  margin 4304.145  hinge 6838.231  tv 0.687  (225s)
  epoch 79/80  total 11160.363  margin 4306.930  hinge 6852.729  tv 0.704  (228s)
  epoch 80/80  total 11131.337  margin 4287.681  hinge 6842.962  tv 0.694  (231s)
[save] patch_examples_exp_lower_10/universal_patch.png

Evaluating on 1360 images...
ROOF: roof_frac=0.0% n=11446
LOWER: clamped=1.7% mean_on_car_frac=1.000 n=11446

==== CAR->VAN — exp_lower_10 (patch = 10% of bbox) ====
eval images        : 1360
eligible (car clean): 9415   ambiguous (van@box in clean): 457
flipped to van      : 2174  (new-van, patch-induced: 1872)
lost entirely       : 1324  (hiding side-effect, NOT a flip)

targeted ASR (STRICT, excl 457 ambiguous): 0.209   <- HEADLINE
targeted ASR (new-van / all eligible)      : 0.199
targeted ASR (original, inflated)          : 0.231
lost rate   : 0.141
