=== exp_roof_030 | car->van | MODE=adversarial | AREA_FRAC=0.2 | IMG_SIZE=640 | ROT_DEG=20.0 | LR=0.03 | LOWER_TALL=0.6 | LOWER_WIDE=0.75 | ROOF_LEN=0.3 | ROOF_WID=0.7 | MIN_AREA_FRAC=0.001 ===
[eval ] datasets/VisDrone/images/test: 1360 images | 11446 cars | 16628 dropped below 0.10% area
[train] datasets/VisDrone/images/val: 100 images | 1159 cars
  epoch 1/160  total 11844.245  margin 4489.140  hinge 7353.900  tv 1.205  (4s)
  epoch 2/160  total 11780.929  margin 4463.621  hinge 7316.146  tv 1.162  (7s)
  epoch 3/160  total 11741.708  margin 4440.520  hinge 7300.091  tv 1.097  (11s)
  epoch 4/160  total 11689.176  margin 4416.652  hinge 7271.491  tv 1.033  (14s)
  epoch 5/160  total 11636.694  margin 4395.842  hinge 7239.875  tv 0.977  (17s)
  epoch 6/160  total 11604.884  margin 4377.470  hinge 7226.462  tv 0.952  (20s)
  epoch 7/160  total 11583.127  margin 4376.988  hinge 7205.217  tv 0.923  (23s)
  epoch 8/160  total 11576.351  margin 4371.593  hinge 7203.849  tv 0.909  (27s)
  epoch 9/160  total 11513.086  margin 4347.130  hinge 7165.064  tv 0.891  (30s)
  epoch 10/160  total 11513.560  margin 4360.925  hinge 7151.746  tv 0.889  (33s)
  epoch 11/160  total 11495.278  margin 4369.948  hinge 7124.453  tv 0.877  (36s)
  epoch 12/160  total 11480.346  margin 4393.644  hinge 7085.806  tv 0.895  (39s)
  epoch 13/160  total 11481.812  margin 4404.179  hinge 7076.734  tv 0.900  (42s)
  epoch 14/160  total 11434.000  margin 4398.161  hinge 7034.978  tv 0.860  (45s)
  epoch 15/160  total 11392.142  margin 4398.590  hinge 6992.697  tv 0.855  (48s)
  epoch 16/160  total 11370.940  margin 4392.542  hinge 6977.557  tv 0.841  (51s)
  epoch 17/160  total 11326.938  margin 4378.152  hinge 6947.969  tv 0.817  (54s)
  epoch 18/160  total 11330.846  margin 4386.156  hinge 6943.874  tv 0.817  (58s)
  epoch 19/160  total 11336.364  margin 4372.032  hinge 6963.521  tv 0.811  (61s)
  epoch 20/160  total 11303.976  margin 4378.679  hinge 6924.510  tv 0.787  (64s)
  epoch 21/160  total 11319.830  margin 4386.610  hinge 6932.431  tv 0.789  (67s)
  epoch 22/160  total 11288.345  margin 4380.229  hinge 6907.325  tv 0.791  (70s)
  epoch 23/160  total 11263.753  margin 4376.676  hinge 6886.306  tv 0.771  (73s)
  epoch 24/160  total 11256.349  margin 4383.532  hinge 6872.045  tv 0.771  (76s)
  epoch 25/160  total 11241.756  margin 4409.960  hinge 6831.027  tv 0.769  (79s)
  epoch 26/160  total 11183.484  margin 4401.851  hinge 6780.876  tv 0.757  (83s)
  epoch 27/160  total 11167.752  margin 4412.957  hinge 6754.061  tv 0.735  (86s)
  epoch 28/160  total 11191.738  margin 4437.554  hinge 6753.447  tv 0.737  (89s)
  epoch 29/160  total 11164.316  margin 4429.917  hinge 6733.659  tv 0.739  (92s)
  epoch 30/160  total 11172.415  margin 4457.770  hinge 6713.884  tv 0.761  (95s)
  epoch 31/160  total 11111.120  margin 4444.607  hinge 6665.769  tv 0.744  (98s)
  epoch 32/160  total 11072.989  margin 4441.297  hinge 6630.971  tv 0.721  (101s)
  epoch 33/160  total 11075.616  margin 4450.610  hinge 6624.280  tv 0.726  (104s)
  epoch 34/160  total 11042.054  margin 4443.295  hinge 6598.035  tv 0.725  (107s)
  epoch 35/160  total 10993.953  margin 4442.697  hinge 6550.563  tv 0.693  (111s)
  epoch 36/160  total 11015.122  margin 4458.405  hinge 6556.014  tv 0.703  (114s)
  epoch 37/160  total 10993.913  margin 4472.096  hinge 6521.115  tv 0.701  (117s)
  epoch 38/160  total 11042.678  margin 4465.410  hinge 6576.558  tv 0.710  (120s)
  epoch 39/160  total 10972.736  margin 4455.743  hinge 6516.273  tv 0.721  (123s)
  epoch 40/160  total 11003.580  margin 4456.915  hinge 6545.972  tv 0.693  (126s)
  epoch 41/160  total 10988.463  margin 4477.548  hinge 6510.220  tv 0.695  (129s)
  epoch 42/160  total 10925.662  margin 4467.765  hinge 6457.195  tv 0.702  (132s)
  epoch 43/160  total 10935.045  margin 4464.582  hinge 6469.759  tv 0.704  (135s)
  epoch 44/160  total 10891.825  margin 4458.017  hinge 6433.121  tv 0.688  (138s)
  epoch 45/160  total 10868.311  margin 4460.924  hinge 6406.706  tv 0.681  (141s)
  epoch 46/160  total 10955.017  margin 4474.830  hinge 6479.477  tv 0.710  (144s)
  epoch 47/160  total 10911.129  margin 4476.753  hinge 6433.675  tv 0.700  (147s)
  epoch 48/160  total 10872.336  margin 4475.970  hinge 6395.674  tv 0.692  (150s)
  epoch 49/160  total 10908.719  margin 4466.211  hinge 6441.815  tv 0.692  (154s)
  epoch 50/160  total 10873.756  margin 4461.170  hinge 6411.899  tv 0.686  (157s)
  epoch 51/160  total 10879.152  margin 4452.174  hinge 6426.296  tv 0.682  (160s)
  epoch 52/160  total 10893.879  margin 4463.619  hinge 6429.581  tv 0.680  (163s)
  epoch 53/160  total 10923.736  margin 4473.907  hinge 6449.124  tv 0.705  (166s)
  epoch 54/160  total 10883.715  margin 4465.591  hinge 6417.440  tv 0.684  (169s)
  epoch 55/160  total 10909.866  margin 4470.649  hinge 6438.531  tv 0.686  (172s)
  epoch 56/160  total 10857.118  margin 4447.656  hinge 6408.773  tv 0.689  (175s)
  epoch 57/160  total 10867.907  margin 4468.976  hinge 6398.251  tv 0.680  (179s)
  epoch 58/160  total 10886.072  margin 4452.440  hinge 6432.954  tv 0.679  (182s)
  epoch 59/160  total 10897.432  margin 4458.078  hinge 6438.665  tv 0.689  (185s)
  epoch 60/160  total 10838.163  margin 4441.455  hinge 6396.021  tv 0.687  (188s)
  epoch 61/160  total 10880.139  margin 4453.206  hinge 6426.242  tv 0.691  (191s)
  epoch 62/160  total 10885.438  margin 4456.319  hinge 6428.437  tv 0.682  (194s)
  epoch 63/160  total 10814.064  margin 4446.938  hinge 6366.445  tv 0.682  (197s)
  epoch 64/160  total 10891.175  margin 4450.077  hinge 6440.414  tv 0.684  (200s)
  epoch 65/160  total 10911.209  margin 4463.848  hinge 6446.687  tv 0.675  (203s)
  epoch 66/160  total 10838.613  margin 4447.569  hinge 6390.370  tv 0.674  (206s)
  epoch 67/160  total 10857.470  margin 4443.210  hinge 6413.605  tv 0.654  (209s)
  epoch 68/160  total 10871.118  margin 4465.478  hinge 6404.981  tv 0.659  (213s)
  epoch 69/160  total 10820.047  margin 4451.540  hinge 6367.843  tv 0.664  (216s)
  epoch 70/160  total 10855.101  margin 4451.232  hinge 6403.196  tv 0.673  (219s)
  epoch 71/160  total 10857.642  margin 4469.465  hinge 6387.497  tv 0.680  (222s)
  epoch 72/160  total 10881.547  margin 4455.789  hinge 6425.072  tv 0.685  (225s)
  epoch 73/160  total 10850.577  margin 4454.831  hinge 6395.065  tv 0.681  (228s)
  epoch 74/160  total 10858.788  margin 4465.121  hinge 6392.979  tv 0.688  (231s)
  epoch 75/160  total 10928.050  margin 4481.512  hinge 6445.818  tv 0.720  (235s)
  epoch 76/160  total 10861.084  margin 4464.256  hinge 6396.126  tv 0.702  (238s)
  epoch 77/160  total 10888.124  margin 4476.927  hinge 6410.518  tv 0.679  (241s)
  epoch 78/160  total 10890.636  margin 4468.857  hinge 6421.105  tv 0.674  (244s)
  epoch 79/160  total 10870.764  margin 4469.380  hinge 6400.692  tv 0.692  (247s)
  epoch 80/160  total 10880.397  margin 4465.100  hinge 6414.603  tv 0.694  (250s)
  epoch 81/160  total 10888.581  margin 4465.270  hinge 6422.628  tv 0.684  (254s)
  epoch 82/160  total 10918.147  margin 4462.649  hinge 6454.795  tv 0.703  (257s)
  epoch 83/160  total 10841.616  margin 4443.870  hinge 6397.056  tv 0.690  (260s)
  epoch 84/160  total 10894.386  margin 4458.736  hinge 6434.937  tv 0.713  (263s)
  epoch 85/160  total 10896.147  margin 4464.578  hinge 6430.873  tv 0.696  (266s)
  epoch 86/160  total 10837.552  margin 4452.686  hinge 6384.177  tv 0.689  (269s)
  epoch 87/160  total 10889.128  margin 4466.370  hinge 6422.057  tv 0.702  (273s)
  epoch 88/160  total 10854.667  margin 4448.629  hinge 6405.346  tv 0.691  (276s)
  epoch 89/160  total 10825.864  margin 4438.360  hinge 6386.824  tv 0.680  (279s)
  epoch 90/160  total 10810.888  margin 4442.725  hinge 6367.483  tv 0.680  (283s)
  epoch 91/160  total 10853.740  margin 4458.253  hinge 6394.806  tv 0.681  (286s)
  epoch 92/160  total 10785.231  margin 4424.178  hinge 6360.381  tv 0.671  (289s)
  epoch 93/160  total 10866.711  margin 4449.128  hinge 6416.902  tv 0.680  (292s)
  epoch 94/160  total 10843.469  margin 4448.371  hinge 6394.426  tv 0.672  (295s)
  epoch 95/160  total 10829.214  margin 4452.733  hinge 6375.791  tv 0.690  (299s)
  epoch 96/160  total 10846.090  margin 4446.558  hinge 6398.855  tv 0.677  (302s)
  epoch 97/160  total 10871.524  margin 4451.028  hinge 6419.825  tv 0.671  (305s)
  epoch 98/160  total 10837.947  margin 4442.045  hinge 6395.223  tv 0.679  (308s)
  epoch 99/160  total 10861.295  margin 4461.521  hinge 6399.098  tv 0.675  (312s)
  epoch 100/160  total 10836.585  margin 4445.024  hinge 6390.883  tv 0.678  (315s)
  epoch 101/160  total 10872.008  margin 4466.589  hinge 6404.743  tv 0.676  (318s)
  epoch 102/160  total 10888.050  margin 4465.290  hinge 6422.069  tv 0.691  (321s)
  epoch 103/160  total 10865.477  margin 4457.704  hinge 6407.085  tv 0.689  (325s)
  epoch 104/160  total 10895.832  margin 4480.599  hinge 6414.537  tv 0.696  (328s)
  epoch 105/160  total 10896.962  margin 4455.772  hinge 6440.480  tv 0.711  (331s)
  epoch 106/160  total 10856.115  margin 4458.042  hinge 6397.374  tv 0.699  (335s)
  epoch 107/160  total 10847.948  margin 4463.269  hinge 6384.002  tv 0.677  (338s)
  epoch 108/160  total 10847.279  margin 4442.621  hinge 6403.966  tv 0.692  (341s)
  epoch 109/160  total 10902.904  margin 4466.354  hinge 6435.870  tv 0.680  (344s)
  epoch 110/160  total 10837.997  margin 4443.880  hinge 6393.431  tv 0.687  (347s)
  epoch 111/160  total 10839.052  margin 4440.449  hinge 6397.910  tv 0.693  (351s)
  epoch 112/160  total 10888.048  margin 4469.140  hinge 6418.225  tv 0.683  (354s)
  epoch 113/160  total 10854.366  margin 4449.064  hinge 6404.604  tv 0.697  (357s)
  epoch 114/160  total 10846.027  margin 4457.081  hinge 6388.265  tv 0.682  (360s)
  epoch 115/160  total 10774.942  margin 4443.080  hinge 6331.189  tv 0.673  (364s)
  epoch 116/160  total 10846.946  margin 4450.519  hinge 6395.743  tv 0.685  (367s)
  epoch 117/160  total 10855.341  margin 4453.433  hinge 6401.222  tv 0.686  (370s)
  epoch 118/160  total 10839.729  margin 4448.026  hinge 6391.028  tv 0.676  (373s)
  epoch 119/160  total 10858.613  margin 4454.703  hinge 6403.217  tv 0.693  (376s)
  epoch 120/160  total 10836.599  margin 4438.812  hinge 6397.113  tv 0.674  (379s)
  epoch 121/160  total 10831.695  margin 4453.277  hinge 6377.728  tv 0.690  (383s)
  epoch 122/160  total 10803.967  margin 4437.832  hinge 6365.451  tv 0.683  (386s)
  epoch 123/160  total 10822.469  margin 4448.006  hinge 6373.780  tv 0.683  (389s)
  epoch 124/160  total 10899.479  margin 4450.211  hinge 6448.580  tv 0.688  (392s)
  epoch 125/160  total 10816.256  margin 4431.852  hinge 6383.720  tv 0.683  (395s)
  epoch 126/160  total 10829.531  margin 4453.543  hinge 6375.293  tv 0.695  (398s)
  epoch 127/160  total 10846.850  margin 4455.365  hinge 6390.794  tv 0.691  (401s)
  epoch 128/160  total 10817.671  margin 4443.485  hinge 6373.503  tv 0.683  (404s)
  epoch 129/160  total 10794.002  margin 4434.614  hinge 6358.711  tv 0.677  (407s)
  epoch 130/160  total 10842.658  margin 4449.217  hinge 6392.760  tv 0.681  (410s)
  epoch 131/160  total 10851.845  margin 4444.210  hinge 6406.953  tv 0.682  (413s)
  epoch 132/160  total 10866.233  margin 4448.397  hinge 6417.152  tv 0.684  (416s)
  epoch 133/160  total 10845.082  margin 4445.421  hinge 6398.971  tv 0.690  (419s)
  epoch 134/160  total 10860.832  margin 4448.908  hinge 6411.248  tv 0.677  (422s)
  epoch 135/160  total 10831.050  margin 4434.343  hinge 6396.028  tv 0.679  (425s)
  epoch 136/160  total 10821.239  margin 4436.029  hinge 6384.520  tv 0.689  (428s)
  epoch 137/160  total 10790.655  margin 4432.937  hinge 6357.037  tv 0.682  (431s)
  epoch 138/160  total 10794.287  margin 4429.295  hinge 6364.313  tv 0.678  (434s)
  epoch 139/160  total 10900.686  margin 4471.182  hinge 6428.811  tv 0.693  (437s)
  epoch 140/160  total 10895.556  margin 4469.854  hinge 6425.009  tv 0.694  (440s)
  epoch 141/160  total 10880.020  margin 4466.489  hinge 6412.841  tv 0.690  (443s)
  epoch 142/160  total 10867.202  margin 4447.684  hinge 6418.807  tv 0.711  (446s)
  epoch 143/160  total 10849.864  margin 4459.913  hinge 6389.250  tv 0.701  (449s)
  epoch 144/160  total 10823.841  margin 4459.791  hinge 6363.356  tv 0.693  (452s)
  epoch 145/160  total 10804.078  margin 4447.406  hinge 6355.984  tv 0.688  (455s)
  epoch 146/160  total 10821.471  margin 4450.895  hinge 6369.893  tv 0.683  (459s)
  epoch 147/160  total 10866.322  margin 4449.248  hinge 6416.380  tv 0.693  (462s)
  epoch 148/160  total 10809.151  margin 4435.749  hinge 6372.710  tv 0.691  (465s)
  epoch 149/160  total 10830.334  margin 4441.671  hinge 6387.974  tv 0.689  (468s)
  epoch 150/160  total 10808.842  margin 4436.818  hinge 6371.343  tv 0.681  (471s)
  epoch 151/160  total 10818.258  margin 4445.355  hinge 6372.215  tv 0.688  (474s)
  epoch 152/160  total 10849.511  margin 4447.757  hinge 6401.067  tv 0.687  (477s)
  epoch 153/160  total 10824.888  margin 4449.557  hinge 6374.632  tv 0.699  (481s)
  epoch 154/160  total 10832.278  margin 4450.802  hinge 6380.787  tv 0.689  (484s)
  epoch 155/160  total 10783.547  margin 4431.449  hinge 6351.416  tv 0.681  (487s)
  epoch 156/160  total 10865.226  margin 4455.434  hinge 6409.095  tv 0.698  (490s)
  epoch 157/160  total 10883.299  margin 4461.998  hinge 6420.615  tv 0.686  (493s)
  epoch 158/160  total 10850.702  margin 4458.510  hinge 6391.496  tv 0.695  (496s)
  epoch 159/160  total 10843.079  margin 4447.782  hinge 6394.614  tv 0.683  (499s)
  epoch 160/160  total 10828.750  margin 4452.411  hinge 6375.654  tv 0.685  (502s)
[save] patch_examples_exp_roof_030/universal_patch.png

Evaluating on 1360 images...
ROOF: roof_frac=0.0% n=11446
ROOFFIT: mean_realized_area=0.106 shrunk=99.9% n=11446

==== CAR->VAN — exp_roof_030 (patch = 20% of bbox) ====
eval images        : 1360
eligible (car clean): 9415   ambiguous (van@box in clean): 457
flipped to van      : 1550  (new-van, patch-induced: 1358)
lost entirely       : 2468  (hiding side-effect, NOT a flip)

targeted ASR (STRICT, excl 457 ambiguous): 0.152   <- HEADLINE
targeted ASR (new-van / all eligible)      : 0.144
targeted ASR (original, inflated)          : 0.165
lost rate   : 0.262
