=== exp_lower_10_t70 | car->van | MODE=adversarial | AREA_FRAC=0.1 | IMG_SIZE=640 | ROT_DEG=20.0 | LR=0.03 | LOWER_TALL=0.7 | LOWER_WIDE=0.75 | MIN_AREA_FRAC=0.001 ===
[eval ] datasets/VisDrone/images/test: 1360 images | 11446 cars | 16628 dropped below 0.10% area
[train] datasets/VisDrone/images/val: 100 images | 1159 cars
  epoch 1/80  total 11900.461  margin 4536.555  hinge 7362.716  tv 1.190  (4s)
  epoch 2/80  total 11842.531  margin 4509.565  hinge 7331.799  tv 1.168  (7s)
  epoch 3/80  total 11725.976  margin 4450.431  hinge 7274.434  tv 1.111  (10s)
  epoch 4/80  total 11588.711  margin 4401.885  hinge 7185.808  tv 1.017  (13s)
  epoch 5/80  total 11494.268  margin 4359.829  hinge 7133.490  tv 0.949  (16s)
  epoch 6/80  total 11377.829  margin 4303.094  hinge 7073.853  tv 0.883  (18s)
  epoch 7/80  total 11337.103  margin 4295.801  hinge 7040.452  tv 0.851  (21s)
  epoch 8/80  total 11297.294  margin 4277.493  hinge 7018.988  tv 0.812  (24s)
  epoch 9/80  total 11279.544  margin 4261.635  hinge 7017.113  tv 0.796  (27s)
  epoch 10/80  total 11277.487  margin 4260.010  hinge 7016.677  tv 0.799  (30s)
  epoch 11/80  total 11295.981  margin 4267.347  hinge 7027.854  tv 0.779  (33s)
  epoch 12/80  total 11235.255  margin 4245.519  hinge 6988.950  tv 0.786  (36s)
  epoch 13/80  total 11280.586  margin 4260.794  hinge 7019.011  tv 0.781  (38s)
  epoch 14/80  total 11214.846  margin 4229.403  hinge 6984.680  tv 0.762  (41s)
  epoch 15/80  total 11239.177  margin 4238.308  hinge 7000.107  tv 0.761  (44s)
  epoch 16/80  total 11252.716  margin 4250.034  hinge 7001.911  tv 0.771  (47s)
  epoch 17/80  total 11220.806  margin 4241.152  hinge 6978.888  tv 0.766  (50s)
  epoch 18/80  total 11218.445  margin 4241.665  hinge 6976.013  tv 0.767  (53s)
  epoch 19/80  total 11223.649  margin 4243.206  hinge 6979.683  tv 0.760  (56s)
  epoch 20/80  total 11202.909  margin 4230.276  hinge 6971.881  tv 0.752  (58s)
  epoch 21/80  total 11219.054  margin 4241.031  hinge 6977.261  tv 0.762  (61s)
  epoch 22/80  total 11212.143  margin 4240.338  hinge 6971.041  tv 0.764  (64s)
  epoch 23/80  total 11213.984  margin 4234.710  hinge 6978.521  tv 0.753  (67s)
  epoch 24/80  total 11186.584  margin 4235.003  hinge 6950.839  tv 0.742  (70s)
  epoch 25/80  total 11200.388  margin 4242.445  hinge 6957.212  tv 0.731  (73s)
  epoch 26/80  total 11196.208  margin 4228.457  hinge 6967.020  tv 0.732  (76s)
  epoch 27/80  total 11197.939  margin 4235.464  hinge 6961.749  tv 0.726  (79s)
  epoch 28/80  total 11178.326  margin 4222.461  hinge 6955.135  tv 0.730  (81s)
  epoch 29/80  total 11158.021  margin 4213.405  hinge 6943.897  tv 0.718  (84s)
  epoch 30/80  total 11186.593  margin 4239.602  hinge 6946.262  tv 0.729  (87s)
  epoch 31/80  total 11199.348  margin 4238.080  hinge 6960.539  tv 0.729  (90s)
  epoch 32/80  total 11200.704  margin 4234.602  hinge 6965.367  tv 0.736  (93s)
  epoch 33/80  total 11179.142  margin 4223.835  hinge 6954.584  tv 0.723  (96s)
  epoch 34/80  total 11199.840  margin 4239.250  hinge 6959.858  tv 0.732  (98s)
  epoch 35/80  total 11180.318  margin 4235.673  hinge 6943.932  tv 0.713  (101s)
  epoch 36/80  total 11164.931  margin 4224.449  hinge 6939.774  tv 0.708  (104s)
  epoch 37/80  total 11198.042  margin 4240.787  hinge 6956.541  tv 0.714  (107s)
  epoch 38/80  total 11173.272  margin 4221.853  hinge 6950.710  tv 0.709  (110s)
  epoch 39/80  total 11152.669  margin 4217.132  hinge 6934.838  tv 0.699  (113s)
  epoch 40/80  total 11172.658  margin 4225.875  hinge 6946.082  tv 0.702  (116s)
  epoch 41/80  total 11175.256  margin 4233.875  hinge 6940.672  tv 0.709  (118s)
  epoch 42/80  total 11186.869  margin 4235.147  hinge 6951.013  tv 0.710  (121s)
  epoch 43/80  total 11190.576  margin 4237.496  hinge 6952.360  tv 0.719  (124s)
  epoch 44/80  total 11150.274  margin 4221.120  hinge 6928.447  tv 0.707  (127s)
  epoch 45/80  total 11175.292  margin 4229.474  hinge 6945.104  tv 0.714  (130s)
  epoch 46/80  total 11164.060  margin 4222.620  hinge 6940.729  tv 0.711  (133s)
  epoch 47/80  total 11156.416  margin 4227.421  hinge 6928.292  tv 0.703  (136s)
  epoch 48/80  total 11161.657  margin 4230.201  hinge 6930.747  tv 0.709  (139s)
  epoch 49/80  total 11167.598  margin 4227.807  hinge 6939.085  tv 0.707  (141s)
  epoch 50/80  total 11169.978  margin 4227.907  hinge 6941.361  tv 0.711  (144s)
  epoch 51/80  total 11158.062  margin 4225.980  hinge 6931.375  tv 0.708  (147s)
  epoch 52/80  total 11178.847  margin 4237.717  hinge 6940.411  tv 0.718  (150s)
  epoch 53/80  total 11175.897  margin 4241.029  hinge 6934.148  tv 0.721  (153s)
  epoch 54/80  total 11162.452  margin 4236.155  hinge 6925.596  tv 0.701  (156s)
  epoch 55/80  total 11167.044  margin 4231.715  hinge 6934.621  tv 0.707  (159s)
  epoch 56/80  total 11152.914  margin 4222.748  hinge 6929.465  tv 0.701  (162s)
  epoch 57/80  total 11163.248  margin 4231.069  hinge 6931.479  tv 0.701  (165s)
  epoch 58/80  total 11159.688  margin 4235.298  hinge 6923.685  tv 0.705  (168s)
  epoch 59/80  total 11173.881  margin 4239.114  hinge 6934.066  tv 0.702  (171s)
  epoch 60/80  total 11153.253  margin 4227.630  hinge 6924.924  tv 0.698  (174s)
  epoch 61/80  total 11141.707  margin 4224.733  hinge 6916.273  tv 0.701  (176s)
  epoch 62/80  total 11162.785  margin 4238.333  hinge 6923.754  tv 0.698  (179s)
  epoch 63/80  total 11192.006  margin 4250.181  hinge 6941.116  tv 0.710  (182s)
  epoch 64/80  total 11172.866  margin 4241.719  hinge 6930.440  tv 0.707  (185s)
  epoch 65/80  total 11146.022  margin 4227.203  hinge 6918.118  tv 0.701  (188s)
  epoch 66/80  total 11161.237  margin 4235.000  hinge 6925.546  tv 0.691  (191s)
  epoch 67/80  total 11176.198  margin 4246.675  hinge 6928.814  tv 0.709  (194s)
  epoch 68/80  total 11167.433  margin 4237.798  hinge 6928.938  tv 0.697  (196s)
  epoch 69/80  total 11176.668  margin 4242.216  hinge 6933.746  tv 0.705  (199s)
  epoch 70/80  total 11145.941  margin 4227.659  hinge 6917.584  tv 0.698  (202s)
  epoch 71/80  total 11149.659  margin 4241.070  hinge 6907.889  tv 0.699  (205s)
  epoch 72/80  total 11214.890  margin 4260.031  hinge 6954.140  tv 0.719  (208s)
  epoch 73/80  total 11145.675  margin 4239.213  hinge 6905.751  tv 0.711  (211s)
  epoch 74/80  total 11166.086  margin 4244.927  hinge 6920.432  tv 0.727  (214s)
  epoch 75/80  total 11180.724  margin 4243.968  hinge 6936.050  tv 0.706  (217s)
  epoch 76/80  total 11159.622  margin 4230.880  hinge 6928.040  tv 0.702  (220s)
  epoch 77/80  total 11149.026  margin 4228.927  hinge 6919.394  tv 0.704  (223s)
  epoch 78/80  total 11172.234  margin 4240.594  hinge 6930.932  tv 0.708  (225s)
  epoch 79/80  total 11180.440  margin 4251.082  hinge 6928.651  tv 0.707  (228s)
  epoch 80/80  total 11161.991  margin 4235.637  hinge 6925.664  tv 0.690  (231s)
[save] patch_examples_exp_lower_10_t70/universal_patch.png

Evaluating on 1360 images...
ROOF: roof_frac=0.0% n=11446
LOWER: clamped=1.7% mean_on_car_frac=1.000 n=11446

==== CAR->VAN — exp_lower_10_t70 (patch = 10% of bbox) ====
eval images        : 1360
eligible (car clean): 9415   ambiguous (van@box in clean): 457
flipped to van      : 2104  (new-van, patch-induced: 1766)
lost entirely       : 1086  (hiding side-effect, NOT a flip)

targeted ASR (STRICT, excl 457 ambiguous): 0.197   <- HEADLINE
targeted ASR (new-van / all eligible)      : 0.188
targeted ASR (original, inflated)          : 0.223
lost rate   : 0.115
