=== f_rot45 | car->van | MODE=adversarial | AREA_FRAC=0.2 | IMG_SIZE=640 | ROT_DEG=45.0 | MIN_AREA_FRAC=0.001 ===
[eval ] datasets/VisDrone/images/test: 1360 images | 11446 cars | 16628 dropped below 0.10% area
[train] datasets/VisDrone/images/val: 100 images | 1159 cars
  epoch 1/80  total 11764.134  margin 4372.501  hinge 7390.450  tv 1.183  (4s)
  epoch 2/80  total 11533.732  margin 4284.927  hinge 7247.783  tv 1.021  (7s)
  epoch 3/80  total 11458.984  margin 4251.913  hinge 7206.123  tv 0.948  (10s)
  epoch 4/80  total 11461.137  margin 4255.975  hinge 7204.260  tv 0.902  (13s)
  epoch 5/80  total 11463.099  margin 4266.284  hinge 7195.932  tv 0.883  (16s)
  epoch 6/80  total 11483.546  margin 4282.667  hinge 7199.989  tv 0.891  (19s)
  epoch 7/80  total 11427.912  margin 4270.421  hinge 7156.610  tv 0.880  (22s)
  epoch 8/80  total 11453.924  margin 4283.201  hinge 7169.832  tv 0.892  (25s)
  epoch 9/80  total 11430.816  margin 4278.144  hinge 7151.796  tv 0.875  (28s)
  epoch 10/80  total 11441.435  margin 4291.723  hinge 7148.833  tv 0.879  (31s)
  epoch 11/80  total 11432.325  margin 4301.615  hinge 7129.842  tv 0.869  (34s)
  epoch 12/80  total 11394.128  margin 4277.389  hinge 7115.877  tv 0.862  (37s)
  epoch 13/80  total 11436.034  margin 4291.496  hinge 7143.675  tv 0.864  (40s)
  epoch 14/80  total 11401.738  margin 4287.924  hinge 7112.955  tv 0.859  (43s)
  epoch 15/80  total 11401.523  margin 4284.184  hinge 7116.477  tv 0.862  (46s)
  epoch 16/80  total 11401.716  margin 4290.617  hinge 7110.235  tv 0.864  (49s)
  epoch 17/80  total 11407.894  margin 4299.348  hinge 7107.689  tv 0.857  (51s)
  epoch 18/80  total 11457.256  margin 4322.798  hinge 7133.590  tv 0.868  (54s)
  epoch 19/80  total 11428.832  margin 4310.281  hinge 7117.687  tv 0.864  (57s)
  epoch 20/80  total 11392.133  margin 4293.178  hinge 7098.109  tv 0.845  (60s)
  epoch 21/80  total 11415.707  margin 4301.463  hinge 7113.393  tv 0.850  (63s)
  epoch 22/80  total 11427.037  margin 4321.879  hinge 7104.305  tv 0.854  (66s)
  epoch 23/80  total 11369.057  margin 4287.269  hinge 7080.941  tv 0.848  (69s)
  epoch 24/80  total 11400.998  margin 4306.094  hinge 7094.050  tv 0.854  (72s)
  epoch 25/80  total 11414.033  margin 4307.598  hinge 7105.571  tv 0.864  (76s)
  epoch 26/80  total 11408.231  margin 4304.355  hinge 7103.026  tv 0.851  (79s)
  epoch 27/80  total 11376.158  margin 4299.442  hinge 7075.868  tv 0.848  (82s)
  epoch 28/80  total 11415.609  margin 4311.274  hinge 7103.498  tv 0.836  (85s)
  epoch 29/80  total 11401.250  margin 4316.711  hinge 7083.690  tv 0.849  (87s)
  epoch 30/80  total 11363.499  margin 4293.022  hinge 7069.637  tv 0.839  (90s)
  epoch 31/80  total 11379.402  margin 4301.186  hinge 7077.386  tv 0.830  (93s)
  epoch 32/80  total 11380.086  margin 4307.069  hinge 7072.185  tv 0.832  (96s)
  epoch 33/80  total 11401.036  margin 4315.789  hinge 7084.420  tv 0.828  (99s)
  epoch 34/80  total 11368.496  margin 4303.723  hinge 7063.940  tv 0.833  (102s)
  epoch 35/80  total 11370.184  margin 4312.686  hinge 7056.657  tv 0.841  (105s)
  epoch 36/80  total 11387.383  margin 4318.278  hinge 7068.267  tv 0.838  (108s)
  epoch 37/80  total 11383.134  margin 4317.214  hinge 7065.084  tv 0.836  (111s)
  epoch 38/80  total 11414.652  margin 4336.902  hinge 7076.902  tv 0.847  (114s)
  epoch 39/80  total 11393.916  margin 4317.134  hinge 7075.938  tv 0.844  (117s)
  epoch 40/80  total 11392.220  margin 4313.748  hinge 7077.638  tv 0.834  (120s)
  epoch 41/80  total 11344.080  margin 4305.253  hinge 7037.994  tv 0.833  (123s)
  epoch 42/80  total 11395.508  margin 4338.755  hinge 7055.909  tv 0.843  (126s)
  epoch 43/80  total 11356.749  margin 4322.177  hinge 7033.732  tv 0.840  (129s)
  epoch 44/80  total 11339.650  margin 4325.334  hinge 7013.489  tv 0.828  (132s)
  epoch 45/80  total 11382.412  margin 4325.217  hinge 7056.360  tv 0.834  (135s)
  epoch 46/80  total 11366.623  margin 4330.412  hinge 7035.384  tv 0.827  (138s)
  epoch 47/80  total 11370.361  margin 4333.278  hinge 7036.262  tv 0.821  (141s)
  epoch 48/80  total 11390.993  margin 4346.477  hinge 7043.689  tv 0.827  (144s)
  epoch 49/80  total 11378.024  margin 4371.046  hinge 7006.139  tv 0.840  (147s)
  epoch 50/80  total 11384.851  margin 4382.973  hinge 7001.032  tv 0.846  (150s)
  epoch 51/80  total 11334.009  margin 4377.234  hinge 6955.929  tv 0.847  (153s)
  epoch 52/80  total 11401.640  margin 4423.458  hinge 6977.345  tv 0.837  (156s)
  epoch 53/80  total 11352.915  margin 4408.200  hinge 6943.874  tv 0.841  (159s)
  epoch 54/80  total 11357.371  margin 4432.548  hinge 6923.983  tv 0.840  (162s)
  epoch 55/80  total 11321.761  margin 4442.912  hinge 6877.995  tv 0.854  (165s)
  epoch 56/80  total 11293.424  margin 4446.912  hinge 6845.668  tv 0.843  (168s)
  epoch 57/80  total 11273.132  margin 4451.560  hinge 6820.731  tv 0.841  (171s)
  epoch 58/80  total 11281.702  margin 4464.090  hinge 6816.764  tv 0.848  (174s)
  epoch 59/80  total 11238.462  margin 4464.383  hinge 6773.241  tv 0.838  (176s)
  epoch 60/80  total 11201.500  margin 4464.020  hinge 6736.647  tv 0.833  (179s)
  epoch 61/80  total 11150.342  margin 4462.275  hinge 6687.248  tv 0.819  (182s)
  epoch 62/80  total 11184.091  margin 4477.083  hinge 6706.189  tv 0.819  (185s)
  epoch 63/80  total 11166.996  margin 4466.071  hinge 6700.103  tv 0.822  (188s)
  epoch 64/80  total 11123.322  margin 4449.351  hinge 6673.165  tv 0.807  (191s)
  epoch 65/80  total 11202.050  margin 4482.475  hinge 6718.763  tv 0.813  (194s)
  epoch 66/80  total 11123.333  margin 4456.148  hinge 6666.386  tv 0.799  (197s)
  epoch 67/80  total 11110.536  margin 4459.116  hinge 6650.618  tv 0.802  (200s)
  epoch 68/80  total 11087.035  margin 4453.867  hinge 6632.363  tv 0.806  (203s)
  epoch 69/80  total 11097.376  margin 4475.741  hinge 6620.824  tv 0.810  (206s)
  epoch 70/80  total 11155.357  margin 4492.101  hinge 6662.449  tv 0.807  (209s)
  epoch 71/80  total 11115.785  margin 4477.019  hinge 6637.961  tv 0.805  (212s)
  epoch 72/80  total 11122.706  margin 4474.895  hinge 6647.004  tv 0.807  (214s)
  epoch 73/80  total 11097.968  margin 4478.247  hinge 6618.920  tv 0.801  (217s)
  epoch 74/80  total 11103.903  margin 4488.158  hinge 6614.945  tv 0.800  (220s)
  epoch 75/80  total 11063.371  margin 4478.438  hinge 6584.127  tv 0.806  (223s)
  epoch 76/80  total 10987.876  margin 4453.630  hinge 6533.457  tv 0.789  (226s)
  epoch 77/80  total 10674.039  margin 4378.402  hinge 6294.888  tv 0.748  (229s)
  epoch 78/80  total 10530.313  margin 4345.793  hinge 6183.782  tv 0.738  (232s)
  epoch 79/80  total 10387.014  margin 4300.011  hinge 6086.283  tv 0.721  (236s)
  epoch 80/80  total 10279.237  margin 4250.996  hinge 6027.535  tv 0.706  (239s)
[save] patch_examples_f_rot45/universal_patch.png

Evaluating on 1360 images...
ROOF: roof_frac=0.0% n=11446

==== CAR->VAN — f_rot45 (patch = 20% of bbox) ====
eval images        : 1360
eligible (car clean): 9415
flipped to van      : 2000
lost entirely       : 3460  (hiding side-effect, NOT a flip)

targeted ASR: 0.212   <- HEADLINE
lost rate   : 0.367
