=== exp_lower_07 | car->van | MODE=adversarial | AREA_FRAC=0.07 | IMG_SIZE=640 | ROT_DEG=20.0 | LR=0.03 | LOWER_TALL=0.6 | LOWER_WIDE=0.75 | MIN_AREA_FRAC=0.001 ===
[eval ] datasets/VisDrone/images/test: 1360 images | 11446 cars | 16628 dropped below 0.10% area
[train] datasets/VisDrone/images/val: 100 images | 1159 cars
  epoch 1/80  total 11894.405  margin 4535.672  hinge 7357.555  tv 1.178  (4s)
  epoch 2/80  total 11874.593  margin 4531.600  hinge 7341.807  tv 1.186  (7s)
  epoch 3/80  total 11823.393  margin 4511.498  hinge 7310.739  tv 1.156  (10s)
  epoch 4/80  total 11725.718  margin 4479.031  hinge 7245.599  tv 1.088  (13s)
  epoch 5/80  total 11663.535  margin 4449.337  hinge 7213.183  tv 1.014  (16s)
  epoch 6/80  total 11595.613  margin 4425.603  hinge 7169.075  tv 0.935  (19s)
  epoch 7/80  total 11559.531  margin 4401.370  hinge 7157.243  tv 0.918  (22s)
  epoch 8/80  total 11530.664  margin 4390.719  hinge 7139.055  tv 0.890  (24s)
  epoch 9/80  total 11524.470  margin 4393.534  hinge 7130.067  tv 0.869  (27s)
  epoch 10/80  total 11541.372  margin 4394.631  hinge 7145.883  tv 0.859  (30s)
  epoch 11/80  total 11531.876  margin 4387.691  hinge 7143.338  tv 0.847  (33s)
  epoch 12/80  total 11494.411  margin 4376.009  hinge 7117.560  tv 0.843  (36s)
  epoch 13/80  total 11473.946  margin 4361.022  hinge 7112.088  tv 0.836  (39s)
  epoch 14/80  total 11476.643  margin 4368.040  hinge 7107.792  tv 0.811  (42s)
  epoch 15/80  total 11467.014  margin 4362.902  hinge 7103.299  tv 0.812  (45s)
  epoch 16/80  total 11468.417  margin 4363.887  hinge 7103.722  tv 0.808  (48s)
  epoch 17/80  total 11476.439  margin 4373.333  hinge 7102.297  tv 0.809  (51s)
  epoch 18/80  total 11468.268  margin 4371.842  hinge 7095.633  tv 0.793  (54s)
  epoch 19/80  total 11447.462  margin 4355.977  hinge 7090.706  tv 0.778  (57s)
  epoch 20/80  total 11448.657  margin 4360.190  hinge 7087.686  tv 0.781  (60s)
  epoch 21/80  total 11457.130  margin 4362.602  hinge 7093.738  tv 0.791  (63s)
  epoch 22/80  total 11458.909  margin 4367.106  hinge 7091.008  tv 0.795  (66s)
  epoch 23/80  total 11437.312  margin 4347.505  hinge 7089.012  tv 0.795  (69s)
  epoch 24/80  total 11430.057  margin 4357.211  hinge 7072.069  tv 0.777  (72s)
  epoch 25/80  total 11424.183  margin 4355.989  hinge 7067.422  tv 0.772  (74s)
  epoch 26/80  total 11432.831  margin 4353.335  hinge 7078.723  tv 0.774  (77s)
  epoch 27/80  total 11454.289  margin 4362.270  hinge 7091.248  tv 0.771  (80s)
  epoch 28/80  total 11450.849  margin 4360.740  hinge 7089.329  tv 0.780  (83s)
  epoch 29/80  total 11439.550  margin 4352.343  hinge 7086.426  tv 0.782  (86s)
  epoch 30/80  total 11454.559  margin 4362.489  hinge 7091.297  tv 0.773  (89s)
  epoch 31/80  total 11426.224  margin 4354.114  hinge 7071.343  tv 0.767  (92s)
  epoch 32/80  total 11422.904  margin 4348.452  hinge 7073.695  tv 0.757  (95s)
  epoch 33/80  total 11420.825  margin 4346.483  hinge 7073.586  tv 0.757  (98s)
  epoch 34/80  total 11436.399  margin 4351.757  hinge 7083.880  tv 0.762  (101s)
  epoch 35/80  total 11428.790  margin 4353.758  hinge 7074.261  tv 0.772  (104s)
  epoch 36/80  total 11447.353  margin 4354.665  hinge 7091.896  tv 0.792  (107s)
  epoch 37/80  total 11450.916  margin 4363.593  hinge 7086.551  tv 0.773  (110s)
  epoch 38/80  total 11412.008  margin 4340.894  hinge 7070.351  tv 0.763  (112s)
  epoch 39/80  total 11414.038  margin 4347.100  hinge 7066.190  tv 0.748  (115s)
  epoch 40/80  total 11432.066  margin 4353.932  hinge 7077.364  tv 0.770  (118s)
  epoch 41/80  total 11429.242  margin 4348.298  hinge 7080.188  tv 0.757  (121s)
  epoch 42/80  total 11433.507  margin 4354.518  hinge 7078.244  tv 0.746  (124s)
  epoch 43/80  total 11427.022  margin 4348.135  hinge 7078.120  tv 0.767  (127s)
  epoch 44/80  total 11418.931  margin 4350.946  hinge 7067.229  tv 0.757  (130s)
  epoch 45/80  total 11424.409  margin 4352.649  hinge 7070.994  tv 0.766  (133s)
  epoch 46/80  total 11435.048  margin 4355.235  hinge 7079.048  tv 0.765  (136s)
  epoch 47/80  total 11401.480  margin 4341.670  hinge 7059.063  tv 0.746  (139s)
  epoch 48/80  total 11403.396  margin 4343.393  hinge 7059.258  tv 0.745  (142s)
  epoch 49/80  total 11413.036  margin 4344.792  hinge 7067.496  tv 0.748  (144s)
  epoch 50/80  total 11410.354  margin 4348.622  hinge 7060.978  tv 0.754  (147s)
  epoch 51/80  total 11438.994  margin 4357.798  hinge 7080.436  tv 0.760  (150s)
  epoch 52/80  total 11421.237  margin 4349.150  hinge 7071.321  tv 0.767  (153s)
  epoch 53/80  total 11446.270  margin 4357.532  hinge 7087.964  tv 0.774  (156s)
  epoch 54/80  total 11410.614  margin 4352.324  hinge 7057.540  tv 0.751  (159s)
  epoch 55/80  total 11423.319  margin 4351.045  hinge 7071.536  tv 0.738  (162s)
  epoch 56/80  total 11397.944  margin 4336.039  hinge 7061.162  tv 0.744  (165s)
  epoch 57/80  total 11424.746  margin 4356.628  hinge 7067.390  tv 0.728  (167s)
  epoch 58/80  total 11418.441  margin 4351.326  hinge 7066.372  tv 0.743  (170s)
  epoch 59/80  total 11424.591  margin 4355.175  hinge 7068.675  tv 0.741  (173s)
  epoch 60/80  total 11404.400  margin 4348.725  hinge 7054.949  tv 0.726  (176s)
  epoch 61/80  total 11400.420  margin 4342.579  hinge 7057.107  tv 0.734  (179s)
  epoch 62/80  total 11404.561  margin 4344.026  hinge 7059.798  tv 0.736  (182s)
  epoch 63/80  total 11415.843  margin 4354.363  hinge 7060.745  tv 0.735  (185s)
  epoch 64/80  total 11415.925  margin 4349.330  hinge 7065.857  tv 0.737  (188s)
  epoch 65/80  total 11416.382  margin 4353.936  hinge 7061.706  tv 0.740  (191s)
  epoch 66/80  total 11416.187  margin 4346.854  hinge 7068.586  tv 0.747  (194s)
  epoch 67/80  total 11386.179  margin 4336.934  hinge 7048.517  tv 0.728  (196s)
  epoch 68/80  total 11410.397  margin 4351.750  hinge 7057.914  tv 0.733  (199s)
  epoch 69/80  total 11408.114  margin 4351.370  hinge 7056.003  tv 0.742  (202s)
  epoch 70/80  total 11424.258  margin 4353.580  hinge 7069.924  tv 0.754  (205s)
  epoch 71/80  total 11407.307  margin 4349.653  hinge 7056.919  tv 0.735  (208s)
  epoch 72/80  total 11440.087  margin 4364.900  hinge 7074.434  tv 0.753  (211s)
  epoch 73/80  total 11431.760  margin 4362.458  hinge 7068.528  tv 0.774  (214s)
  epoch 74/80  total 11414.517  margin 4349.680  hinge 7064.088  tv 0.748  (216s)
  epoch 75/80  total 11426.230  margin 4357.310  hinge 7068.171  tv 0.748  (219s)
  epoch 76/80  total 11418.569  margin 4347.941  hinge 7069.883  tv 0.745  (222s)
  epoch 77/80  total 11410.432  margin 4351.300  hinge 7058.387  tv 0.745  (225s)
  epoch 78/80  total 11415.510  margin 4349.281  hinge 7065.496  tv 0.734  (228s)
  epoch 79/80  total 11411.740  margin 4349.016  hinge 7061.994  tv 0.731  (231s)
  epoch 80/80  total 11370.941  margin 4333.948  hinge 7036.273  tv 0.719  (234s)
[save] patch_examples_exp_lower_07/universal_patch.png

Evaluating on 1360 images...
ROOF: roof_frac=0.0% n=11446
LOWER: clamped=0.2% mean_on_car_frac=1.000 n=11446

==== CAR->VAN — exp_lower_07 (patch = 7% of bbox) ====
eval images        : 1360
eligible (car clean): 9415   ambiguous (van@box in clean): 457
flipped to van      : 1488  (new-van, patch-induced: 1184)
lost entirely       : 970  (hiding side-effect, NOT a flip)

targeted ASR (STRICT, excl 457 ambiguous): 0.132   <- HEADLINE
targeted ASR (new-van / all eligible)      : 0.126
targeted ASR (original, inflated)          : 0.158
lost rate   : 0.103
