=== s2g2_offset_15 | car->van | MODE=adversarial | AREA_FRAC=0.15 | IMG_SIZE=640 | MIN_AREA_FRAC=0.001 ===
[eval ] datasets/VisDrone/images/test: 1360 images | 11446 cars | 16628 dropped below 0.10% area
[train] datasets/VisDrone/images/val: 100 images | 1159 cars
  epoch 1/80  total 12000.235  margin 4558.459  hinge 7440.571  tv 1.204  (4s)
  epoch 2/80  total 11880.140  margin 4479.767  hinge 7399.230  tv 1.144  (7s)
  epoch 3/80  total 11820.597  margin 4449.923  hinge 7369.606  tv 1.067  (10s)
  epoch 4/80  total 11745.814  margin 4402.331  hinge 7342.468  tv 1.015  (13s)
  epoch 5/80  total 11719.158  margin 4394.995  hinge 7323.177  tv 0.986  (16s)
  epoch 6/80  total 11723.685  margin 4397.832  hinge 7324.887  tv 0.966  (19s)
  epoch 7/80  total 11702.830  margin 4389.238  hinge 7312.629  tv 0.963  (22s)
  epoch 8/80  total 11677.132  margin 4358.636  hinge 7317.534  tv 0.961  (25s)
  epoch 9/80  total 11669.467  margin 4372.438  hinge 7296.103  tv 0.926  (28s)
  epoch 10/80  total 11647.165  margin 4360.134  hinge 7286.115  tv 0.916  (31s)
  epoch 11/80  total 11652.027  margin 4346.454  hinge 7304.651  tv 0.923  (34s)
  epoch 12/80  total 11676.953  margin 4383.375  hinge 7292.660  tv 0.918  (37s)
  epoch 13/80  total 11694.244  margin 4364.724  hinge 7328.615  tv 0.905  (40s)
  epoch 14/80  total 11668.320  margin 4369.891  hinge 7297.497  tv 0.932  (43s)
  epoch 15/80  total 11665.001  margin 4361.213  hinge 7302.855  tv 0.933  (46s)
  epoch 16/80  total 11691.024  margin 4390.102  hinge 7299.980  tv 0.942  (49s)
  epoch 17/80  total 11649.496  margin 4357.698  hinge 7290.866  tv 0.932  (52s)
  epoch 18/80  total 11632.086  margin 4359.609  hinge 7271.567  tv 0.910  (55s)
  epoch 19/80  total 11692.075  margin 4377.129  hinge 7314.029  tv 0.918  (58s)
  epoch 20/80  total 11644.212  margin 4356.771  hinge 7286.515  tv 0.926  (61s)
  epoch 21/80  total 11665.745  margin 4364.751  hinge 7300.081  tv 0.913  (63s)
  epoch 22/80  total 11642.692  margin 4355.772  hinge 7286.016  tv 0.903  (66s)
  epoch 23/80  total 11610.183  margin 4343.882  hinge 7265.404  tv 0.898  (69s)
  epoch 24/80  total 11683.087  margin 4375.122  hinge 7307.055  tv 0.910  (72s)
  epoch 25/80  total 11631.873  margin 4346.074  hinge 7284.892  tv 0.908  (75s)
  epoch 26/80  total 11700.189  margin 4398.032  hinge 7301.239  tv 0.917  (78s)
  epoch 27/80  total 11664.053  margin 4371.211  hinge 7291.930  tv 0.911  (81s)
  epoch 28/80  total 11634.221  margin 4349.406  hinge 7283.904  tv 0.912  (84s)
  epoch 29/80  total 11639.745  margin 4365.786  hinge 7273.046  tv 0.913  (87s)
  epoch 30/80  total 11655.371  margin 4368.696  hinge 7285.775  tv 0.900  (90s)
  epoch 31/80  total 11647.159  margin 4364.354  hinge 7281.907  tv 0.898  (93s)
  epoch 32/80  total 11663.923  margin 4371.814  hinge 7291.214  tv 0.895  (96s)
  epoch 33/80  total 11663.593  margin 4378.464  hinge 7284.212  tv 0.918  (99s)
  epoch 34/80  total 11639.907  margin 4368.212  hinge 7270.781  tv 0.914  (102s)
  epoch 35/80  total 11656.887  margin 4364.717  hinge 7291.276  tv 0.894  (105s)
  epoch 36/80  total 11634.612  margin 4365.610  hinge 7268.107  tv 0.896  (108s)
  epoch 37/80  total 11639.061  margin 4361.369  hinge 7276.793  tv 0.898  (111s)
  epoch 38/80  total 11641.270  margin 4362.688  hinge 7277.676  tv 0.906  (114s)
  epoch 39/80  total 11639.719  margin 4359.604  hinge 7279.215  tv 0.900  (118s)
  epoch 40/80  total 11645.996  margin 4363.073  hinge 7282.009  tv 0.914  (121s)
  epoch 41/80  total 11659.642  margin 4370.864  hinge 7287.878  tv 0.900  (124s)
  epoch 42/80  total 11628.157  margin 4358.186  hinge 7269.075  tv 0.895  (126s)
  epoch 43/80  total 11608.775  margin 4341.572  hinge 7266.322  tv 0.881  (129s)
  epoch 44/80  total 11604.897  margin 4362.780  hinge 7241.225  tv 0.892  (132s)
  epoch 45/80  total 11646.020  margin 4366.906  hinge 7278.215  tv 0.899  (135s)
  epoch 46/80  total 11611.824  margin 4350.358  hinge 7260.570  tv 0.896  (138s)
  epoch 47/80  total 11664.331  margin 4375.029  hinge 7288.430  tv 0.871  (141s)
  epoch 48/80  total 11647.429  margin 4364.254  hinge 7282.288  tv 0.887  (144s)
  epoch 49/80  total 11655.255  margin 4368.893  hinge 7285.474  tv 0.887  (147s)
  epoch 50/80  total 11629.632  margin 4355.409  hinge 7273.328  tv 0.894  (150s)
  epoch 51/80  total 11658.193  margin 4363.720  hinge 7293.595  tv 0.878  (153s)
  epoch 52/80  total 11662.632  margin 4382.058  hinge 7279.680  tv 0.895  (156s)
  epoch 53/80  total 11655.825  margin 4372.040  hinge 7282.892  tv 0.894  (159s)
  epoch 54/80  total 11642.941  margin 4363.050  hinge 7278.999  tv 0.892  (162s)
  epoch 55/80  total 11642.267  margin 4368.108  hinge 7273.267  tv 0.892  (165s)
  epoch 56/80  total 11627.830  margin 4362.203  hinge 7264.749  tv 0.878  (168s)
  epoch 57/80  total 11626.389  margin 4365.980  hinge 7259.531  tv 0.877  (171s)
  epoch 58/80  total 11670.995  margin 4371.601  hinge 7298.503  tv 0.891  (174s)
  epoch 59/80  total 11639.066  margin 4348.342  hinge 7289.841  tv 0.882  (177s)
  epoch 60/80  total 11625.310  margin 4363.059  hinge 7261.390  tv 0.861  (180s)
  epoch 61/80  total 11630.773  margin 4350.775  hinge 7279.116  tv 0.882  (183s)
  epoch 62/80  total 11612.859  margin 4353.989  hinge 7257.971  tv 0.899  (186s)
  epoch 63/80  total 11626.688  margin 4359.275  hinge 7266.535  tv 0.878  (189s)
  epoch 64/80  total 11652.674  margin 4370.219  hinge 7281.569  tv 0.885  (192s)
  epoch 65/80  total 11624.136  margin 4345.078  hinge 7278.189  tv 0.869  (195s)
  epoch 66/80  total 11617.239  margin 4343.870  hinge 7272.502  tv 0.867  (198s)
  epoch 67/80  total 11606.880  margin 4344.273  hinge 7261.743  tv 0.863  (201s)
  epoch 68/80  total 11655.532  margin 4356.819  hinge 7297.852  tv 0.862  (204s)
  epoch 69/80  total 11638.403  margin 4352.354  hinge 7285.168  tv 0.881  (206s)
  epoch 70/80  total 11637.212  margin 4376.701  hinge 7259.620  tv 0.892  (209s)
  epoch 71/80  total 11661.994  margin 4371.339  hinge 7289.778  tv 0.877  (212s)
  epoch 72/80  total 11654.783  margin 4368.906  hinge 7284.992  tv 0.885  (215s)
  epoch 73/80  total 11612.734  margin 4350.464  hinge 7261.385  tv 0.884  (218s)
  epoch 74/80  total 11656.317  margin 4372.967  hinge 7282.458  tv 0.892  (221s)
  epoch 75/80  total 11614.545  margin 4346.866  hinge 7266.790  tv 0.889  (224s)
  epoch 76/80  total 11631.882  margin 4365.823  hinge 7265.178  tv 0.882  (227s)
  epoch 77/80  total 11618.409  margin 4349.963  hinge 7267.569  tv 0.877  (230s)
  epoch 78/80  total 11638.589  margin 4366.083  hinge 7271.622  tv 0.884  (233s)
  epoch 79/80  total 11663.538  margin 4370.456  hinge 7292.203  tv 0.880  (236s)
  epoch 80/80  total 11610.575  margin 4351.433  hinge 7258.260  tv 0.882  (239s)
[save] patch_examples_s2g2_offset_15/universal_patch.png

Evaluating on 1360 images...
PLACEMENT: cleared_middle=49.7% n=11446

==== CAR->VAN — s2g2_offset_15 (patch = 15% of bbox) ====
eval images        : 1360
eligible (car clean): 9415
flipped to van      : 1109
lost entirely       : 1339  (hiding side-effect, NOT a flip)

targeted ASR: 0.118   <- HEADLINE
lost rate   : 0.142
