=== s2l_center_03 | car->van | MODE=adversarial | AREA_FRAC=0.03 | IMG_SIZE=640 | MIN_AREA_FRAC=0.001 ===
[eval ] datasets/VisDrone/images/test: 1360 images | 11446 cars | 16628 dropped below 0.10% area
[train] datasets/VisDrone/images/val: 100 images | 1159 cars
  epoch 1/80  total 11895.750  margin 4526.672  hinge 7367.990  tv 1.088  (4s)
  epoch 2/80  total 11870.621  margin 4520.434  hinge 7349.014  tv 1.173  (7s)
  epoch 3/80  total 11852.511  margin 4513.715  hinge 7337.620  tv 1.175  (9s)
  epoch 4/80  total 11848.776  margin 4511.558  hinge 7336.042  tv 1.176  (12s)
  epoch 5/80  total 11841.050  margin 4505.834  hinge 7334.043  tv 1.173  (15s)
  epoch 6/80  total 11826.311  margin 4499.877  hinge 7325.279  tv 1.155  (18s)
  epoch 7/80  total 11821.533  margin 4499.305  hinge 7321.101  tv 1.127  (20s)
  epoch 8/80  total 11819.241  margin 4497.125  hinge 7321.019  tv 1.097  (23s)
  epoch 9/80  total 11807.285  margin 4490.640  hinge 7315.567  tv 1.078  (26s)
  epoch 10/80  total 11802.614  margin 4488.773  hinge 7312.786  tv 1.054  (29s)
  epoch 11/80  total 11800.429  margin 4486.342  hinge 7313.046  tv 1.042  (31s)
  epoch 12/80  total 11801.879  margin 4489.979  hinge 7310.856  tv 1.044  (34s)
  epoch 13/80  total 11791.614  margin 4486.802  hinge 7303.757  tv 1.055  (37s)
  epoch 14/80  total 11788.121  margin 4481.885  hinge 7305.192  tv 1.043  (40s)
  epoch 15/80  total 11796.721  margin 4486.482  hinge 7309.205  tv 1.033  (42s)
  epoch 16/80  total 11795.006  margin 4484.176  hinge 7309.797  tv 1.033  (45s)
  epoch 17/80  total 11770.906  margin 4472.952  hinge 7296.941  tv 1.014  (48s)
  epoch 18/80  total 11774.953  margin 4476.933  hinge 7297.013  tv 1.007  (51s)
  epoch 19/80  total 11754.095  margin 4467.288  hinge 7285.812  tv 0.995  (53s)
  epoch 20/80  total 11758.878  margin 4469.852  hinge 7288.033  tv 0.993  (56s)
  epoch 21/80  total 11768.864  margin 4476.303  hinge 7291.583  tv 0.978  (59s)
  epoch 22/80  total 11758.399  margin 4469.837  hinge 7287.590  tv 0.973  (62s)
  epoch 23/80  total 11754.384  margin 4465.856  hinge 7287.553  tv 0.975  (64s)
  epoch 24/80  total 11757.319  margin 4469.110  hinge 7287.244  tv 0.965  (67s)
  epoch 25/80  total 11747.472  margin 4465.979  hinge 7280.532  tv 0.961  (70s)
  epoch 26/80  total 11768.220  margin 4471.633  hinge 7295.629  tv 0.958  (73s)
  epoch 27/80  total 11760.901  margin 4473.611  hinge 7286.331  tv 0.960  (75s)
  epoch 28/80  total 11752.565  margin 4468.431  hinge 7283.181  tv 0.953  (78s)
  epoch 29/80  total 11757.756  margin 4468.848  hinge 7287.962  tv 0.946  (81s)
  epoch 30/80  total 11751.708  margin 4465.790  hinge 7284.980  tv 0.938  (84s)
  epoch 31/80  total 11750.376  margin 4465.524  hinge 7283.910  tv 0.941  (86s)
  epoch 32/80  total 11755.777  margin 4468.834  hinge 7286.002  tv 0.941  (89s)
  epoch 33/80  total 11754.575  margin 4463.584  hinge 7290.059  tv 0.932  (92s)
  epoch 34/80  total 11756.359  margin 4467.732  hinge 7287.691  tv 0.936  (94s)
  epoch 35/80  total 11745.770  margin 4462.204  hinge 7282.635  tv 0.932  (97s)
  epoch 36/80  total 11760.603  margin 4471.908  hinge 7287.764  tv 0.930  (100s)
  epoch 37/80  total 11745.032  margin 4462.813  hinge 7281.292  tv 0.927  (103s)
  epoch 38/80  total 11750.599  margin 4467.617  hinge 7282.056  tv 0.926  (105s)
  epoch 39/80  total 11754.630  margin 4467.732  hinge 7285.976  tv 0.923  (108s)
  epoch 40/80  total 11747.691  margin 4466.073  hinge 7280.694  tv 0.924  (111s)
  epoch 41/80  total 11745.103  margin 4465.240  hinge 7278.949  tv 0.914  (114s)
  epoch 42/80  total 11746.742  margin 4463.208  hinge 7282.618  tv 0.917  (116s)
  epoch 43/80  total 11754.260  margin 4464.708  hinge 7288.632  tv 0.920  (119s)
  epoch 44/80  total 11747.343  margin 4462.593  hinge 7283.827  tv 0.923  (122s)
  epoch 45/80  total 11747.957  margin 4465.674  hinge 7281.360  tv 0.923  (125s)
  epoch 46/80  total 11741.682  margin 4460.051  hinge 7280.713  tv 0.918  (127s)
  epoch 47/80  total 11747.252  margin 4464.646  hinge 7281.683  tv 0.922  (130s)
  epoch 48/80  total 11746.674  margin 4462.368  hinge 7283.388  tv 0.919  (133s)
  epoch 49/80  total 11743.501  margin 4463.554  hinge 7279.045  tv 0.902  (136s)
  epoch 50/80  total 11735.254  margin 4456.721  hinge 7277.636  tv 0.898  (139s)
  epoch 51/80  total 11732.584  margin 4455.559  hinge 7276.137  tv 0.888  (142s)
  epoch 52/80  total 11734.407  margin 4458.411  hinge 7275.099  tv 0.897  (145s)
  epoch 53/80  total 11744.135  margin 4463.837  hinge 7279.392  tv 0.906  (147s)
  epoch 54/80  total 11741.835  margin 4463.000  hinge 7277.926  tv 0.909  (150s)
  epoch 55/80  total 11738.469  margin 4459.038  hinge 7278.528  tv 0.903  (153s)
  epoch 56/80  total 11740.739  margin 4458.565  hinge 7281.254  tv 0.920  (155s)
  epoch 57/80  total 11740.892  margin 4460.643  hinge 7279.340  tv 0.909  (158s)
  epoch 58/80  total 11744.813  margin 4462.094  hinge 7281.827  tv 0.892  (161s)
  epoch 59/80  total 11734.343  margin 4462.374  hinge 7271.082  tv 0.887  (164s)
  epoch 60/80  total 11737.357  margin 4461.519  hinge 7274.939  tv 0.899  (166s)
  epoch 61/80  total 11734.226  margin 4459.400  hinge 7273.934  tv 0.893  (169s)
  epoch 62/80  total 11725.153  margin 4448.361  hinge 7275.906  tv 0.887  (172s)
  epoch 63/80  total 11735.835  margin 4458.569  hinge 7276.386  tv 0.880  (175s)
  epoch 64/80  total 11736.261  margin 4459.538  hinge 7275.833  tv 0.889  (178s)
  epoch 65/80  total 11724.756  margin 4452.563  hinge 7271.311  tv 0.882  (181s)
  epoch 66/80  total 11736.331  margin 4458.981  hinge 7276.473  tv 0.877  (183s)
  epoch 67/80  total 11737.972  margin 4457.766  hinge 7279.341  tv 0.866  (186s)
  epoch 68/80  total 11731.202  margin 4453.605  hinge 7276.738  tv 0.858  (189s)
  epoch 69/80  total 11726.214  margin 4452.411  hinge 7272.932  tv 0.871  (192s)
  epoch 70/80  total 11739.662  margin 4458.187  hinge 7280.608  tv 0.867  (194s)
  epoch 71/80  total 11723.234  margin 4451.595  hinge 7270.777  tv 0.862  (197s)
  epoch 72/80  total 11718.395  margin 4448.345  hinge 7269.193  tv 0.857  (200s)
  epoch 73/80  total 11725.602  margin 4451.070  hinge 7273.674  tv 0.859  (203s)
  epoch 74/80  total 11724.735  margin 4455.239  hinge 7268.637  tv 0.858  (205s)
  epoch 75/80  total 11729.855  margin 4454.381  hinge 7274.615  tv 0.859  (208s)
  epoch 76/80  total 11729.137  margin 4455.023  hinge 7273.259  tv 0.856  (211s)
  epoch 77/80  total 11722.308  margin 4450.345  hinge 7271.109  tv 0.854  (213s)
  epoch 78/80  total 11724.248  margin 4454.531  hinge 7268.864  tv 0.853  (216s)
  epoch 79/80  total 11723.573  margin 4450.198  hinge 7272.519  tv 0.856  (219s)
  epoch 80/80  total 11726.166  margin 4453.702  hinge 7271.606  tv 0.858  (222s)
[save] patch_examples_s2l_center_03/universal_patch.png

Evaluating on 1360 images...
ROOF: roof_frac=24.4% n=9216

==== CAR->VAN — s2l_center_03 (patch = 3% of bbox) ====
eval images        : 1360
eligible (car clean): 9415
flipped to van      : 667
lost entirely       : 413  (hiding side-effect, NOT a flip)

targeted ASR: 0.071   <- HEADLINE
lost rate   : 0.044
