=== s2h_center_10 | car->van | MODE=adversarial | AREA_FRAC=0.1 | IMG_SIZE=640 | MIN_AREA_FRAC=0.001 ===
[eval ] datasets/VisDrone/images/test: 1360 images | 11446 cars | 16628 dropped below 0.10% area
[train] datasets/VisDrone/images/val: 100 images | 1159 cars
  epoch 1/80  total 11853.522  margin 4489.598  hinge 7362.739  tv 1.185  (4s)
  epoch 2/80  total 11777.893  margin 4448.005  hinge 7328.747  tv 1.140  (7s)
  epoch 3/80  total 11759.060  margin 4435.119  hinge 7322.863  tv 1.078  (11s)
  epoch 4/80  total 11702.718  margin 4410.916  hinge 7290.775  tv 1.027  (14s)
  epoch 5/80  total 11638.190  margin 4382.171  hinge 7255.038  tv 0.981  (17s)
  epoch 6/80  total 11582.345  margin 4364.543  hinge 7216.857  tv 0.945  (20s)
  epoch 7/80  total 11527.629  margin 4349.179  hinge 7177.525  tv 0.926  (23s)
  epoch 8/80  total 11480.297  margin 4350.411  hinge 7128.985  tv 0.901  (26s)
  epoch 9/80  total 11407.814  margin 4328.714  hinge 7078.231  tv 0.869  (29s)
  epoch 10/80  total 11362.496  margin 4330.051  hinge 7031.593  tv 0.852  (32s)
  epoch 11/80  total 11366.436  margin 4357.023  hinge 7008.583  tv 0.830  (35s)
  epoch 12/80  total 11308.305  margin 4349.806  hinge 6957.683  tv 0.816  (38s)
  epoch 13/80  total 11308.515  margin 4342.188  hinge 6965.518  tv 0.809  (41s)
  epoch 14/80  total 11256.484  margin 4339.564  hinge 6916.134  tv 0.787  (44s)
  epoch 15/80  total 11271.743  margin 4363.426  hinge 6907.518  tv 0.799  (47s)
  epoch 16/80  total 11237.144  margin 4352.363  hinge 6884.006  tv 0.775  (50s)
  epoch 17/80  total 11231.785  margin 4361.932  hinge 6869.071  tv 0.782  (53s)
  epoch 18/80  total 11228.703  margin 4350.369  hinge 6877.556  tv 0.778  (56s)
  epoch 19/80  total 11192.798  margin 4351.803  hinge 6840.234  tv 0.761  (59s)
  epoch 20/80  total 11194.779  margin 4359.346  hinge 6834.671  tv 0.761  (62s)
  epoch 21/80  total 11248.234  margin 4376.177  hinge 6871.296  tv 0.761  (65s)
  epoch 22/80  total 11197.687  margin 4373.739  hinge 6823.186  tv 0.763  (67s)
  epoch 23/80  total 11178.074  margin 4372.202  hinge 6805.113  tv 0.759  (70s)
  epoch 24/80  total 11188.341  margin 4377.741  hinge 6809.849  tv 0.751  (73s)
  epoch 25/80  total 11176.493  margin 4376.020  hinge 6799.725  tv 0.747  (76s)
  epoch 26/80  total 11188.242  margin 4369.221  hinge 6818.268  tv 0.752  (79s)
  epoch 27/80  total 11171.514  margin 4360.351  hinge 6810.416  tv 0.747  (82s)
  epoch 28/80  total 11177.147  margin 4388.142  hinge 6788.258  tv 0.747  (85s)
  epoch 29/80  total 11149.608  margin 4388.214  hinge 6760.647  tv 0.747  (88s)
  epoch 30/80  total 11130.470  margin 4403.784  hinge 6725.951  tv 0.736  (91s)
  epoch 31/80  total 11070.525  margin 4395.041  hinge 6674.760  tv 0.723  (94s)
  epoch 32/80  total 11099.931  margin 4411.699  hinge 6687.500  tv 0.732  (97s)
  epoch 33/80  total 11034.241  margin 4415.944  hinge 6617.592  tv 0.706  (100s)
  epoch 34/80  total 11043.625  margin 4426.204  hinge 6616.707  tv 0.714  (103s)
  epoch 35/80  total 10988.042  margin 4431.056  hinge 6556.294  tv 0.692  (106s)
  epoch 36/80  total 10926.679  margin 4421.270  hinge 6504.728  tv 0.681  (109s)
  epoch 37/80  total 11012.632  margin 4442.771  hinge 6569.145  tv 0.716  (112s)
  epoch 38/80  total 10990.643  margin 4447.249  hinge 6542.683  tv 0.711  (115s)
  epoch 39/80  total 10959.476  margin 4443.005  hinge 6515.761  tv 0.710  (118s)
  epoch 40/80  total 10935.551  margin 4447.469  hinge 6487.404  tv 0.678  (121s)
  epoch 41/80  total 10986.498  margin 4465.626  hinge 6520.185  tv 0.688  (124s)
  epoch 42/80  total 10890.605  margin 4446.655  hinge 6443.280  tv 0.670  (127s)
  epoch 43/80  total 10919.617  margin 4455.938  hinge 6463.013  tv 0.666  (130s)
  epoch 44/80  total 10905.411  margin 4449.627  hinge 6455.097  tv 0.687  (133s)
  epoch 45/80  total 10892.441  margin 4444.950  hinge 6446.832  tv 0.659  (136s)
  epoch 46/80  total 10953.167  margin 4452.599  hinge 6499.878  tv 0.690  (139s)
  epoch 47/80  total 10861.640  margin 4434.492  hinge 6426.487  tv 0.661  (142s)
  epoch 48/80  total 10862.950  margin 4440.740  hinge 6421.548  tv 0.662  (145s)
  epoch 49/80  total 10901.468  margin 4445.385  hinge 6455.423  tv 0.660  (148s)
  epoch 50/80  total 10887.573  margin 4448.127  hinge 6438.791  tv 0.655  (151s)
  epoch 51/80  total 10901.324  margin 4448.522  hinge 6452.146  tv 0.657  (154s)
  epoch 52/80  total 10891.471  margin 4448.456  hinge 6442.356  tv 0.658  (157s)
  epoch 53/80  total 10919.631  margin 4457.708  hinge 6461.249  tv 0.673  (159s)
  epoch 54/80  total 10893.297  margin 4447.019  hinge 6445.617  tv 0.661  (162s)
  epoch 55/80  total 10866.569  margin 4443.529  hinge 6422.383  tv 0.658  (165s)
  epoch 56/80  total 10891.416  margin 4446.841  hinge 6443.913  tv 0.662  (168s)
  epoch 57/80  total 10918.274  margin 4463.618  hinge 6453.979  tv 0.677  (171s)
  epoch 58/80  total 10884.836  margin 4448.306  hinge 6435.859  tv 0.671  (174s)
  epoch 59/80  total 10908.342  margin 4447.272  hinge 6460.399  tv 0.671  (177s)
  epoch 60/80  total 10813.215  margin 4429.663  hinge 6382.898  tv 0.654  (180s)
  epoch 61/80  total 10844.999  margin 4446.058  hinge 6398.293  tv 0.649  (183s)
  epoch 62/80  total 10819.555  margin 4432.610  hinge 6386.309  tv 0.635  (186s)
  epoch 63/80  total 10870.658  margin 4444.098  hinge 6425.913  tv 0.647  (189s)
  epoch 64/80  total 10883.683  margin 4442.156  hinge 6440.868  tv 0.658  (192s)
  epoch 65/80  total 10877.286  margin 4437.970  hinge 6438.661  tv 0.655  (195s)
  epoch 66/80  total 10844.964  margin 4443.095  hinge 6401.214  tv 0.654  (198s)
  epoch 67/80  total 10873.582  margin 4446.278  hinge 6426.644  tv 0.659  (201s)
  epoch 68/80  total 10886.757  margin 4457.802  hinge 6428.308  tv 0.647  (204s)
  epoch 69/80  total 10833.850  margin 4441.825  hinge 6391.381  tv 0.644  (206s)
  epoch 70/80  total 10854.348  margin 4436.429  hinge 6417.273  tv 0.646  (209s)
  epoch 71/80  total 10829.844  margin 4428.286  hinge 6400.903  tv 0.655  (212s)
  epoch 72/80  total 10875.857  margin 4435.972  hinge 6439.221  tv 0.664  (215s)
  epoch 73/80  total 10850.709  margin 4437.534  hinge 6412.528  tv 0.647  (218s)
  epoch 74/80  total 10887.799  margin 4447.671  hinge 6439.461  tv 0.667  (221s)
  epoch 75/80  total 10894.936  margin 4450.566  hinge 6443.692  tv 0.678  (224s)
  epoch 76/80  total 10856.685  margin 4442.785  hinge 6413.240  tv 0.660  (228s)
  epoch 77/80  total 10867.415  margin 4444.857  hinge 6421.910  tv 0.649  (231s)
  epoch 78/80  total 10849.389  margin 4435.388  hinge 6413.348  tv 0.653  (234s)
  epoch 79/80  total 10911.303  margin 4467.212  hinge 6443.418  tv 0.673  (237s)
  epoch 80/80  total 10856.758  margin 4441.899  hinge 6414.213  tv 0.646  (240s)
[save] patch_examples_s2h_center_10/universal_patch.png

Evaluating on 1360 images...
ROOF: roof_frac=0.0% n=11446

==== CAR->VAN — s2h_center_10 (patch = 10% of bbox) ====
eval images        : 1360
eligible (car clean): 9415
flipped to van      : 1818
lost entirely       : 2038  (hiding side-effect, NOT a flip)

targeted ASR: 0.193   <- HEADLINE
lost rate   : 0.216
