=== exp_lower_20 | car->van | MODE=adversarial | AREA_FRAC=0.2 | IMG_SIZE=640 | ROT_DEG=20.0 | MIN_AREA_FRAC=0.001 ===
[eval ] datasets/VisDrone/images/test: 1360 images | 11446 cars | 16628 dropped below 0.10% area
[train] datasets/VisDrone/images/val: 100 images | 1159 cars
  epoch 1/80  total 11791.655  margin 4462.669  hinge 7327.790  tv 1.196  (4s)
  epoch 2/80  total 11670.494  margin 4435.940  hinge 7233.447  tv 1.107  (7s)
  epoch 3/80  total 11554.873  margin 4385.451  hinge 7168.408  tv 1.014  (10s)
  epoch 4/80  total 11523.190  margin 4363.527  hinge 7158.689  tv 0.974  (14s)
  epoch 5/80  total 11512.647  margin 4355.829  hinge 7155.878  tv 0.939  (17s)
  epoch 6/80  total 11505.960  margin 4349.383  hinge 7155.626  tv 0.951  (20s)
  epoch 7/80  total 11496.773  margin 4336.430  hinge 7159.409  tv 0.935  (23s)
  epoch 8/80  total 11427.840  margin 4325.345  hinge 7101.567  tv 0.929  (26s)
  epoch 9/80  total 11422.927  margin 4317.351  hinge 7104.665  tv 0.911  (29s)
  epoch 10/80  total 11400.492  margin 4309.026  hinge 7090.579  tv 0.887  (32s)
  epoch 11/80  total 11408.957  margin 4301.857  hinge 7106.220  tv 0.879  (35s)
  epoch 12/80  total 11371.567  margin 4296.804  hinge 7073.894  tv 0.870  (38s)
  epoch 13/80  total 11355.548  margin 4295.112  hinge 7059.584  tv 0.852  (41s)
  epoch 14/80  total 11318.624  margin 4283.708  hinge 7034.071  tv 0.844  (44s)
  epoch 15/80  total 11329.854  margin 4287.419  hinge 7041.610  tv 0.825  (47s)
  epoch 16/80  total 11329.145  margin 4291.648  hinge 7036.658  tv 0.838  (50s)
  epoch 17/80  total 11319.119  margin 4290.345  hinge 7027.938  tv 0.836  (53s)
  epoch 18/80  total 11302.511  margin 4283.842  hinge 7017.838  tv 0.830  (56s)
  epoch 19/80  total 11275.955  margin 4258.532  hinge 7016.603  tv 0.820  (59s)
  epoch 20/80  total 11307.141  margin 4280.009  hinge 7026.308  tv 0.824  (62s)
  epoch 21/80  total 11308.239  margin 4274.091  hinge 7033.331  tv 0.818  (65s)
  epoch 22/80  total 11262.428  margin 4280.582  hinge 6981.025  tv 0.822  (68s)
  epoch 23/80  total 11250.952  margin 4264.025  hinge 6986.129  tv 0.799  (72s)
  epoch 24/80  total 11265.302  margin 4282.299  hinge 6982.189  tv 0.815  (75s)
  epoch 25/80  total 11263.602  margin 4274.515  hinge 6988.278  tv 0.810  (78s)
  epoch 26/80  total 11287.677  margin 4303.644  hinge 6983.210  tv 0.823  (81s)
  epoch 27/80  total 11282.513  margin 4298.041  hinge 6983.656  tv 0.816  (84s)
  epoch 28/80  total 11288.303  margin 4281.606  hinge 7005.887  tv 0.810  (87s)
  epoch 29/80  total 11289.858  margin 4323.790  hinge 6965.254  tv 0.814  (90s)
  epoch 30/80  total 11286.465  margin 4313.932  hinge 6971.721  tv 0.812  (93s)
  epoch 31/80  total 11249.398  margin 4298.598  hinge 6949.982  tv 0.818  (96s)
  epoch 32/80  total 11230.458  margin 4300.343  hinge 6929.307  tv 0.808  (99s)
  epoch 33/80  total 11241.630  margin 4314.103  hinge 6926.718  tv 0.809  (102s)
  epoch 34/80  total 11226.622  margin 4334.366  hinge 6891.442  tv 0.814  (105s)
  epoch 35/80  total 11143.997  margin 4370.106  hinge 6773.068  tv 0.824  (108s)
  epoch 36/80  total 10814.331  margin 4379.583  hinge 6433.890  tv 0.859  (111s)
  epoch 37/80  total 10107.950  margin 4260.089  hinge 5847.044  tv 0.817  (114s)
  epoch 38/80  total 9918.745  margin 4208.012  hinge 5709.930  tv 0.803  (117s)
  epoch 39/80  total 9689.076  margin 4142.056  hinge 5546.267  tv 0.753  (120s)
  epoch 40/80  total 9657.184  margin 4127.660  hinge 5528.790  tv 0.734  (123s)
  epoch 41/80  total 9604.735  margin 4124.388  hinge 5479.636  tv 0.711  (126s)
  epoch 42/80  total 9528.296  margin 4071.201  hinge 5456.392  tv 0.703  (129s)
  epoch 43/80  total 9534.269  margin 4081.528  hinge 5452.048  tv 0.692  (132s)
  epoch 44/80  total 9520.653  margin 4069.932  hinge 5450.030  tv 0.692  (135s)
  epoch 45/80  total 9566.181  margin 4084.436  hinge 5481.043  tv 0.702  (138s)
  epoch 46/80  total 9535.606  margin 4059.476  hinge 5475.437  tv 0.693  (141s)
  epoch 47/80  total 9484.274  margin 4066.301  hinge 5417.279  tv 0.694  (144s)
  epoch 48/80  total 9480.578  margin 4054.364  hinge 5425.520  tv 0.694  (147s)
  epoch 49/80  total 9473.480  margin 4056.732  hinge 5416.056  tv 0.691  (150s)
  epoch 50/80  total 9511.490  margin 4069.715  hinge 5441.083  tv 0.691  (154s)
  epoch 51/80  total 9465.936  margin 4050.422  hinge 5414.815  tv 0.699  (157s)
  epoch 52/80  total 9483.737  margin 4054.383  hinge 5428.672  tv 0.682  (160s)
  epoch 53/80  total 9439.288  margin 4034.285  hinge 5404.317  tv 0.686  (163s)
  epoch 54/80  total 9477.758  margin 4060.785  hinge 5416.285  tv 0.687  (166s)
  epoch 55/80  total 9463.738  margin 4050.175  hinge 5412.869  tv 0.694  (169s)
  epoch 56/80  total 9451.845  margin 4036.201  hinge 5414.961  tv 0.683  (172s)
  epoch 57/80  total 9464.602  margin 4060.507  hinge 5403.408  tv 0.687  (175s)
  epoch 58/80  total 9439.015  margin 4037.637  hinge 5400.699  tv 0.679  (178s)
  epoch 59/80  total 9434.397  margin 4034.966  hinge 5398.755  tv 0.676  (181s)
  epoch 60/80  total 9372.896  margin 4017.847  hinge 5354.374  tv 0.675  (184s)
  epoch 61/80  total 9430.033  margin 4038.028  hinge 5391.326  tv 0.679  (187s)
  epoch 62/80  total 9428.982  margin 4017.876  hinge 5410.430  tv 0.675  (190s)
  epoch 63/80  total 9413.422  margin 4022.349  hinge 5390.401  tv 0.672  (193s)
  epoch 64/80  total 9430.176  margin 4031.048  hinge 5398.456  tv 0.673  (196s)
  epoch 65/80  total 9445.957  margin 4039.548  hinge 5405.732  tv 0.677  (199s)
  epoch 66/80  total 9430.020  margin 4029.650  hinge 5399.697  tv 0.673  (201s)
  epoch 67/80  total 9433.109  margin 4034.849  hinge 5397.583  tv 0.677  (204s)
  epoch 68/80  total 9413.490  margin 4031.306  hinge 5381.511  tv 0.672  (207s)
  epoch 69/80  total 9403.242  margin 4012.249  hinge 5390.318  tv 0.675  (210s)
  epoch 70/80  total 9461.739  margin 4037.925  hinge 5423.140  tv 0.675  (213s)
  epoch 71/80  total 9427.968  margin 4035.975  hinge 5391.319  tv 0.674  (216s)
  epoch 72/80  total 9442.095  margin 4031.583  hinge 5409.832  tv 0.679  (219s)
  epoch 73/80  total 9421.690  margin 4031.630  hinge 5389.381  tv 0.679  (223s)
  epoch 74/80  total 9410.045  margin 4022.353  hinge 5387.007  tv 0.686  (226s)
  epoch 75/80  total 9390.223  margin 4006.003  hinge 5383.547  tv 0.673  (229s)
  epoch 76/80  total 9454.785  margin 4028.280  hinge 5425.811  tv 0.694  (232s)
  epoch 77/80  total 9448.041  margin 4038.520  hinge 5408.841  tv 0.680  (235s)
  epoch 78/80  total 9391.959  margin 4020.334  hinge 5370.953  tv 0.671  (238s)
  epoch 79/80  total 9404.997  margin 4012.378  hinge 5391.941  tv 0.678  (241s)
  epoch 80/80  total 9384.631  margin 3997.366  hinge 5386.592  tv 0.674  (244s)
[save] patch_examples_exp_lower_20/universal_patch.png

Evaluating on 1360 images...
ROOF: roof_frac=0.0% n=11446
LOWER: clamped=25.1% mean_on_car_frac=0.988 n=11446

==== CAR->VAN — exp_lower_20 (patch = 20% of bbox) ====
eval images        : 1360
eligible (car clean): 9415   ambiguous (van@box in clean): 457
flipped to van      : 2145  (new-van, patch-induced: 1945)
lost entirely       : 4071  (hiding side-effect, NOT a flip)

targeted ASR (STRICT, excl 457 ambiguous): 0.217   <- HEADLINE
targeted ASR (new-van / all eligible)      : 0.207
targeted ASR (original, inflated)          : 0.228
lost rate   : 0.432
